#
# There is insufficient memory for the Java Runtime Environment to continue.
# Native memory allocation (mmap) failed to map 128450560 bytes for committing reserved memory.
# Possible reasons:
#   The system is out of physical RAM or swap space
#   In 32 bit mode, the process size limit was hit
# Possible solutions:
#   Reduce memory load on the system
#   Increase physical memory or swap space
#   Check if swap backing store is full
#   Use 64 bit Java on a 64 bit OS
#   Decrease Java heap size (-Xmx/-Xms)
#   Decrease number of Java threads
#   Decrease Java thread stack sizes (-Xss)
#   Set larger code cache with -XX:ReservedCodeCacheSize=
# This output file may be truncated or incomplete.
#
#  Out of Memory Error (os_linux.cpp:2627), pid=6930, tid=140347545454336
#
# JRE version: Java(TM) SE Runtime Environment (8.0_66-b17) (build 1.8.0_66-b17)
# Java VM: Java HotSpot(TM) 64-Bit Server VM (25.66-b17 mixed mode linux-amd64 compressed oops)
# Failed to write core dump. Core dumps have been disabled. To enable core dumping, try "ulimit -c unlimited" before starting Java again
#

---------------  T H R E A D  ---------------

Current thread (0x00007fa550078000):  VMThread [stack: 0x00007fa535878000,0x00007fa535979000] [id=6940]

Stack: [0x00007fa535878000,0x00007fa535979000],  sp=0x00007fa535977020,  free space=1020k
Native frames: (J=compiled Java code, j=interpreted, Vv=VM code, C=native code)
V  [libjvm.so+0xab9a1a]  VMError::report_and_die()+0x2ba
V  [libjvm.so+0x4f9e0b]  report_vm_out_of_memory(char const*, int, unsigned long, VMErrorType, char const*)+0x8b
V  [libjvm.so+0x91a8a3]  os::Linux::commit_memory_impl(char*, unsigned long, bool)+0x103
V  [libjvm.so+0x91adf9]  os::pd_commit_memory(char*, unsigned long, unsigned long, bool)+0x29
V  [libjvm.so+0x91510a]  os::commit_memory(char*, unsigned long, unsigned long, bool)+0x2a
V  [libjvm.so+0x9887a3]  PSVirtualSpace::expand_by(unsigned long)+0x53
V  [libjvm.so+0x989ba8]  PSYoungGen::resize_generation(unsigned long, unsigned long)+0xf8
V  [libjvm.so+0x988d02]  PSYoungGen::resize(unsigned long, unsigned long)+0x22
V  [libjvm.so+0x985fdb]  PSScavenge::invoke_no_policy()+0xf3b
V  [libjvm.so+0x986761]  PSScavenge::invoke()+0x41
V  [libjvm.so+0x93e500]  ParallelScavengeHeap::failed_mem_allocate(unsigned long)+0x70
V  [libjvm.so+0xabb437]  VM_ParallelGCFailedAllocation::doit()+0x97
V  [libjvm.so+0xac2e65]  VM_Operation::evaluate()+0x55
V  [libjvm.so+0xac123a]  VMThread::evaluate_operation(VM_Operation*)+0xba
V  [libjvm.so+0xac15be]  VMThread::loop()+0x1ce
V  [libjvm.so+0xac1a30]  VMThread::run()+0x70
V  [libjvm.so+0x91cc68]  java_start(Thread*)+0x108

VM_Operation (0x00007fa53494dcb0): ParallelGCFailedAllocation, mode: safepoint, requested by thread 0x00007fa5501a3800


---------------  P R O C E S S  ---------------

Java Threads: ( => current thread )
  0x00007fa5501a3800 JavaThread "pool-2-thread-4" [_thread_blocked, id=6953, stack(0x00007fa53484f000,0x00007fa534950000)]
  0x00007fa5501a1800 JavaThread "pool-2-thread-3" [_thread_blocked, id=6952, stack(0x00007fa534950000,0x00007fa534a51000)]
  0x00007fa55019f800 JavaThread "pool-2-thread-2" [_thread_blocked, id=6951, stack(0x00007fa534a51000,0x00007fa534b52000)]
  0x00007fa55019e800 JavaThread "pool-3-thread-1" [_thread_blocked, id=6950, stack(0x00007fa534b52000,0x00007fa534c53000)]
  0x00007fa550194000 JavaThread "pool-2-thread-1" [_thread_blocked, id=6949, stack(0x00007fa534c53000,0x00007fa534d54000)]
  0x00007fa5500c0800 JavaThread "Service Thread" daemon [_thread_blocked, id=6947, stack(0x00007fa534ea7000,0x00007fa534fa8000)]
  0x00007fa5500bb800 JavaThread "C1 CompilerThread2" daemon [_thread_blocked, id=6946, stack(0x00007fa534fa8000,0x00007fa5350a9000)]
  0x00007fa5500ba000 JavaThread "C2 CompilerThread1" daemon [_thread_blocked, id=6945, stack(0x00007fa5350a9000,0x00007fa5351aa000)]
  0x00007fa5500b7000 JavaThread "C2 CompilerThread0" daemon [_thread_blocked, id=6944, stack(0x00007fa5351aa000,0x00007fa5352ab000)]
  0x00007fa5500b5800 JavaThread "Signal Dispatcher" daemon [_thread_blocked, id=6943, stack(0x00007fa5352ab000,0x00007fa5353ac000)]
  0x00007fa55007f800 JavaThread "Finalizer" daemon [_thread_blocked, id=6942, stack(0x00007fa535676000,0x00007fa535777000)]
  0x00007fa55007d000 JavaThread "Reference Handler" daemon [_thread_blocked, id=6941, stack(0x00007fa535777000,0x00007fa535878000)]
  0x00007fa55000a000 JavaThread "main" [_thread_blocked, id=6932, stack(0x00007fa556f66000,0x00007fa557067000)]

Other Threads:
=>0x00007fa550078000 VMThread [stack: 0x00007fa535878000,0x00007fa535979000] [id=6940]
  0x00007fa5500c3800 WatcherThread [stack: 0x00007fa534da6000,0x00007fa534ea7000] [id=6948]

VM state:at safepoint (normal execution)

VM Mutex/Monitor currently owned by a thread:  ([mutex/lock_event])
[0x00007fa550006420] Threads_lock - owner thread: 0x00007fa550078000
[0x00007fa550006920] Heap_lock - owner thread: 0x00007fa5501a3800

Heap:
 PSYoungGen      total 352768K, used 31713K [0x000000076ab00000, 0x0000000785180000, 0x00000007c0000000)
  eden space 321024K, 0% used [0x000000076ab00000,0x000000076ab00000,0x000000077e480000)
  from space 31744K, 99% used [0x0000000783280000,0x0000000785178458,0x0000000785180000)
  to   space 39424K, 0% used [0x0000000780c00000,0x0000000780c00000,0x0000000783280000)
 ParOldGen       total 140800K, used 140406K [0x00000006c0000000, 0x00000006c8980000, 0x000000076ab00000)
  object space 140800K, 99% used [0x00000006c0000000,0x00000006c891d8c0,0x00000006c8980000)
 Metaspace       used 6531K, capacity 7320K, committed 7680K, reserved 1056768K
  class space    used 613K, capacity 656K, committed 768K, reserved 1048576K

Card table byte_map: [0x00007fa54043f000,0x00007fa540c40000] byte_map_base: 0x00007fa53ce3f000

Marking Bits: (ParMarkBitMap*) 0x00007fa55643a020
 Begin Bits: [0x00007fa537ae5000, 0x00007fa53bae5000)
 End Bits:   [0x00007fa53bae5000, 0x00007fa53fae5000)

Polling page: 0x00007fa557087000

CodeCache: size=245760Kb used=9944Kb max_used=9962Kb free=235815Kb
 bounds [0x00007fa541000000, 0x00007fa5419d0000, 0x00007fa550000000]
 total_blobs=2646 nmethods=2377 adapters=182
 compilation: enabled

Compilation events (10 events):
Event: 7,704 Thread 0x00007fa5500bb800 2586       2       com.android.dx.rop.code.FillArrayDataInsn::withNewRegisters (25 bytes)
Event: 7,704 Thread 0x00007fa5500bb800 nmethod 2586 0x00007fa5419679d0 code [0x00007fa541967b40, 0x00007fa541967d48]
Event: 7,784 Thread 0x00007fa5500bb800 2587 %     3       com.android.dx.rop.type.Prototype::getParameterFrameTypes @ 29 (96 bytes)
Event: 7,786 Thread 0x00007fa5500bb800 nmethod 2587% 0x00007fa54198ce90 code [0x00007fa54198d0e0, 0x00007fa54198e218]
Event: 7,786 Thread 0x00007fa5500bb800 2588       3       com.android.dx.rop.type.Prototype::getParameterFrameTypes (96 bytes)
Event: 7,787 Thread 0x00007fa5500bb800 nmethod 2588 0x00007fa5419a9f10 code [0x00007fa5419aa160, 0x00007fa5419ab178]
Event: 7,806 Thread 0x00007fa5500b7000 nmethod 2572 0x00007fa5419bb390 code [0x00007fa5419bb740, 0x00007fa5419be4a8]
Event: 7,806 Thread 0x00007fa5500b7000 2580       4       com.android.dx.rop.code.RegisterSpecSet::intersect (117 bytes)
Event: 7,823 Thread 0x00007fa5500b7000 nmethod 2580 0x00007fa5419b6950 code [0x00007fa5419b6b00, 0x00007fa5419b73f8]
Event: 7,823 Thread 0x00007fa5500b7000 2579       4       com.android.dx.cf.code.BasicBlocker::getBlockList (208 bytes)

GC Heap History (10 events):
Event: 2,893 GC heap after
Heap after GC invocations=6 (full 0):
 PSYoungGen      total 209408K, used 18294K [0x000000076ab00000, 0x0000000779600000, 0x00000007c0000000)
  eden space 188928K, 0% used [0x000000076ab00000,0x000000076ab00000,0x0000000776380000)
  from space 20480K, 89% used [0x0000000777b00000,0x0000000778cdd838,0x0000000778f00000)
  to   space 24064K, 0% used [0x0000000776380000,0x0000000776380000,0x0000000777b00000)
 ParOldGen       total 62976K, used 27129K [0x00000006c0000000, 0x00000006c3d80000, 0x000000076ab00000)
  object space 62976K, 43% used [0x00000006c0000000,0x00000006c1a7e420,0x00000006c3d80000)
 Metaspace       used 6276K, capacity 7192K, committed 7424K, reserved 1056768K
  class space    used 613K, capacity 656K, committed 768K, reserved 1048576K
}
Event: 3,783 GC heap before
{Heap before GC invocations=7 (full 0):
 PSYoungGen      total 209408K, used 207222K [0x000000076ab00000, 0x0000000779600000, 0x00000007c0000000)
  eden space 188928K, 100% used [0x000000076ab00000,0x0000000776380000,0x0000000776380000)
  from space 20480K, 89% used [0x0000000777b00000,0x0000000778cdd838,0x0000000778f00000)
  to   space 24064K, 0% used [0x0000000776380000,0x0000000776380000,0x0000000777b00000)
 ParOldGen       total 62976K, used 27129K [0x00000006c0000000, 0x00000006c3d80000, 0x000000076ab00000)
  object space 62976K, 43% used [0x00000006c0000000,0x00000006c1a7e420,0x00000006c3d80000)
 Metaspace       used 6392K, capacity 7256K, committed 7424K, reserved 1056768K
  class space    used 613K, capacity 656K, committed 768K, reserved 1048576K
Event: 3,861 GC heap after
Heap after GC invocations=7 (full 0):
 PSYoungGen      total 212992K, used 24057K [0x000000076ab00000, 0x0000000786600000, 0x00000007c0000000)
  eden space 188928K, 0% used [0x000000076ab00000,0x000000076ab00000,0x0000000776380000)
  from space 24064K, 99% used [0x0000000776380000,0x0000000777afe6b8,0x0000000777b00000)
  to   space 37888K, 0% used [0x0000000784100000,0x0000000784100000,0x0000000786600000)
 ParOldGen       total 62976K, used 44264K [0x00000006c0000000, 0x00000006c3d80000, 0x000000076ab00000)
  object space 62976K, 70% used [0x00000006c0000000,0x00000006c2b3a320,0x00000006c3d80000)
 Metaspace       used 6392K, capacity 7256K, committed 7424K, reserved 1056768K
  class space    used 613K, capacity 656K, committed 768K, reserved 1048576K
}
Event: 3,861 GC heap before
{Heap before GC invocations=8 (full 1):
 PSYoungGen      total 212992K, used 24057K [0x000000076ab00000, 0x0000000786600000, 0x00000007c0000000)
  eden space 188928K, 0% used [0x000000076ab00000,0x000000076ab00000,0x0000000776380000)
  from space 24064K, 99% used [0x0000000776380000,0x0000000777afe6b8,0x0000000777b00000)
  to   space 37888K, 0% used [0x0000000784100000,0x0000000784100000,0x0000000786600000)
 ParOldGen       total 62976K, used 44264K [0x00000006c0000000, 0x00000006c3d80000, 0x000000076ab00000)
  object space 62976K, 70% used [0x00000006c0000000,0x00000006c2b3a320,0x00000006c3d80000)
 Metaspace       used 6392K, capacity 7256K, committed 7424K, reserved 1056768K
  class space    used 613K, capacity 656K, committed 768K, reserved 1048576K
Event: 4,342 GC heap after
Heap after GC invocations=8 (full 1):
 PSYoungGen      total 212992K, used 2038K [0x000000076ab00000, 0x0000000786600000, 0x00000007c0000000)
  eden space 188928K, 0% used [0x000000076ab00000,0x000000076ab00000,0x0000000776380000)
  from space 24064K, 8% used [0x0000000776380000,0x000000077657d8b8,0x0000000777b00000)
  to   space 37888K, 0% used [0x0000000784100000,0x0000000784100000,0x0000000786600000)
 ParOldGen       total 121856K, used 62763K [0x00000006c0000000, 0x00000006c7700000, 0x000000076ab00000)
  object space 121856K, 51% used [0x00000006c0000000,0x00000006c3d4ace8,0x00000006c7700000)
 Metaspace       used 6392K, capacity 7256K, committed 7424K, reserved 1056768K
  class space    used 613K, capacity 656K, committed 768K, reserved 1048576K
}
Event: 4,961 GC heap before
{Heap before GC invocations=9 (full 1):
 PSYoungGen      total 212992K, used 190966K [0x000000076ab00000, 0x0000000786600000, 0x00000007c0000000)
  eden space 188928K, 100% used [0x000000076ab00000,0x0000000776380000,0x0000000776380000)
  from space 24064K, 8% used [0x0000000776380000,0x000000077657d8b8,0x0000000777b00000)
  to   space 37888K, 0% used [0x0000000784100000,0x0000000784100000,0x0000000786600000)
 ParOldGen       total 121856K, used 62763K [0x00000006c0000000, 0x00000006c7700000, 0x000000076ab00000)
  object space 121856K, 51% used [0x00000006c0000000,0x00000006c3d4ace8,0x00000006c7700000)
 Metaspace       used 6473K, capacity 7256K, committed 7424K, reserved 1056768K
  class space    used 613K, capacity 656K, committed 768K, reserved 1048576K
Event: 5,029 GC heap after
Heap after GC invocations=9 (full 1):
 PSYoungGen      total 283648K, used 24109K [0x000000076ab00000, 0x0000000785900000, 0x00000007c0000000)
  eden space 259072K, 0% used [0x000000076ab00000,0x000000076ab00000,0x000000077a800000)
  from space 24576K, 98% used [0x0000000784100000,0x000000078588b6f8,0x0000000785900000)
  to   space 39424K, 0% used [0x0000000780c00000,0x0000000780c00000,0x0000000783280000)
 ParOldGen       total 121856K, used 62771K [0x00000006c0000000, 0x00000006c7700000, 0x000000076ab00000)
  object space 121856K, 51% used [0x00000006c0000000,0x00000006c3d4cce8,0x00000006c7700000)
 Metaspace       used 6473K, capacity 7256K, committed 7424K, reserved 1056768K
  class space    used 613K, capacity 656K, committed 768K, reserved 1048576K
}
Event: 6,369 GC heap before
{Heap before GC invocations=10 (full 1):
 PSYoungGen      total 283648K, used 283181K [0x000000076ab00000, 0x0000000785900000, 0x00000007c0000000)
  eden space 259072K, 100% used [0x000000076ab00000,0x000000077a800000,0x000000077a800000)
  from space 24576K, 98% used [0x0000000784100000,0x000000078588b6f8,0x0000000785900000)
  to   space 39424K, 0% used [0x0000000780c00000,0x0000000780c00000,0x0000000783280000)
 ParOldGen       total 121856K, used 62771K [0x00000006c0000000, 0x00000006c7700000, 0x000000076ab00000)
  object space 121856K, 51% used [0x00000006c0000000,0x00000006c3d4cce8,0x00000006c7700000)
 Metaspace       used 6521K, capacity 7320K, committed 7680K, reserved 1056768K
  class space    used 613K, capacity 656K, committed 768K, reserved 1048576K
Event: 6,514 GC heap after
Heap after GC invocations=10 (full 1):
 PSYoungGen      total 360448K, used 39422K [0x000000076ab00000, 0x0000000785180000, 0x00000007c0000000)
  eden space 321024K, 0% used [0x000000076ab00000,0x000000076ab00000,0x000000077e480000)
  from space 39424K, 99% used [0x0000000780c00000,0x000000078327fb10,0x0000000783280000)
  to   space 31744K, 0% used [0x0000000783280000,0x0000000783280000,0x0000000785180000)
 ParOldGen       total 121856K, used 85686K [0x00000006c0000000, 0x00000006c7700000, 0x000000076ab00000)
  object space 121856K, 70% used [0x00000006c0000000,0x00000006c53adad0,0x00000006c7700000)
 Metaspace       used 6521K, capacity 7320K, committed 7680K, reserved 1056768K
  class space    used 613K, capacity 656K, committed 768K, reserved 1048576K
}
Event: 7,928 GC heap before
{Heap before GC invocations=11 (full 1):
 PSYoungGen      total 360448K, used 360446K [0x000000076ab00000, 0x0000000785180000, 0x00000007c0000000)
  eden space 321024K, 100% used [0x000000076ab00000,0x000000077e480000,0x000000077e480000)
  from space 39424K, 99% used [0x0000000780c00000,0x000000078327fb10,0x0000000783280000)
  to   space 31744K, 0% used [0x0000000783280000,0x0000000783280000,0x0000000785180000)
 ParOldGen       total 121856K, used 85686K [0x00000006c0000000, 0x00000006c7700000, 0x000000076ab00000)
  object space 121856K, 70% used [0x00000006c0000000,0x00000006c53adad0,0x00000006c7700000)
 Metaspace       used 6531K, capacity 7320K, committed 7680K, reserved 1056768K
  class space    used 613K, capacity 656K, committed 768K, reserved 1048576K

Deoptimization events (10 events):
Event: 4,864 Thread 0x00007fa55019f800 Uncommon trap: reason=bimorphic action=maybe_recompile pc=0x00007fa54178c7a4 method=com.android.dx.cf.code.BytecodeArray.parseInstruction(ILcom/android/dx/cf/code/BytecodeArray$Visitor;)I @ 1549
Event: 4,954 Thread 0x00007fa55019f800 Uncommon trap: reason=class_check action=maybe_recompile pc=0x00007fa54184be10 method=com.android.dx.rop.code.RegisterSpec.withSimpleType()Lcom/android/dx/rop/code/RegisterSpec; @ 21
Event: 4,957 Thread 0x00007fa55019f800 Uncommon trap: reason=class_check action=maybe_recompile pc=0x00007fa54184be10 method=com.android.dx.rop.code.RegisterSpec.withSimpleType()Lcom/android/dx/rop/code/RegisterSpec; @ 21
Event: 5,056 Thread 0x00007fa55019f800 Uncommon trap: reason=class_check action=maybe_recompile pc=0x00007fa54184be10 method=com.android.dx.rop.code.RegisterSpec.withSimpleType()Lcom/android/dx/rop/code/RegisterSpec; @ 21
Event: 5,858 Thread 0x00007fa550194000 Uncommon trap: reason=unstable_if action=reinterpret pc=0x00007fa5418f0e7c method=com.android.dx.rop.code.RegisterSpecSet.<init>(I)V @ 2
Event: 5,858 Thread 0x00007fa550194000 Uncommon trap: reason=unstable_if action=reinterpret pc=0x00007fa54132cca0 method=com.android.dx.rop.code.RegisterSpecSet.<init>(I)V @ 2
Event: 5,982 Thread 0x00007fa550194000 Uncommon trap: reason=bimorphic action=maybe_recompile pc=0x00007fa5418d3034 method=com.android.dx.cf.code.BytecodeArray.parseInstruction(ILcom/android/dx/cf/code/BytecodeArray$Visitor;)I @ 1357
Event: 5,983 Thread 0x00007fa550194000 Uncommon trap: reason=bimorphic action=maybe_recompile pc=0x00007fa5418d3034 method=com.android.dx.cf.code.BytecodeArray.parseInstruction(ILcom/android/dx/cf/code/BytecodeArray$Visitor;)I @ 1357
Event: 6,667 Thread 0x00007fa5501a1800 Uncommon trap: reason=unstable_if action=reinterpret pc=0x00007fa541804b20 method=com.android.dx.rop.cst.CstNat.equals(Ljava/lang/Object;)Z @ 25
Event: 6,803 Thread 0x00007fa5501a3800 Uncommon trap: reason=unstable_if action=reinterpret pc=0x00007fa541952e6c method=com.android.dx.rop.code.RegisterSpecSet.localItemToSpec(Lcom/android/dx/rop/code/LocalItem;)Lcom/android/dx/rop/code/RegisterSpec; @ 35

Internal exceptions (6 events):
Event: 0,045 Thread 0x00007fa55000a000 Exception <a 'java/lang/NoSuchMethodError': Method sun.misc.Unsafe.defineClass(Ljava/lang/String;[BII)Ljava/lang/Class; name or signature does not match> (0x000000076ab12b90) thrown at [/HUDSON/workspace/8-2-build-linux-amd64/jdk8u66/4988/hotspot/src/shar
Event: 0,045 Thread 0x00007fa55000a000 Exception <a 'java/lang/NoSuchMethodError': Method sun.misc.Unsafe.prefetchRead(Ljava/lang/Object;J)V name or signature does not match> (0x000000076ab12e78) thrown at [/HUDSON/workspace/8-2-build-linux-amd64/jdk8u66/4988/hotspot/src/share/vm/prims/jni.cpp
Event: 1,095 Thread 0x00007fa5501a1800 Implicit null exception at 0x00007fa541320a71 to 0x00007fa541323aa9
Event: 2,609 Thread 0x00007fa55000a000 Exception <a 'java/lang/ArrayIndexOutOfBoundsException': 18> (0x000000076d85f318) thrown at [/HUDSON/workspace/8-2-build-linux-amd64/jdk8u66/4988/hotspot/src/share/vm/interpreter/interpreterRuntime.cpp, line 366]
Event: 2,609 Thread 0x00007fa55000a000 Exception <a 'java/lang/ArrayIndexOutOfBoundsException': 145> (0x000000076d860e98) thrown at [/HUDSON/workspace/8-2-build-linux-amd64/jdk8u66/4988/hotspot/src/share/vm/interpreter/interpreterRuntime.cpp, line 366]
Event: 2,615 Thread 0x00007fa55000a000 Exception <a 'java/lang/ArrayIndexOutOfBoundsException': 40> (0x000000076d862180) thrown at [/HUDSON/workspace/8-2-build-linux-amd64/jdk8u66/4988/hotspot/src/share/vm/interpreter/interpreterRuntime.cpp, line 366]

Events (10 events):
Event: 7,631 Thread 0x00007fa55000a000 DEOPT UNPACKING pc=0x00007fa541047633 sp=0x00007fa557064510 mode 0
Event: 7,730 Thread 0x00007fa55000a000 DEOPT PACKING pc=0x00007fa5413e8174 sp=0x00007fa557064810
Event: 7,730 Thread 0x00007fa55000a000 DEOPT UNPACKING pc=0x00007fa541047633 sp=0x00007fa557064510 mode 0
Event: 7,787 Thread 0x00007fa550194000 DEOPT PACKING pc=0x00007fa54141d6ad sp=0x00007fa534d51320
Event: 7,787 Thread 0x00007fa550194000 DEOPT UNPACKING pc=0x00007fa541047633 sp=0x00007fa534d510e0 mode 0
Event: 7,803 Thread 0x00007fa55000a000 DEOPT PACKING pc=0x00007fa5413e8174 sp=0x00007fa557064960
Event: 7,803 Thread 0x00007fa55000a000 DEOPT UNPACKING pc=0x00007fa541047633 sp=0x00007fa557064660 mode 0
Event: 7,911 Thread 0x00007fa5501a1800 DEOPT PACKING pc=0x00007fa5413e8174 sp=0x00007fa534a4f050
Event: 7,911 Thread 0x00007fa5501a1800 DEOPT UNPACKING pc=0x00007fa541047633 sp=0x00007fa534a4ed50 mode 0
Event: 7,928 Executing VM operation: ParallelGCFailedAllocation


Dynamic libraries:
00400000-00401000 r-xp 00000000 08:11 270464                             /usr/lib/jvm/java-8-oracle/bin/java
00600000-00601000 rw-p 00000000 08:11 270464                             /usr/lib/jvm/java-8-oracle/bin/java
023ce000-023ef000 rw-p 00000000 00:00 0                                  [heap]
6c0000000-6c8980000 rw-p 00000000 00:00 0 
6c8980000-76ab00000 ---p 00000000 00:00 0 
76ab00000-785180000 rw-p 00000000 00:00 0 
78cc00000-7c0000000 ---p 00000000 00:00 0 
7c0000000-7c00c0000 rw-p 00000000 00:00 0 
7c00c0000-800000000 ---p 00000000 00:00 0 
7fa4e8000000-7fa4e8021000 rw-p 00000000 00:00 0 
7fa4e8021000-7fa4ec000000 ---p 00000000 00:00 0 
7fa4f0000000-7fa4f002a000 rw-p 00000000 00:00 0 
7fa4f002a000-7fa4f4000000 ---p 00000000 00:00 0 
7fa4f4000000-7fa4f4031000 rw-p 00000000 00:00 0 
7fa4f4031000-7fa4f8000000 ---p 00000000 00:00 0 
7fa4f8000000-7fa4f803e000 rw-p 00000000 00:00 0 
7fa4f803e000-7fa4fc000000 ---p 00000000 00:00 0 
7fa4fc000000-7fa4fc021000 rw-p 00000000 00:00 0 
7fa4fc021000-7fa500000000 ---p 00000000 00:00 0 
7fa500000000-7fa500021000 rw-p 00000000 00:00 0 
7fa500021000-7fa504000000 ---p 00000000 00:00 0 
7fa504000000-7fa504021000 rw-p 00000000 00:00 0 
7fa504021000-7fa508000000 ---p 00000000 00:00 0 
7fa508000000-7fa5092d8000 rw-p 00000000 00:00 0 
7fa5092d8000-7fa50c000000 ---p 00000000 00:00 0 
7fa50c000000-7fa50c8f1000 rw-p 00000000 00:00 0 
7fa50c8f1000-7fa510000000 ---p 00000000 00:00 0 
7fa510000000-7fa510021000 rw-p 00000000 00:00 0 
7fa510021000-7fa514000000 ---p 00000000 00:00 0 
7fa514000000-7fa51553d000 rw-p 00000000 00:00 0 
7fa51553d000-7fa518000000 ---p 00000000 00:00 0 
7fa518000000-7fa518021000 rw-p 00000000 00:00 0 
7fa518021000-7fa51c000000 ---p 00000000 00:00 0 
7fa51c000000-7fa51c021000 rw-p 00000000 00:00 0 
7fa51c021000-7fa520000000 ---p 00000000 00:00 0 
7fa520000000-7fa520021000 rw-p 00000000 00:00 0 
7fa520021000-7fa524000000 ---p 00000000 00:00 0 
7fa524000000-7fa52428e000 rw-p 00000000 00:00 0 
7fa52428e000-7fa528000000 ---p 00000000 00:00 0 
7fa528000000-7fa528021000 rw-p 00000000 00:00 0 
7fa528021000-7fa52c000000 ---p 00000000 00:00 0 
7fa52c000000-7fa52c021000 rw-p 00000000 00:00 0 
7fa52c021000-7fa530000000 ---p 00000000 00:00 0 
7fa530000000-7fa530021000 rw-p 00000000 00:00 0 
7fa530021000-7fa534000000 ---p 00000000 00:00 0 
7fa53484f000-7fa534852000 ---p 00000000 00:00 0 
7fa534852000-7fa534950000 rw-p 00000000 00:00 0                          [stack:6953]
7fa534950000-7fa534953000 ---p 00000000 00:00 0 
7fa534953000-7fa534a51000 rw-p 00000000 00:00 0                          [stack:6952]
7fa534a51000-7fa534a54000 ---p 00000000 00:00 0 
7fa534a54000-7fa534b52000 rw-p 00000000 00:00 0                          [stack:6951]
7fa534b52000-7fa534b55000 ---p 00000000 00:00 0 
7fa534b55000-7fa534c53000 rw-p 00000000 00:00 0                          [stack:6950]
7fa534c53000-7fa534c56000 ---p 00000000 00:00 0 
7fa534c56000-7fa534d54000 rw-p 00000000 00:00 0                          [stack:6949]
7fa534d54000-7fa534da6000 r--s 0040f000 08:01 20188427                   /home/gilmar/AndroidStudioProjects/Multicon/Myclass/app/build/intermediates/multi-dex/debug/allclasses.jar
7fa534da6000-7fa534da7000 ---p 00000000 00:00 0 
7fa534da7000-7fa534ea7000 rw-p 00000000 00:00 0                          [stack:6948]
7fa534ea7000-7fa534eaa000 ---p 00000000 00:00 0 
7fa534eaa000-7fa534fa8000 rw-p 00000000 00:00 0                          [stack:6947]
7fa534fa8000-7fa534fab000 ---p 00000000 00:00 0 
7fa534fab000-7fa5350a9000 rw-p 00000000 00:00 0                          [stack:6946]
7fa5350a9000-7fa5350ac000 ---p 00000000 00:00 0 
7fa5350ac000-7fa5351aa000 rw-p 00000000 00:00 0                          [stack:6945]
7fa5351aa000-7fa5351ad000 ---p 00000000 00:00 0 
7fa5351ad000-7fa5352ab000 rw-p 00000000 00:00 0                          [stack:6944]
7fa5352ab000-7fa5352ae000 ---p 00000000 00:00 0 
7fa5352ae000-7fa5353ac000 rw-p 00000000 00:00 0                          [stack:6943]
7fa5353ac000-7fa535676000 r--p 00000000 08:11 261842                     /usr/lib/locale/locale-archive
7fa535676000-7fa535679000 ---p 00000000 00:00 0 
7fa535679000-7fa535777000 rw-p 00000000 00:00 0                          [stack:6942]
7fa535777000-7fa53577a000 ---p 00000000 00:00 0 
7fa53577a000-7fa535878000 rw-p 00000000 00:00 0                          [stack:6941]
7fa535878000-7fa535879000 ---p 00000000 00:00 0 
7fa535879000-7fa53690c000 rw-p 00000000 00:00 0                          [stack:6940]
7fa53690c000-7fa536ae5000 r--s 03d20000 08:11 556314                     /usr/lib/jvm/java-8-oracle/jre/lib/rt.jar
7fa536ae5000-7fa5371a5000 rw-p 00000000 00:00 0 
7fa5371a5000-7fa5372e5000 ---p 00000000 00:00 0 
7fa5372e5000-7fa53fae5000 rw-p 00000000 00:00 0 
7fa53fae5000-7fa53fae6000 ---p 00000000 00:00 0 
7fa53fae6000-7fa53fbe6000 rw-p 00000000 00:00 0                          [stack:6939]
7fa53fbe6000-7fa53fbe7000 ---p 00000000 00:00 0 
7fa53fbe7000-7fa53fce7000 rw-p 00000000 00:00 0                          [stack:6938]
7fa53fce7000-7fa53fce8000 ---p 00000000 00:00 0 
7fa53fce8000-7fa53fde8000 rw-p 00000000 00:00 0                          [stack:6937]
7fa53fde8000-7fa53fde9000 ---p 00000000 00:00 0 
7fa53fde9000-7fa53ff2e000 rw-p 00000000 00:00 0                          [stack:6935]
7fa53ff2e000-7fa54043f000 ---p 00000000 00:00 0 
7fa54043f000-7fa540484000 rw-p 00000000 00:00 0 
7fa540484000-7fa540994000 ---p 00000000 00:00 0 
7fa540994000-7fa540a68000 rw-p 00000000 00:00 0 
7fa540a68000-7fa540c3f000 ---p 00000000 00:00 0 
7fa540c3f000-7fa540c68000 rw-p 00000000 00:00 0 
7fa540c68000-7fa541000000 ---p 00000000 00:00 0 
7fa541000000-7fa5419d0000 rwxp 00000000 00:00 0 
7fa5419d0000-7fa550000000 ---p 00000000 00:00 0 
7fa550000000-7fa55039c000 rw-p 00000000 00:00 0 
7fa55039c000-7fa554000000 ---p 00000000 00:00 0 
7fa554003000-7fa5540e9000 rw-p 00000000 00:00 0 
7fa5540e9000-7fa554103000 r-xp 00000000 08:11 556514                     /usr/lib/jvm/java-8-oracle/jre/lib/amd64/libzip.so
7fa554103000-7fa554303000 ---p 0001a000 08:11 556514                     /usr/lib/jvm/java-8-oracle/jre/lib/amd64/libzip.so
7fa554303000-7fa554304000 rw-p 0001a000 08:11 556514                     /usr/lib/jvm/java-8-oracle/jre/lib/amd64/libzip.so
7fa554304000-7fa554310000 r-xp 00000000 08:11 406785                     /lib/x86_64-linux-gnu/libnss_files-2.21.so
7fa554310000-7fa55450f000 ---p 0000c000 08:11 406785                     /lib/x86_64-linux-gnu/libnss_files-2.21.so
7fa55450f000-7fa554510000 r--p 0000b000 08:11 406785                     /lib/x86_64-linux-gnu/libnss_files-2.21.so
7fa554510000-7fa554511000 rw-p 0000c000 08:11 406785                     /lib/x86_64-linux-gnu/libnss_files-2.21.so
7fa554511000-7fa55451c000 r-xp 00000000 08:11 406772                     /lib/x86_64-linux-gnu/libnss_nis-2.21.so
7fa55451c000-7fa55471b000 ---p 0000b000 08:11 406772                     /lib/x86_64-linux-gnu/libnss_nis-2.21.so
7fa55471b000-7fa55471c000 r--p 0000a000 08:11 406772                     /lib/x86_64-linux-gnu/libnss_nis-2.21.so
7fa55471c000-7fa55471d000 rw-p 0000b000 08:11 406772                     /lib/x86_64-linux-gnu/libnss_nis-2.21.so
7fa55471d000-7fa554734000 r-xp 00000000 08:11 406791                     /lib/x86_64-linux-gnu/libnsl-2.21.so
7fa554734000-7fa554933000 ---p 00017000 08:11 406791                     /lib/x86_64-linux-gnu/libnsl-2.21.so
7fa554933000-7fa554934000 r--p 00016000 08:11 406791                     /lib/x86_64-linux-gnu/libnsl-2.21.so
7fa554934000-7fa554935000 rw-p 00017000 08:11 406791                     /lib/x86_64-linux-gnu/libnsl-2.21.so
7fa554935000-7fa554937000 rw-p 00000000 00:00 0 
7fa554937000-7fa55493f000 r-xp 00000000 08:11 406787                     /lib/x86_64-linux-gnu/libnss_compat-2.21.so
7fa55493f000-7fa554b3e000 ---p 00008000 08:11 406787                     /lib/x86_64-linux-gnu/libnss_compat-2.21.so
7fa554b3e000-7fa554b3f000 r--p 00007000 08:11 406787                     /lib/x86_64-linux-gnu/libnss_compat-2.21.so
7fa554b3f000-7fa554b40000 rw-p 00008000 08:11 406787                     /lib/x86_64-linux-gnu/libnss_compat-2.21.so
7fa554b40000-7fa554b6a000 r-xp 00000000 08:11 556509                     /usr/lib/jvm/java-8-oracle/jre/lib/amd64/libjava.so
7fa554b6a000-7fa554d6a000 ---p 0002a000 08:11 556509                     /usr/lib/jvm/java-8-oracle/jre/lib/amd64/libjava.so
7fa554d6a000-7fa554d6c000 rw-p 0002a000 08:11 556509                     /usr/lib/jvm/java-8-oracle/jre/lib/amd64/libjava.so
7fa554d6c000-7fa554d79000 r-xp 00000000 08:11 556513                     /usr/lib/jvm/java-8-oracle/jre/lib/amd64/libverify.so
7fa554d79000-7fa554f79000 ---p 0000d000 08:11 556513                     /usr/lib/jvm/java-8-oracle/jre/lib/amd64/libverify.so
7fa554f79000-7fa554f7b000 rw-p 0000d000 08:11 556513                     /usr/lib/jvm/java-8-oracle/jre/lib/amd64/libverify.so
7fa554f7b000-7fa554f82000 r-xp 00000000 08:11 406792                     /lib/x86_64-linux-gnu/librt-2.21.so
7fa554f82000-7fa555181000 ---p 00007000 08:11 406792                     /lib/x86_64-linux-gnu/librt-2.21.so
7fa555181000-7fa555182000 r--p 00006000 08:11 406792                     /lib/x86_64-linux-gnu/librt-2.21.so
7fa555182000-7fa555183000 rw-p 00007000 08:11 406792                     /lib/x86_64-linux-gnu/librt-2.21.so
7fa555183000-7fa55528a000 r-xp 00000000 08:11 406790                     /lib/x86_64-linux-gnu/libm-2.21.so
7fa55528a000-7fa555489000 ---p 00107000 08:11 406790                     /lib/x86_64-linux-gnu/libm-2.21.so
7fa555489000-7fa55548a000 r--p 00106000 08:11 406790                     /lib/x86_64-linux-gnu/libm-2.21.so
7fa55548a000-7fa55548b000 rw-p 00107000 08:11 406790                     /lib/x86_64-linux-gnu/libm-2.21.so
7fa55548b000-7fa556149000 r-xp 00000000 08:11 556492                     /usr/lib/jvm/java-8-oracle/jre/lib/amd64/server/libjvm.so
7fa556149000-7fa556348000 ---p 00cbe000 08:11 556492                     /usr/lib/jvm/java-8-oracle/jre/lib/amd64/server/libjvm.so
7fa556348000-7fa556421000 rw-p 00cbd000 08:11 556492                     /usr/lib/jvm/java-8-oracle/jre/lib/amd64/server/libjvm.so
7fa556421000-7fa556465000 rw-p 00000000 00:00 0 
7fa556465000-7fa556625000 r-xp 00000000 08:11 406795                     /lib/x86_64-linux-gnu/libc-2.21.so
7fa556625000-7fa556825000 ---p 001c0000 08:11 406795                     /lib/x86_64-linux-gnu/libc-2.21.so
7fa556825000-7fa556829000 r--p 001c0000 08:11 406795                     /lib/x86_64-linux-gnu/libc-2.21.so
7fa556829000-7fa55682b000 rw-p 001c4000 08:11 406795                     /lib/x86_64-linux-gnu/libc-2.21.so
7fa55682b000-7fa55682f000 rw-p 00000000 00:00 0 
7fa55682f000-7fa556832000 r-xp 00000000 08:11 406778                     /lib/x86_64-linux-gnu/libdl-2.21.so
7fa556832000-7fa556a31000 ---p 00003000 08:11 406778                     /lib/x86_64-linux-gnu/libdl-2.21.so
7fa556a31000-7fa556a32000 r--p 00002000 08:11 406778                     /lib/x86_64-linux-gnu/libdl-2.21.so
7fa556a32000-7fa556a33000 rw-p 00003000 08:11 406778                     /lib/x86_64-linux-gnu/libdl-2.21.so
7fa556a33000-7fa556a48000 r-xp 00000000 08:11 556192                     /usr/lib/jvm/java-8-oracle/lib/amd64/jli/libjli.so
7fa556a48000-7fa556c48000 ---p 00015000 08:11 556192                     /usr/lib/jvm/java-8-oracle/lib/amd64/jli/libjli.so
7fa556c48000-7fa556c49000 rw-p 00015000 08:11 556192                     /usr/lib/jvm/java-8-oracle/lib/amd64/jli/libjli.so
7fa556c49000-7fa556c61000 r-xp 00000000 08:11 406782                     /lib/x86_64-linux-gnu/libpthread-2.21.so
7fa556c61000-7fa556e61000 ---p 00018000 08:11 406782                     /lib/x86_64-linux-gnu/libpthread-2.21.so
7fa556e61000-7fa556e62000 r--p 00018000 08:11 406782                     /lib/x86_64-linux-gnu/libpthread-2.21.so
7fa556e62000-7fa556e63000 rw-p 00019000 08:11 406782                     /lib/x86_64-linux-gnu/libpthread-2.21.so
7fa556e63000-7fa556e67000 rw-p 00000000 00:00 0 
7fa556e67000-7fa556e8b000 r-xp 00000000 08:11 406781                     /lib/x86_64-linux-gnu/ld-2.21.so
7fa556e93000-7fa556f66000 rw-p 00000000 00:00 0 
7fa556f66000-7fa556f69000 ---p 00000000 00:00 0 
7fa556f69000-7fa55706b000 rw-p 00000000 00:00 0                          [stack:6932]
7fa55706e000-7fa55706f000 rw-p 00000000 00:00 0 
7fa55706f000-7fa55707e000 r--s 000df000 08:01 16387229                   /home/gilmar/Android/Sdk/build-tools/23.0.2/lib/dx.jar
7fa55707e000-7fa557086000 rw-s 00000000 08:11 131014                     /tmp/hsperfdata_gilmar/6930
7fa557086000-7fa557087000 rw-p 00000000 00:00 0 
7fa557087000-7fa557088000 ---p 00000000 00:00 0 
7fa557088000-7fa55708a000 rw-p 00000000 00:00 0 
7fa55708a000-7fa55708b000 r--p 00023000 08:11 406781                     /lib/x86_64-linux-gnu/ld-2.21.so
7fa55708b000-7fa55708c000 rw-p 00024000 08:11 406781                     /lib/x86_64-linux-gnu/ld-2.21.so
7fa55708c000-7fa55708d000 rw-p 00000000 00:00 0 
7ffd29f13000-7ffd29f34000 rw-p 00000000 00:00 0                          [stack]
7ffd29fa0000-7ffd29fa2000 r--p 00000000 00:00 0                          [vvar]
7ffd29fa2000-7ffd29fa4000 r-xp 00000000 00:00 0                          [vdso]
ffffffffff600000-ffffffffff601000 r-xp 00000000 00:00 0                  [vsyscall]

VM Arguments:
jvm_args: -Xmx4g -Dfile.encoding=UTF-8 -Duser.country=BR -Duser.language=pt -Duser.variant 
java_command: com.android.dx.command.Main --dex --num-threads=4 --multi-dex --main-dex-list /home/gilmar/AndroidStudioProjects/Multicon/Myclass/app/build/intermediates/multi-dex/debug/maindexlist.txt --output /home/gilmar/AndroidStudioProjects/Multicon/Myclass/app/build/intermediates/dex/debug /home/gilmar/AndroidStudioProjects/Multicon/Myclass/app/build/intermediates/multi-dex/debug/allclasses.jar
java_class_path (initial): /home/gilmar/Android/Sdk/build-tools/23.0.2/lib/dx.jar
Launcher Type: SUN_STANDARD

Environment Variables:
JAVA_HOME=/path/to/jdk
PATH=/opt/apache-maven-3.3.3/bin:/usr/local/sbin:/usr/local/bin:/usr/sbin:/usr/bin:/sbin:/bin:/usr/games:/usr/local/games" JAVA_HOME=/usr/lib/jvm/java-7-oracle
USERNAME=gilmar
LD_LIBRARY_PATH=/opt/android-studio/bin/.:
SHELL=/bin/bash
DISPLAY=:1

Signal Handlers:
SIGSEGV: [libjvm.so+0xaba2a0], sa_mask[0]=11111111011111111101111111111110, sa_flags=SA_RESTART|SA_SIGINFO
SIGBUS: [libjvm.so+0xaba2a0], sa_mask[0]=11111111011111111101111111111110, sa_flags=SA_RESTART|SA_SIGINFO
SIGFPE: [libjvm.so+0x917710], sa_mask[0]=11111111011111111101111111111110, sa_flags=SA_RESTART|SA_SIGINFO
SIGPIPE: [libjvm.so+0x917710], sa_mask[0]=11111111011111111101111111111110, sa_flags=SA_RESTART|SA_SIGINFO
SIGXFSZ: [libjvm.so+0x917710], sa_mask[0]=11111111011111111101111111111110, sa_flags=SA_RESTART|SA_SIGINFO
SIGILL: [libjvm.so+0x917710], sa_mask[0]=11111111011111111101111111111110, sa_flags=SA_RESTART|SA_SIGINFO
SIGUSR1: SIG_DFL, sa_mask[0]=00000000000000000000000000000000, sa_flags=none
SIGUSR2: [libjvm.so+0x918d40], sa_mask[0]=00100000000000000000000000000000, sa_flags=SA_RESTART|SA_SIGINFO
SIGHUP: [libjvm.so+0x91a140], sa_mask[0]=11111111011111111101111111111110, sa_flags=SA_RESTART|SA_SIGINFO
SIGINT: [libjvm.so+0x91a140], sa_mask[0]=11111111011111111101111111111110, sa_flags=SA_RESTART|SA_SIGINFO
SIGTERM: [libjvm.so+0x91a140], sa_mask[0]=11111111011111111101111111111110, sa_flags=SA_RESTART|SA_SIGINFO
SIGQUIT: [libjvm.so+0x91a140], sa_mask[0]=11111111011111111101111111111110, sa_flags=SA_RESTART|SA_SIGINFO


---------------  S Y S T E M  ---------------

OS:DISTRIB_ID=Ubuntu
DISTRIB_RELEASE=15.10
DISTRIB_CODENAME=wily
DISTRIB_DESCRIPTION="Ubuntu 15.10"

uname:Linux 4.2.0-19-generic #23-Ubuntu SMP Wed Nov 11 11:39:30 UTC 2015 x86_64
libc:glibc 2.21 NPTL 2.21 
rlimit: STACK 8192k, CORE 0k, NPROC 23203, NOFILE 65536, AS infinity
load average:2,73 2,47 2,60

/proc/meminfo:
MemTotal:        5974904 kB
MemFree:           41212 kB
MemAvailable:     117600 kB
Buffers:            1988 kB
Cached:           597824 kB
SwapCached:            0 kB
Active:          4453448 kB
Inactive:         510924 kB
Active(anon):    4424088 kB
Inactive(anon):   478484 kB
Active(file):      29360 kB
Inactive(file):    32440 kB
Unevictable:           0 kB
Mlocked:               0 kB
SwapTotal:             0 kB
SwapFree:              0 kB
Dirty:              5316 kB
Writeback:          5316 kB
AnonPages:       4365160 kB
Mapped:           938752 kB
Shmem:            537480 kB
Slab:             100744 kB
SReclaimable:      50900 kB
SUnreclaim:        49844 kB
KernelStack:       12480 kB
PageTables:        46164 kB
NFS_Unstable:          0 kB
Bounce:                0 kB
WritebackTmp:          0 kB
CommitLimit:     2987452 kB
Committed_AS:   10060648 kB
VmallocTotal:   34359738367 kB
VmallocUsed:      369260 kB
VmallocChunk:   34358947836 kB
HardwareCorrupted:     0 kB
AnonHugePages:   2512896 kB
CmaTotal:              0 kB
CmaFree:               0 kB
HugePages_Total:       0
HugePages_Free:        0
HugePages_Rsvd:        0
HugePages_Surp:        0
Hugepagesize:       2048 kB
DirectMap4k:      168848 kB
DirectMap2M:     5986304 kB


CPU:total 4 (2 cores per cpu, 2 threads per core) family 6 model 58 stepping 9, cmov, cx8, fxsr, mmx, sse, sse2, sse3, ssse3, sse4.1, sse4.2, popcnt, avx, aes, clmul, erms, ht, tsc, tscinvbit, tscinv

/proc/cpuinfo:
processor	: 0
vendor_id	: GenuineIntel
cpu family	: 6
model		: 58
model name	: Intel(R) Core(TM) i5-3337U CPU @ 1.80GHz
stepping	: 9
microcode	: 0x17
cpu MHz		: 1760.062
cache size	: 3072 KB
physical id	: 0
siblings	: 4
core id		: 0
cpu cores	: 2
apicid		: 0
initial apicid	: 0
fpu		: yes
fpu_exception	: yes
cpuid level	: 13
wp		: yes
flags		: fpu vme de pse tsc msr pae mce cx8 apic sep mtrr pge mca cmov pat pse36 clflush dts acpi mmx fxsr sse sse2 ss ht tm pbe syscall nx rdtscp lm constant_tsc arch_perfmon pebs bts rep_good nopl xtopology nonstop_tsc aperfmperf eagerfpu pni pclmulqdq dtes64 monitor ds_cpl vmx est tm2 ssse3 cx16 xtpr pdcm pcid sse4_1 sse4_2 x2apic popcnt tsc_deadline_timer aes xsave avx f16c rdrand lahf_lm ida arat epb pln pts dtherm tpr_shadow vnmi flexpriority ept vpid fsgsbase smep erms xsaveopt
bugs		:
bogomips	: 3591.77
clflush size	: 64
cache_alignment	: 64
address sizes	: 36 bits physical, 48 bits virtual
power management:

processor	: 1
vendor_id	: GenuineIntel
cpu family	: 6
model		: 58
model name	: Intel(R) Core(TM) i5-3337U CPU @ 1.80GHz
stepping	: 9
microcode	: 0x17
cpu MHz		: 2262.164
cache size	: 3072 KB
physical id	: 0
siblings	: 4
core id		: 1
cpu cores	: 2
apicid		: 2
initial apicid	: 2
fpu		: yes
fpu_exception	: yes
cpuid level	: 13
wp		: yes
flags		: fpu vme de pse tsc msr pae mce cx8 apic sep mtrr pge mca cmov pat pse36 clflush dts acpi mmx fxsr sse sse2 ss ht tm pbe syscall nx rdtscp lm constant_tsc arch_perfmon pebs bts rep_good nopl xtopology nonstop_tsc aperfmperf eagerfpu pni pclmulqdq dtes64 monitor ds_cpl vmx est tm2 ssse3 cx16 xtpr pdcm pcid sse4_1 sse4_2 x2apic popcnt tsc_deadline_timer aes xsave avx f16c rdrand lahf_lm ida arat epb pln pts dtherm tpr_shadow vnmi flexpriority ept vpid fsgsbase smep erms xsaveopt
bugs		:
bogomips	: 3591.77
clflush size	: 64
cache_alignment	: 64
address sizes	: 36 bits physical, 48 bits virtual
power management:

processor	: 2
vendor_id	: GenuineIntel
cpu family	: 6
model		: 58
model name	: Intel(R) Core(TM) i5-3337U CPU @ 1.80GHz
stepping	: 9
microcode	: 0x17
cpu MHz		: 1408.289
cache size	: 3072 KB
physical id	: 0
siblings	: 4
core id		: 0
cpu cores	: 2
apicid		: 1
initial apicid	: 1
fpu		: yes
fpu_exception	: yes
cpuid level	: 13
wp		: yes
flags		: fpu vme de pse tsc msr pae mce cx8 apic sep mtrr pge mca cmov pat pse36 clflush dts acpi mmx fxsr sse sse2 ss ht tm pbe syscall nx rdtscp lm constant_tsc arch_perfmon pebs bts rep_good nopl xtopology nonstop_tsc aperfmperf eagerfpu pni pclmulqdq dtes64 monitor ds_cpl vmx est tm2 ssse3 cx16 xtpr pdcm pcid sse4_1 sse4_2 x2apic popcnt tsc_deadline_timer aes xsave avx f16c rdrand lahf_lm ida arat epb pln pts dtherm tpr_shadow vnmi flexpriority ept vpid fsgsbase smep erms xsaveopt
bugs		:
bogomips	: 3591.77
clflush size	: 64
cache_alignment	: 64
address sizes	: 36 bits physical, 48 bits virtual
power management:

processor	: 3
vendor_id	: GenuineIntel
cpu family	: 6
model		: 58
model name	: Intel(R) Core(TM) i5-3337U CPU @ 1.80GHz
stepping	: 9
microcode	: 0x17
cpu MHz		: 1654.171
cache size	: 3072 KB
physical id	: 0
siblings	: 4
core id		: 1
cpu cores	: 2
apicid		: 3
initial apicid	: 3
fpu		: yes
fpu_exception	: yes
cpuid level	: 13
wp		: yes
flags		: fpu vme de pse tsc msr pae mce cx8 apic sep mtrr pge mca cmov pat pse36 clflush dts acpi mmx fxsr sse sse2 ss ht tm pbe syscall nx rdtscp lm constant_tsc arch_perfmon pebs bts rep_good nopl xtopology nonstop_tsc aperfmperf eagerfpu pni pclmulqdq dtes64 monitor ds_cpl vmx est tm2 ssse3 cx16 xtpr pdcm pcid sse4_1 sse4_2 x2apic popcnt tsc_deadline_timer aes xsave avx f16c rdrand lahf_lm ida arat epb pln pts dtherm tpr_shadow vnmi flexpriority ept vpid fsgsbase smep erms xsaveopt
bugs		:
bogomips	: 3591.77
clflush size	: 64
cache_alignment	: 64
address sizes	: 36 bits physical, 48 bits virtual
power management:



Memory: 4k page, physical 5974904k(41212k free), swap 0k(0k free)

vm_info: Java HotSpot(TM) 64-Bit Server VM (25.66-b17) for linux-amd64 JRE (1.8.0_66-b17), built on Oct  6 2015 17:28:34 by "java_re" with gcc 4.3.0 20080428 (Red Hat 4.3.0-8)

time: Sun Dec 20 07:56:23 2015
elapsed time: 8 seconds (0d 0h 0m 8s)

