#
# There is insufficient memory for the Java Runtime Environment to continue.
# Native memory allocation (mmap) failed to map 139460608 bytes for committing reserved memory.
# Possible reasons:
#   The system is out of physical RAM or swap space
#   In 32 bit mode, the process size limit was hit
# Possible solutions:
#   Reduce memory load on the system
#   Increase physical memory or swap space
#   Check if swap backing store is full
#   Use 64 bit Java on a 64 bit OS
#   Decrease Java heap size (-Xmx/-Xms)
#   Decrease number of Java threads
#   Decrease Java thread stack sizes (-Xss)
#   Set larger code cache with -XX:ReservedCodeCacheSize=
# This output file may be truncated or incomplete.
#
#  Out of Memory Error (os_linux.cpp:2627), pid=14966, tid=140095738771200
#
# JRE version: Java(TM) SE Runtime Environment (8.0_66-b17) (build 1.8.0_66-b17)
# Java VM: Java HotSpot(TM) 64-Bit Server VM (25.66-b17 mixed mode linux-amd64 compressed oops)
# Failed to write core dump. Core dumps have been disabled. To enable core dumping, try "ulimit -c unlimited" before starting Java again
#

---------------  T H R E A D  ---------------

Current thread (0x00007f6aa8078000):  VMThread [stack: 0x00007f6a94ae7000,0x00007f6a94be8000] [id=14976]

Stack: [0x00007f6a94ae7000,0x00007f6a94be8000],  sp=0x00007f6a94be62a0,  free space=1020k
Native frames: (J=compiled Java code, j=interpreted, Vv=VM code, C=native code)
V  [libjvm.so+0xab9a1a]  VMError::report_and_die()+0x2ba
V  [libjvm.so+0x4f9e0b]  report_vm_out_of_memory(char const*, int, unsigned long, VMErrorType, char const*)+0x8b
V  [libjvm.so+0x91a8a3]  os::Linux::commit_memory_impl(char*, unsigned long, bool)+0x103
V  [libjvm.so+0x91adf9]  os::pd_commit_memory(char*, unsigned long, unsigned long, bool)+0x29
V  [libjvm.so+0x91510a]  os::commit_memory(char*, unsigned long, unsigned long, bool)+0x2a
V  [libjvm.so+0x9887a3]  PSVirtualSpace::expand_by(unsigned long)+0x53
V  [libjvm.so+0x979090]  PSOldGen::expand(unsigned long)+0x170
V  [libjvm.so+0x97929b]  PSOldGen::resize(unsigned long)+0x1cb
V  [libjvm.so+0x980f71]  PSParallelCompact::invoke_no_policy(bool)+0x991
V  [libjvm.so+0x9868cd]  PSScavenge::invoke()+0x1ad
V  [libjvm.so+0x93e500]  ParallelScavengeHeap::failed_mem_allocate(unsigned long)+0x70
V  [libjvm.so+0xabb437]  VM_ParallelGCFailedAllocation::doit()+0x97
V  [libjvm.so+0xac2e65]  VM_Operation::evaluate()+0x55
V  [libjvm.so+0xac123a]  VMThread::evaluate_operation(VM_Operation*)+0xba
V  [libjvm.so+0xac15be]  VMThread::loop()+0x1ce
V  [libjvm.so+0xac1a30]  VMThread::run()+0x70
V  [libjvm.so+0x91cc68]  java_start(Thread*)+0x108

VM_Operation (0x00007f6a8fba7a30): ParallelGCFailedAllocation, mode: safepoint, requested by thread 0x00007f6aa824d800


---------------  P R O C E S S  ---------------

Java Threads: ( => current thread )
  0x00007f6aa824d800 JavaThread "pool-2-thread-4" [_thread_blocked, id=14990, stack(0x00007f6a8faa9000,0x00007f6a8fbaa000)]
  0x00007f6aa824c000 JavaThread "pool-2-thread-3" [_thread_blocked, id=14989, stack(0x00007f6a8fbaa000,0x00007f6a8fcab000)]
  0x00007f6aa824a000 JavaThread "pool-2-thread-2" [_thread_blocked, id=14988, stack(0x00007f6a8fcab000,0x00007f6a8fdac000)]
  0x00007f6aa8248800 JavaThread "pool-3-thread-1" [_thread_blocked, id=14987, stack(0x00007f6a8fdac000,0x00007f6a8fead000)]
  0x00007f6aa8246000 JavaThread "pool-2-thread-1" [_thread_blocked, id=14986, stack(0x00007f6a8fead000,0x00007f6a8ffae000)]
  0x00007f6aa80cb000 JavaThread "Service Thread" daemon [_thread_blocked, id=14983, stack(0x00007f6a94116000,0x00007f6a94217000)]
  0x00007f6aa80bd800 JavaThread "C1 CompilerThread2" daemon [_thread_blocked, id=14982, stack(0x00007f6a94217000,0x00007f6a94318000)]
  0x00007f6aa80bb800 JavaThread "C2 CompilerThread1" daemon [_thread_blocked, id=14981, stack(0x00007f6a94318000,0x00007f6a94419000)]
  0x00007f6aa80b9000 JavaThread "C2 CompilerThread0" daemon [_thread_blocked, id=14980, stack(0x00007f6a94419000,0x00007f6a9451a000)]
  0x00007f6aa80b7000 JavaThread "Signal Dispatcher" daemon [_thread_blocked, id=14979, stack(0x00007f6a9451a000,0x00007f6a9461b000)]
  0x00007f6aa807f800 JavaThread "Finalizer" daemon [_thread_blocked, id=14978, stack(0x00007f6a948e5000,0x00007f6a949e6000)]
  0x00007f6aa807d000 JavaThread "Reference Handler" daemon [_thread_blocked, id=14977, stack(0x00007f6a949e6000,0x00007f6a94ae7000)]
  0x00007f6aa800a000 JavaThread "main" [_thread_blocked, id=14969, stack(0x00007f6aae1ec000,0x00007f6aae2ed000)]

Other Threads:
=>0x00007f6aa8078000 VMThread [stack: 0x00007f6a94ae7000,0x00007f6a94be8000] [id=14976]
  0x00007f6aa80cd800 WatcherThread [stack: 0x00007f6a94015000,0x00007f6a94116000] [id=14984]

VM state:at safepoint (normal execution)

VM Mutex/Monitor currently owned by a thread:  ([mutex/lock_event])
[0x00007f6aa8005da0] ExpandHeap_lock - owner thread: 0x00007f6aa8078000
[0x00007f6aa8006420] Threads_lock - owner thread: 0x00007f6aa8078000
[0x00007f6aa8006920] Heap_lock - owner thread: 0x00007f6aa824d800

Heap:
 PSYoungGen      total 444928K, used 51525K [0x000000076ab00000, 0x000000078ee80000, 0x00000007c0000000)
  eden space 366592K, 0% used [0x000000076ab00000,0x000000076ab00000,0x0000000781100000)
  from space 78336K, 65% used [0x0000000787180000,0x000000078a3d1630,0x000000078be00000)
  to   space 98816K, 0% used [0x0000000781100000,0x0000000781100000,0x0000000787180000)
 ParOldGen       total 214016K, used 213579K [0x00000006c0000000, 0x00000006cd100000, 0x000000076ab00000)
  object space 214016K, 99% used [0x00000006c0000000,0x00000006cd092e88,0x00000006cd100000)
 Metaspace       used 6566K, capacity 7320K, committed 7680K, reserved 1056768K
  class space    used 615K, capacity 656K, committed 768K, reserved 1048576K

Card table byte_map: [0x00007f6a975ad000,0x00007f6a97dae000] byte_map_base: 0x00007f6a93fad000

Marking Bits: (ParMarkBitMap*) 0x00007f6aad6c0020
 Begin Bits: [0x00007f6a70000000, 0x00007f6a74000000)
 End Bits:   [0x00007f6a74000000, 0x00007f6a78000000)

Polling page: 0x00007f6aae30d000

CodeCache: size=245760Kb used=10418Kb max_used=10418Kb free=235341Kb
 bounds [0x00007f6a9816e000, 0x00007f6a98bae000, 0x00007f6aa716e000]
 total_blobs=2661 nmethods=2392 adapters=182
 compilation: enabled

Compilation events (10 events):
Event: 11,640 Thread 0x00007f6aa80bd800 2606       2       com.android.dx.cf.direct.AnnotationParser::parseValue (805 bytes)
Event: 11,653 Thread 0x00007f6aa80bd800 nmethod 2606 0x00007f6a98b96450 code [0x00007f6a98b96da0, 0x00007f6a98b9ac68]
Event: 11,653 Thread 0x00007f6aa80bd800 2608       2       com.android.dx.ssa.SsaBasicBlock::forEachInsn (37 bytes)
Event: 11,654 Thread 0x00007f6aa80bd800 nmethod 2608 0x00007f6a98b7ae90 code [0x00007f6a98b7b040, 0x00007f6a98b7b3a8]
Event: 11,654 Thread 0x00007f6aa80bd800 2607       2       com.android.dx.cf.direct.AnnotationParser::requireLength (22 bytes)
Event: 11,654 Thread 0x00007f6aa80bd800 nmethod 2607 0x00007f6a98b7a950 code [0x00007f6a98b7aae0, 0x00007f6a98b7ad38]
Event: 11,654 Thread 0x00007f6aa80bd800 2604   !   2       com.android.dx.cf.attrib.BaseParameterAnnotations::<init> (48 bytes)
Event: 11,655 Thread 0x00007f6aa80bd800 nmethod 2604 0x00007f6a98b9f710 code [0x00007f6a98b9f8c0, 0x00007f6a98b9fca8]
Event: 11,655 Thread 0x00007f6aa80bd800 2605       2       com.android.dx.cf.direct.StdAttributeFactory::runtimeInvisibleAnnotations (44 bytes)
Event: 11,655 Thread 0x00007f6aa80bd800 nmethod 2605 0x00007f6a98b7a110 code [0x00007f6a98b7a2c0, 0x00007f6a98b7a638]

GC Heap History (10 events):
Event: 6,429 GC heap after
Heap after GC invocations=12 (full 1):
 PSYoungGen      total 332800K, used 43135K [0x000000076ab00000, 0x0000000786b80000, 0x00000007c0000000)
  eden space 285184K, 0% used [0x000000076ab00000,0x000000076ab00000,0x000000077c180000)
  from space 47616K, 90% used [0x000000077c180000,0x000000077eb9fda0,0x000000077f000000)
  to   space 53760K, 0% used [0x0000000783700000,0x0000000783700000,0x0000000786b80000)
 ParOldGen       total 118272K, used 88905K [0x00000006c0000000, 0x00000006c7380000, 0x000000076ab00000)
  object space 118272K, 75% used [0x00000006c0000000,0x00000006c56d27d0,0x00000006c7380000)
 Metaspace       used 6528K, capacity 7320K, committed 7680K, reserved 1056768K
  class space    used 615K, capacity 656K, committed 768K, reserved 1048576K
}
Event: 7,458 GC heap before
{Heap before GC invocations=13 (full 1):
 PSYoungGen      total 332800K, used 328319K [0x000000076ab00000, 0x0000000786b80000, 0x00000007c0000000)
  eden space 285184K, 100% used [0x000000076ab00000,0x000000077c180000,0x000000077c180000)
  from space 47616K, 90% used [0x000000077c180000,0x000000077eb9fda0,0x000000077f000000)
  to   space 53760K, 0% used [0x0000000783700000,0x0000000783700000,0x0000000786b80000)
 ParOldGen       total 118272K, used 88905K [0x00000006c0000000, 0x00000006c7380000, 0x000000076ab00000)
  object space 118272K, 75% used [0x00000006c0000000,0x00000006c56d27d0,0x00000006c7380000)
 Metaspace       used 6534K, capacity 7320K, committed 7680K, reserved 1056768K
  class space    used 615K, capacity 656K, committed 768K, reserved 1048576K
Event: 7,615 GC heap after
Heap after GC invocations=13 (full 1):
 PSYoungGen      total 385536K, used 53748K [0x000000076ab00000, 0x0000000789780000, 0x00000007c0000000)
  eden space 331776K, 0% used [0x000000076ab00000,0x000000076ab00000,0x000000077ef00000)
  from space 53760K, 99% used [0x0000000783700000,0x0000000786b7d358,0x0000000786b80000)
  to   space 73728K, 0% used [0x000000077ef00000,0x000000077ef00000,0x0000000783700000)
 ParOldGen       total 118272K, used 117666K [0x00000006c0000000, 0x00000006c7380000, 0x000000076ab00000)
  object space 118272K, 99% used [0x00000006c0000000,0x00000006c72e8b88,0x00000006c7380000)
 Metaspace       used 6534K, capacity 7320K, committed 7680K, reserved 1056768K
  class space    used 615K, capacity 656K, committed 768K, reserved 1048576K
}
Event: 7,615 GC heap before
{Heap before GC invocations=14 (full 2):
 PSYoungGen      total 385536K, used 53748K [0x000000076ab00000, 0x0000000789780000, 0x00000007c0000000)
  eden space 331776K, 0% used [0x000000076ab00000,0x000000076ab00000,0x000000077ef00000)
  from space 53760K, 99% used [0x0000000783700000,0x0000000786b7d358,0x0000000786b80000)
  to   space 73728K, 0% used [0x000000077ef00000,0x000000077ef00000,0x0000000783700000)
 ParOldGen       total 118272K, used 117666K [0x00000006c0000000, 0x00000006c7380000, 0x000000076ab00000)
  object space 118272K, 99% used [0x00000006c0000000,0x00000006c72e8b88,0x00000006c7380000)
 Metaspace       used 6534K, capacity 7320K, committed 7680K, reserved 1056768K
  class space    used 615K, capacity 656K, committed 768K, reserved 1048576K
Event: 8,975 GC heap after
Heap after GC invocations=14 (full 2):
 PSYoungGen      total 385536K, used 51414K [0x000000076ab00000, 0x0000000789780000, 0x00000007c0000000)
  eden space 331776K, 0% used [0x000000076ab00000,0x000000076ab00000,0x000000077ef00000)
  from space 53760K, 95% used [0x0000000783700000,0x0000000786935800,0x0000000786b80000)
  to   space 73728K, 0% used [0x000000077ef00000,0x000000077ef00000,0x0000000783700000)
 ParOldGen       total 214016K, used 118181K [0x00000006c0000000, 0x00000006cd100000, 0x000000076ab00000)
  object space 214016K, 55% used [0x00000006c0000000,0x00000006c7369540,0x00000006cd100000)
 Metaspace       used 6534K, capacity 7320K, committed 7680K, reserved 1056768K
  class space    used 615K, capacity 656K, committed 768K, reserved 1048576K
}
Event: 10,187 GC heap before
{Heap before GC invocations=15 (full 2):
 PSYoungGen      total 385536K, used 383190K [0x000000076ab00000, 0x0000000789780000, 0x00000007c0000000)
  eden space 331776K, 100% used [0x000000076ab00000,0x000000077ef00000,0x000000077ef00000)
  from space 53760K, 95% used [0x0000000783700000,0x0000000786935800,0x0000000786b80000)
  to   space 73728K, 0% used [0x000000077ef00000,0x000000077ef00000,0x0000000783700000)
 ParOldGen       total 214016K, used 118181K [0x00000006c0000000, 0x00000006cd100000, 0x000000076ab00000)
  object space 214016K, 55% used [0x00000006c0000000,0x00000006c7369540,0x00000006cd100000)
 Metaspace       used 6544K, capacity 7320K, committed 7680K, reserved 1056768K
  class space    used 615K, capacity 656K, committed 768K, reserved 1048576K
Event: 10,390 GC heap after
Heap after GC invocations=15 (full 2):
 PSYoungGen      total 405504K, used 51113K [0x000000076ab00000, 0x000000078be00000, 0x00000007c0000000)
  eden space 331776K, 0% used [0x000000076ab00000,0x000000076ab00000,0x000000077ef00000)
  from space 73728K, 69% used [0x000000077ef00000,0x00000007820ea568,0x0000000783700000)
  to   space 78336K, 0% used [0x0000000787180000,0x0000000787180000,0x000000078be00000)
 ParOldGen       total 214016K, used 169870K [0x00000006c0000000, 0x00000006cd100000, 0x000000076ab00000)
  object space 214016K, 79% used [0x00000006c0000000,0x00000006ca5e39b0,0x00000006cd100000)
 Metaspace       used 6544K, capacity 7320K, committed 7680K, reserved 1056768K
  class space    used 615K, capacity 656K, committed 768K, reserved 1048576K
}
Event: 11,655 GC heap before
{Heap before GC invocations=16 (full 2):
 PSYoungGen      total 405504K, used 382889K [0x000000076ab00000, 0x000000078be00000, 0x00000007c0000000)
  eden space 331776K, 100% used [0x000000076ab00000,0x000000077ef00000,0x000000077ef00000)
  from space 73728K, 69% used [0x000000077ef00000,0x00000007820ea568,0x0000000783700000)
  to   space 78336K, 0% used [0x0000000787180000,0x0000000787180000,0x000000078be00000)
 ParOldGen       total 214016K, used 169870K [0x00000006c0000000, 0x00000006cd100000, 0x000000076ab00000)
  object space 214016K, 79% used [0x00000006c0000000,0x00000006ca5e39b0,0x00000006cd100000)
 Metaspace       used 6566K, capacity 7320K, committed 7680K, reserved 1056768K
  class space    used 615K, capacity 656K, committed 768K, reserved 1048576K
Event: 11,926 GC heap after
Heap after GC invocations=16 (full 2):
 PSYoungGen      total 444928K, used 78323K [0x000000076ab00000, 0x000000078ee80000, 0x00000007c0000000)
  eden space 366592K, 0% used [0x000000076ab00000,0x000000076ab00000,0x0000000781100000)
  from space 78336K, 99% used [0x0000000787180000,0x000000078bdfcea8,0x000000078be00000)
  to   space 98816K, 0% used [0x0000000781100000,0x0000000781100000,0x0000000787180000)
 ParOldGen       total 214016K, used 189472K [0x00000006c0000000, 0x00000006cd100000, 0x000000076ab00000)
  object space 214016K, 88% used [0x00000006c0000000,0x00000006cb908358,0x00000006cd100000)
 Metaspace       used 6566K, capacity 7320K, committed 7680K, reserved 1056768K
  class space    used 615K, capacity 656K, committed 768K, reserved 1048576K
}
Event: 11,926 GC heap before
{Heap before GC invocations=17 (full 3):
 PSYoungGen      total 444928K, used 78323K [0x000000076ab00000, 0x000000078ee80000, 0x00000007c0000000)
  eden space 366592K, 0% used [0x000000076ab00000,0x000000076ab00000,0x0000000781100000)
  from space 78336K, 99% used [0x0000000787180000,0x000000078bdfcea8,0x000000078be00000)
  to   space 98816K, 0% used [0x0000000781100000,0x0000000781100000,0x0000000787180000)
 ParOldGen       total 214016K, used 189472K [0x00000006c0000000, 0x00000006cd100000, 0x000000076ab00000)
  object space 214016K, 88% used [0x00000006c0000000,0x00000006cb908358,0x00000006cd100000)
 Metaspace       used 6566K, capacity 7320K, committed 7680K, reserved 1056768K
  class space    used 615K, capacity 656K, committed 768K, reserved 1048576K

Deoptimization events (10 events):
Event: 4,105 Thread 0x00007f6aa824d800 Uncommon trap: reason=class_check action=maybe_recompile pc=0x00007f6a98940514 method=com.android.dx.rop.code.RegisterSpec.withSimpleType()Lcom/android/dx/rop/code/RegisterSpec; @ 21
Event: 4,106 Thread 0x00007f6aa824d800 Uncommon trap: reason=class_check action=maybe_recompile pc=0x00007f6a98940514 method=com.android.dx.rop.code.RegisterSpec.withSimpleType()Lcom/android/dx/rop/code/RegisterSpec; @ 21
Event: 4,129 Thread 0x00007f6aa824c000 Uncommon trap: reason=class_check action=maybe_recompile pc=0x00007f6a98940514 method=com.android.dx.rop.code.RegisterSpec.withSimpleType()Lcom/android/dx/rop/code/RegisterSpec; @ 21
Event: 5,331 Thread 0x00007f6aa824c000 Uncommon trap: reason=unstable_if action=reinterpret pc=0x00007f6a9887239c method=com.android.dx.ssa.SCCP.simulateBranch(Lcom/android/dx/ssa/SsaInsn;)V @ 548
Event: 5,603 Thread 0x00007f6aa8246000 Uncommon trap: reason=unstable_if action=reinterpret pc=0x00007f6a989fdd74 method=com.android.dx.rop.code.LocalVariableInfo.mergeStarts(ILcom/android/dx/rop/code/RegisterSpecSet;)Z @ 31
Event: 5,616 Thread 0x00007f6aa824a000 Uncommon trap: reason=unstable_if action=reinterpret pc=0x00007f6a984befec method=com.android.dx.rop.code.RegisterSpecSet.<init>(I)V @ 2
Event: 9,196 Thread 0x00007f6aa824c000 Uncommon trap: reason=unstable_if action=reinterpret pc=0x00007f6a98acd248 method=com.android.dx.ssa.SCCP.simulateBranch(Lcom/android/dx/ssa/SsaInsn;)V @ 140
Event: 9,771 Thread 0x00007f6aa8246000 Uncommon trap: reason=bimorphic action=maybe_recompile pc=0x00007f6a98aa9c70 method=com.android.dx.cf.code.BytecodeArray.parseInstruction(ILcom/android/dx/cf/code/BytecodeArray$Visitor;)I @ 2554
Event: 9,771 Thread 0x00007f6aa8246000 Uncommon trap: reason=bimorphic action=maybe_recompile pc=0x00007f6a98aa9c70 method=com.android.dx.cf.code.BytecodeArray.parseInstruction(ILcom/android/dx/cf/code/BytecodeArray$Visitor;)I @ 2554
Event: 11,645 Thread 0x00007f6aa824d800 Uncommon trap: reason=unstable_if action=reinterpret pc=0x00007f6a985deac4 method=java.util.HashMap.putVal(ILjava/lang/Object;Ljava/lang/Object;ZZ)Ljava/lang/Object; @ 162

Internal exceptions (5 events):
Event: 0,026 Thread 0x00007f6aa800a000 Exception <a 'java/lang/NoSuchMethodError': Method sun.misc.Unsafe.defineClass(Ljava/lang/String;[BII)Ljava/lang/Class; name or signature does not match> (0x000000076ab12b90) thrown at [/HUDSON/workspace/8-2-build-linux-amd64/jdk8u66/4988/hotspot/src/shar
Event: 0,026 Thread 0x00007f6aa800a000 Exception <a 'java/lang/NoSuchMethodError': Method sun.misc.Unsafe.prefetchRead(Ljava/lang/Object;J)V name or signature does not match> (0x000000076ab12e78) thrown at [/HUDSON/workspace/8-2-build-linux-amd64/jdk8u66/4988/hotspot/src/share/vm/prims/jni.cpp
Event: 2,363 Thread 0x00007f6aa8246000 Exception <a 'java/lang/ArrayIndexOutOfBoundsException': 18> (0x000000076b438058) thrown at [/HUDSON/workspace/8-2-build-linux-amd64/jdk8u66/4988/hotspot/src/share/vm/interpreter/interpreterRuntime.cpp, line 366]
Event: 2,364 Thread 0x00007f6aa8246000 Exception <a 'java/lang/ArrayIndexOutOfBoundsException': 145> (0x000000076b439bd8) thrown at [/HUDSON/workspace/8-2-build-linux-amd64/jdk8u66/4988/hotspot/src/share/vm/interpreter/interpreterRuntime.cpp, line 366]
Event: 2,364 Thread 0x00007f6aa8246000 Exception <a 'java/lang/ArrayIndexOutOfBoundsException': 40> (0x000000076b43aec0) thrown at [/HUDSON/workspace/8-2-build-linux-amd64/jdk8u66/4988/hotspot/src/share/vm/interpreter/interpreterRuntime.cpp, line 366]

Events (10 events):
Event: 11,566 Thread 0x00007f6aa824a000 DEOPT PACKING pc=0x00007f6a98540eb7 sp=0x00007f6a8fda9ed0
Event: 11,566 Thread 0x00007f6aa824a000 DEOPT UNPACKING pc=0x00007f6a981b5633 sp=0x00007f6a8fda9c88 mode 0
Event: 11,594 Thread 0x00007f6aa824c000 DEOPT PACKING pc=0x00007f6a98540eb7 sp=0x00007f6a8fca8d70
Event: 11,594 Thread 0x00007f6aa824c000 DEOPT UNPACKING pc=0x00007f6a981b5633 sp=0x00007f6a8fca8b28 mode 0
Event: 11,623 Thread 0x00007f6aa824a000 DEOPT PACKING pc=0x00007f6a98540eb7 sp=0x00007f6a8fda9de0
Event: 11,623 Thread 0x00007f6aa824a000 DEOPT UNPACKING pc=0x00007f6a981b5633 sp=0x00007f6a8fda9b98 mode 0
Event: 11,645 Thread 0x00007f6aa824d800 Uncommon trap: trap_request=0xffffff65 fr.pc=0x00007f6a985deac4
Event: 11,645 Thread 0x00007f6aa824d800 DEOPT PACKING pc=0x00007f6a985deac4 sp=0x00007f6a8fba7bd0
Event: 11,645 Thread 0x00007f6aa824d800 DEOPT UNPACKING pc=0x00007f6a98173229 sp=0x00007f6a8fba78f8 mode 2
Event: 11,655 Executing VM operation: ParallelGCFailedAllocation


Dynamic libraries:
00400000-00401000 r-xp 00000000 08:11 270464                             /usr/lib/jvm/java-8-oracle/bin/java
00600000-00601000 rw-p 00000000 08:11 270464                             /usr/lib/jvm/java-8-oracle/bin/java
01d82000-01da3000 rw-p 00000000 00:00 0                                  [heap]
6c0000000-6cd100000 rw-p 00000000 00:00 0 
6d5600000-76ab00000 ---p 00000000 00:00 0 
76ab00000-78ee80000 rw-p 00000000 00:00 0 
78ee80000-7c0000000 ---p 00000000 00:00 0 
7c0000000-7c00c0000 rw-p 00000000 00:00 0 
7c00c0000-800000000 ---p 00000000 00:00 0 
7f6a38000000-7f6a38032000 rw-p 00000000 00:00 0 
7f6a38032000-7f6a3c000000 ---p 00000000 00:00 0 
7f6a40000000-7f6a40025000 rw-p 00000000 00:00 0 
7f6a40025000-7f6a44000000 ---p 00000000 00:00 0 
7f6a44000000-7f6a44021000 rw-p 00000000 00:00 0 
7f6a44021000-7f6a48000000 ---p 00000000 00:00 0 
7f6a48000000-7f6a4802a000 rw-p 00000000 00:00 0 
7f6a4802a000-7f6a4c000000 ---p 00000000 00:00 0 
7f6a4c000000-7f6a4c021000 rw-p 00000000 00:00 0 
7f6a4c021000-7f6a50000000 ---p 00000000 00:00 0 
7f6a50000000-7f6a50021000 rw-p 00000000 00:00 0 
7f6a50021000-7f6a54000000 ---p 00000000 00:00 0 
7f6a54000000-7f6a54021000 rw-p 00000000 00:00 0 
7f6a54021000-7f6a58000000 ---p 00000000 00:00 0 
7f6a58000000-7f6a58d20000 rw-p 00000000 00:00 0 
7f6a58d20000-7f6a5c000000 ---p 00000000 00:00 0 
7f6a5c000000-7f6a5cc4d000 rw-p 00000000 00:00 0 
7f6a5cc4d000-7f6a60000000 ---p 00000000 00:00 0 
7f6a60000000-7f6a60021000 rw-p 00000000 00:00 0 
7f6a60021000-7f6a64000000 ---p 00000000 00:00 0 
7f6a64000000-7f6a65651000 rw-p 00000000 00:00 0 
7f6a65651000-7f6a68000000 ---p 00000000 00:00 0 
7f6a68000000-7f6a68021000 rw-p 00000000 00:00 0 
7f6a68021000-7f6a6c000000 ---p 00000000 00:00 0 
7f6a6c000000-7f6a6c021000 rw-p 00000000 00:00 0 
7f6a6c021000-7f6a70000000 ---p 00000000 00:00 0 
7f6a70000000-7f6a78000000 rw-p 00000000 00:00 0 
7f6a78000000-7f6a78021000 rw-p 00000000 00:00 0 
7f6a78021000-7f6a7c000000 ---p 00000000 00:00 0 
7f6a7c000000-7f6a7c295000 rw-p 00000000 00:00 0 
7f6a7c295000-7f6a80000000 ---p 00000000 00:00 0 
7f6a80000000-7f6a80021000 rw-p 00000000 00:00 0 
7f6a80021000-7f6a84000000 ---p 00000000 00:00 0 
7f6a88000000-7f6a88021000 rw-p 00000000 00:00 0 
7f6a88021000-7f6a8c000000 ---p 00000000 00:00 0 
7f6a8faa9000-7f6a8faac000 ---p 00000000 00:00 0 
7f6a8faac000-7f6a8fbaa000 rw-p 00000000 00:00 0                          [stack:14990]
7f6a8fbaa000-7f6a8fbad000 ---p 00000000 00:00 0 
7f6a8fbad000-7f6a8fcab000 rw-p 00000000 00:00 0                          [stack:14989]
7f6a8fcab000-7f6a8fcae000 ---p 00000000 00:00 0 
7f6a8fcae000-7f6a8fdac000 rw-p 00000000 00:00 0                          [stack:14988]
7f6a8fdac000-7f6a8fdaf000 ---p 00000000 00:00 0 
7f6a8fdaf000-7f6a8fead000 rw-p 00000000 00:00 0                          [stack:14987]
7f6a8fead000-7f6a8feb0000 ---p 00000000 00:00 0 
7f6a8feb0000-7f6a8ffae000 rw-p 00000000 00:00 0                          [stack:14986]
7f6a8ffae000-7f6a90000000 r--s 0040f000 08:01 20188750                   /home/gilmar/AndroidStudioProjects/Multicon/Myclass/app/build/intermediates/multi-dex/debug/allclasses.jar
7f6a90000000-7f6a90021000 rw-p 00000000 00:00 0 
7f6a90021000-7f6a94000000 ---p 00000000 00:00 0 
7f6a94015000-7f6a94016000 ---p 00000000 00:00 0 
7f6a94016000-7f6a94116000 rw-p 00000000 00:00 0                          [stack:14984]
7f6a94116000-7f6a94119000 ---p 00000000 00:00 0 
7f6a94119000-7f6a94217000 rw-p 00000000 00:00 0                          [stack:14983]
7f6a94217000-7f6a9421a000 ---p 00000000 00:00 0 
7f6a9421a000-7f6a94318000 rw-p 00000000 00:00 0                          [stack:14982]
7f6a94318000-7f6a9431b000 ---p 00000000 00:00 0 
7f6a9431b000-7f6a94419000 rw-p 00000000 00:00 0                          [stack:14981]
7f6a94419000-7f6a9441c000 ---p 00000000 00:00 0 
7f6a9441c000-7f6a9451a000 rw-p 00000000 00:00 0                          [stack:14980]
7f6a9451a000-7f6a9451d000 ---p 00000000 00:00 0 
7f6a9451d000-7f6a9461b000 rw-p 00000000 00:00 0                          [stack:14979]
7f6a9461b000-7f6a948e5000 r--p 00000000 08:11 261842                     /usr/lib/locale/locale-archive
7f6a948e5000-7f6a948e8000 ---p 00000000 00:00 0 
7f6a948e8000-7f6a949e6000 rw-p 00000000 00:00 0                          [stack:14978]
7f6a949e6000-7f6a949e9000 ---p 00000000 00:00 0 
7f6a949e9000-7f6a94ae7000 rw-p 00000000 00:00 0                          [stack:14977]
7f6a94ae7000-7f6a94ae8000 ---p 00000000 00:00 0 
7f6a94ae8000-7f6a95b7b000 rw-p 00000000 00:00 0                          [stack:14976]
7f6a95b7b000-7f6a95d54000 r--s 03d20000 08:11 556314                     /usr/lib/jvm/java-8-oracle/jre/lib/rt.jar
7f6a95d54000-7f6a96414000 rw-p 00000000 00:00 0 
7f6a96414000-7f6a96554000 ---p 00000000 00:00 0 
7f6a96554000-7f6a96d54000 rw-p 00000000 00:00 0 
7f6a96d54000-7f6a96d55000 ---p 00000000 00:00 0 
7f6a96d55000-7f6a96e55000 rw-p 00000000 00:00 0                          [stack:14975]
7f6a96e55000-7f6a96e56000 ---p 00000000 00:00 0 
7f6a96e56000-7f6a96f56000 rw-p 00000000 00:00 0                          [stack:14974]
7f6a96f56000-7f6a96f57000 ---p 00000000 00:00 0 
7f6a96f57000-7f6a970c0000 rw-p 00000000 00:00 0                          [stack:14973]
7f6a970c0000-7f6a975ad000 ---p 00000000 00:00 0 
7f6a975ad000-7f6a97616000 rw-p 00000000 00:00 0 
7f6a97616000-7f6a97b02000 ---p 00000000 00:00 0 
7f6a97b02000-7f6a97c25000 rw-p 00000000 00:00 0 
7f6a97c25000-7f6a97dad000 ---p 00000000 00:00 0 
7f6a97dad000-7f6a97dd7000 rw-p 00000000 00:00 0 
7f6a97dd7000-7f6a9816e000 ---p 00000000 00:00 0 
7f6a9816e000-7f6a98bae000 rwxp 00000000 00:00 0 
7f6a98bae000-7f6aa716e000 ---p 00000000 00:00 0 
7f6aa716e000-7f6aa7188000 r-xp 00000000 08:11 556514                     /usr/lib/jvm/java-8-oracle/jre/lib/amd64/libzip.so
7f6aa7188000-7f6aa7388000 ---p 0001a000 08:11 556514                     /usr/lib/jvm/java-8-oracle/jre/lib/amd64/libzip.so
7f6aa7388000-7f6aa7389000 rw-p 0001a000 08:11 556514                     /usr/lib/jvm/java-8-oracle/jre/lib/amd64/libzip.so
7f6aa7389000-7f6aa7395000 r-xp 00000000 08:11 406785                     /lib/x86_64-linux-gnu/libnss_files-2.21.so
7f6aa7395000-7f6aa7594000 ---p 0000c000 08:11 406785                     /lib/x86_64-linux-gnu/libnss_files-2.21.so
7f6aa7594000-7f6aa7595000 r--p 0000b000 08:11 406785                     /lib/x86_64-linux-gnu/libnss_files-2.21.so
7f6aa7595000-7f6aa7596000 rw-p 0000c000 08:11 406785                     /lib/x86_64-linux-gnu/libnss_files-2.21.so
7f6aa7596000-7f6aa75a1000 r-xp 00000000 08:11 406772                     /lib/x86_64-linux-gnu/libnss_nis-2.21.so
7f6aa75a1000-7f6aa77a0000 ---p 0000b000 08:11 406772                     /lib/x86_64-linux-gnu/libnss_nis-2.21.so
7f6aa77a0000-7f6aa77a1000 r--p 0000a000 08:11 406772                     /lib/x86_64-linux-gnu/libnss_nis-2.21.so
7f6aa77a1000-7f6aa77a2000 rw-p 0000b000 08:11 406772                     /lib/x86_64-linux-gnu/libnss_nis-2.21.so
7f6aa77a2000-7f6aa77b9000 r-xp 00000000 08:11 406791                     /lib/x86_64-linux-gnu/libnsl-2.21.so
7f6aa77b9000-7f6aa79b8000 ---p 00017000 08:11 406791                     /lib/x86_64-linux-gnu/libnsl-2.21.so
7f6aa79b8000-7f6aa79b9000 r--p 00016000 08:11 406791                     /lib/x86_64-linux-gnu/libnsl-2.21.so
7f6aa79b9000-7f6aa79ba000 rw-p 00017000 08:11 406791                     /lib/x86_64-linux-gnu/libnsl-2.21.so
7f6aa79ba000-7f6aa79bc000 rw-p 00000000 00:00 0 
7f6aa79bc000-7f6aa79c4000 r-xp 00000000 08:11 406787                     /lib/x86_64-linux-gnu/libnss_compat-2.21.so
7f6aa79c4000-7f6aa7bc3000 ---p 00008000 08:11 406787                     /lib/x86_64-linux-gnu/libnss_compat-2.21.so
7f6aa7bc3000-7f6aa7bc4000 r--p 00007000 08:11 406787                     /lib/x86_64-linux-gnu/libnss_compat-2.21.so
7f6aa7bc4000-7f6aa7bc5000 rw-p 00008000 08:11 406787                     /lib/x86_64-linux-gnu/libnss_compat-2.21.so
7f6aa7bc5000-7f6aa7bef000 r-xp 00000000 08:11 556509                     /usr/lib/jvm/java-8-oracle/jre/lib/amd64/libjava.so
7f6aa7bef000-7f6aa7def000 ---p 0002a000 08:11 556509                     /usr/lib/jvm/java-8-oracle/jre/lib/amd64/libjava.so
7f6aa7def000-7f6aa7df1000 rw-p 0002a000 08:11 556509                     /usr/lib/jvm/java-8-oracle/jre/lib/amd64/libjava.so
7f6aa7df1000-7f6aa7dfe000 r-xp 00000000 08:11 556513                     /usr/lib/jvm/java-8-oracle/jre/lib/amd64/libverify.so
7f6aa7dfe000-7f6aa7ffe000 ---p 0000d000 08:11 556513                     /usr/lib/jvm/java-8-oracle/jre/lib/amd64/libverify.so
7f6aa7ffe000-7f6aa8000000 rw-p 0000d000 08:11 556513                     /usr/lib/jvm/java-8-oracle/jre/lib/amd64/libverify.so
7f6aa8000000-7f6aa83d4000 rw-p 00000000 00:00 0 
7f6aa83d4000-7f6aac000000 ---p 00000000 00:00 0 
7f6aac01a000-7f6aac100000 rw-p 00000000 00:00 0 
7f6aac100000-7f6aac101000 ---p 00000000 00:00 0 
7f6aac101000-7f6aac201000 rw-p 00000000 00:00 0                          [stack:14972]
7f6aac201000-7f6aac208000 r-xp 00000000 08:11 406792                     /lib/x86_64-linux-gnu/librt-2.21.so
7f6aac208000-7f6aac407000 ---p 00007000 08:11 406792                     /lib/x86_64-linux-gnu/librt-2.21.so
7f6aac407000-7f6aac408000 r--p 00006000 08:11 406792                     /lib/x86_64-linux-gnu/librt-2.21.so
7f6aac408000-7f6aac409000 rw-p 00007000 08:11 406792                     /lib/x86_64-linux-gnu/librt-2.21.so
7f6aac409000-7f6aac510000 r-xp 00000000 08:11 406790                     /lib/x86_64-linux-gnu/libm-2.21.so
7f6aac510000-7f6aac70f000 ---p 00107000 08:11 406790                     /lib/x86_64-linux-gnu/libm-2.21.so
7f6aac70f000-7f6aac710000 r--p 00106000 08:11 406790                     /lib/x86_64-linux-gnu/libm-2.21.so
7f6aac710000-7f6aac711000 rw-p 00107000 08:11 406790                     /lib/x86_64-linux-gnu/libm-2.21.so
7f6aac711000-7f6aad3cf000 r-xp 00000000 08:11 556492                     /usr/lib/jvm/java-8-oracle/jre/lib/amd64/server/libjvm.so
7f6aad3cf000-7f6aad5ce000 ---p 00cbe000 08:11 556492                     /usr/lib/jvm/java-8-oracle/jre/lib/amd64/server/libjvm.so
7f6aad5ce000-7f6aad6a7000 rw-p 00cbd000 08:11 556492                     /usr/lib/jvm/java-8-oracle/jre/lib/amd64/server/libjvm.so
7f6aad6a7000-7f6aad6eb000 rw-p 00000000 00:00 0 
7f6aad6eb000-7f6aad8ab000 r-xp 00000000 08:11 406795                     /lib/x86_64-linux-gnu/libc-2.21.so
7f6aad8ab000-7f6aadaab000 ---p 001c0000 08:11 406795                     /lib/x86_64-linux-gnu/libc-2.21.so
7f6aadaab000-7f6aadaaf000 r--p 001c0000 08:11 406795                     /lib/x86_64-linux-gnu/libc-2.21.so
7f6aadaaf000-7f6aadab1000 rw-p 001c4000 08:11 406795                     /lib/x86_64-linux-gnu/libc-2.21.so
7f6aadab1000-7f6aadab5000 rw-p 00000000 00:00 0 
7f6aadab5000-7f6aadab8000 r-xp 00000000 08:11 406778                     /lib/x86_64-linux-gnu/libdl-2.21.so
7f6aadab8000-7f6aadcb7000 ---p 00003000 08:11 406778                     /lib/x86_64-linux-gnu/libdl-2.21.so
7f6aadcb7000-7f6aadcb8000 r--p 00002000 08:11 406778                     /lib/x86_64-linux-gnu/libdl-2.21.so
7f6aadcb8000-7f6aadcb9000 rw-p 00003000 08:11 406778                     /lib/x86_64-linux-gnu/libdl-2.21.so
7f6aadcb9000-7f6aadcce000 r-xp 00000000 08:11 556192                     /usr/lib/jvm/java-8-oracle/lib/amd64/jli/libjli.so
7f6aadcce000-7f6aadece000 ---p 00015000 08:11 556192                     /usr/lib/jvm/java-8-oracle/lib/amd64/jli/libjli.so
7f6aadece000-7f6aadecf000 rw-p 00015000 08:11 556192                     /usr/lib/jvm/java-8-oracle/lib/amd64/jli/libjli.so
7f6aadecf000-7f6aadee7000 r-xp 00000000 08:11 406782                     /lib/x86_64-linux-gnu/libpthread-2.21.so
7f6aadee7000-7f6aae0e7000 ---p 00018000 08:11 406782                     /lib/x86_64-linux-gnu/libpthread-2.21.so
7f6aae0e7000-7f6aae0e8000 r--p 00018000 08:11 406782                     /lib/x86_64-linux-gnu/libpthread-2.21.so
7f6aae0e8000-7f6aae0e9000 rw-p 00019000 08:11 406782                     /lib/x86_64-linux-gnu/libpthread-2.21.so
7f6aae0e9000-7f6aae0ed000 rw-p 00000000 00:00 0 
7f6aae0ed000-7f6aae111000 r-xp 00000000 08:11 406781                     /lib/x86_64-linux-gnu/ld-2.21.so
7f6aae119000-7f6aae1ec000 rw-p 00000000 00:00 0 
7f6aae1ec000-7f6aae1ef000 ---p 00000000 00:00 0 
7f6aae1ef000-7f6aae2f1000 rw-p 00000000 00:00 0                          [stack:14969]
7f6aae2f4000-7f6aae2f5000 rw-p 00000000 00:00 0 
7f6aae2f5000-7f6aae304000 r--s 000df000 08:01 16387229                   /home/gilmar/Android/Sdk/build-tools/23.0.2/lib/dx.jar
7f6aae304000-7f6aae30c000 rw-s 00000000 08:11 131273                     /tmp/hsperfdata_gilmar/14966
7f6aae30c000-7f6aae30d000 rw-p 00000000 00:00 0 
7f6aae30d000-7f6aae30e000 ---p 00000000 00:00 0 
7f6aae30e000-7f6aae310000 rw-p 00000000 00:00 0 
7f6aae310000-7f6aae311000 r--p 00023000 08:11 406781                     /lib/x86_64-linux-gnu/ld-2.21.so
7f6aae311000-7f6aae312000 rw-p 00024000 08:11 406781                     /lib/x86_64-linux-gnu/ld-2.21.so
7f6aae312000-7f6aae313000 rw-p 00000000 00:00 0 
7ffdd7f7f000-7ffdd7fa0000 rw-p 00000000 00:00 0                          [stack]
7ffdd7fae000-7ffdd7fb0000 r--p 00000000 00:00 0                          [vvar]
7ffdd7fb0000-7ffdd7fb2000 r-xp 00000000 00:00 0                          [vdso]
ffffffffff600000-ffffffffff601000 r-xp 00000000 00:00 0                  [vsyscall]

VM Arguments:
jvm_args: -Xmx4g -Dfile.encoding=UTF-8 -Duser.country=BR -Duser.language=pt -Duser.variant 
java_command: com.android.dx.command.Main --dex --num-threads=4 --multi-dex --main-dex-list /home/gilmar/AndroidStudioProjects/Multicon/Myclass/app/build/intermediates/multi-dex/debug/maindexlist.txt --output /home/gilmar/AndroidStudioProjects/Multicon/Myclass/app/build/intermediates/dex/debug /home/gilmar/AndroidStudioProjects/Multicon/Myclass/app/build/intermediates/multi-dex/debug/allclasses.jar
java_class_path (initial): /home/gilmar/Android/Sdk/build-tools/23.0.2/lib/dx.jar
Launcher Type: SUN_STANDARD

Environment Variables:
JAVA_HOME=/path/to/jdk
PATH=/opt/apache-maven-3.3.3/bin:/usr/local/sbin:/usr/local/bin:/usr/sbin:/usr/bin:/sbin:/bin:/usr/games:/usr/local/games" JAVA_HOME=/usr/lib/jvm/java-7-oracle
USERNAME=gilmar
LD_LIBRARY_PATH=/opt/android-studio/bin/.:
SHELL=/bin/bash
DISPLAY=:1

Signal Handlers:
SIGSEGV: [libjvm.so+0xaba2a0], sa_mask[0]=11111111011111111101111111111110, sa_flags=SA_RESTART|SA_SIGINFO
SIGBUS: [libjvm.so+0xaba2a0], sa_mask[0]=11111111011111111101111111111110, sa_flags=SA_RESTART|SA_SIGINFO
SIGFPE: [libjvm.so+0x917710], sa_mask[0]=11111111011111111101111111111110, sa_flags=SA_RESTART|SA_SIGINFO
SIGPIPE: [libjvm.so+0x917710], sa_mask[0]=11111111011111111101111111111110, sa_flags=SA_RESTART|SA_SIGINFO
SIGXFSZ: [libjvm.so+0x917710], sa_mask[0]=11111111011111111101111111111110, sa_flags=SA_RESTART|SA_SIGINFO
SIGILL: [libjvm.so+0x917710], sa_mask[0]=11111111011111111101111111111110, sa_flags=SA_RESTART|SA_SIGINFO
SIGUSR1: SIG_DFL, sa_mask[0]=00000000000000000000000000000000, sa_flags=none
SIGUSR2: [libjvm.so+0x918d40], sa_mask[0]=00100000000000000000000000000000, sa_flags=SA_RESTART|SA_SIGINFO
SIGHUP: [libjvm.so+0x91a140], sa_mask[0]=11111111011111111101111111111110, sa_flags=SA_RESTART|SA_SIGINFO
SIGINT: [libjvm.so+0x91a140], sa_mask[0]=11111111011111111101111111111110, sa_flags=SA_RESTART|SA_SIGINFO
SIGTERM: [libjvm.so+0x91a140], sa_mask[0]=11111111011111111101111111111110, sa_flags=SA_RESTART|SA_SIGINFO
SIGQUIT: [libjvm.so+0x91a140], sa_mask[0]=11111111011111111101111111111110, sa_flags=SA_RESTART|SA_SIGINFO


---------------  S Y S T E M  ---------------

OS:DISTRIB_ID=Ubuntu
DISTRIB_RELEASE=15.10
DISTRIB_CODENAME=wily
DISTRIB_DESCRIPTION="Ubuntu 15.10"

uname:Linux 4.2.0-19-generic #23-Ubuntu SMP Wed Nov 11 11:39:30 UTC 2015 x86_64
libc:glibc 2.21 NPTL 2.21 
rlimit: STACK 8192k, CORE 0k, NPROC 23203, NOFILE 65536, AS infinity
load average:2,22 1,14 1,06

/proc/meminfo:
MemTotal:        5974904 kB
MemFree:           41104 kB
MemAvailable:     135552 kB
Buffers:            9408 kB
Cached:           334828 kB
SwapCached:            0 kB
Active:          4680236 kB
Inactive:         282824 kB
Active(anon):    4639752 kB
Inactive(anon):   243060 kB
Active(file):      40484 kB
Inactive(file):    39764 kB
Unevictable:           0 kB
Mlocked:               0 kB
SwapTotal:             0 kB
SwapFree:              0 kB
Dirty:               732 kB
Writeback:          1540 kB
AnonPages:       4619048 kB
Mapped:           858832 kB
Shmem:            263688 kB
Slab:             100328 kB
SReclaimable:      50512 kB
SUnreclaim:        49816 kB
KernelStack:       12112 kB
PageTables:        46680 kB
NFS_Unstable:          0 kB
Bounce:                0 kB
WritebackTmp:          0 kB
CommitLimit:     2987452 kB
Committed_AS:    9972104 kB
VmallocTotal:   34359738367 kB
VmallocUsed:      369276 kB
VmallocChunk:   34358947836 kB
HardwareCorrupted:     0 kB
AnonHugePages:   2975744 kB
CmaTotal:              0 kB
CmaFree:               0 kB
HugePages_Total:       0
HugePages_Free:        0
HugePages_Rsvd:        0
HugePages_Surp:        0
Hugepagesize:       2048 kB
DirectMap4k:      181136 kB
DirectMap2M:     5974016 kB


CPU:total 4 (2 cores per cpu, 2 threads per core) family 6 model 58 stepping 9, cmov, cx8, fxsr, mmx, sse, sse2, sse3, ssse3, sse4.1, sse4.2, popcnt, avx, aes, clmul, erms, ht, tsc, tscinvbit, tscinv

/proc/cpuinfo:
processor	: 0
vendor_id	: GenuineIntel
cpu family	: 6
model		: 58
model name	: Intel(R) Core(TM) i5-3337U CPU @ 1.80GHz
stepping	: 9
microcode	: 0x17
cpu MHz		: 2510.437
cache size	: 3072 KB
physical id	: 0
siblings	: 4
core id		: 0
cpu cores	: 2
apicid		: 0
initial apicid	: 0
fpu		: yes
fpu_exception	: yes
cpuid level	: 13
wp		: yes
flags		: fpu vme de pse tsc msr pae mce cx8 apic sep mtrr pge mca cmov pat pse36 clflush dts acpi mmx fxsr sse sse2 ss ht tm pbe syscall nx rdtscp lm constant_tsc arch_perfmon pebs bts rep_good nopl xtopology nonstop_tsc aperfmperf eagerfpu pni pclmulqdq dtes64 monitor ds_cpl vmx est tm2 ssse3 cx16 xtpr pdcm pcid sse4_1 sse4_2 x2apic popcnt tsc_deadline_timer aes xsave avx f16c rdrand lahf_lm ida arat epb pln pts dtherm tpr_shadow vnmi flexpriority ept vpid fsgsbase smep erms xsaveopt
bugs		:
bogomips	: 3591.77
clflush size	: 64
cache_alignment	: 64
address sizes	: 36 bits physical, 48 bits virtual
power management:

processor	: 1
vendor_id	: GenuineIntel
cpu family	: 6
model		: 58
model name	: Intel(R) Core(TM) i5-3337U CPU @ 1.80GHz
stepping	: 9
microcode	: 0x17
cpu MHz		: 2246.343
cache size	: 3072 KB
physical id	: 0
siblings	: 4
core id		: 1
cpu cores	: 2
apicid		: 2
initial apicid	: 2
fpu		: yes
fpu_exception	: yes
cpuid level	: 13
wp		: yes
flags		: fpu vme de pse tsc msr pae mce cx8 apic sep mtrr pge mca cmov pat pse36 clflush dts acpi mmx fxsr sse sse2 ss ht tm pbe syscall nx rdtscp lm constant_tsc arch_perfmon pebs bts rep_good nopl xtopology nonstop_tsc aperfmperf eagerfpu pni pclmulqdq dtes64 monitor ds_cpl vmx est tm2 ssse3 cx16 xtpr pdcm pcid sse4_1 sse4_2 x2apic popcnt tsc_deadline_timer aes xsave avx f16c rdrand lahf_lm ida arat epb pln pts dtherm tpr_shadow vnmi flexpriority ept vpid fsgsbase smep erms xsaveopt
bugs		:
bogomips	: 3591.77
clflush size	: 64
cache_alignment	: 64
address sizes	: 36 bits physical, 48 bits virtual
power management:

processor	: 2
vendor_id	: GenuineIntel
cpu family	: 6
model		: 58
model name	: Intel(R) Core(TM) i5-3337U CPU @ 1.80GHz
stepping	: 9
microcode	: 0x17
cpu MHz		: 2341.476
cache size	: 3072 KB
physical id	: 0
siblings	: 4
core id		: 0
cpu cores	: 2
apicid		: 1
initial apicid	: 1
fpu		: yes
fpu_exception	: yes
cpuid level	: 13
wp		: yes
flags		: fpu vme de pse tsc msr pae mce cx8 apic sep mtrr pge mca cmov pat pse36 clflush dts acpi mmx fxsr sse sse2 ss ht tm pbe syscall nx rdtscp lm constant_tsc arch_perfmon pebs bts rep_good nopl xtopology nonstop_tsc aperfmperf eagerfpu pni pclmulqdq dtes64 monitor ds_cpl vmx est tm2 ssse3 cx16 xtpr pdcm pcid sse4_1 sse4_2 x2apic popcnt tsc_deadline_timer aes xsave avx f16c rdrand lahf_lm ida arat epb pln pts dtherm tpr_shadow vnmi flexpriority ept vpid fsgsbase smep erms xsaveopt
bugs		:
bogomips	: 3591.77
clflush size	: 64
cache_alignment	: 64
address sizes	: 36 bits physical, 48 bits virtual
power management:

processor	: 3
vendor_id	: GenuineIntel
cpu family	: 6
model		: 58
model name	: Intel(R) Core(TM) i5-3337U CPU @ 1.80GHz
stepping	: 9
microcode	: 0x17
cpu MHz		: 2327.062
cache size	: 3072 KB
physical id	: 0
siblings	: 4
core id		: 1
cpu cores	: 2
apicid		: 3
initial apicid	: 3
fpu		: yes
fpu_exception	: yes
cpuid level	: 13
wp		: yes
flags		: fpu vme de pse tsc msr pae mce cx8 apic sep mtrr pge mca cmov pat pse36 clflush dts acpi mmx fxsr sse sse2 ss ht tm pbe syscall nx rdtscp lm constant_tsc arch_perfmon pebs bts rep_good nopl xtopology nonstop_tsc aperfmperf eagerfpu pni pclmulqdq dtes64 monitor ds_cpl vmx est tm2 ssse3 cx16 xtpr pdcm pcid sse4_1 sse4_2 x2apic popcnt tsc_deadline_timer aes xsave avx f16c rdrand lahf_lm ida arat epb pln pts dtherm tpr_shadow vnmi flexpriority ept vpid fsgsbase smep erms xsaveopt
bugs		:
bogomips	: 3591.77
clflush size	: 64
cache_alignment	: 64
address sizes	: 36 bits physical, 48 bits virtual
power management:



Memory: 4k page, physical 5974904k(41424k free), swap 0k(0k free)

vm_info: Java HotSpot(TM) 64-Bit Server VM (25.66-b17) for linux-amd64 JRE (1.8.0_66-b17), built on Oct  6 2015 17:28:34 by "java_re" with gcc 4.3.0 20080428 (Red Hat 4.3.0-8)

time: Sun Dec 20 10:32:25 2015
elapsed time: 13 seconds (0d 0h 0m 13s)

