#
# There is insufficient memory for the Java Runtime Environment to continue.
# Native memory allocation (mmap) failed to map 148897792 bytes for committing reserved memory.
# Possible reasons:
#   The system is out of physical RAM or swap space
#   In 32 bit mode, the process size limit was hit
# Possible solutions:
#   Reduce memory load on the system
#   Increase physical memory or swap space
#   Check if swap backing store is full
#   Use 64 bit Java on a 64 bit OS
#   Decrease Java heap size (-Xmx/-Xms)
#   Decrease number of Java threads
#   Decrease Java thread stack sizes (-Xss)
#   Set larger code cache with -XX:ReservedCodeCacheSize=
# This output file may be truncated or incomplete.
#
#  Out of Memory Error (os_linux.cpp:2627), pid=8485, tid=140015198246656
#
# JRE version: Java(TM) SE Runtime Environment (8.0_66-b17) (build 1.8.0_66-b17)
# Java VM: Java HotSpot(TM) 64-Bit Server VM (25.66-b17 mixed mode linux-amd64 compressed oops)
# Failed to write core dump. Core dumps have been disabled. To enable core dumping, try "ulimit -c unlimited" before starting Java again
#

---------------  T H R E A D  ---------------

Current thread (0x00007f57d0079800):  VMThread [stack: 0x00007f57d4179000,0x00007f57d427a000] [id=8495]

Stack: [0x00007f57d4179000,0x00007f57d427a000],  sp=0x00007f57d42782a0,  free space=1020k
Native frames: (J=compiled Java code, j=interpreted, Vv=VM code, C=native code)
V  [libjvm.so+0xab9a1a]  VMError::report_and_die()+0x2ba
V  [libjvm.so+0x4f9e0b]  report_vm_out_of_memory(char const*, int, unsigned long, VMErrorType, char const*)+0x8b
V  [libjvm.so+0x91a8a3]  os::Linux::commit_memory_impl(char*, unsigned long, bool)+0x103
V  [libjvm.so+0x91adf9]  os::pd_commit_memory(char*, unsigned long, unsigned long, bool)+0x29
V  [libjvm.so+0x91510a]  os::commit_memory(char*, unsigned long, unsigned long, bool)+0x2a
V  [libjvm.so+0x9887a3]  PSVirtualSpace::expand_by(unsigned long)+0x53
V  [libjvm.so+0x989ba8]  PSYoungGen::resize_generation(unsigned long, unsigned long)+0xf8
V  [libjvm.so+0x988d02]  PSYoungGen::resize(unsigned long, unsigned long)+0x22
V  [libjvm.so+0x985fdb]  PSScavenge::invoke_no_policy()+0xf3b
V  [libjvm.so+0x986761]  PSScavenge::invoke()+0x41
V  [libjvm.so+0x93e500]  ParallelScavengeHeap::failed_mem_allocate(unsigned long)+0x70
V  [libjvm.so+0xabb437]  VM_ParallelGCFailedAllocation::doit()+0x97
V  [libjvm.so+0xac2e65]  VM_Operation::evaluate()+0x55
V  [libjvm.so+0xac123a]  VMThread::evaluate_operation(VM_Operation*)+0xba
V  [libjvm.so+0xac15be]  VMThread::loop()+0x1ce
V  [libjvm.so+0xac1a30]  VMThread::run()+0x70
V  [libjvm.so+0x91cc68]  java_start(Thread*)+0x108

VM_Operation (0x00007f57d9921330): ParallelGCFailedAllocation, mode: safepoint, requested by thread 0x00007f57d000b000


---------------  P R O C E S S  ---------------

Java Threads: ( => current thread )
  0x00007f57d00c4000 JavaThread "Service Thread" daemon [_thread_blocked, id=8502, stack(0x00007f57c0730000,0x00007f57c0831000)]
  0x00007f57d00bf000 JavaThread "C1 CompilerThread2" daemon [_thread_blocked, id=8501, stack(0x00007f57c0831000,0x00007f57c0932000)]
  0x00007f57d00bd000 JavaThread "C2 CompilerThread1" daemon [_thread_blocked, id=8500, stack(0x00007f57c0932000,0x00007f57c0a33000)]
  0x00007f57d00ba000 JavaThread "C2 CompilerThread0" daemon [_thread_blocked, id=8499, stack(0x00007f57c0a33000,0x00007f57c0b34000)]
  0x00007f57d00b8800 JavaThread "Signal Dispatcher" daemon [_thread_blocked, id=8498, stack(0x00007f57c0b34000,0x00007f57c0c35000)]
  0x00007f57d0080800 JavaThread "Finalizer" daemon [_thread_blocked, id=8497, stack(0x00007f57c0eff000,0x00007f57c1000000)]
  0x00007f57d007e800 JavaThread "Reference Handler" daemon [_thread_blocked, id=8496, stack(0x00007f57d4078000,0x00007f57d4179000)]
  0x00007f57d000b000 JavaThread "main" [_thread_blocked, id=8490, stack(0x00007f57d9822000,0x00007f57d9923000)]

Other Threads:
=>0x00007f57d0079800 VMThread [stack: 0x00007f57d4179000,0x00007f57d427a000] [id=8495]
  0x00007f57d00c7000 WatcherThread [stack: 0x00007f57c062f000,0x00007f57c0730000] [id=8503]

VM state:at safepoint (normal execution)

VM Mutex/Monitor currently owned by a thread:  ([mutex/lock_event])
[0x00007f57d00077a0] Threads_lock - owner thread: 0x00007f57d0079800
[0x00007f57d0007ca0] Heap_lock - owner thread: 0x00007f57d000b000

Heap:
 PSYoungGen      total 99840K, used 3556K [0x00000000eab00000, 0x00000000f1000000, 0x0000000100000000)
  eden space 96256K, 0% used [0x00000000eab00000,0x00000000eab00000,0x00000000f0900000)
  from space 3584K, 99% used [0x00000000f0900000,0x00000000f0c79178,0x00000000f0c80000)
  to   space 3584K, 0% used [0x00000000f0c80000,0x00000000f0c80000,0x00000000f1000000)
 ParOldGen       total 62976K, used 54152K [0x00000000c0000000, 0x00000000c3d80000, 0x00000000eab00000)
  object space 62976K, 85% used [0x00000000c0000000,0x00000000c34e2378,0x00000000c3d80000)
 Metaspace       used 7458K, capacity 7992K, committed 8192K, reserved 1056768K
  class space    used 722K, capacity 752K, committed 768K, reserved 1048576K

Card table byte_map: [0x00007f57d63e4000,0x00007f57d65e5000] byte_map_base: 0x00007f57d5de4000

Marking Bits: (ParMarkBitMap*) 0x00007f57d8cf6020
 Begin Bits: [0x00007f57ae000000, 0x00007f57af000000)
 End Bits:   [0x00007f57af000000, 0x00007f57b0000000)

Polling page: 0x00007f57d9943000

CodeCache: size=245760Kb used=8041Kb max_used=8052Kb free=237718Kb
 bounds [0x00007f57c1000000, 0x00007f57c17f0000, 0x00007f57d0000000]
 total_blobs=2787 nmethods=2497 adapters=204
 compilation: enabled

Compilation events (10 events):
Event: 4,429 Thread 0x00007f57d00ba000 2575       4       com.android.dx.merge.DexMerger$4::updateIndex (50 bytes)
Event: 4,431 Thread 0x00007f57d00ba000 nmethod 2575 0x00007f57c17d2110 code [0x00007f57c17d2260, 0x00007f57c17d2358]
Event: 4,431 Thread 0x00007f57d00ba000 2574       4       com.android.dx.merge.DexMerger$4::write (9 bytes)
Event: 4,437 Thread 0x00007f57d00bd000 nmethod 2573 0x00007f57c17e2950 code [0x00007f57c17e2b00, 0x00007f57c17e3098]
Event: 4,438 Thread 0x00007f57d00bd000 2572       4       com.android.dx.merge.DexMerger$3::write (9 bytes)
Event: 4,442 Thread 0x00007f57d00ba000 nmethod 2574 0x00007f57c17e1c90 code [0x00007f57c17e1e20, 0x00007f57c17e2278]
Event: 4,444 Thread 0x00007f57d00ba000 2576 %     4       com.android.dx.merge.DexMerger$IdMerger::mergeSorted @ 228 (382 bytes)
Event: 4,451 Thread 0x00007f57d00bd000 nmethod 2572 0x00007f57c17e4190 code [0x00007f57c17e4320, 0x00007f57c17e4a18]
Event: 4,456 Thread 0x00007f57d00bd000 2577       4       com.android.dx.merge.DexMerger$6::updateIndex (50 bytes)
Event: 4,458 Thread 0x00007f57d00bd000 nmethod 2577 0x00007f57c17de690 code [0x00007f57c17de7e0, 0x00007f57c17de8d8]

GC Heap History (9 events):
Event: 1,236 GC heap before
{Heap before GC invocations=1 (full 0):
 PSYoungGen      total 27648K, used 24064K [0x00000000eab00000, 0x00000000ec980000, 0x0000000100000000)
  eden space 24064K, 100% used [0x00000000eab00000,0x00000000ec280000,0x00000000ec280000)
  from space 3584K, 0% used [0x00000000ec600000,0x00000000ec600000,0x00000000ec980000)
  to   space 3584K, 0% used [0x00000000ec280000,0x00000000ec280000,0x00000000ec600000)
 ParOldGen       total 62976K, used 0K [0x00000000c0000000, 0x00000000c3d80000, 0x00000000eab00000)
  object space 62976K, 0% used [0x00000000c0000000,0x00000000c0000000,0x00000000c3d80000)
 Metaspace       used 5485K, capacity 6704K, committed 6784K, reserved 1056768K
  class space    used 564K, capacity 616K, committed 640K, reserved 1048576K
Event: 1,270 GC heap after
Heap after GC invocations=1 (full 0):
 PSYoungGen      total 27648K, used 3580K [0x00000000eab00000, 0x00000000ee100000, 0x0000000100000000)
  eden space 24064K, 0% used [0x00000000eab00000,0x00000000eab00000,0x00000000ec280000)
  from space 3584K, 99% used [0x00000000ec280000,0x00000000ec5ff288,0x00000000ec600000)
  to   space 3584K, 0% used [0x00000000edd80000,0x00000000edd80000,0x00000000ee100000)
 ParOldGen       total 62976K, used 3324K [0x00000000c0000000, 0x00000000c3d80000, 0x00000000eab00000)
  object space 62976K, 5% used [0x00000000c0000000,0x00000000c033f078,0x00000000c3d80000)
 Metaspace       used 5485K, capacity 6704K, committed 6784K, reserved 1056768K
  class space    used 564K, capacity 616K, committed 640K, reserved 1048576K
}
Event: 1,601 GC heap before
{Heap before GC invocations=2 (full 0):
 PSYoungGen      total 27648K, used 27644K [0x00000000eab00000, 0x00000000ee100000, 0x0000000100000000)
  eden space 24064K, 100% used [0x00000000eab00000,0x00000000ec280000,0x00000000ec280000)
  from space 3584K, 99% used [0x00000000ec280000,0x00000000ec5ff288,0x00000000ec600000)
  to   space 3584K, 0% used [0x00000000edd80000,0x00000000edd80000,0x00000000ee100000)
 ParOldGen       total 62976K, used 3324K [0x00000000c0000000, 0x00000000c3d80000, 0x00000000eab00000)
  object space 62976K, 5% used [0x00000000c0000000,0x00000000c033f078,0x00000000c3d80000)
 Metaspace       used 5635K, capacity 6832K, committed 7040K, reserved 1056768K
  class space    used 575K, capacity 616K, committed 640K, reserved 1048576K
Event: 1,687 GC heap after
Heap after GC invocations=2 (full 0):
 PSYoungGen      total 51712K, used 3570K [0x00000000eab00000, 0x00000000ee100000, 0x0000000100000000)
  eden space 48128K, 0% used [0x00000000eab00000,0x00000000eab00000,0x00000000eda00000)
  from space 3584K, 99% used [0x00000000edd80000,0x00000000ee0fcbb8,0x00000000ee100000)
  to   space 3584K, 0% used [0x00000000eda00000,0x00000000eda00000,0x00000000edd80000)
 ParOldGen       total 62976K, used 7162K [0x00000000c0000000, 0x00000000c3d80000, 0x00000000eab00000)
  object space 62976K, 11% used [0x00000000c0000000,0x00000000c06fea88,0x00000000c3d80000)
 Metaspace       used 5635K, capacity 6832K, committed 7040K, reserved 1056768K
  class space    used 575K, capacity 616K, committed 640K, reserved 1048576K
}
Event: 2,431 GC heap before
{Heap before GC invocations=3 (full 0):
 PSYoungGen      total 51712K, used 51288K [0x00000000eab00000, 0x00000000ee100000, 0x0000000100000000)
  eden space 48128K, 99% used [0x00000000eab00000,0x00000000ed999458,0x00000000eda00000)
  from space 3584K, 99% used [0x00000000edd80000,0x00000000ee0fcbb8,0x00000000ee100000)
  to   space 3584K, 0% used [0x00000000eda00000,0x00000000eda00000,0x00000000edd80000)
 ParOldGen       total 62976K, used 7162K [0x00000000c0000000, 0x00000000c3d80000, 0x00000000eab00000)
  object space 62976K, 11% used [0x00000000c0000000,0x00000000c06fea88,0x00000000c3d80000)
 Metaspace       used 5932K, capacity 6896K, committed 7040K, reserved 1056768K
  class space    used 592K, capacity 616K, committed 640K, reserved 1048576K
Event: 2,476 GC heap after
Heap after GC invocations=3 (full 0):
 PSYoungGen      total 51712K, used 3576K [0x00000000eab00000, 0x00000000f1000000, 0x0000000100000000)
  eden space 48128K, 0% used [0x00000000eab00000,0x00000000eab00000,0x00000000eda00000)
  from space 3584K, 99% used [0x00000000eda00000,0x00000000edd7e140,0x00000000edd80000)
  to   space 3584K, 0% used [0x00000000f0c80000,0x00000000f0c80000,0x00000000f1000000)
 ParOldGen       total 62976K, used 16361K [0x00000000c0000000, 0x00000000c3d80000, 0x00000000eab00000)
  object space 62976K, 25% used [0x00000000c0000000,0x00000000c0ffa558,0x00000000c3d80000)
 Metaspace       used 5932K, capacity 6896K, committed 7040K, reserved 1056768K
  class space    used 592K, capacity 616K, committed 640K, reserved 1048576K
}
Event: 3,582 GC heap before
{Heap before GC invocations=4 (full 0):
 PSYoungGen      total 51712K, used 51704K [0x00000000eab00000, 0x00000000f1000000, 0x0000000100000000)
  eden space 48128K, 100% used [0x00000000eab00000,0x00000000eda00000,0x00000000eda00000)
  from space 3584K, 99% used [0x00000000eda00000,0x00000000edd7e140,0x00000000edd80000)
  to   space 3584K, 0% used [0x00000000f0c80000,0x00000000f0c80000,0x00000000f1000000)
 ParOldGen       total 62976K, used 16361K [0x00000000c0000000, 0x00000000c3d80000, 0x00000000eab00000)
  object space 62976K, 25% used [0x00000000c0000000,0x00000000c0ffa558,0x00000000c3d80000)
 Metaspace       used 7008K, capacity 7544K, committed 7680K, reserved 1056768K
  class space    used 675K, capacity 688K, committed 768K, reserved 1048576K
Event: 3,641 GC heap after
Heap after GC invocations=4 (full 0):
 PSYoungGen      total 99840K, used 3582K [0x00000000eab00000, 0x00000000f1000000, 0x0000000100000000)
  eden space 96256K, 0% used [0x00000000eab00000,0x00000000eab00000,0x00000000f0900000)
  from space 3584K, 99% used [0x00000000f0c80000,0x00000000f0fffbb0,0x00000000f1000000)
  to   space 3584K, 0% used [0x00000000f0900000,0x00000000f0900000,0x00000000f0c80000)
 ParOldGen       total 62976K, used 33703K [0x00000000c0000000, 0x00000000c3d80000, 0x00000000eab00000)
  object space 62976K, 53% used [0x00000000c0000000,0x00000000c20e9e40,0x00000000c3d80000)
 Metaspace       used 7008K, capacity 7544K, committed 7680K, reserved 1056768K
  class space    used 675K, capacity 688K, committed 768K, reserved 1048576K
}
Event: 4,477 GC heap before
{Heap before GC invocations=5 (full 0):
 PSYoungGen      total 99840K, used 99838K [0x00000000eab00000, 0x00000000f1000000, 0x0000000100000000)
  eden space 96256K, 100% used [0x00000000eab00000,0x00000000f0900000,0x00000000f0900000)
  from space 3584K, 99% used [0x00000000f0c80000,0x00000000f0fffbb0,0x00000000f1000000)
  to   space 3584K, 0% used [0x00000000f0900000,0x00000000f0900000,0x00000000f0c80000)
 ParOldGen       total 62976K, used 33703K [0x00000000c0000000, 0x00000000c3d80000, 0x00000000eab00000)
  object space 62976K, 53% used [0x00000000c0000000,0x00000000c20e9e40,0x00000000c3d80000)
 Metaspace       used 7458K, capacity 7992K, committed 8192K, reserved 1056768K
  class space    used 722K, capacity 752K, committed 768K, reserved 1048576K

Deoptimization events (10 events):
Event: 3,741 Thread 0x00007f57d000b000 Uncommon trap: reason=class_check action=maybe_recompile pc=0x00007f57c168fac4 method=com.android.dx.merge.DexMerger$IdMerger$UnsortedValue.compareTo(Lcom/android/dx/merge/DexMerger$IdMerger$UnsortedValue;)I @ 8
Event: 3,741 Thread 0x00007f57d000b000 Uncommon trap: reason=class_check action=maybe_recompile pc=0x00007f57c169b820 method=com.android.dx.merge.DexMerger$IdMerger$UnsortedValue.compareTo(Lcom/android/dx/merge/DexMerger$IdMerger$UnsortedValue;)I @ 8
Event: 3,787 Thread 0x00007f57d000b000 Uncommon trap: reason=unstable_if action=reinterpret pc=0x00007f57c16123dc method=java.util.HashMap.putVal(ILjava/lang/Object;Ljava/lang/Object;ZZ)Ljava/lang/Object; @ 162
Event: 3,787 Thread 0x00007f57d000b000 Uncommon trap: reason=unstable_if action=reinterpret pc=0x00007f57c162ec34 method=java.util.HashMap.resize()[Ljava/util/HashMap$Node; @ 206
Event: 3,803 Thread 0x00007f57d000b000 Uncommon trap: reason=unstable_if action=reinterpret pc=0x00007f57c16ee998 method=com.android.dex.EncodedValueCodec.readUnsignedInt(Lcom/android/dex/util/ByteInput;IZ)I @ 3
Event: 3,883 Thread 0x00007f57d000b000 Uncommon trap: reason=unstable_if action=reinterpret pc=0x00007f57c16a3594 method=com.android.dx.merge.IndexMap.adjustString(I)I @ 2
Event: 3,924 Thread 0x00007f57d000b000 Uncommon trap: reason=unstable_if action=reinterpret pc=0x00007f57c14a9738 method=java.util.HashMap.getNode(ILjava/lang/Object;)Ljava/util/HashMap$Node; @ 84
Event: 3,925 Thread 0x00007f57d000b000 Uncommon trap: reason=unstable_if action=reinterpret pc=0x00007f57c14dcc40 method=java.util.HashMap.getNode(ILjava/lang/Object;)Ljava/util/HashMap$Node; @ 84
Event: 4,313 Thread 0x00007f57d000b000 Uncommon trap: reason=unstable_if action=reinterpret pc=0x00007f57c1702bcc method=com.android.dx.merge.DexMerger$IdMerger.mergeSorted()V @ 103
Event: 4,313 Thread 0x00007f57d000b000 Uncommon trap: reason=unstable_if action=reinterpret pc=0x00007f57c16ae458 method=com.android.dx.merge.DexMerger$IdMerger.readIntoMap(Lcom/android/dex/Dex$Section;Lcom/android/dex/TableOfContents$Section;Lcom/android/dx/merge/IndexMap;ILjava/util/TreeMap;

Internal exceptions (5 events):
Event: 0,074 Thread 0x00007f57d000b000 Exception <a 'java/lang/NoSuchMethodError': Method sun.misc.Unsafe.defineClass(Ljava/lang/String;[BII)Ljava/lang/Class; name or signature does not match> (0x00000000eab12b90) thrown at [/HUDSON/workspace/8-2-build-linux-amd64/jdk8u66/4988/hotspot/src/shar
Event: 0,074 Thread 0x00007f57d000b000 Exception <a 'java/lang/NoSuchMethodError': Method sun.misc.Unsafe.prefetchRead(Ljava/lang/Object;J)V name or signature does not match> (0x00000000eab12e78) thrown at [/HUDSON/workspace/8-2-build-linux-amd64/jdk8u66/4988/hotspot/src/share/vm/prims/jni.cpp
Event: 1,992 Thread 0x00007f57d014c000 Implicit null exception at 0x00007f57c1375871 to 0x00007f57c137800d
Event: 1,992 Thread 0x00007f57d014c000 Implicit null exception at 0x00007f57c1353208 to 0x00007f57c1355aa1
Event: 4,313 Thread 0x00007f57d000b000 Implicit null exception at 0x00007f57c16adf74 to 0x00007f57c16ae435

Events (10 events):
Event: 4,333 Thread 0x00007f57d000b000 DEOPT UNPACKING pc=0x00007f57c1047633 sp=0x00007f57d99210e0 mode 0
Event: 4,333 Thread 0x00007f57d000b000 DEOPT PACKING pc=0x00007f57c17cd9b9 sp=0x00007f57d9921360
Event: 4,333 Thread 0x00007f57d000b000 DEOPT UNPACKING pc=0x00007f57c1047633 sp=0x00007f57d99210e0 mode 0
Event: 4,334 Thread 0x00007f57d000b000 DEOPT PACKING pc=0x00007f57c17cd9b9 sp=0x00007f57d9921360
Event: 4,334 Thread 0x00007f57d000b000 DEOPT UNPACKING pc=0x00007f57c1047633 sp=0x00007f57d99210e0 mode 0
Event: 4,401 Thread 0x00007f57d000b000 DEOPT PACKING pc=0x00007f57c17d6289 sp=0x00007f57d99214e0
Event: 4,401 Thread 0x00007f57d000b000 DEOPT UNPACKING pc=0x00007f57c1047633 sp=0x00007f57d99212d8 mode 0
Event: 4,406 Thread 0x00007f57d000b000 DEOPT PACKING pc=0x00007f57c169a733 sp=0x00007f57d99214b0
Event: 4,406 Thread 0x00007f57d000b000 DEOPT UNPACKING pc=0x00007f57c1047633 sp=0x00007f57d99211a0 mode 0
Event: 4,477 Executing VM operation: ParallelGCFailedAllocation


Dynamic libraries:
00400000-00401000 r-xp 00000000 08:11 270464                             /usr/lib/jvm/java-8-oracle/bin/java
00600000-00601000 rw-p 00000000 08:11 270464                             /usr/lib/jvm/java-8-oracle/bin/java
014de000-014ff000 rw-p 00000000 00:00 0                                  [heap]
c0000000-c3d80000 rw-p 00000000 00:00 0 
c3d80000-eab00000 ---p 00000000 00:00 0 
eab00000-f1000000 rw-p 00000000 00:00 0 
f9e00000-100000000 ---p 00000000 00:00 0 
100000000-1000c0000 rw-p 00000000 00:00 0 
1000c0000-140000000 ---p 00000000 00:00 0 
7f5770000000-7f5770021000 rw-p 00000000 00:00 0 
7f5770021000-7f5774000000 ---p 00000000 00:00 0 
7f5778000000-7f5778021000 rw-p 00000000 00:00 0 
7f5778021000-7f577c000000 ---p 00000000 00:00 0 
7f577c000000-7f577c021000 rw-p 00000000 00:00 0 
7f577c021000-7f5780000000 ---p 00000000 00:00 0 
7f5780000000-7f5780059000 rw-p 00000000 00:00 0 
7f5780059000-7f5784000000 ---p 00000000 00:00 0 
7f5784000000-7f5784021000 rw-p 00000000 00:00 0 
7f5784021000-7f5788000000 ---p 00000000 00:00 0 
7f5788000000-7f5788021000 rw-p 00000000 00:00 0 
7f5788021000-7f578c000000 ---p 00000000 00:00 0 
7f578c000000-7f578c021000 rw-p 00000000 00:00 0 
7f578c021000-7f5790000000 ---p 00000000 00:00 0 
7f5790000000-7f5790871000 rw-p 00000000 00:00 0 
7f5790871000-7f5794000000 ---p 00000000 00:00 0 
7f5794000000-7f5794601000 rw-p 00000000 00:00 0 
7f5794601000-7f5798000000 ---p 00000000 00:00 0 
7f5798000000-7f5798021000 rw-p 00000000 00:00 0 
7f5798021000-7f579c000000 ---p 00000000 00:00 0 
7f579c000000-7f579d1d5000 rw-p 00000000 00:00 0 
7f579d1d5000-7f57a0000000 ---p 00000000 00:00 0 
7f57a0000000-7f57a0021000 rw-p 00000000 00:00 0 
7f57a0021000-7f57a4000000 ---p 00000000 00:00 0 
7f57a4000000-7f57a4021000 rw-p 00000000 00:00 0 
7f57a4021000-7f57a8000000 ---p 00000000 00:00 0 
7f57a8000000-7f57a828b000 rw-p 00000000 00:00 0 
7f57a828b000-7f57ac000000 ---p 00000000 00:00 0 
7f57ae000000-7f57b0000000 rw-p 00000000 00:00 0 
7f57b0000000-7f57b0021000 rw-p 00000000 00:00 0 
7f57b0021000-7f57b4000000 ---p 00000000 00:00 0 
7f57b4000000-7f57b4021000 rw-p 00000000 00:00 0 
7f57b4021000-7f57b8000000 ---p 00000000 00:00 0 
7f57b8000000-7f57b8021000 rw-p 00000000 00:00 0 
7f57b8021000-7f57bc000000 ---p 00000000 00:00 0 
7f57bc000000-7f57bc021000 rw-p 00000000 00:00 0 
7f57bc021000-7f57c0000000 ---p 00000000 00:00 0 
7f57c012a000-7f57c012d000 ---p 00000000 00:00 0 
7f57c012d000-7f57c022b000 rw-p 00000000 00:00 0 
7f57c022b000-7f57c022e000 ---p 00000000 00:00 0 
7f57c022e000-7f57c032c000 rw-p 00000000 00:00 0 
7f57c032c000-7f57c032f000 ---p 00000000 00:00 0 
7f57c032f000-7f57c042d000 rw-p 00000000 00:00 0 
7f57c042d000-7f57c0430000 ---p 00000000 00:00 0 
7f57c0430000-7f57c052e000 rw-p 00000000 00:00 0 
7f57c052e000-7f57c0531000 ---p 00000000 00:00 0 
7f57c0531000-7f57c062f000 rw-p 00000000 00:00 0 
7f57c062f000-7f57c0630000 ---p 00000000 00:00 0 
7f57c0630000-7f57c0730000 rw-p 00000000 00:00 0                          [stack:8503]
7f57c0730000-7f57c0733000 ---p 00000000 00:00 0 
7f57c0733000-7f57c0831000 rw-p 00000000 00:00 0                          [stack:8502]
7f57c0831000-7f57c0834000 ---p 00000000 00:00 0 
7f57c0834000-7f57c0932000 rw-p 00000000 00:00 0                          [stack:8501]
7f57c0932000-7f57c0935000 ---p 00000000 00:00 0 
7f57c0935000-7f57c0a33000 rw-p 00000000 00:00 0                          [stack:8500]
7f57c0a33000-7f57c0a36000 ---p 00000000 00:00 0 
7f57c0a36000-7f57c0b34000 rw-p 00000000 00:00 0                          [stack:8499]
7f57c0b34000-7f57c0b37000 ---p 00000000 00:00 0 
7f57c0b37000-7f57c0c35000 rw-p 00000000 00:00 0                          [stack:8498]
7f57c0c35000-7f57c0eff000 r--p 00000000 08:11 261842                     /usr/lib/locale/locale-archive
7f57c0eff000-7f57c0f02000 ---p 00000000 00:00 0 
7f57c0f02000-7f57c1000000 rw-p 00000000 00:00 0                          [stack:8497]
7f57c1000000-7f57c17f0000 rwxp 00000000 00:00 0 
7f57c17f0000-7f57d0000000 ---p 00000000 00:00 0 
7f57d0000000-7f57d03ad000 rw-p 00000000 00:00 0 
7f57d03ad000-7f57d4000000 ---p 00000000 00:00 0 
7f57d4073000-7f57d4078000 r--s 00096000 08:11 556364                     /usr/lib/jvm/java-8-oracle/jre/lib/jsse.jar
7f57d4078000-7f57d407b000 ---p 00000000 00:00 0 
7f57d407b000-7f57d4179000 rw-p 00000000 00:00 0                          [stack:8496]
7f57d4179000-7f57d417a000 ---p 00000000 00:00 0 
7f57d417a000-7f57d523b000 rw-p 00000000 00:00 0                          [stack:8495]
7f57d523b000-7f57d5414000 r--s 03d20000 08:11 556314                     /usr/lib/jvm/java-8-oracle/jre/lib/rt.jar
7f57d5414000-7f57d5bca000 rw-p 00000000 00:00 0 
7f57d5bca000-7f57d5c8a000 ---p 00000000 00:00 0 
7f57d5c8a000-7f57d5e8a000 rw-p 00000000 00:00 0 
7f57d5e8a000-7f57d5e8b000 ---p 00000000 00:00 0 
7f57d5e8b000-7f57d5f8b000 rw-p 00000000 00:00 0                          [stack:8494]
7f57d5f8b000-7f57d5f8c000 ---p 00000000 00:00 0 
7f57d5f8c000-7f57d608c000 rw-p 00000000 00:00 0                          [stack:8493]
7f57d608c000-7f57d608d000 ---p 00000000 00:00 0 
7f57d608d000-7f57d618d000 rw-p 00000000 00:00 0                          [stack:8492]
7f57d618d000-7f57d618e000 ---p 00000000 00:00 0 
7f57d618e000-7f57d62ad000 rw-p 00000000 00:00 0                          [stack:8491]
7f57d62ad000-7f57d63e4000 ---p 00000000 00:00 0 
7f57d63e4000-7f57d6403000 rw-p 00000000 00:00 0 
7f57d6403000-7f57d6539000 ---p 00000000 00:00 0 
7f57d6539000-7f57d656c000 rw-p 00000000 00:00 0 
7f57d656c000-7f57d65e4000 ---p 00000000 00:00 0 
7f57d65e4000-7f57d6605000 rw-p 00000000 00:00 0 
7f57d6605000-7f57d69a5000 ---p 00000000 00:00 0 
7f57d69a5000-7f57d69bf000 r-xp 00000000 08:11 556514                     /usr/lib/jvm/java-8-oracle/jre/lib/amd64/libzip.so
7f57d69bf000-7f57d6bbf000 ---p 0001a000 08:11 556514                     /usr/lib/jvm/java-8-oracle/jre/lib/amd64/libzip.so
7f57d6bbf000-7f57d6bc0000 rw-p 0001a000 08:11 556514                     /usr/lib/jvm/java-8-oracle/jre/lib/amd64/libzip.so
7f57d6bc0000-7f57d6bcc000 r-xp 00000000 08:11 406785                     /lib/x86_64-linux-gnu/libnss_files-2.21.so
7f57d6bcc000-7f57d6dcb000 ---p 0000c000 08:11 406785                     /lib/x86_64-linux-gnu/libnss_files-2.21.so
7f57d6dcb000-7f57d6dcc000 r--p 0000b000 08:11 406785                     /lib/x86_64-linux-gnu/libnss_files-2.21.so
7f57d6dcc000-7f57d6dcd000 rw-p 0000c000 08:11 406785                     /lib/x86_64-linux-gnu/libnss_files-2.21.so
7f57d6dcd000-7f57d6dd8000 r-xp 00000000 08:11 406772                     /lib/x86_64-linux-gnu/libnss_nis-2.21.so
7f57d6dd8000-7f57d6fd7000 ---p 0000b000 08:11 406772                     /lib/x86_64-linux-gnu/libnss_nis-2.21.so
7f57d6fd7000-7f57d6fd8000 r--p 0000a000 08:11 406772                     /lib/x86_64-linux-gnu/libnss_nis-2.21.so
7f57d6fd8000-7f57d6fd9000 rw-p 0000b000 08:11 406772                     /lib/x86_64-linux-gnu/libnss_nis-2.21.so
7f57d6fd9000-7f57d6ff0000 r-xp 00000000 08:11 406791                     /lib/x86_64-linux-gnu/libnsl-2.21.so
7f57d6ff0000-7f57d71ef000 ---p 00017000 08:11 406791                     /lib/x86_64-linux-gnu/libnsl-2.21.so
7f57d71ef000-7f57d71f0000 r--p 00016000 08:11 406791                     /lib/x86_64-linux-gnu/libnsl-2.21.so
7f57d71f0000-7f57d71f1000 rw-p 00017000 08:11 406791                     /lib/x86_64-linux-gnu/libnsl-2.21.so
7f57d71f1000-7f57d71f3000 rw-p 00000000 00:00 0 
7f57d71f3000-7f57d71fb000 r-xp 00000000 08:11 406787                     /lib/x86_64-linux-gnu/libnss_compat-2.21.so
7f57d71fb000-7f57d73fa000 ---p 00008000 08:11 406787                     /lib/x86_64-linux-gnu/libnss_compat-2.21.so
7f57d73fa000-7f57d73fb000 r--p 00007000 08:11 406787                     /lib/x86_64-linux-gnu/libnss_compat-2.21.so
7f57d73fb000-7f57d73fc000 rw-p 00008000 08:11 406787                     /lib/x86_64-linux-gnu/libnss_compat-2.21.so
7f57d73fc000-7f57d7426000 r-xp 00000000 08:11 556509                     /usr/lib/jvm/java-8-oracle/jre/lib/amd64/libjava.so
7f57d7426000-7f57d7626000 ---p 0002a000 08:11 556509                     /usr/lib/jvm/java-8-oracle/jre/lib/amd64/libjava.so
7f57d7626000-7f57d7628000 rw-p 0002a000 08:11 556509                     /usr/lib/jvm/java-8-oracle/jre/lib/amd64/libjava.so
7f57d7628000-7f57d7635000 r-xp 00000000 08:11 556513                     /usr/lib/jvm/java-8-oracle/jre/lib/amd64/libverify.so
7f57d7635000-7f57d7835000 ---p 0000d000 08:11 556513                     /usr/lib/jvm/java-8-oracle/jre/lib/amd64/libverify.so
7f57d7835000-7f57d7837000 rw-p 0000d000 08:11 556513                     /usr/lib/jvm/java-8-oracle/jre/lib/amd64/libverify.so
7f57d7837000-7f57d783e000 r-xp 00000000 08:11 406792                     /lib/x86_64-linux-gnu/librt-2.21.so
7f57d783e000-7f57d7a3d000 ---p 00007000 08:11 406792                     /lib/x86_64-linux-gnu/librt-2.21.so
7f57d7a3d000-7f57d7a3e000 r--p 00006000 08:11 406792                     /lib/x86_64-linux-gnu/librt-2.21.so
7f57d7a3e000-7f57d7a3f000 rw-p 00007000 08:11 406792                     /lib/x86_64-linux-gnu/librt-2.21.so
7f57d7a3f000-7f57d7b46000 r-xp 00000000 08:11 406790                     /lib/x86_64-linux-gnu/libm-2.21.so
7f57d7b46000-7f57d7d45000 ---p 00107000 08:11 406790                     /lib/x86_64-linux-gnu/libm-2.21.so
7f57d7d45000-7f57d7d46000 r--p 00106000 08:11 406790                     /lib/x86_64-linux-gnu/libm-2.21.so
7f57d7d46000-7f57d7d47000 rw-p 00107000 08:11 406790                     /lib/x86_64-linux-gnu/libm-2.21.so
7f57d7d47000-7f57d8a05000 r-xp 00000000 08:11 556492                     /usr/lib/jvm/java-8-oracle/jre/lib/amd64/server/libjvm.so
7f57d8a05000-7f57d8c04000 ---p 00cbe000 08:11 556492                     /usr/lib/jvm/java-8-oracle/jre/lib/amd64/server/libjvm.so
7f57d8c04000-7f57d8cdd000 rw-p 00cbd000 08:11 556492                     /usr/lib/jvm/java-8-oracle/jre/lib/amd64/server/libjvm.so
7f57d8cdd000-7f57d8d21000 rw-p 00000000 00:00 0 
7f57d8d21000-7f57d8ee1000 r-xp 00000000 08:11 406795                     /lib/x86_64-linux-gnu/libc-2.21.so
7f57d8ee1000-7f57d90e1000 ---p 001c0000 08:11 406795                     /lib/x86_64-linux-gnu/libc-2.21.so
7f57d90e1000-7f57d90e5000 r--p 001c0000 08:11 406795                     /lib/x86_64-linux-gnu/libc-2.21.so
7f57d90e5000-7f57d90e7000 rw-p 001c4000 08:11 406795                     /lib/x86_64-linux-gnu/libc-2.21.so
7f57d90e7000-7f57d90eb000 rw-p 00000000 00:00 0 
7f57d90eb000-7f57d90ee000 r-xp 00000000 08:11 406778                     /lib/x86_64-linux-gnu/libdl-2.21.so
7f57d90ee000-7f57d92ed000 ---p 00003000 08:11 406778                     /lib/x86_64-linux-gnu/libdl-2.21.so
7f57d92ed000-7f57d92ee000 r--p 00002000 08:11 406778                     /lib/x86_64-linux-gnu/libdl-2.21.so
7f57d92ee000-7f57d92ef000 rw-p 00003000 08:11 406778                     /lib/x86_64-linux-gnu/libdl-2.21.so
7f57d92ef000-7f57d9304000 r-xp 00000000 08:11 556192                     /usr/lib/jvm/java-8-oracle/lib/amd64/jli/libjli.so
7f57d9304000-7f57d9504000 ---p 00015000 08:11 556192                     /usr/lib/jvm/java-8-oracle/lib/amd64/jli/libjli.so
7f57d9504000-7f57d9505000 rw-p 00015000 08:11 556192                     /usr/lib/jvm/java-8-oracle/lib/amd64/jli/libjli.so
7f57d9505000-7f57d951d000 r-xp 00000000 08:11 406782                     /lib/x86_64-linux-gnu/libpthread-2.21.so
7f57d951d000-7f57d971d000 ---p 00018000 08:11 406782                     /lib/x86_64-linux-gnu/libpthread-2.21.so
7f57d971d000-7f57d971e000 r--p 00018000 08:11 406782                     /lib/x86_64-linux-gnu/libpthread-2.21.so
7f57d971e000-7f57d971f000 rw-p 00019000 08:11 406782                     /lib/x86_64-linux-gnu/libpthread-2.21.so
7f57d971f000-7f57d9723000 rw-p 00000000 00:00 0 
7f57d9723000-7f57d9747000 r-xp 00000000 08:11 406781                     /lib/x86_64-linux-gnu/ld-2.21.so
7f57d9749000-7f57d9822000 rw-p 00000000 00:00 0 
7f57d9822000-7f57d9825000 ---p 00000000 00:00 0 
7f57d9825000-7f57d9927000 rw-p 00000000 00:00 0                          [stack:8490]
7f57d992a000-7f57d992b000 rw-p 00000000 00:00 0 
7f57d992b000-7f57d993a000 r--s 000df000 08:01 16387229                   /home/gilmar/Android/Sdk/build-tools/23.0.2/lib/dx.jar
7f57d993a000-7f57d9942000 rw-s 00000000 08:11 131181                     /tmp/hsperfdata_gilmar/8485
7f57d9942000-7f57d9943000 rw-p 00000000 00:00 0 
7f57d9943000-7f57d9944000 ---p 00000000 00:00 0 
7f57d9944000-7f57d9946000 rw-p 00000000 00:00 0 
7f57d9946000-7f57d9947000 r--p 00023000 08:11 406781                     /lib/x86_64-linux-gnu/ld-2.21.so
7f57d9947000-7f57d9948000 rw-p 00024000 08:11 406781                     /lib/x86_64-linux-gnu/ld-2.21.so
7f57d9948000-7f57d9949000 rw-p 00000000 00:00 0 
7ffdeff64000-7ffdeff86000 rw-p 00000000 00:00 0                          [stack]
7ffdeffbd000-7ffdeffbf000 r--p 00000000 00:00 0                          [vvar]
7ffdeffbf000-7ffdeffc1000 r-xp 00000000 00:00 0                          [vdso]
ffffffffff600000-ffffffffff601000 r-xp 00000000 00:00 0                  [vsyscall]

VM Arguments:
jvm_args: -Xmx1024M -Dfile.encoding=UTF-8 -Duser.country=BR -Duser.language=pt -Duser.variant 
java_command: com.android.dx.command.Main --dex --num-threads=4 --output /home/gilmar/AndroidStudioProjects/Multicon/Myclass/app/build/intermediates/dex/debug /home/gilmar/AndroidStudioProjects/Multicon/Myclass/app/build/intermediates/classes/debug /home/gilmar/AndroidStudioProjects/Multicon/Myclass/app/build/intermediates/pre-dexed/debug/support-annotations-23.1.1-e825b7bde6ceca9619a87eb98f46015460565020.jar /home/gilmar/AndroidStudioProjects/Multicon/Myclass/app/build/intermediates/pre-dexed/debug/classes-77c441e5631b17ebc7dc1afe80cde176264dad34.jar /home/gilmar/AndroidStudioProjects/Multicon/Myclass/app/build/intermediates/pre-dexed/debug/classes-66bb7466597893fc77265eeb82e5fe98fcb55fd0.jar /home/gilmar/AndroidStudioProjects/Multicon/Myclass/app/build/intermediates/pre-dexed/debug/classes-12ceee007a04356e41297918c764ace76458abd2.jar /home/gilmar/AndroidStudioProjects/Multicon/Myclass/app/build/intermediates/pre-dexed/debug/classes-efe640b6b9e6bb379f622a95fa6c418b81d3326e.jar /home/gilmar/AndroidStudioProjects/Multicon/Myclass/app/build/intermediates/pre-dexed/debug/classes-270ff35149368ff9244f2bcf45834e502330554e.jar /home/gilmar/AndroidStudioProjects/Multicon/Myclass/app/build/intermediates/pre-dexed/debug/picasso-2.5.2-e3864202a712ffb4c6ebfbffcc84211cea657605.jar /home/gilmar/AndroidStudioProjects/Multicon/Myclass/app/build/intermediates/pre-dexed/debug/classes-f54e5249c05b800819afb234eabe925b2d203b63.jar /home/gilmar/AndroidStudioProjects/Multicon/Myclass/app/build/intermediates/pre-dexed/debug/classes-21e4d7c748a5ce74c0fd917f5c8172dde4fb2dff.jar /home/gilmar/AndroidStudioProjects/Multicon/Myclass/app/build/intermediates/pre-dexed/debug/classes-05d72c2a3aa5035337064fbf6c524513b66703d8.jar /home/gilmar/AndroidStudioProjects/Multicon/Myclass/app/build/intermediates/pre-dexed/debug/classes-f168515cc9f9d44536bb64c18c8dce12e473df98.jar /home/gilmar/AndroidStudioProjects/Multicon/Myclass/app/build/intermediates/pre-dexed/debug/internal_impl-23.1.1-8d626a953cbdf234
java_class_path (initial): /home/gilmar/Android/Sdk/build-tools/23.0.2/lib/dx.jar
Launcher Type: SUN_STANDARD

Environment Variables:
JAVA_HOME=/path/to/jdk
PATH=/opt/apache-maven-3.3.3/bin:/usr/local/sbin:/usr/local/bin:/usr/sbin:/usr/bin:/sbin:/bin:/usr/games:/usr/local/games" JAVA_HOME=/usr/lib/jvm/java-7-oracle
USERNAME=gilmar
LD_LIBRARY_PATH=/opt/android-studio/bin/.:
SHELL=/bin/bash
DISPLAY=:1

Signal Handlers:
SIGSEGV: [libjvm.so+0xaba2a0], sa_mask[0]=11111111011111111101111111111110, sa_flags=SA_RESTART|SA_SIGINFO
SIGBUS: [libjvm.so+0xaba2a0], sa_mask[0]=11111111011111111101111111111110, sa_flags=SA_RESTART|SA_SIGINFO
SIGFPE: [libjvm.so+0x917710], sa_mask[0]=11111111011111111101111111111110, sa_flags=SA_RESTART|SA_SIGINFO
SIGPIPE: [libjvm.so+0x917710], sa_mask[0]=11111111011111111101111111111110, sa_flags=SA_RESTART|SA_SIGINFO
SIGXFSZ: [libjvm.so+0x917710], sa_mask[0]=11111111011111111101111111111110, sa_flags=SA_RESTART|SA_SIGINFO
SIGILL: [libjvm.so+0x917710], sa_mask[0]=11111111011111111101111111111110, sa_flags=SA_RESTART|SA_SIGINFO
SIGUSR1: SIG_DFL, sa_mask[0]=00000000000000000000000000000000, sa_flags=none
SIGUSR2: [libjvm.so+0x918d40], sa_mask[0]=00100000000000000000000000000000, sa_flags=SA_RESTART|SA_SIGINFO
SIGHUP: [libjvm.so+0x91a140], sa_mask[0]=11111111011111111101111111111110, sa_flags=SA_RESTART|SA_SIGINFO
SIGINT: [libjvm.so+0x91a140], sa_mask[0]=11111111011111111101111111111110, sa_flags=SA_RESTART|SA_SIGINFO
SIGTERM: [libjvm.so+0x91a140], sa_mask[0]=11111111011111111101111111111110, sa_flags=SA_RESTART|SA_SIGINFO
SIGQUIT: [libjvm.so+0x91a140], sa_mask[0]=11111111011111111101111111111110, sa_flags=SA_RESTART|SA_SIGINFO


---------------  S Y S T E M  ---------------

OS:DISTRIB_ID=Ubuntu
DISTRIB_RELEASE=15.10
DISTRIB_CODENAME=wily
DISTRIB_DESCRIPTION="Ubuntu 15.10"

uname:Linux 4.2.0-19-generic #23-Ubuntu SMP Wed Nov 11 11:39:30 UTC 2015 x86_64
libc:glibc 2.21 NPTL 2.21 
rlimit: STACK 8192k, CORE 0k, NPROC 23203, NOFILE 65536, AS infinity
load average:2,36 1,50 1,71

/proc/meminfo:
MemTotal:        5974904 kB
MemFree:           41492 kB
MemAvailable:     154464 kB
Buffers:           18440 kB
Cached:           881364 kB
SwapCached:            0 kB
Active:          4267108 kB
Inactive:         687420 kB
Active(anon):    4220680 kB
Inactive(anon):   643392 kB
Active(file):      46428 kB
Inactive(file):    44028 kB
Unevictable:           0 kB
Mlocked:               0 kB
SwapTotal:             0 kB
SwapFree:              0 kB
Dirty:             13080 kB
Writeback:             0 kB
AnonPages:       4054408 kB
Mapped:          1032292 kB
Shmem:            809532 kB
Slab:             106680 kB
SReclaimable:      58828 kB
SUnreclaim:        47852 kB
KernelStack:       12624 kB
PageTables:        47308 kB
NFS_Unstable:          0 kB
Bounce:                0 kB
WritebackTmp:          0 kB
CommitLimit:     2987452 kB
Committed_AS:    9974388 kB
VmallocTotal:   34359738367 kB
VmallocUsed:      369228 kB
VmallocChunk:   34358947836 kB
HardwareCorrupted:     0 kB
AnonHugePages:   1863680 kB
CmaTotal:              0 kB
CmaFree:               0 kB
HugePages_Total:       0
HugePages_Free:        0
HugePages_Rsvd:        0
HugePages_Surp:        0
Hugepagesize:       2048 kB
DirectMap4k:      142224 kB
DirectMap2M:     6012928 kB


CPU:total 4 (2 cores per cpu, 2 threads per core) family 6 model 58 stepping 9, cmov, cx8, fxsr, mmx, sse, sse2, sse3, ssse3, sse4.1, sse4.2, popcnt, avx, aes, clmul, erms, ht, tsc, tscinvbit, tscinv

/proc/cpuinfo:
processor	: 0
vendor_id	: GenuineIntel
cpu family	: 6
model		: 58
model name	: Intel(R) Core(TM) i5-3337U CPU @ 1.80GHz
stepping	: 9
microcode	: 0x17
cpu MHz		: 1267.664
cache size	: 3072 KB
physical id	: 0
siblings	: 4
core id		: 0
cpu cores	: 2
apicid		: 0
initial apicid	: 0
fpu		: yes
fpu_exception	: yes
cpuid level	: 13
wp		: yes
flags		: fpu vme de pse tsc msr pae mce cx8 apic sep mtrr pge mca cmov pat pse36 clflush dts acpi mmx fxsr sse sse2 ss ht tm pbe syscall nx rdtscp lm constant_tsc arch_perfmon pebs bts rep_good nopl xtopology nonstop_tsc aperfmperf eagerfpu pni pclmulqdq dtes64 monitor ds_cpl vmx est tm2 ssse3 cx16 xtpr pdcm pcid sse4_1 sse4_2 x2apic popcnt tsc_deadline_timer aes xsave avx f16c rdrand lahf_lm ida arat epb pln pts dtherm tpr_shadow vnmi flexpriority ept vpid fsgsbase smep erms xsaveopt
bugs		:
bogomips	: 3591.67
clflush size	: 64
cache_alignment	: 64
address sizes	: 36 bits physical, 48 bits virtual
power management:

processor	: 1
vendor_id	: GenuineIntel
cpu family	: 6
model		: 58
model name	: Intel(R) Core(TM) i5-3337U CPU @ 1.80GHz
stepping	: 9
microcode	: 0x17
cpu MHz		: 2126.250
cache size	: 3072 KB
physical id	: 0
siblings	: 4
core id		: 1
cpu cores	: 2
apicid		: 2
initial apicid	: 2
fpu		: yes
fpu_exception	: yes
cpuid level	: 13
wp		: yes
flags		: fpu vme de pse tsc msr pae mce cx8 apic sep mtrr pge mca cmov pat pse36 clflush dts acpi mmx fxsr sse sse2 ss ht tm pbe syscall nx rdtscp lm constant_tsc arch_perfmon pebs bts rep_good nopl xtopology nonstop_tsc aperfmperf eagerfpu pni pclmulqdq dtes64 monitor ds_cpl vmx est tm2 ssse3 cx16 xtpr pdcm pcid sse4_1 sse4_2 x2apic popcnt tsc_deadline_timer aes xsave avx f16c rdrand lahf_lm ida arat epb pln pts dtherm tpr_shadow vnmi flexpriority ept vpid fsgsbase smep erms xsaveopt
bugs		:
bogomips	: 3591.67
clflush size	: 64
cache_alignment	: 64
address sizes	: 36 bits physical, 48 bits virtual
power management:

processor	: 2
vendor_id	: GenuineIntel
cpu family	: 6
model		: 58
model name	: Intel(R) Core(TM) i5-3337U CPU @ 1.80GHz
stepping	: 9
microcode	: 0x17
cpu MHz		: 1027.476
cache size	: 3072 KB
physical id	: 0
siblings	: 4
core id		: 0
cpu cores	: 2
apicid		: 1
initial apicid	: 1
fpu		: yes
fpu_exception	: yes
cpuid level	: 13
wp		: yes
flags		: fpu vme de pse tsc msr pae mce cx8 apic sep mtrr pge mca cmov pat pse36 clflush dts acpi mmx fxsr sse sse2 ss ht tm pbe syscall nx rdtscp lm constant_tsc arch_perfmon pebs bts rep_good nopl xtopology nonstop_tsc aperfmperf eagerfpu pni pclmulqdq dtes64 monitor ds_cpl vmx est tm2 ssse3 cx16 xtpr pdcm pcid sse4_1 sse4_2 x2apic popcnt tsc_deadline_timer aes xsave avx f16c rdrand lahf_lm ida arat epb pln pts dtherm tpr_shadow vnmi flexpriority ept vpid fsgsbase smep erms xsaveopt
bugs		:
bogomips	: 3591.67
clflush size	: 64
cache_alignment	: 64
address sizes	: 36 bits physical, 48 bits virtual
power management:

processor	: 3
vendor_id	: GenuineIntel
cpu family	: 6
model		: 58
model name	: Intel(R) Core(TM) i5-3337U CPU @ 1.80GHz
stepping	: 9
microcode	: 0x17
cpu MHz		: 1905.960
cache size	: 3072 KB
physical id	: 0
siblings	: 4
core id		: 1
cpu cores	: 2
apicid		: 3
initial apicid	: 3
fpu		: yes
fpu_exception	: yes
cpuid level	: 13
wp		: yes
flags		: fpu vme de pse tsc msr pae mce cx8 apic sep mtrr pge mca cmov pat pse36 clflush dts acpi mmx fxsr sse sse2 ss ht tm pbe syscall nx rdtscp lm constant_tsc arch_perfmon pebs bts rep_good nopl xtopology nonstop_tsc aperfmperf eagerfpu pni pclmulqdq dtes64 monitor ds_cpl vmx est tm2 ssse3 cx16 xtpr pdcm pcid sse4_1 sse4_2 x2apic popcnt tsc_deadline_timer aes xsave avx f16c rdrand lahf_lm ida arat epb pln pts dtherm tpr_shadow vnmi flexpriority ept vpid fsgsbase smep erms xsaveopt
bugs		:
bogomips	: 3591.67
clflush size	: 64
cache_alignment	: 64
address sizes	: 36 bits physical, 48 bits virtual
power management:



Memory: 4k page, physical 5974904k(41492k free), swap 0k(0k free)

vm_info: Java HotSpot(TM) 64-Bit Server VM (25.66-b17) for linux-amd64 JRE (1.8.0_66-b17), built on Oct  6 2015 17:28:34 by "java_re" with gcc 4.3.0 20080428 (Red Hat 4.3.0-8)

time: Fri Dec 11 10:10:02 2015
elapsed time: 4 seconds (0d 0h 0m 4s)

