#
# There is insufficient memory for the Java Runtime Environment to continue.
# Native memory allocation (mmap) failed to map 120061952 bytes for committing reserved memory.
# Possible reasons:
#   The system is out of physical RAM or swap space
#   In 32 bit mode, the process size limit was hit
# Possible solutions:
#   Reduce memory load on the system
#   Increase physical memory or swap space
#   Check if swap backing store is full
#   Use 64 bit Java on a 64 bit OS
#   Decrease Java heap size (-Xmx/-Xms)
#   Decrease number of Java threads
#   Decrease Java thread stack sizes (-Xss)
#   Set larger code cache with -XX:ReservedCodeCacheSize=
# This output file may be truncated or incomplete.
#
#  Out of Memory Error (os_linux.cpp:2627), pid=7360, tid=140589708318464
#
# JRE version: Java(TM) SE Runtime Environment (8.0_66-b17) (build 1.8.0_66-b17)
# Java VM: Java HotSpot(TM) 64-Bit Server VM (25.66-b17 mixed mode linux-amd64 compressed oops)
# Failed to write core dump. Core dumps have been disabled. To enable core dumping, try "ulimit -c unlimited" before starting Java again
#

---------------  T H R E A D  ---------------

Current thread (0x00007fddac078000):  VMThread [stack: 0x00007fdd978f9000,0x00007fdd979fa000] [id=7370]

Stack: [0x00007fdd978f9000,0x00007fdd979fa000],  sp=0x00007fdd979f81a0,  free space=1020k
Native frames: (J=compiled Java code, j=interpreted, Vv=VM code, C=native code)
V  [libjvm.so+0xab9a1a]  VMError::report_and_die()+0x2ba
V  [libjvm.so+0x4f9e0b]  report_vm_out_of_memory(char const*, int, unsigned long, VMErrorType, char const*)+0x8b
V  [libjvm.so+0x91a8a3]  os::Linux::commit_memory_impl(char*, unsigned long, bool)+0x103
V  [libjvm.so+0x91adf9]  os::pd_commit_memory(char*, unsigned long, unsigned long, bool)+0x29
V  [libjvm.so+0x91510a]  os::commit_memory(char*, unsigned long, unsigned long, bool)+0x2a
V  [libjvm.so+0x9887a3]  PSVirtualSpace::expand_by(unsigned long)+0x53
V  [libjvm.so+0x979090]  PSOldGen::expand(unsigned long)+0x170
V  [libjvm.so+0x97929b]  PSOldGen::resize(unsigned long)+0x1cb
V  [libjvm.so+0x980f71]  PSParallelCompact::invoke_no_policy(bool)+0x991
V  [libjvm.so+0x9868cd]  PSScavenge::invoke()+0x1ad
V  [libjvm.so+0x93e500]  ParallelScavengeHeap::failed_mem_allocate(unsigned long)+0x70
V  [libjvm.so+0xabb437]  VM_ParallelGCFailedAllocation::doit()+0x97
V  [libjvm.so+0xac2e65]  VM_Operation::evaluate()+0x55
V  [libjvm.so+0xac123a]  VMThread::evaluate_operation(VM_Operation*)+0xba
V  [libjvm.so+0xac15be]  VMThread::loop()+0x1ce
V  [libjvm.so+0xac1a30]  VMThread::run()+0x70
V  [libjvm.so+0x91cc68]  java_start(Thread*)+0x108

VM_Operation (0x00007fdd96b21db0): ParallelGCFailedAllocation, mode: safepoint, requested by thread 0x00007fddac19c000


---------------  P R O C E S S  ---------------

Java Threads: ( => current thread )
  0x00007fddac19e000 JavaThread "pool-2-thread-4" [_thread_blocked, id=7384, stack(0x00007fdd96922000,0x00007fdd96a23000)]
  0x00007fddac19c000 JavaThread "pool-2-thread-3" [_thread_blocked, id=7383, stack(0x00007fdd96a23000,0x00007fdd96b24000)]
  0x00007fddac19a000 JavaThread "pool-2-thread-2" [_thread_blocked, id=7382, stack(0x00007fdd96b24000,0x00007fdd96c25000)]
  0x00007fddac199000 JavaThread "pool-3-thread-1" [_thread_blocked, id=7381, stack(0x00007fdd96c25000,0x00007fdd96d26000)]
  0x00007fddac196800 JavaThread "pool-2-thread-1" [_thread_blocked, id=7380, stack(0x00007fdd96d26000,0x00007fdd96e27000)]
  0x00007fddac0c2800 JavaThread "Service Thread" daemon [_thread_blocked, id=7377, stack(0x00007fdd96f28000,0x00007fdd97029000)]
  0x00007fddac0bd800 JavaThread "C1 CompilerThread2" daemon [_thread_blocked, id=7376, stack(0x00007fdd97029000,0x00007fdd9712a000)]
  0x00007fddac0bc000 JavaThread "C2 CompilerThread1" daemon [_thread_blocked, id=7375, stack(0x00007fdd9712a000,0x00007fdd9722b000)]
  0x00007fddac0b9000 JavaThread "C2 CompilerThread0" daemon [_thread_blocked, id=7374, stack(0x00007fdd9722b000,0x00007fdd9732c000)]
  0x00007fddac0b7800 JavaThread "Signal Dispatcher" daemon [_thread_blocked, id=7373, stack(0x00007fdd9732c000,0x00007fdd9742d000)]
  0x00007fddac07f800 JavaThread "Finalizer" daemon [_thread_blocked, id=7372, stack(0x00007fdd976f7000,0x00007fdd977f8000)]
  0x00007fddac07d000 JavaThread "Reference Handler" daemon [_thread_blocked, id=7371, stack(0x00007fdd977f8000,0x00007fdd978f9000)]
  0x00007fddac00a000 JavaThread "main" [_thread_blocked, id=7365, stack(0x00007fddb5084000,0x00007fddb5185000)]

Other Threads:
=>0x00007fddac078000 VMThread [stack: 0x00007fdd978f9000,0x00007fdd979fa000] [id=7370]
  0x00007fddac0c5800 WatcherThread [stack: 0x00007fdd96e27000,0x00007fdd96f28000] [id=7378]

VM state:at safepoint (normal execution)

VM Mutex/Monitor currently owned by a thread:  ([mutex/lock_event])
[0x00007fddac005da0] ExpandHeap_lock - owner thread: 0x00007fddac078000
[0x00007fddac006420] Threads_lock - owner thread: 0x00007fddac078000
[0x00007fddac006920] Heap_lock - owner thread: 0x00007fddac19c000

Heap:
 PSYoungGen      total 457216K, used 38159K [0x000000076ab00000, 0x0000000791880000, 0x00000007c0000000)
  eden space 386048K, 0% used [0x000000076ab00000,0x000000076ab00000,0x0000000782400000)
  from space 71168K, 53% used [0x0000000782400000,0x0000000784943fa8,0x0000000786980000)
  to   space 79360K, 0% used [0x000000078cb00000,0x000000078cb00000,0x0000000791880000)
 ParOldGen       total 198144K, used 197638K [0x00000006c0000000, 0x00000006cc180000, 0x000000076ab00000)
  object space 198144K, 99% used [0x00000006c0000000,0x00000006cc101b78,0x00000006cc180000)
 Metaspace       used 6550K, capacity 7320K, committed 7680K, reserved 1056768K
  class space    used 613K, capacity 656K, committed 768K, reserved 1048576K

Card table byte_map: [0x00007fddb1646000,0x00007fddb1e47000] byte_map_base: 0x00007fddae046000

Marking Bits: (ParMarkBitMap*) 0x00007fddb4558020
 Begin Bits: [0x00007fdd80000000, 0x00007fdd84000000)
 End Bits:   [0x00007fdd84000000, 0x00007fdd88000000)

Polling page: 0x00007fddb51a5000

CodeCache: size=245760Kb used=11031Kb max_used=11031Kb free=234728Kb
 bounds [0x00007fdd9d000000, 0x00007fdd9dad0000, 0x00007fddac000000]
 total_blobs=2679 nmethods=2410 adapters=182
 compilation: enabled

Compilation events (10 events):
Event: 11,366 Thread 0x00007fddac0bd800 2637       2       java.util.HashMap::replacementTreeNode (21 bytes)
Event: 11,367 Thread 0x00007fddac0bd800 nmethod 2637 0x00007fdd9da95250 code [0x00007fdd9da953c0, 0x00007fdd9da955f0]
Event: 11,367 Thread 0x00007fddac0bd800 2638       2       com.android.dx.ssa.SsaBasicBlock::checkRegUsed (39 bytes)
Event: 11,367 Thread 0x00007fddac0bd800 nmethod 2638 0x00007fdd9daca010 code [0x00007fdd9daca1a0, 0x00007fdd9daca3d8]
Event: 11,379 Thread 0x00007fddac0bd800 2639       3       java.util.HashMap$TreeNode::find (172 bytes)
Event: 11,380 Thread 0x00007fddac0bd800 nmethod 2639 0x00007fdd9daca590 code [0x00007fdd9daca780, 0x00007fdd9dacb298]
Event: 11,387 Thread 0x00007fddac0bd800 2640       2       sun.reflect.generics.reflectiveObjects.ParameterizedTypeImpl::getRawType (5 bytes)
Event: 11,387 Thread 0x00007fddac0bd800 nmethod 2640 0x00007fdd9daac9d0 code [0x00007fdd9daacb20, 0x00007fdd9daacc70]
Event: 11,387 Thread 0x00007fddac0bd800 2641       2       sun.reflect.generics.reflectiveObjects.ParameterizedTypeImpl::getActualTypeArguments (11 bytes)
Event: 11,387 Thread 0x00007fddac0bd800 nmethod 2641 0x00007fdd9da15e90 code [0x00007fdd9da16000, 0x00007fdd9da161c8]

GC Heap History (10 events):
Event: 5,846 GC heap after
Heap after GC invocations=9 (full 1):
 PSYoungGen      total 321536K, used 23926K [0x000000076ab00000, 0x0000000785880000, 0x00000007c0000000)
  eden space 297472K, 0% used [0x000000076ab00000,0x000000076ab00000,0x000000077cd80000)
  from space 24064K, 99% used [0x0000000784100000,0x000000078585d928,0x0000000785880000)
  to   space 39424K, 0% used [0x0000000780b80000,0x0000000780b80000,0x0000000783200000)
 ParOldGen       total 116736K, used 62570K [0x00000006c0000000, 0x00000006c7200000, 0x000000076ab00000)
  object space 116736K, 53% used [0x00000006c0000000,0x00000006c3d1a8a8,0x00000006c7200000)
 Metaspace       used 6479K, capacity 7256K, committed 7424K, reserved 1056768K
  class space    used 613K, capacity 656K, committed 768K, reserved 1048576K
}
Event: 7,225 GC heap before
{Heap before GC invocations=10 (full 1):
 PSYoungGen      total 321536K, used 321398K [0x000000076ab00000, 0x0000000785880000, 0x00000007c0000000)
  eden space 297472K, 100% used [0x000000076ab00000,0x000000077cd80000,0x000000077cd80000)
  from space 24064K, 99% used [0x0000000784100000,0x000000078585d928,0x0000000785880000)
  to   space 39424K, 0% used [0x0000000780b80000,0x0000000780b80000,0x0000000783200000)
 ParOldGen       total 116736K, used 62582K [0x00000006c0000000, 0x00000006c7200000, 0x000000076ab00000)
  object space 116736K, 53% used [0x00000006c0000000,0x00000006c3d1d938,0x00000006c7200000)
 Metaspace       used 6526K, capacity 7320K, committed 7680K, reserved 1056768K
  class space    used 613K, capacity 656K, committed 768K, reserved 1048576K
Event: 7,377 GC heap after
Heap after GC invocations=10 (full 1):
 PSYoungGen      total 400384K, used 39415K [0x000000076ab00000, 0x000000078a280000, 0x00000007c0000000)
  eden space 360960K, 0% used [0x000000076ab00000,0x000000076ab00000,0x0000000780b80000)
  from space 39424K, 99% used [0x0000000780b80000,0x00000007831fdea0,0x0000000783200000)
  to   space 58368K, 0% used [0x0000000786980000,0x0000000786980000,0x000000078a280000)
 ParOldGen       total 116736K, used 91538K [0x00000006c0000000, 0x00000006c7200000, 0x000000076ab00000)
  object space 116736K, 78% used [0x00000006c0000000,0x00000006c5964918,0x00000006c7200000)
 Metaspace       used 6526K, capacity 7320K, committed 7680K, reserved 1056768K
  class space    used 613K, capacity 656K, committed 768K, reserved 1048576K
}
Event: 7,377 GC heap before
{Heap before GC invocations=11 (full 2):
 PSYoungGen      total 400384K, used 39415K [0x000000076ab00000, 0x000000078a280000, 0x00000007c0000000)
  eden space 360960K, 0% used [0x000000076ab00000,0x000000076ab00000,0x0000000780b80000)
  from space 39424K, 99% used [0x0000000780b80000,0x00000007831fdea0,0x0000000783200000)
  to   space 58368K, 0% used [0x0000000786980000,0x0000000786980000,0x000000078a280000)
 ParOldGen       total 116736K, used 91538K [0x00000006c0000000, 0x00000006c7200000, 0x000000076ab00000)
  object space 116736K, 78% used [0x00000006c0000000,0x00000006c5964918,0x00000006c7200000)
 Metaspace       used 6526K, capacity 7320K, committed 7680K, reserved 1056768K
  class space    used 613K, capacity 656K, committed 768K, reserved 1048576K
Event: 8,085 GC heap after
Heap after GC invocations=11 (full 2):
 PSYoungGen      total 400384K, used 11204K [0x000000076ab00000, 0x000000078a280000, 0x00000007c0000000)
  eden space 360960K, 0% used [0x000000076ab00000,0x000000076ab00000,0x0000000780b80000)
  from space 39424K, 28% used [0x0000000780b80000,0x0000000781671188,0x0000000783200000)
  to   space 58368K, 0% used [0x0000000786980000,0x0000000786980000,0x000000078a280000)
 ParOldGen       total 198144K, used 116259K [0x00000006c0000000, 0x00000006cc180000, 0x000000076ab00000)
  object space 198144K, 58% used [0x00000006c0000000,0x00000006c7188fd8,0x00000006cc180000)
 Metaspace       used 6526K, capacity 7320K, committed 7680K, reserved 1056768K
  class space    used 613K, capacity 656K, committed 768K, reserved 1048576K
}
Event: 9,511 GC heap before
{Heap before GC invocations=12 (full 2):
 PSYoungGen      total 400384K, used 372164K [0x000000076ab00000, 0x000000078a280000, 0x00000007c0000000)
  eden space 360960K, 100% used [0x000000076ab00000,0x0000000780b80000,0x0000000780b80000)
  from space 39424K, 28% used [0x0000000780b80000,0x0000000781671188,0x0000000783200000)
  to   space 58368K, 0% used [0x0000000786980000,0x0000000786980000,0x000000078a280000)
 ParOldGen       total 198144K, used 116262K [0x00000006c0000000, 0x00000006cc180000, 0x000000076ab00000)
  object space 198144K, 58% used [0x00000006c0000000,0x00000006c71898c0,0x00000006cc180000)
 Metaspace       used 6537K, capacity 7320K, committed 7680K, reserved 1056768K
  class space    used 613K, capacity 656K, committed 768K, reserved 1048576K
Event: 9,701 GC heap after
Heap after GC invocations=12 (full 2):
 PSYoungGen      total 444416K, used 58362K [0x000000076ab00000, 0x000000078e800000, 0x00000007c0000000)
  eden space 386048K, 0% used [0x000000076ab00000,0x000000076ab00000,0x0000000782400000)
  from space 58368K, 99% used [0x0000000786980000,0x000000078a27ea70,0x000000078a280000)
  to   space 71168K, 0% used [0x0000000782400000,0x0000000782400000,0x0000000786980000)
 ParOldGen       total 198144K, used 123127K [0x00000006c0000000, 0x00000006cc180000, 0x000000076ab00000)
  object space 198144K, 62% used [0x00000006c0000000,0x00000006c783dca0,0x00000006cc180000)
 Metaspace       used 6537K, capacity 7320K, committed 7680K, reserved 1056768K
  class space    used 613K, capacity 656K, committed 768K, reserved 1048576K
}
Event: 11,491 GC heap before
{Heap before GC invocations=13 (full 2):
 PSYoungGen      total 444416K, used 444410K [0x000000076ab00000, 0x000000078e800000, 0x00000007c0000000)
  eden space 386048K, 100% used [0x000000076ab00000,0x0000000782400000,0x0000000782400000)
  from space 58368K, 99% used [0x0000000786980000,0x000000078a27ea70,0x000000078a280000)
  to   space 71168K, 0% used [0x0000000782400000,0x0000000782400000,0x0000000786980000)
 ParOldGen       total 198144K, used 123127K [0x00000006c0000000, 0x00000006cc180000, 0x000000076ab00000)
  object space 198144K, 62% used [0x00000006c0000000,0x00000006c783dca0,0x00000006cc180000)
 Metaspace       used 6550K, capacity 7320K, committed 7680K, reserved 1056768K
  class space    used 613K, capacity 656K, committed 768K, reserved 1048576K
Event: 11,732 GC heap after
Heap after GC invocations=13 (full 2):
 PSYoungGen      total 457216K, used 60477K [0x000000076ab00000, 0x0000000791880000, 0x00000007c0000000)
  eden space 386048K, 0% used [0x000000076ab00000,0x000000076ab00000,0x0000000782400000)
  from space 71168K, 84% used [0x0000000782400000,0x0000000785f0f510,0x0000000786980000)
  to   space 79360K, 0% used [0x000000078cb00000,0x000000078cb00000,0x0000000791880000)
 ParOldGen       total 198144K, used 181278K [0x00000006c0000000, 0x00000006cc180000, 0x000000076ab00000)
  object space 198144K, 91% used [0x00000006c0000000,0x00000006cb107a80,0x00000006cc180000)
 Metaspace       used 6550K, capacity 7320K, committed 7680K, reserved 1056768K
  class space    used 613K, capacity 656K, committed 768K, reserved 1048576K
}
Event: 11,732 GC heap before
{Heap before GC invocations=14 (full 3):
 PSYoungGen      total 457216K, used 60477K [0x000000076ab00000, 0x0000000791880000, 0x00000007c0000000)
  eden space 386048K, 0% used [0x000000076ab00000,0x000000076ab00000,0x0000000782400000)
  from space 71168K, 84% used [0x0000000782400000,0x0000000785f0f510,0x0000000786980000)
  to   space 79360K, 0% used [0x000000078cb00000,0x000000078cb00000,0x0000000791880000)
 ParOldGen       total 198144K, used 181278K [0x00000006c0000000, 0x00000006cc180000, 0x000000076ab00000)
  object space 198144K, 91% used [0x00000006c0000000,0x00000006cb107a80,0x00000006cc180000)
 Metaspace       used 6550K, capacity 7320K, committed 7680K, reserved 1056768K
  class space    used 613K, capacity 656K, committed 768K, reserved 1048576K

Deoptimization events (10 events):
Event: 6,796 Thread 0x00007fddac19e000 Uncommon trap: reason=bimorphic action=maybe_recompile pc=0x00007fdd9d8af47c method=com.android.dx.cf.code.BytecodeArray.parseInstruction(ILcom/android/dx/cf/code/BytecodeArray$Visitor;)I @ 1357
Event: 8,277 Thread 0x00007fddac00a000 Uncommon trap: reason=unstable_if action=reinterpret pc=0x00007fdd9d94d1e0 method=com.android.dx.rop.cst.CstNat.equals(Ljava/lang/Object;)Z @ 25
Event: 9,467 Thread 0x00007fddac19a000 Uncommon trap: reason=unstable_if action=reinterpret pc=0x00007fdd9d9b3f3c method=com.android.dx.ssa.SCCP.simulateBranch(Lcom/android/dx/ssa/SsaInsn;)V @ 140
Event: 9,486 Thread 0x00007fddac19e000 Uncommon trap: reason=unstable_if action=reinterpret pc=0x00007fdd9d8d2858 method=java.util.HashMap.putVal(ILjava/lang/Object;Ljava/lang/Object;ZZ)Ljava/lang/Object; @ 109
Event: 9,767 Thread 0x00007fddac00a000 Uncommon trap: reason=unstable_if action=reinterpret pc=0x00007fdd9d9bb8c4 method=com.android.dx.rop.code.RegisterSpec.intersect(Lcom/android/dx/rop/code/RegisterSpec;Z)Lcom/android/dx/rop/code/RegisterSpec; @ 42
Event: 10,431 Thread 0x00007fddac00a000 Uncommon trap: reason=unstable_if action=reinterpret pc=0x00007fdd9d9f778c method=com.android.dx.rop.code.RegisterSpec.intersect(Lcom/android/dx/rop/code/RegisterSpec;Z)Lcom/android/dx/rop/code/RegisterSpec; @ 42
Event: 10,464 Thread 0x00007fddac196800 Uncommon trap: reason=unstable_if action=reinterpret pc=0x00007fdd9da1dad0 method=com.android.dx.ssa.InterferenceRegisterMapper.interferes(III)Z @ 55
Event: 10,469 Thread 0x00007fddac19c000 Uncommon trap: reason=bimorphic action=maybe_recompile pc=0x00007fdd9d96441c method=com.android.dx.cf.code.BytecodeArray.parseInstruction(ILcom/android/dx/cf/code/BytecodeArray$Visitor;)I @ 2554
Event: 10,470 Thread 0x00007fddac19c000 Uncommon trap: reason=bimorphic action=maybe_recompile pc=0x00007fdd9d96441c method=com.android.dx.cf.code.BytecodeArray.parseInstruction(ILcom/android/dx/cf/code/BytecodeArray$Visitor;)I @ 2554
Event: 11,166 Thread 0x00007fddac196800 Uncommon trap: reason=unstable_if action=reinterpret pc=0x00007fdd9da9eaf8 method=com.android.dx.ssa.SsaMethod.blockIndexToRopLabel(I)I @ 1

Internal exceptions (6 events):
Event: 0,075 Thread 0x00007fddac00a000 Exception <a 'java/lang/NoSuchMethodError': Method sun.misc.Unsafe.defineClass(Ljava/lang/String;[BII)Ljava/lang/Class; name or signature does not match> (0x000000076ab12b90) thrown at [/HUDSON/workspace/8-2-build-linux-amd64/jdk8u66/4988/hotspot/src/shar
Event: 0,075 Thread 0x00007fddac00a000 Exception <a 'java/lang/NoSuchMethodError': Method sun.misc.Unsafe.prefetchRead(Ljava/lang/Object;J)V name or signature does not match> (0x000000076ab12e78) thrown at [/HUDSON/workspace/8-2-build-linux-amd64/jdk8u66/4988/hotspot/src/share/vm/prims/jni.cpp
Event: 2,081 Thread 0x00007fddac19a000 Implicit null exception at 0x00007fdd9d322d3f to 0x00007fdd9d3259cd
Event: 3,432 Thread 0x00007fddac19e000 Exception <a 'java/lang/ArrayIndexOutOfBoundsException': 18> (0x000000076e66f618) thrown at [/HUDSON/workspace/8-2-build-linux-amd64/jdk8u66/4988/hotspot/src/share/vm/interpreter/interpreterRuntime.cpp, line 366]
Event: 3,432 Thread 0x00007fddac19e000 Exception <a 'java/lang/ArrayIndexOutOfBoundsException': 145> (0x000000076e671198) thrown at [/HUDSON/workspace/8-2-build-linux-amd64/jdk8u66/4988/hotspot/src/share/vm/interpreter/interpreterRuntime.cpp, line 366]
Event: 3,433 Thread 0x00007fddac19e000 Exception <a 'java/lang/ArrayIndexOutOfBoundsException': 40> (0x000000076e672480) thrown at [/HUDSON/workspace/8-2-build-linux-amd64/jdk8u66/4988/hotspot/src/share/vm/interpreter/interpreterRuntime.cpp, line 366]

Events (10 events):
Event: 11,343 Thread 0x00007fddac196800 DEOPT UNPACKING pc=0x00007fdd9d047633 sp=0x00007fdd96e24bd0 mode 0
Event: 11,353 Thread 0x00007fddac00a000 DEOPT PACKING pc=0x00007fdd9d3c372e sp=0x00007fddb5182ad0
Event: 11,353 Thread 0x00007fddac00a000 DEOPT UNPACKING pc=0x00007fdd9d047633 sp=0x00007fddb51828f0 mode 0
Event: 11,399 Thread 0x00007fddac196800 DEOPT PACKING pc=0x00007fdd9d3cfe74 sp=0x00007fdd96e24e80
Event: 11,399 Thread 0x00007fddac196800 DEOPT UNPACKING pc=0x00007fdd9d047633 sp=0x00007fdd96e24b80 mode 0
Event: 11,456 Thread 0x00007fddac19c000 DEOPT PACKING pc=0x00007fdd9d335be2 sp=0x00007fdd96b21fe0
Event: 11,456 Thread 0x00007fddac19c000 DEOPT UNPACKING pc=0x00007fdd9d047633 sp=0x00007fdd96b21de0 mode 0
Event: 11,471 Thread 0x00007fddac196800 DEOPT PACKING pc=0x00007fdd9d3cfe74 sp=0x00007fdd96e24fd0
Event: 11,471 Thread 0x00007fddac196800 DEOPT UNPACKING pc=0x00007fdd9d047633 sp=0x00007fdd96e24cd0 mode 0
Event: 11,483 Executing VM operation: ParallelGCFailedAllocation


Dynamic libraries:
00400000-00401000 r-xp 00000000 08:11 270464                             /usr/lib/jvm/java-8-oracle/bin/java
00600000-00601000 rw-p 00000000 08:11 270464                             /usr/lib/jvm/java-8-oracle/bin/java
01650000-01671000 rw-p 00000000 00:00 0                                  [heap]
6c0000000-6cc180000 rw-p 00000000 00:00 0 
6d3400000-76ab00000 ---p 00000000 00:00 0 
76ab00000-791880000 rw-p 00000000 00:00 0 
791880000-7c0000000 ---p 00000000 00:00 0 
7c0000000-7c00c0000 rw-p 00000000 00:00 0 
7c00c0000-800000000 ---p 00000000 00:00 0 
7fdd48000000-7fdd48041000 rw-p 00000000 00:00 0 
7fdd48041000-7fdd4c000000 ---p 00000000 00:00 0 
7fdd4c000000-7fdd4c021000 rw-p 00000000 00:00 0 
7fdd4c021000-7fdd50000000 ---p 00000000 00:00 0 
7fdd50000000-7fdd50021000 rw-p 00000000 00:00 0 
7fdd50021000-7fdd54000000 ---p 00000000 00:00 0 
7fdd54000000-7fdd54045000 rw-p 00000000 00:00 0 
7fdd54045000-7fdd58000000 ---p 00000000 00:00 0 
7fdd58000000-7fdd58021000 rw-p 00000000 00:00 0 
7fdd58021000-7fdd5c000000 ---p 00000000 00:00 0 
7fdd5c000000-7fdd5c033000 rw-p 00000000 00:00 0 
7fdd5c033000-7fdd60000000 ---p 00000000 00:00 0 
7fdd60000000-7fdd60863000 rw-p 00000000 00:00 0 
7fdd60863000-7fdd64000000 ---p 00000000 00:00 0 
7fdd64000000-7fdd64021000 rw-p 00000000 00:00 0 
7fdd64021000-7fdd68000000 ---p 00000000 00:00 0 
7fdd68000000-7fdd69645000 rw-p 00000000 00:00 0 
7fdd69645000-7fdd6c000000 ---p 00000000 00:00 0 
7fdd6c000000-7fdd6d83c000 rw-p 00000000 00:00 0 
7fdd6d83c000-7fdd70000000 ---p 00000000 00:00 0 
7fdd70000000-7fdd70021000 rw-p 00000000 00:00 0 
7fdd70021000-7fdd74000000 ---p 00000000 00:00 0 
7fdd74000000-7fdd74021000 rw-p 00000000 00:00 0 
7fdd74021000-7fdd78000000 ---p 00000000 00:00 0 
7fdd78000000-7fdd7828d000 rw-p 00000000 00:00 0 
7fdd7828d000-7fdd7c000000 ---p 00000000 00:00 0 
7fdd7c000000-7fdd7c021000 rw-p 00000000 00:00 0 
7fdd7c021000-7fdd80000000 ---p 00000000 00:00 0 
7fdd80000000-7fdd88000000 rw-p 00000000 00:00 0 
7fdd88000000-7fdd88021000 rw-p 00000000 00:00 0 
7fdd88021000-7fdd8c000000 ---p 00000000 00:00 0 
7fdd8c000000-7fdd8c021000 rw-p 00000000 00:00 0 
7fdd8c021000-7fdd90000000 ---p 00000000 00:00 0 
7fdd90000000-7fdd90021000 rw-p 00000000 00:00 0 
7fdd90021000-7fdd94000000 ---p 00000000 00:00 0 
7fdd96922000-7fdd96925000 ---p 00000000 00:00 0 
7fdd96925000-7fdd96a23000 rw-p 00000000 00:00 0                          [stack:7384]
7fdd96a23000-7fdd96a26000 ---p 00000000 00:00 0 
7fdd96a26000-7fdd96b24000 rw-p 00000000 00:00 0                          [stack:7383]
7fdd96b24000-7fdd96b27000 ---p 00000000 00:00 0 
7fdd96b27000-7fdd96c25000 rw-p 00000000 00:00 0                          [stack:7382]
7fdd96c25000-7fdd96c28000 ---p 00000000 00:00 0 
7fdd96c28000-7fdd96d26000 rw-p 00000000 00:00 0                          [stack:7381]
7fdd96d26000-7fdd96d29000 ---p 00000000 00:00 0 
7fdd96d29000-7fdd96e27000 rw-p 00000000 00:00 0                          [stack:7380]
7fdd96e27000-7fdd96e28000 ---p 00000000 00:00 0 
7fdd96e28000-7fdd96f28000 rw-p 00000000 00:00 0                          [stack:7378]
7fdd96f28000-7fdd96f2b000 ---p 00000000 00:00 0 
7fdd96f2b000-7fdd97029000 rw-p 00000000 00:00 0                          [stack:7377]
7fdd97029000-7fdd9702c000 ---p 00000000 00:00 0 
7fdd9702c000-7fdd9712a000 rw-p 00000000 00:00 0                          [stack:7376]
7fdd9712a000-7fdd9712d000 ---p 00000000 00:00 0 
7fdd9712d000-7fdd9722b000 rw-p 00000000 00:00 0                          [stack:7375]
7fdd9722b000-7fdd9722e000 ---p 00000000 00:00 0 
7fdd9722e000-7fdd9732c000 rw-p 00000000 00:00 0                          [stack:7374]
7fdd9732c000-7fdd9732f000 ---p 00000000 00:00 0 
7fdd9732f000-7fdd9742d000 rw-p 00000000 00:00 0                          [stack:7373]
7fdd9742d000-7fdd976f7000 r--p 00000000 08:11 261842                     /usr/lib/locale/locale-archive
7fdd976f7000-7fdd976fa000 ---p 00000000 00:00 0 
7fdd976fa000-7fdd977f8000 rw-p 00000000 00:00 0                          [stack:7372]
7fdd977f8000-7fdd977fb000 ---p 00000000 00:00 0 
7fdd977fb000-7fdd978f9000 rw-p 00000000 00:00 0                          [stack:7371]
7fdd978f9000-7fdd978fa000 ---p 00000000 00:00 0 
7fdd978fa000-7fdd98000000 rw-p 00000000 00:00 0                          [stack:7370]
7fdd98000000-7fdd98021000 rw-p 00000000 00:00 0 
7fdd98021000-7fdd9c000000 ---p 00000000 00:00 0 
7fdd9c044000-7fdd9c096000 r--s 0040f000 08:01 20188731                   /home/gilmar/AndroidStudioProjects/Multicon/Myclass/app/build/intermediates/multi-dex/debug/allclasses.jar
7fdd9c096000-7fdd9cec0000 rw-p 00000000 00:00 0 
7fdd9cec0000-7fdd9d000000 ---p 00000000 00:00 0 
7fdd9d000000-7fdd9dad0000 rwxp 00000000 00:00 0 
7fdd9dad0000-7fddac000000 ---p 00000000 00:00 0 
7fddac000000-7fddac39e000 rw-p 00000000 00:00 0 
7fddac39e000-7fddb0000000 ---p 00000000 00:00 0 
7fddb000a000-7fddb029d000 rw-p 00000000 00:00 0 
7fddb029d000-7fddb0476000 r--s 03d20000 08:11 556314                     /usr/lib/jvm/java-8-oracle/jre/lib/rt.jar
7fddb0476000-7fddb0cec000 rw-p 00000000 00:00 0 
7fddb0cec000-7fddb0ced000 ---p 00000000 00:00 0 
7fddb0ced000-7fddb0ded000 rw-p 00000000 00:00 0                          [stack:7369]
7fddb0ded000-7fddb0dee000 ---p 00000000 00:00 0 
7fddb0dee000-7fddb0eee000 rw-p 00000000 00:00 0                          [stack:7368]
7fddb0eee000-7fddb0eef000 ---p 00000000 00:00 0 
7fddb0eef000-7fddb0fef000 rw-p 00000000 00:00 0                          [stack:7367]
7fddb0fef000-7fddb0ff0000 ---p 00000000 00:00 0 
7fddb0ff0000-7fddb1151000 rw-p 00000000 00:00 0                          [stack:7366]
7fddb1151000-7fddb1646000 ---p 00000000 00:00 0 
7fddb1646000-7fddb16a7000 rw-p 00000000 00:00 0 
7fddb16a7000-7fddb1b9b000 ---p 00000000 00:00 0 
7fddb1b9b000-7fddb1cd3000 rw-p 00000000 00:00 0 
7fddb1cd3000-7fddb1e46000 ---p 00000000 00:00 0 
7fddb1e46000-7fddb1e73000 rw-p 00000000 00:00 0 
7fddb1e73000-7fddb2207000 ---p 00000000 00:00 0 
7fddb2207000-7fddb2221000 r-xp 00000000 08:11 556514                     /usr/lib/jvm/java-8-oracle/jre/lib/amd64/libzip.so
7fddb2221000-7fddb2421000 ---p 0001a000 08:11 556514                     /usr/lib/jvm/java-8-oracle/jre/lib/amd64/libzip.so
7fddb2421000-7fddb2422000 rw-p 0001a000 08:11 556514                     /usr/lib/jvm/java-8-oracle/jre/lib/amd64/libzip.so
7fddb2422000-7fddb242e000 r-xp 00000000 08:11 406785                     /lib/x86_64-linux-gnu/libnss_files-2.21.so
7fddb242e000-7fddb262d000 ---p 0000c000 08:11 406785                     /lib/x86_64-linux-gnu/libnss_files-2.21.so
7fddb262d000-7fddb262e000 r--p 0000b000 08:11 406785                     /lib/x86_64-linux-gnu/libnss_files-2.21.so
7fddb262e000-7fddb262f000 rw-p 0000c000 08:11 406785                     /lib/x86_64-linux-gnu/libnss_files-2.21.so
7fddb262f000-7fddb263a000 r-xp 00000000 08:11 406772                     /lib/x86_64-linux-gnu/libnss_nis-2.21.so
7fddb263a000-7fddb2839000 ---p 0000b000 08:11 406772                     /lib/x86_64-linux-gnu/libnss_nis-2.21.so
7fddb2839000-7fddb283a000 r--p 0000a000 08:11 406772                     /lib/x86_64-linux-gnu/libnss_nis-2.21.so
7fddb283a000-7fddb283b000 rw-p 0000b000 08:11 406772                     /lib/x86_64-linux-gnu/libnss_nis-2.21.so
7fddb283b000-7fddb2852000 r-xp 00000000 08:11 406791                     /lib/x86_64-linux-gnu/libnsl-2.21.so
7fddb2852000-7fddb2a51000 ---p 00017000 08:11 406791                     /lib/x86_64-linux-gnu/libnsl-2.21.so
7fddb2a51000-7fddb2a52000 r--p 00016000 08:11 406791                     /lib/x86_64-linux-gnu/libnsl-2.21.so
7fddb2a52000-7fddb2a53000 rw-p 00017000 08:11 406791                     /lib/x86_64-linux-gnu/libnsl-2.21.so
7fddb2a53000-7fddb2a55000 rw-p 00000000 00:00 0 
7fddb2a55000-7fddb2a5d000 r-xp 00000000 08:11 406787                     /lib/x86_64-linux-gnu/libnss_compat-2.21.so
7fddb2a5d000-7fddb2c5c000 ---p 00008000 08:11 406787                     /lib/x86_64-linux-gnu/libnss_compat-2.21.so
7fddb2c5c000-7fddb2c5d000 r--p 00007000 08:11 406787                     /lib/x86_64-linux-gnu/libnss_compat-2.21.so
7fddb2c5d000-7fddb2c5e000 rw-p 00008000 08:11 406787                     /lib/x86_64-linux-gnu/libnss_compat-2.21.so
7fddb2c5e000-7fddb2c88000 r-xp 00000000 08:11 556509                     /usr/lib/jvm/java-8-oracle/jre/lib/amd64/libjava.so
7fddb2c88000-7fddb2e88000 ---p 0002a000 08:11 556509                     /usr/lib/jvm/java-8-oracle/jre/lib/amd64/libjava.so
7fddb2e88000-7fddb2e8a000 rw-p 0002a000 08:11 556509                     /usr/lib/jvm/java-8-oracle/jre/lib/amd64/libjava.so
7fddb2e8a000-7fddb2e97000 r-xp 00000000 08:11 556513                     /usr/lib/jvm/java-8-oracle/jre/lib/amd64/libverify.so
7fddb2e97000-7fddb3097000 ---p 0000d000 08:11 556513                     /usr/lib/jvm/java-8-oracle/jre/lib/amd64/libverify.so
7fddb3097000-7fddb3099000 rw-p 0000d000 08:11 556513                     /usr/lib/jvm/java-8-oracle/jre/lib/amd64/libverify.so
7fddb3099000-7fddb30a0000 r-xp 00000000 08:11 406792                     /lib/x86_64-linux-gnu/librt-2.21.so
7fddb30a0000-7fddb329f000 ---p 00007000 08:11 406792                     /lib/x86_64-linux-gnu/librt-2.21.so
7fddb329f000-7fddb32a0000 r--p 00006000 08:11 406792                     /lib/x86_64-linux-gnu/librt-2.21.so
7fddb32a0000-7fddb32a1000 rw-p 00007000 08:11 406792                     /lib/x86_64-linux-gnu/librt-2.21.so
7fddb32a1000-7fddb33a8000 r-xp 00000000 08:11 406790                     /lib/x86_64-linux-gnu/libm-2.21.so
7fddb33a8000-7fddb35a7000 ---p 00107000 08:11 406790                     /lib/x86_64-linux-gnu/libm-2.21.so
7fddb35a7000-7fddb35a8000 r--p 00106000 08:11 406790                     /lib/x86_64-linux-gnu/libm-2.21.so
7fddb35a8000-7fddb35a9000 rw-p 00107000 08:11 406790                     /lib/x86_64-linux-gnu/libm-2.21.so
7fddb35a9000-7fddb4267000 r-xp 00000000 08:11 556492                     /usr/lib/jvm/java-8-oracle/jre/lib/amd64/server/libjvm.so
7fddb4267000-7fddb4466000 ---p 00cbe000 08:11 556492                     /usr/lib/jvm/java-8-oracle/jre/lib/amd64/server/libjvm.so
7fddb4466000-7fddb453f000 rw-p 00cbd000 08:11 556492                     /usr/lib/jvm/java-8-oracle/jre/lib/amd64/server/libjvm.so
7fddb453f000-7fddb4583000 rw-p 00000000 00:00 0 
7fddb4583000-7fddb4743000 r-xp 00000000 08:11 406795                     /lib/x86_64-linux-gnu/libc-2.21.so
7fddb4743000-7fddb4943000 ---p 001c0000 08:11 406795                     /lib/x86_64-linux-gnu/libc-2.21.so
7fddb4943000-7fddb4947000 r--p 001c0000 08:11 406795                     /lib/x86_64-linux-gnu/libc-2.21.so
7fddb4947000-7fddb4949000 rw-p 001c4000 08:11 406795                     /lib/x86_64-linux-gnu/libc-2.21.so
7fddb4949000-7fddb494d000 rw-p 00000000 00:00 0 
7fddb494d000-7fddb4950000 r-xp 00000000 08:11 406778                     /lib/x86_64-linux-gnu/libdl-2.21.so
7fddb4950000-7fddb4b4f000 ---p 00003000 08:11 406778                     /lib/x86_64-linux-gnu/libdl-2.21.so
7fddb4b4f000-7fddb4b50000 r--p 00002000 08:11 406778                     /lib/x86_64-linux-gnu/libdl-2.21.so
7fddb4b50000-7fddb4b51000 rw-p 00003000 08:11 406778                     /lib/x86_64-linux-gnu/libdl-2.21.so
7fddb4b51000-7fddb4b66000 r-xp 00000000 08:11 556192                     /usr/lib/jvm/java-8-oracle/lib/amd64/jli/libjli.so
7fddb4b66000-7fddb4d66000 ---p 00015000 08:11 556192                     /usr/lib/jvm/java-8-oracle/lib/amd64/jli/libjli.so
7fddb4d66000-7fddb4d67000 rw-p 00015000 08:11 556192                     /usr/lib/jvm/java-8-oracle/lib/amd64/jli/libjli.so
7fddb4d67000-7fddb4d7f000 r-xp 00000000 08:11 406782                     /lib/x86_64-linux-gnu/libpthread-2.21.so
7fddb4d7f000-7fddb4f7f000 ---p 00018000 08:11 406782                     /lib/x86_64-linux-gnu/libpthread-2.21.so
7fddb4f7f000-7fddb4f80000 r--p 00018000 08:11 406782                     /lib/x86_64-linux-gnu/libpthread-2.21.so
7fddb4f80000-7fddb4f81000 rw-p 00019000 08:11 406782                     /lib/x86_64-linux-gnu/libpthread-2.21.so
7fddb4f81000-7fddb4f85000 rw-p 00000000 00:00 0 
7fddb4f85000-7fddb4fa9000 r-xp 00000000 08:11 406781                     /lib/x86_64-linux-gnu/ld-2.21.so
7fddb4fb1000-7fddb5084000 rw-p 00000000 00:00 0 
7fddb5084000-7fddb5087000 ---p 00000000 00:00 0 
7fddb5087000-7fddb5189000 rw-p 00000000 00:00 0                          [stack:7365]
7fddb518c000-7fddb518d000 rw-p 00000000 00:00 0 
7fddb518d000-7fddb519c000 r--s 000df000 08:01 16387229                   /home/gilmar/Android/Sdk/build-tools/23.0.2/lib/dx.jar
7fddb519c000-7fddb51a4000 rw-s 00000000 08:11 131152                     /tmp/hsperfdata_gilmar/7360
7fddb51a4000-7fddb51a5000 rw-p 00000000 00:00 0 
7fddb51a5000-7fddb51a6000 ---p 00000000 00:00 0 
7fddb51a6000-7fddb51a8000 rw-p 00000000 00:00 0 
7fddb51a8000-7fddb51a9000 r--p 00023000 08:11 406781                     /lib/x86_64-linux-gnu/ld-2.21.so
7fddb51a9000-7fddb51aa000 rw-p 00024000 08:11 406781                     /lib/x86_64-linux-gnu/ld-2.21.so
7fddb51aa000-7fddb51ab000 rw-p 00000000 00:00 0 
7ffedd332000-7ffedd353000 rw-p 00000000 00:00 0                          [stack]
7ffedd380000-7ffedd382000 r--p 00000000 00:00 0                          [vvar]
7ffedd382000-7ffedd384000 r-xp 00000000 00:00 0                          [vdso]
ffffffffff600000-ffffffffff601000 r-xp 00000000 00:00 0                  [vsyscall]

VM Arguments:
jvm_args: -Xmx4g -Dfile.encoding=UTF-8 -Duser.country=BR -Duser.language=pt -Duser.variant 
java_command: com.android.dx.command.Main --dex --num-threads=4 --multi-dex --main-dex-list /home/gilmar/AndroidStudioProjects/Multicon/Myclass/app/build/intermediates/multi-dex/debug/maindexlist.txt --output /home/gilmar/AndroidStudioProjects/Multicon/Myclass/app/build/intermediates/dex/debug /home/gilmar/AndroidStudioProjects/Multicon/Myclass/app/build/intermediates/multi-dex/debug/allclasses.jar
java_class_path (initial): /home/gilmar/Android/Sdk/build-tools/23.0.2/lib/dx.jar
Launcher Type: SUN_STANDARD

Environment Variables:
JAVA_HOME=/path/to/jdk
PATH=/opt/apache-maven-3.3.3/bin:/usr/local/sbin:/usr/local/bin:/usr/sbin:/usr/bin:/sbin:/bin:/usr/games:/usr/local/games" JAVA_HOME=/usr/lib/jvm/java-7-oracle
USERNAME=gilmar
LD_LIBRARY_PATH=/opt/android-studio/bin/.:
SHELL=/bin/bash
DISPLAY=:1

Signal Handlers:
SIGSEGV: [libjvm.so+0xaba2a0], sa_mask[0]=11111111011111111101111111111110, sa_flags=SA_RESTART|SA_SIGINFO
SIGBUS: [libjvm.so+0xaba2a0], sa_mask[0]=11111111011111111101111111111110, sa_flags=SA_RESTART|SA_SIGINFO
SIGFPE: [libjvm.so+0x917710], sa_mask[0]=11111111011111111101111111111110, sa_flags=SA_RESTART|SA_SIGINFO
SIGPIPE: [libjvm.so+0x917710], sa_mask[0]=11111111011111111101111111111110, sa_flags=SA_RESTART|SA_SIGINFO
SIGXFSZ: [libjvm.so+0x917710], sa_mask[0]=11111111011111111101111111111110, sa_flags=SA_RESTART|SA_SIGINFO
SIGILL: [libjvm.so+0x917710], sa_mask[0]=11111111011111111101111111111110, sa_flags=SA_RESTART|SA_SIGINFO
SIGUSR1: SIG_DFL, sa_mask[0]=00000000000000000000000000000000, sa_flags=none
SIGUSR2: [libjvm.so+0x918d40], sa_mask[0]=00100000000000000000000000000000, sa_flags=SA_RESTART|SA_SIGINFO
SIGHUP: [libjvm.so+0x91a140], sa_mask[0]=11111111011111111101111111111110, sa_flags=SA_RESTART|SA_SIGINFO
SIGINT: [libjvm.so+0x91a140], sa_mask[0]=11111111011111111101111111111110, sa_flags=SA_RESTART|SA_SIGINFO
SIGTERM: [libjvm.so+0x91a140], sa_mask[0]=11111111011111111101111111111110, sa_flags=SA_RESTART|SA_SIGINFO
SIGQUIT: [libjvm.so+0x91a140], sa_mask[0]=11111111011111111101111111111110, sa_flags=SA_RESTART|SA_SIGINFO


---------------  S Y S T E M  ---------------

OS:DISTRIB_ID=Ubuntu
DISTRIB_RELEASE=15.10
DISTRIB_CODENAME=wily
DISTRIB_DESCRIPTION="Ubuntu 15.10"

uname:Linux 4.2.0-19-generic #23-Ubuntu SMP Wed Nov 11 11:39:30 UTC 2015 x86_64
libc:glibc 2.21 NPTL 2.21 
rlimit: STACK 8192k, CORE 0k, NPROC 23203, NOFILE 65536, AS infinity
load average:4,07 3,05 2,78

/proc/meminfo:
MemTotal:        5974904 kB
MemFree:           45036 kB
MemAvailable:      89920 kB
Buffers:            1888 kB
Cached:           560440 kB
SwapCached:            0 kB
Active:          4482372 kB
Inactive:         481844 kB
Active(anon):    4465712 kB
Inactive(anon):   467140 kB
Active(file):      16660 kB
Inactive(file):    14704 kB
Unevictable:           0 kB
Mlocked:               0 kB
SwapTotal:             0 kB
SwapFree:              0 kB
Dirty:               296 kB
Writeback:             0 kB
AnonPages:       4402536 kB
Mapped:           917808 kB
Shmem:            530312 kB
Slab:              96532 kB
SReclaimable:      49832 kB
SUnreclaim:        46700 kB
KernelStack:       12480 kB
PageTables:        46388 kB
NFS_Unstable:          0 kB
Bounce:                0 kB
WritebackTmp:          0 kB
CommitLimit:     2987452 kB
Committed_AS:   10159000 kB
VmallocTotal:   34359738367 kB
VmallocUsed:      369260 kB
VmallocChunk:   34358947836 kB
HardwareCorrupted:     0 kB
AnonHugePages:   2533376 kB
CmaTotal:              0 kB
CmaFree:               0 kB
HugePages_Total:       0
HugePages_Free:        0
HugePages_Rsvd:        0
HugePages_Surp:        0
Hugepagesize:       2048 kB
DirectMap4k:      168848 kB
DirectMap2M:     5986304 kB


CPU:total 4 (2 cores per cpu, 2 threads per core) family 6 model 58 stepping 9, cmov, cx8, fxsr, mmx, sse, sse2, sse3, ssse3, sse4.1, sse4.2, popcnt, avx, aes, clmul, erms, ht, tsc, tscinvbit, tscinv

/proc/cpuinfo:
processor	: 0
vendor_id	: GenuineIntel
cpu family	: 6
model		: 58
model name	: Intel(R) Core(TM) i5-3337U CPU @ 1.80GHz
stepping	: 9
microcode	: 0x17
cpu MHz		: 2494.617
cache size	: 3072 KB
physical id	: 0
siblings	: 4
core id		: 0
cpu cores	: 2
apicid		: 0
initial apicid	: 0
fpu		: yes
fpu_exception	: yes
cpuid level	: 13
wp		: yes
flags		: fpu vme de pse tsc msr pae mce cx8 apic sep mtrr pge mca cmov pat pse36 clflush dts acpi mmx fxsr sse sse2 ss ht tm pbe syscall nx rdtscp lm constant_tsc arch_perfmon pebs bts rep_good nopl xtopology nonstop_tsc aperfmperf eagerfpu pni pclmulqdq dtes64 monitor ds_cpl vmx est tm2 ssse3 cx16 xtpr pdcm pcid sse4_1 sse4_2 x2apic popcnt tsc_deadline_timer aes xsave avx f16c rdrand lahf_lm ida arat epb pln pts dtherm tpr_shadow vnmi flexpriority ept vpid fsgsbase smep erms xsaveopt
bugs		:
bogomips	: 3591.77
clflush size	: 64
cache_alignment	: 64
address sizes	: 36 bits physical, 48 bits virtual
power management:

processor	: 1
vendor_id	: GenuineIntel
cpu family	: 6
model		: 58
model name	: Intel(R) Core(TM) i5-3337U CPU @ 1.80GHz
stepping	: 9
microcode	: 0x17
cpu MHz		: 2167.804
cache size	: 3072 KB
physical id	: 0
siblings	: 4
core id		: 1
cpu cores	: 2
apicid		: 2
initial apicid	: 2
fpu		: yes
fpu_exception	: yes
cpuid level	: 13
wp		: yes
flags		: fpu vme de pse tsc msr pae mce cx8 apic sep mtrr pge mca cmov pat pse36 clflush dts acpi mmx fxsr sse sse2 ss ht tm pbe syscall nx rdtscp lm constant_tsc arch_perfmon pebs bts rep_good nopl xtopology nonstop_tsc aperfmperf eagerfpu pni pclmulqdq dtes64 monitor ds_cpl vmx est tm2 ssse3 cx16 xtpr pdcm pcid sse4_1 sse4_2 x2apic popcnt tsc_deadline_timer aes xsave avx f16c rdrand lahf_lm ida arat epb pln pts dtherm tpr_shadow vnmi flexpriority ept vpid fsgsbase smep erms xsaveopt
bugs		:
bogomips	: 3591.77
clflush size	: 64
cache_alignment	: 64
address sizes	: 36 bits physical, 48 bits virtual
power management:

processor	: 2
vendor_id	: GenuineIntel
cpu family	: 6
model		: 58
model name	: Intel(R) Core(TM) i5-3337U CPU @ 1.80GHz
stepping	: 9
microcode	: 0x17
cpu MHz		: 2499.960
cache size	: 3072 KB
physical id	: 0
siblings	: 4
core id		: 0
cpu cores	: 2
apicid		: 1
initial apicid	: 1
fpu		: yes
fpu_exception	: yes
cpuid level	: 13
wp		: yes
flags		: fpu vme de pse tsc msr pae mce cx8 apic sep mtrr pge mca cmov pat pse36 clflush dts acpi mmx fxsr sse sse2 ss ht tm pbe syscall nx rdtscp lm constant_tsc arch_perfmon pebs bts rep_good nopl xtopology nonstop_tsc aperfmperf eagerfpu pni pclmulqdq dtes64 monitor ds_cpl vmx est tm2 ssse3 cx16 xtpr pdcm pcid sse4_1 sse4_2 x2apic popcnt tsc_deadline_timer aes xsave avx f16c rdrand lahf_lm ida arat epb pln pts dtherm tpr_shadow vnmi flexpriority ept vpid fsgsbase smep erms xsaveopt
bugs		:
bogomips	: 3591.77
clflush size	: 64
cache_alignment	: 64
address sizes	: 36 bits physical, 48 bits virtual
power management:

processor	: 3
vendor_id	: GenuineIntel
cpu family	: 6
model		: 58
model name	: Intel(R) Core(TM) i5-3337U CPU @ 1.80GHz
stepping	: 9
microcode	: 0x17
cpu MHz		: 2075.976
cache size	: 3072 KB
physical id	: 0
siblings	: 4
core id		: 1
cpu cores	: 2
apicid		: 3
initial apicid	: 3
fpu		: yes
fpu_exception	: yes
cpuid level	: 13
wp		: yes
flags		: fpu vme de pse tsc msr pae mce cx8 apic sep mtrr pge mca cmov pat pse36 clflush dts acpi mmx fxsr sse sse2 ss ht tm pbe syscall nx rdtscp lm constant_tsc arch_perfmon pebs bts rep_good nopl xtopology nonstop_tsc aperfmperf eagerfpu pni pclmulqdq dtes64 monitor ds_cpl vmx est tm2 ssse3 cx16 xtpr pdcm pcid sse4_1 sse4_2 x2apic popcnt tsc_deadline_timer aes xsave avx f16c rdrand lahf_lm ida arat epb pln pts dtherm tpr_shadow vnmi flexpriority ept vpid fsgsbase smep erms xsaveopt
bugs		:
bogomips	: 3591.77
clflush size	: 64
cache_alignment	: 64
address sizes	: 36 bits physical, 48 bits virtual
power management:



Memory: 4k page, physical 5974904k(45036k free), swap 0k(0k free)

vm_info: Java HotSpot(TM) 64-Bit Server VM (25.66-b17) for linux-amd64 JRE (1.8.0_66-b17), built on Oct  6 2015 17:28:34 by "java_re" with gcc 4.3.0 20080428 (Red Hat 4.3.0-8)

time: Sun Dec 20 08:01:34 2015
elapsed time: 12 seconds (0d 0h 0m 12s)

