#
# There is insufficient memory for the Java Runtime Environment to continue.
# Native memory allocation (mmap) failed to map 112197632 bytes for committing reserved memory.
# Possible reasons:
#   The system is out of physical RAM or swap space
#   In 32 bit mode, the process size limit was hit
# Possible solutions:
#   Reduce memory load on the system
#   Increase physical memory or swap space
#   Check if swap backing store is full
#   Use 64 bit Java on a 64 bit OS
#   Decrease Java heap size (-Xmx/-Xms)
#   Decrease number of Java threads
#   Decrease Java thread stack sizes (-Xss)
#   Set larger code cache with -XX:ReservedCodeCacheSize=
# This output file may be truncated or incomplete.
#
#  Out of Memory Error (os_linux.cpp:2627), pid=7957, tid=139694221256448
#
# JRE version: Java(TM) SE Runtime Environment (8.0_66-b17) (build 1.8.0_66-b17)
# Java VM: Java HotSpot(TM) 64-Bit Server VM (25.66-b17 mixed mode linux-amd64 compressed oops)
# Failed to write core dump. Core dumps have been disabled. To enable core dumping, try "ulimit -c unlimited" before starting Java again
#

---------------  T H R E A D  ---------------

Current thread (0x00007f0d30078000):  VMThread [stack: 0x00007f0d185f6000,0x00007f0d186f7000] [id=7967]

Stack: [0x00007f0d185f6000,0x00007f0d186f7000],  sp=0x00007f0d186f52a0,  free space=1020k
Native frames: (J=compiled Java code, j=interpreted, Vv=VM code, C=native code)
V  [libjvm.so+0xab9a1a]  VMError::report_and_die()+0x2ba
V  [libjvm.so+0x4f9e0b]  report_vm_out_of_memory(char const*, int, unsigned long, VMErrorType, char const*)+0x8b
V  [libjvm.so+0x91a8a3]  os::Linux::commit_memory_impl(char*, unsigned long, bool)+0x103
V  [libjvm.so+0x91adf9]  os::pd_commit_memory(char*, unsigned long, unsigned long, bool)+0x29
V  [libjvm.so+0x91510a]  os::commit_memory(char*, unsigned long, unsigned long, bool)+0x2a
V  [libjvm.so+0x9887a3]  PSVirtualSpace::expand_by(unsigned long)+0x53
V  [libjvm.so+0x989ba8]  PSYoungGen::resize_generation(unsigned long, unsigned long)+0xf8
V  [libjvm.so+0x988d02]  PSYoungGen::resize(unsigned long, unsigned long)+0x22
V  [libjvm.so+0x985fdb]  PSScavenge::invoke_no_policy()+0xf3b
V  [libjvm.so+0x986761]  PSScavenge::invoke()+0x41
V  [libjvm.so+0x93e500]  ParallelScavengeHeap::failed_mem_allocate(unsigned long)+0x70
V  [libjvm.so+0xabb437]  VM_ParallelGCFailedAllocation::doit()+0x97
V  [libjvm.so+0xac2e65]  VM_Operation::evaluate()+0x55
V  [libjvm.so+0xac123a]  VMThread::evaluate_operation(VM_Operation*)+0xba
V  [libjvm.so+0xac15be]  VMThread::loop()+0x1ce
V  [libjvm.so+0xac1a30]  VMThread::run()+0x70
V  [libjvm.so+0x91cc68]  java_start(Thread*)+0x108

VM_Operation (0x00007f0cffaf8be0): ParallelGCFailedAllocation, mode: safepoint, requested by thread 0x00007f0d30139000


---------------  P R O C E S S  ---------------

Java Threads: ( => current thread )
  0x00007f0d3014a000 JavaThread "pool-1-thread-4" [_thread_blocked, id=7983, stack(0x00007f0cff5f6000,0x00007f0cff6f7000)]
  0x00007f0d30148000 JavaThread "pool-1-thread-3" [_thread_blocked, id=7982, stack(0x00007f0cff6f7000,0x00007f0cff7f8000)]
  0x00007f0d30147000 JavaThread "pool-1-thread-2" [_thread_blocked, id=7981, stack(0x00007f0cff7f8000,0x00007f0cff8f9000)]
  0x00007f0d3013b800 JavaThread "pool-2-thread-1" [_thread_blocked, id=7980, stack(0x00007f0cff8f9000,0x00007f0cff9fa000)]
  0x00007f0d30139000 JavaThread "pool-1-thread-1" [_thread_blocked, id=7979, stack(0x00007f0cff9fa000,0x00007f0cffafb000)]
  0x00007f0d300c2800 JavaThread "Service Thread" daemon [_thread_blocked, id=7974, stack(0x00007f0cffbfc000,0x00007f0cffcfd000)]
  0x00007f0d300bd800 JavaThread "C1 CompilerThread2" daemon [_thread_blocked, id=7973, stack(0x00007f0cffcfd000,0x00007f0cffdfe000)]
  0x00007f0d300bc000 JavaThread "C2 CompilerThread1" daemon [_thread_in_native, id=7972, stack(0x00007f0cffdfe000,0x00007f0cffeff000)]
  0x00007f0d300b9000 JavaThread "C2 CompilerThread0" daemon [_thread_blocked, id=7971, stack(0x00007f0cffeff000,0x00007f0d00000000)]
  0x00007f0d300b7800 JavaThread "Signal Dispatcher" daemon [_thread_blocked, id=7970, stack(0x00007f0d18029000,0x00007f0d1812a000)]
  0x00007f0d3007f800 JavaThread "Finalizer" daemon [_thread_blocked, id=7969, stack(0x00007f0d183f4000,0x00007f0d184f5000)]
  0x00007f0d3007d000 JavaThread "Reference Handler" daemon [_thread_blocked, id=7968, stack(0x00007f0d184f5000,0x00007f0d185f6000)]
  0x00007f0d3000a000 JavaThread "main" [_thread_blocked, id=7959, stack(0x00007f0d39cfa000,0x00007f0d39dfb000)]

Other Threads:
=>0x00007f0d30078000 VMThread [stack: 0x00007f0d185f6000,0x00007f0d186f7000] [id=7967]
  0x00007f0d300c5800 WatcherThread [stack: 0x00007f0cffafb000,0x00007f0cffbfc000] [id=7975]

VM state:at safepoint (normal execution)

VM Mutex/Monitor currently owned by a thread:  ([mutex/lock_event])
[0x00007f0d300063e0] Threads_lock - owner thread: 0x00007f0d30078000
[0x00007f0d300068e0] Heap_lock - owner thread: 0x00007f0d30139000

Heap:
 PSYoungGen      total 107520K, used 12282K [0x000000076ab00000, 0x0000000772100000, 0x00000007c0000000)
  eden space 95232K, 0% used [0x000000076ab00000,0x000000076ab00000,0x0000000770800000)
  from space 12288K, 99% used [0x0000000770800000,0x00000007713fe8e8,0x0000000771400000)
  to   space 11264K, 0% used [0x0000000771400000,0x0000000771400000,0x0000000771f00000)
 ParOldGen       total 62976K, used 31169K [0x00000006c0000000, 0x00000006c3d80000, 0x000000076ab00000)
  object space 62976K, 49% used [0x00000006c0000000,0x00000006c1e70638,0x00000006c3d80000)
 Metaspace       used 6206K, capacity 7128K, committed 7424K, reserved 1056768K
  class space    used 613K, capacity 656K, committed 768K, reserved 1048576K

Card table byte_map: [0x00007f0d362bc000,0x00007f0d36abd000] byte_map_base: 0x00007f0d32cbc000

Marking Bits: (ParMarkBitMap*) 0x00007f0d391ce020
 Begin Bits: [0x00007f0d19000000, 0x00007f0d1d000000)
 End Bits:   [0x00007f0d1d000000, 0x00007f0d21000000)

Polling page: 0x00007f0d39e1b000

CodeCache: size=245760Kb used=5882Kb max_used=5882Kb free=239877Kb
 bounds [0x00007f0d21000000, 0x00007f0d215d0000, 0x00007f0d30000000]
 total_blobs=1833 nmethods=1565 adapters=182
 compilation: enabled

Compilation events (10 events):
Event: 9,706 Thread 0x00007f0d300bd800 nmethod 1907 0x00007f0d215c14d0 code [0x00007f0d215c1660, 0x00007f0d215c1a08]
Event: 9,706 Thread 0x00007f0d300bd800 1911       2       com.android.dx.dex.code.BlockAddresses::<init> (44 bytes)
Event: 9,707 Thread 0x00007f0d300bd800 nmethod 1911 0x00007f0d215c1bd0 code [0x00007f0d215c1d60, 0x00007f0d215c20f8]
Event: 9,707 Thread 0x00007f0d300bd800 1915       2       com.android.dx.dex.code.DalvCode::<init> (68 bytes)
Event: 9,707 Thread 0x00007f0d300bd800 nmethod 1915 0x00007f0d215c2290 code [0x00007f0d215c2420, 0x00007f0d215c2738]
Event: 9,707 Thread 0x00007f0d300bd800 1918       2       com.android.dx.dex.code.OutputCollector::<init> (34 bytes)
Event: 9,707 Thread 0x00007f0d300bd800 nmethod 1918 0x00007f0d215c2890 code [0x00007f0d215c2a00, 0x00007f0d215c2cb8]
Event: 9,707 Thread 0x00007f0d300bd800 1922       2       java.util.HashMap$EntryIterator::next (5 bytes)
Event: 9,708 Thread 0x00007f0d300bd800 nmethod 1922 0x00007f0d215c2e10 code [0x00007f0d215c2f80, 0x00007f0d215c30e8]
Event: 9,708 Thread 0x00007f0d300bd800 1908       2       com.android.dx.dex.code.OutputCollector::getFinisher (26 bytes)

GC Heap History (10 events):
Event: 4,630 GC heap after
Heap after GC invocations=2 (full 0):
 PSYoungGen      total 27648K, used 3572K [0x000000076ab00000, 0x000000076e100000, 0x00000007c0000000)
  eden space 24064K, 0% used [0x000000076ab00000,0x000000076ab00000,0x000000076c280000)
  from space 3584K, 99% used [0x000000076c600000,0x000000076c97d128,0x000000076c980000)
  to   space 3584K, 0% used [0x000000076c280000,0x000000076c280000,0x000000076c600000)
 ParOldGen       total 62976K, used 4869K [0x00000006c0000000, 0x00000006c3d80000, 0x000000076ab00000)
  object space 62976K, 7% used [0x00000006c0000000,0x00000006c04c1718,0x00000006c3d80000)
 Metaspace       used 5832K, capacity 6832K, committed 7040K, reserved 1056768K
  class space    used 592K, capacity 616K, committed 640K, reserved 1048576K
}
Event: 5,407 GC heap before
{Heap before GC invocations=3 (full 0):
 PSYoungGen      total 27648K, used 27636K [0x000000076ab00000, 0x000000076e100000, 0x00000007c0000000)
  eden space 24064K, 100% used [0x000000076ab00000,0x000000076c280000,0x000000076c280000)
  from space 3584K, 99% used [0x000000076c600000,0x000000076c97d128,0x000000076c980000)
  to   space 3584K, 0% used [0x000000076c280000,0x000000076c280000,0x000000076c600000)
 ParOldGen       total 62976K, used 4869K [0x00000006c0000000, 0x00000006c3d80000, 0x000000076ab00000)
  object space 62976K, 7% used [0x00000006c0000000,0x00000006c04c1718,0x00000006c3d80000)
 Metaspace       used 5858K, capacity 6832K, committed 7040K, reserved 1056768K
  class space    used 592K, capacity 616K, committed 640K, reserved 1048576K
Event: 5,470 GC heap after
Heap after GC invocations=3 (full 0):
 PSYoungGen      total 27648K, used 3556K [0x000000076ab00000, 0x000000076e100000, 0x00000007c0000000)
  eden space 24064K, 0% used [0x000000076ab00000,0x000000076ab00000,0x000000076c280000)
  from space 3584K, 99% used [0x000000076c280000,0x000000076c5f9158,0x000000076c600000)
  to   space 3584K, 0% used [0x000000076dd80000,0x000000076dd80000,0x000000076e100000)
 ParOldGen       total 62976K, used 8013K [0x00000006c0000000, 0x00000006c3d80000, 0x000000076ab00000)
  object space 62976K, 12% used [0x00000006c0000000,0x00000006c07d37f8,0x00000006c3d80000)
 Metaspace       used 5858K, capacity 6832K, committed 7040K, reserved 1056768K
  class space    used 592K, capacity 616K, committed 640K, reserved 1048576K
}
Event: 5,941 GC heap before
{Heap before GC invocations=4 (full 0):
 PSYoungGen      total 27648K, used 27620K [0x000000076ab00000, 0x000000076e100000, 0x00000007c0000000)
  eden space 24064K, 100% used [0x000000076ab00000,0x000000076c280000,0x000000076c280000)
  from space 3584K, 99% used [0x000000076c280000,0x000000076c5f9158,0x000000076c600000)
  to   space 3584K, 0% used [0x000000076dd80000,0x000000076dd80000,0x000000076e100000)
 ParOldGen       total 62976K, used 8013K [0x00000006c0000000, 0x00000006c3d80000, 0x000000076ab00000)
  object space 62976K, 12% used [0x00000006c0000000,0x00000006c07d37f8,0x00000006c3d80000)
 Metaspace       used 5892K, capacity 6896K, committed 7040K, reserved 1056768K
  class space    used 593K, capacity 616K, committed 640K, reserved 1048576K
Event: 6,002 GC heap after
Heap after GC invocations=4 (full 0):
 PSYoungGen      total 51712K, used 3574K [0x000000076ab00000, 0x000000076e100000, 0x00000007c0000000)
  eden space 48128K, 0% used [0x000000076ab00000,0x000000076ab00000,0x000000076da00000)
  from space 3584K, 99% used [0x000000076dd80000,0x000000076e0fd968,0x000000076e100000)
  to   space 3584K, 0% used [0x000000076da00000,0x000000076da00000,0x000000076dd80000)
 ParOldGen       total 62976K, used 11743K [0x00000006c0000000, 0x00000006c3d80000, 0x000000076ab00000)
  object space 62976K, 18% used [0x00000006c0000000,0x00000006c0b77f40,0x00000006c3d80000)
 Metaspace       used 5892K, capacity 6896K, committed 7040K, reserved 1056768K
  class space    used 593K, capacity 616K, committed 640K, reserved 1048576K
}
Event: 7,064 GC heap before
{Heap before GC invocations=5 (full 0):
 PSYoungGen      total 51712K, used 51702K [0x000000076ab00000, 0x000000076e100000, 0x00000007c0000000)
  eden space 48128K, 100% used [0x000000076ab00000,0x000000076da00000,0x000000076da00000)
  from space 3584K, 99% used [0x000000076dd80000,0x000000076e0fd968,0x000000076e100000)
  to   space 3584K, 0% used [0x000000076da00000,0x000000076da00000,0x000000076dd80000)
 ParOldGen       total 62976K, used 11743K [0x00000006c0000000, 0x00000006c3d80000, 0x000000076ab00000)
  object space 62976K, 18% used [0x00000006c0000000,0x00000006c0b77f40,0x00000006c3d80000)
 Metaspace       used 6039K, capacity 7000K, committed 7168K, reserved 1056768K
  class space    used 613K, capacity 656K, committed 768K, reserved 1048576K
Event: 7,162 GC heap after
Heap after GC invocations=5 (full 0):
 PSYoungGen      total 51712K, used 3578K [0x000000076ab00000, 0x0000000771f00000, 0x00000007c0000000)
  eden space 48128K, 0% used [0x000000076ab00000,0x000000076ab00000,0x000000076da00000)
  from space 3584K, 99% used [0x000000076da00000,0x000000076dd7ebf8,0x000000076dd80000)
  to   space 11264K, 0% used [0x0000000771400000,0x0000000771400000,0x0000000771f00000)
 ParOldGen       total 62976K, used 19196K [0x00000006c0000000, 0x00000006c3d80000, 0x000000076ab00000)
  object space 62976K, 30% used [0x00000006c0000000,0x00000006c12bf098,0x00000006c3d80000)
 Metaspace       used 6039K, capacity 7000K, committed 7168K, reserved 1056768K
  class space    used 613K, capacity 656K, committed 768K, reserved 1048576K
}
Event: 8,066 GC heap before
{Heap before GC invocations=6 (full 0):
 PSYoungGen      total 51712K, used 51706K [0x000000076ab00000, 0x0000000771f00000, 0x00000007c0000000)
  eden space 48128K, 100% used [0x000000076ab00000,0x000000076da00000,0x000000076da00000)
  from space 3584K, 99% used [0x000000076da00000,0x000000076dd7ebf8,0x000000076dd80000)
  to   space 11264K, 0% used [0x0000000771400000,0x0000000771400000,0x0000000771f00000)
 ParOldGen       total 62976K, used 19196K [0x00000006c0000000, 0x00000006c3d80000, 0x000000076ab00000)
  object space 62976K, 30% used [0x00000006c0000000,0x00000006c12bf098,0x00000006c3d80000)
 Metaspace       used 6112K, capacity 7064K, committed 7424K, reserved 1056768K
  class space    used 613K, capacity 656K, committed 768K, reserved 1048576K
Event: 8,171 GC heap after
Heap after GC invocations=6 (full 0):
 PSYoungGen      total 106496K, used 10395K [0x000000076ab00000, 0x0000000772100000, 0x00000007c0000000)
  eden space 95232K, 0% used [0x000000076ab00000,0x000000076ab00000,0x0000000770800000)
  from space 11264K, 92% used [0x0000000771400000,0x0000000771e26c40,0x0000000771f00000)
  to   space 12288K, 0% used [0x0000000770800000,0x0000000770800000,0x0000000771400000)
 ParOldGen       total 62976K, used 19196K [0x00000006c0000000, 0x00000006c3d80000, 0x000000076ab00000)
  object space 62976K, 30% used [0x00000006c0000000,0x00000006c12bf098,0x00000006c3d80000)
 Metaspace       used 6112K, capacity 7064K, committed 7424K, reserved 1056768K
  class space    used 613K, capacity 656K, committed 768K, reserved 1048576K
}
Event: 9,721 GC heap before
{Heap before GC invocations=7 (full 0):
 PSYoungGen      total 106496K, used 105627K [0x000000076ab00000, 0x0000000772100000, 0x00000007c0000000)
  eden space 95232K, 100% used [0x000000076ab00000,0x0000000770800000,0x0000000770800000)
  from space 11264K, 92% used [0x0000000771400000,0x0000000771e26c40,0x0000000771f00000)
  to   space 12288K, 0% used [0x0000000770800000,0x0000000770800000,0x0000000771400000)
 ParOldGen       total 62976K, used 19196K [0x00000006c0000000, 0x00000006c3d80000, 0x000000076ab00000)
  object space 62976K, 30% used [0x00000006c0000000,0x00000006c12bf098,0x00000006c3d80000)
 Metaspace       used 6206K, capacity 7128K, committed 7424K, reserved 1056768K
  class space    used 613K, capacity 656K, committed 768K, reserved 1048576K

Deoptimization events (10 events):
Event: 3,864 Thread 0x00007f0d30147000 Uncommon trap: reason=unstable_if action=reinterpret pc=0x00007f0d212488e0 method=com.android.dx.rop.code.RegisterSpec.equals(ILcom/android/dx/rop/type/TypeBearer;Lcom/android/dx/rop/code/LocalItem;)Z @ 42
Event: 4,959 Thread 0x00007f0d30148000 Uncommon trap: reason=unstable_if action=reinterpret pc=0x00007f0d2121b49c method=com.android.dx.rop.cst.Constant.compareTo(Lcom/android/dx/rop/cst/Constant;)I @ 12
Event: 5,909 Thread 0x00007f0d30147000 Uncommon trap: reason=unstable_if action=reinterpret pc=0x00007f0d21361e48 method=com.android.dx.util.IntList.binarysearch(I)I @ 105
Event: 5,914 Thread 0x00007f0d3000a000 Uncommon trap: reason=unstable_if action=reinterpret pc=0x00007f0d213497fc method=com.android.dx.ssa.SsaMethod.updateOneDefinition(Lcom/android/dx/ssa/SsaInsn;Lcom/android/dx/rop/code/RegisterSpec;)V @ 4
Event: 6,153 Thread 0x00007f0d3000a000 Uncommon trap: reason=unstable_if action=reinterpret pc=0x00007f0d212b0fac method=java.util.HashMap.putVal(ILjava/lang/Object;Ljava/lang/Object;ZZ)Ljava/lang/Object; @ 162
Event: 6,176 Thread 0x00007f0d3000a000 Uncommon trap: reason=unstable_if action=reinterpret pc=0x00007f0d211fcad0 method=java.util.HashMap.getNode(ILjava/lang/Object;)Ljava/util/HashMap$Node; @ 84
Event: 6,180 Thread 0x00007f0d30139000 Uncommon trap: reason=unstable_if action=reinterpret pc=0x00007f0d212172c4 method=java.util.HashMap.getNode(ILjava/lang/Object;)Ljava/util/HashMap$Node; @ 84
Event: 7,181 Thread 0x00007f0d30147000 Uncommon trap: reason=unstable_if action=reinterpret pc=0x00007f0d2145f7d0 method=com.android.dx.ssa.SCCP.simulateStmt(Lcom/android/dx/ssa/SsaInsn;)V @ 53
Event: 7,367 Thread 0x00007f0d3000a000 Uncommon trap: reason=unstable_if action=reinterpret pc=0x00007f0d213ef544 method=java.util.HashMap.putVal(ILjava/lang/Object;Ljava/lang/Object;ZZ)Ljava/lang/Object; @ 109
Event: 9,158 Thread 0x00007f0d30147000 Uncommon trap: reason=unstable_if action=reinterpret pc=0x00007f0d21387ea0 method=com.android.dx.dex.code.OutputFinisher.hasLocalInfo(Lcom/android/dx/dex/code/DalvInsn;)Z @ 24

Internal exceptions (6 events):
Event: 0,284 Thread 0x00007f0d3000a000 Exception <a 'java/lang/NoSuchMethodError': Method sun.misc.Unsafe.defineClass(Ljava/lang/String;[BII)Ljava/lang/Class; name or signature does not match> (0x000000076ab12b90) thrown at [/HUDSON/workspace/8-2-build-linux-amd64/jdk8u66/4988/hotspot/src/shar
Event: 0,284 Thread 0x00007f0d3000a000 Exception <a 'java/lang/NoSuchMethodError': Method sun.misc.Unsafe.prefetchRead(Ljava/lang/Object;J)V name or signature does not match> (0x000000076ab12e78) thrown at [/HUDSON/workspace/8-2-build-linux-amd64/jdk8u66/4988/hotspot/src/share/vm/prims/jni.cpp
Event: 3,731 Thread 0x00007f0d3000a000 Implicit null exception at 0x00007f0d212789a4 to 0x00007f0d2127b945
Event: 6,155 Thread 0x00007f0d3000a000 Exception <a 'java/lang/ArrayIndexOutOfBoundsException': 18> (0x000000076b1ceb50) thrown at [/HUDSON/workspace/8-2-build-linux-amd64/jdk8u66/4988/hotspot/src/share/vm/interpreter/interpreterRuntime.cpp, line 366]
Event: 6,156 Thread 0x00007f0d3000a000 Exception <a 'java/lang/ArrayIndexOutOfBoundsException': 145> (0x000000076b1d06d0) thrown at [/HUDSON/workspace/8-2-build-linux-amd64/jdk8u66/4988/hotspot/src/share/vm/interpreter/interpreterRuntime.cpp, line 366]
Event: 6,175 Thread 0x00007f0d3000a000 Exception <a 'java/lang/ArrayIndexOutOfBoundsException': 40> (0x000000076b1d19b8) thrown at [/HUDSON/workspace/8-2-build-linux-amd64/jdk8u66/4988/hotspot/src/share/vm/interpreter/interpreterRuntime.cpp, line 366]

Events (10 events):
Event: 9,095 Thread 0x00007f0d3014a000 DEOPT PACKING pc=0x00007f0d21395cf4 sp=0x00007f0cff6f5060
Event: 9,095 Thread 0x00007f0d3014a000 DEOPT UNPACKING pc=0x00007f0d21047633 sp=0x00007f0cff6f4d70 mode 0
Event: 9,158 Thread 0x00007f0d30147000 Uncommon trap: trap_request=0xffffff65 fr.pc=0x00007f0d21387ea0
Event: 9,158 Thread 0x00007f0d30147000 DEOPT PACKING pc=0x00007f0d21387ea0 sp=0x00007f0cff8f70a0
Event: 9,158 Thread 0x00007f0d30147000 DEOPT UNPACKING pc=0x00007f0d21005229 sp=0x00007f0cff8f6fd8 mode 2
Event: 9,391 Thread 0x00007f0d30147000 DEOPT PACKING pc=0x00007f0d212fb42f sp=0x00007f0cff8f70d0
Event: 9,391 Thread 0x00007f0d30147000 DEOPT UNPACKING pc=0x00007f0d21047633 sp=0x00007f0cff8f6e90 mode 0
Event: 9,710 Thread 0x00007f0d3000a000 DEOPT PACKING pc=0x00007f0d2145a1ea sp=0x00007f0d39df88b0
Event: 9,710 Thread 0x00007f0d3000a000 DEOPT UNPACKING pc=0x00007f0d21047633 sp=0x00007f0d39df8630 mode 0
Event: 9,711 Executing VM operation: ParallelGCFailedAllocation


Dynamic libraries:
00400000-00401000 r-xp 00000000 08:11 270464                             /usr/lib/jvm/java-8-oracle/bin/java
00600000-00601000 rw-p 00000000 08:11 270464                             /usr/lib/jvm/java-8-oracle/bin/java
0086f000-00890000 rw-p 00000000 00:00 0                                  [heap]
6c0000000-6c3d80000 rw-p 00000000 00:00 0 
6c3d80000-76ab00000 ---p 00000000 00:00 0 
76ab00000-772100000 rw-p 00000000 00:00 0 
778c00000-7c0000000 ---p 00000000 00:00 0 
7c0000000-7c00c0000 rw-p 00000000 00:00 0 
7c00c0000-800000000 ---p 00000000 00:00 0 
7f0ccc000000-7f0ccc021000 rw-p 00000000 00:00 0 
7f0ccc021000-7f0cd0000000 ---p 00000000 00:00 0 
7f0cd0000000-7f0cd0021000 rw-p 00000000 00:00 0 
7f0cd0021000-7f0cd4000000 ---p 00000000 00:00 0 
7f0cd4000000-7f0cd4021000 rw-p 00000000 00:00 0 
7f0cd4021000-7f0cd8000000 ---p 00000000 00:00 0 
7f0cd8000000-7f0cd8021000 rw-p 00000000 00:00 0 
7f0cd8021000-7f0cdc000000 ---p 00000000 00:00 0 
7f0cdc000000-7f0cdc021000 rw-p 00000000 00:00 0 
7f0cdc021000-7f0ce0000000 ---p 00000000 00:00 0 
7f0ce0000000-7f0ce0039000 rw-p 00000000 00:00 0 
7f0ce0039000-7f0ce4000000 ---p 00000000 00:00 0 
7f0ce4000000-7f0ce484d000 rw-p 00000000 00:00 0 
7f0ce484d000-7f0ce8000000 ---p 00000000 00:00 0 
7f0ce8000000-7f0ce8021000 rw-p 00000000 00:00 0 
7f0ce8021000-7f0cec000000 ---p 00000000 00:00 0 
7f0cec000000-7f0cecaec000 rw-p 00000000 00:00 0 
7f0cecaec000-7f0cf0000000 ---p 00000000 00:00 0 
7f0cf0000000-7f0cf0d22000 rw-p 00000000 00:00 0 
7f0cf0d22000-7f0cf4000000 ---p 00000000 00:00 0 
7f0cf4000000-7f0cf4021000 rw-p 00000000 00:00 0 
7f0cf4021000-7f0cf8000000 ---p 00000000 00:00 0 
7f0cf8000000-7f0cf8021000 rw-p 00000000 00:00 0 
7f0cf8021000-7f0cfc000000 ---p 00000000 00:00 0 
7f0cff5f6000-7f0cff5f9000 ---p 00000000 00:00 0 
7f0cff5f9000-7f0cff6f7000 rw-p 00000000 00:00 0                          [stack:7983]
7f0cff6f7000-7f0cff6fa000 ---p 00000000 00:00 0 
7f0cff6fa000-7f0cff7f8000 rw-p 00000000 00:00 0                          [stack:7982]
7f0cff7f8000-7f0cff7fb000 ---p 00000000 00:00 0 
7f0cff7fb000-7f0cff8f9000 rw-p 00000000 00:00 0                          [stack:7981]
7f0cff8f9000-7f0cff8fc000 ---p 00000000 00:00 0 
7f0cff8fc000-7f0cff9fa000 rw-p 00000000 00:00 0                          [stack:7980]
7f0cff9fa000-7f0cff9fd000 ---p 00000000 00:00 0 
7f0cff9fd000-7f0cffafb000 rw-p 00000000 00:00 0                          [stack:7979]
7f0cffafb000-7f0cffafc000 ---p 00000000 00:00 0 
7f0cffafc000-7f0cffbfc000 rw-p 00000000 00:00 0                          [stack:7975]
7f0cffbfc000-7f0cffbff000 ---p 00000000 00:00 0 
7f0cffbff000-7f0cffcfd000 rw-p 00000000 00:00 0                          [stack:7974]
7f0cffcfd000-7f0cffd00000 ---p 00000000 00:00 0 
7f0cffd00000-7f0cffdfe000 rw-p 00000000 00:00 0                          [stack:7973]
7f0cffdfe000-7f0cffe01000 ---p 00000000 00:00 0 
7f0cffe01000-7f0cffeff000 rw-p 00000000 00:00 0                          [stack:7972]
7f0cffeff000-7f0cfff02000 ---p 00000000 00:00 0 
7f0cfff02000-7f0d00000000 rw-p 00000000 00:00 0                          [stack:7971]
7f0d00000000-7f0d0028b000 rw-p 00000000 00:00 0 
7f0d0028b000-7f0d04000000 ---p 00000000 00:00 0 
7f0d04000000-7f0d04021000 rw-p 00000000 00:00 0 
7f0d04021000-7f0d08000000 ---p 00000000 00:00 0 
7f0d08000000-7f0d08021000 rw-p 00000000 00:00 0 
7f0d08021000-7f0d0c000000 ---p 00000000 00:00 0 
7f0d0c000000-7f0d0c021000 rw-p 00000000 00:00 0 
7f0d0c021000-7f0d10000000 ---p 00000000 00:00 0 
7f0d10000000-7f0d10021000 rw-p 00000000 00:00 0 
7f0d10021000-7f0d14000000 ---p 00000000 00:00 0 
7f0d14000000-7f0d14021000 rw-p 00000000 00:00 0 
7f0d14021000-7f0d18000000 ---p 00000000 00:00 0 
7f0d18029000-7f0d1802c000 ---p 00000000 00:00 0 
7f0d1802c000-7f0d1812a000 rw-p 00000000 00:00 0                          [stack:7970]
7f0d1812a000-7f0d183f4000 r--p 00000000 08:11 261842                     /usr/lib/locale/locale-archive
7f0d183f4000-7f0d183f7000 ---p 00000000 00:00 0 
7f0d183f7000-7f0d184f5000 rw-p 00000000 00:00 0                          [stack:7969]
7f0d184f5000-7f0d184f8000 ---p 00000000 00:00 0 
7f0d184f8000-7f0d185f6000 rw-p 00000000 00:00 0                          [stack:7968]
7f0d185f6000-7f0d185f7000 ---p 00000000 00:00 0 
7f0d185f7000-7f0d21000000 rw-p 00000000 00:00 0                          [stack:7967]
7f0d21000000-7f0d215d0000 rwxp 00000000 00:00 0 
7f0d215d0000-7f0d30000000 ---p 00000000 00:00 0 
7f0d30000000-7f0d3038b000 rw-p 00000000 00:00 0 
7f0d3038b000-7f0d34000000 ---p 00000000 00:00 0 
7f0d34010000-7f0d34019000 r--s 00089000 08:01 13633154                   /home/gilmar/AndroidStudioProjects/Multicon/Myclass/app/build/intermediates/exploded-aar/com.android.support/appcompat-v7/23.1.1/jars/classes.jar
7f0d34019000-7f0d34713000 rw-p 00000000 00:00 0 
7f0d34713000-7f0d348ec000 r--s 03d20000 08:11 556314                     /usr/lib/jvm/java-8-oracle/jre/lib/rt.jar
7f0d348ec000-7f0d34fe2000 rw-p 00000000 00:00 0 
7f0d34fe2000-7f0d35162000 ---p 00000000 00:00 0 
7f0d35162000-7f0d35962000 rw-p 00000000 00:00 0 
7f0d35962000-7f0d35963000 ---p 00000000 00:00 0 
7f0d35963000-7f0d35a63000 rw-p 00000000 00:00 0                          [stack:7966]
7f0d35a63000-7f0d35a64000 ---p 00000000 00:00 0 
7f0d35a64000-7f0d35b64000 rw-p 00000000 00:00 0                          [stack:7965]
7f0d35b64000-7f0d35b65000 ---p 00000000 00:00 0 
7f0d35b65000-7f0d35c65000 rw-p 00000000 00:00 0                          [stack:7962]
7f0d35c65000-7f0d35c66000 ---p 00000000 00:00 0 
7f0d35c66000-7f0d35d85000 rw-p 00000000 00:00 0                          [stack:7961]
7f0d35d85000-7f0d362bc000 ---p 00000000 00:00 0 
7f0d362bc000-7f0d362db000 rw-p 00000000 00:00 0 
7f0d362db000-7f0d36811000 ---p 00000000 00:00 0 
7f0d36811000-7f0d3684d000 rw-p 00000000 00:00 0 
7f0d3684d000-7f0d36abc000 ---p 00000000 00:00 0 
7f0d36abc000-7f0d36ad5000 rw-p 00000000 00:00 0 
7f0d36ad5000-7f0d36e7d000 ---p 00000000 00:00 0 
7f0d36e7d000-7f0d36e97000 r-xp 00000000 08:11 556514                     /usr/lib/jvm/java-8-oracle/jre/lib/amd64/libzip.so
7f0d36e97000-7f0d37097000 ---p 0001a000 08:11 556514                     /usr/lib/jvm/java-8-oracle/jre/lib/amd64/libzip.so
7f0d37097000-7f0d37098000 rw-p 0001a000 08:11 556514                     /usr/lib/jvm/java-8-oracle/jre/lib/amd64/libzip.so
7f0d37098000-7f0d370a4000 r-xp 00000000 08:11 406785                     /lib/x86_64-linux-gnu/libnss_files-2.21.so
7f0d370a4000-7f0d372a3000 ---p 0000c000 08:11 406785                     /lib/x86_64-linux-gnu/libnss_files-2.21.so
7f0d372a3000-7f0d372a4000 r--p 0000b000 08:11 406785                     /lib/x86_64-linux-gnu/libnss_files-2.21.so
7f0d372a4000-7f0d372a5000 rw-p 0000c000 08:11 406785                     /lib/x86_64-linux-gnu/libnss_files-2.21.so
7f0d372a5000-7f0d372b0000 r-xp 00000000 08:11 406772                     /lib/x86_64-linux-gnu/libnss_nis-2.21.so
7f0d372b0000-7f0d374af000 ---p 0000b000 08:11 406772                     /lib/x86_64-linux-gnu/libnss_nis-2.21.so
7f0d374af000-7f0d374b0000 r--p 0000a000 08:11 406772                     /lib/x86_64-linux-gnu/libnss_nis-2.21.so
7f0d374b0000-7f0d374b1000 rw-p 0000b000 08:11 406772                     /lib/x86_64-linux-gnu/libnss_nis-2.21.so
7f0d374b1000-7f0d374c8000 r-xp 00000000 08:11 406791                     /lib/x86_64-linux-gnu/libnsl-2.21.so
7f0d374c8000-7f0d376c7000 ---p 00017000 08:11 406791                     /lib/x86_64-linux-gnu/libnsl-2.21.so
7f0d376c7000-7f0d376c8000 r--p 00016000 08:11 406791                     /lib/x86_64-linux-gnu/libnsl-2.21.so
7f0d376c8000-7f0d376c9000 rw-p 00017000 08:11 406791                     /lib/x86_64-linux-gnu/libnsl-2.21.so
7f0d376c9000-7f0d376cb000 rw-p 00000000 00:00 0 
7f0d376cb000-7f0d376d3000 r-xp 00000000 08:11 406787                     /lib/x86_64-linux-gnu/libnss_compat-2.21.so
7f0d376d3000-7f0d378d2000 ---p 00008000 08:11 406787                     /lib/x86_64-linux-gnu/libnss_compat-2.21.so
7f0d378d2000-7f0d378d3000 r--p 00007000 08:11 406787                     /lib/x86_64-linux-gnu/libnss_compat-2.21.so
7f0d378d3000-7f0d378d4000 rw-p 00008000 08:11 406787                     /lib/x86_64-linux-gnu/libnss_compat-2.21.so
7f0d378d4000-7f0d378fe000 r-xp 00000000 08:11 556509                     /usr/lib/jvm/java-8-oracle/jre/lib/amd64/libjava.so
7f0d378fe000-7f0d37afe000 ---p 0002a000 08:11 556509                     /usr/lib/jvm/java-8-oracle/jre/lib/amd64/libjava.so
7f0d37afe000-7f0d37b00000 rw-p 0002a000 08:11 556509                     /usr/lib/jvm/java-8-oracle/jre/lib/amd64/libjava.so
7f0d37b00000-7f0d37b0d000 r-xp 00000000 08:11 556513                     /usr/lib/jvm/java-8-oracle/jre/lib/amd64/libverify.so
7f0d37b0d000-7f0d37d0d000 ---p 0000d000 08:11 556513                     /usr/lib/jvm/java-8-oracle/jre/lib/amd64/libverify.so
7f0d37d0d000-7f0d37d0f000 rw-p 0000d000 08:11 556513                     /usr/lib/jvm/java-8-oracle/jre/lib/amd64/libverify.so
7f0d37d0f000-7f0d37d16000 r-xp 00000000 08:11 406792                     /lib/x86_64-linux-gnu/librt-2.21.so
7f0d37d16000-7f0d37f15000 ---p 00007000 08:11 406792                     /lib/x86_64-linux-gnu/librt-2.21.so
7f0d37f15000-7f0d37f16000 r--p 00006000 08:11 406792                     /lib/x86_64-linux-gnu/librt-2.21.so
7f0d37f16000-7f0d37f17000 rw-p 00007000 08:11 406792                     /lib/x86_64-linux-gnu/librt-2.21.so
7f0d37f17000-7f0d3801e000 r-xp 00000000 08:11 406790                     /lib/x86_64-linux-gnu/libm-2.21.so
7f0d3801e000-7f0d3821d000 ---p 00107000 08:11 406790                     /lib/x86_64-linux-gnu/libm-2.21.so
7f0d3821d000-7f0d3821e000 r--p 00106000 08:11 406790                     /lib/x86_64-linux-gnu/libm-2.21.so
7f0d3821e000-7f0d3821f000 rw-p 00107000 08:11 406790                     /lib/x86_64-linux-gnu/libm-2.21.so
7f0d3821f000-7f0d38edd000 r-xp 00000000 08:11 556492                     /usr/lib/jvm/java-8-oracle/jre/lib/amd64/server/libjvm.so
7f0d38edd000-7f0d390dc000 ---p 00cbe000 08:11 556492                     /usr/lib/jvm/java-8-oracle/jre/lib/amd64/server/libjvm.so
7f0d390dc000-7f0d391b5000 rw-p 00cbd000 08:11 556492                     /usr/lib/jvm/java-8-oracle/jre/lib/amd64/server/libjvm.so
7f0d391b5000-7f0d391f9000 rw-p 00000000 00:00 0 
7f0d391f9000-7f0d393b9000 r-xp 00000000 08:11 406795                     /lib/x86_64-linux-gnu/libc-2.21.so
7f0d393b9000-7f0d395b9000 ---p 001c0000 08:11 406795                     /lib/x86_64-linux-gnu/libc-2.21.so
7f0d395b9000-7f0d395bd000 r--p 001c0000 08:11 406795                     /lib/x86_64-linux-gnu/libc-2.21.so
7f0d395bd000-7f0d395bf000 rw-p 001c4000 08:11 406795                     /lib/x86_64-linux-gnu/libc-2.21.so
7f0d395bf000-7f0d395c3000 rw-p 00000000 00:00 0 
7f0d395c3000-7f0d395c6000 r-xp 00000000 08:11 406778                     /lib/x86_64-linux-gnu/libdl-2.21.so
7f0d395c6000-7f0d397c5000 ---p 00003000 08:11 406778                     /lib/x86_64-linux-gnu/libdl-2.21.so
7f0d397c5000-7f0d397c6000 r--p 00002000 08:11 406778                     /lib/x86_64-linux-gnu/libdl-2.21.so
7f0d397c6000-7f0d397c7000 rw-p 00003000 08:11 406778                     /lib/x86_64-linux-gnu/libdl-2.21.so
7f0d397c7000-7f0d397dc000 r-xp 00000000 08:11 556192                     /usr/lib/jvm/java-8-oracle/lib/amd64/jli/libjli.so
7f0d397dc000-7f0d399dc000 ---p 00015000 08:11 556192                     /usr/lib/jvm/java-8-oracle/lib/amd64/jli/libjli.so
7f0d399dc000-7f0d399dd000 rw-p 00015000 08:11 556192                     /usr/lib/jvm/java-8-oracle/lib/amd64/jli/libjli.so
7f0d399dd000-7f0d399f5000 r-xp 00000000 08:11 406782                     /lib/x86_64-linux-gnu/libpthread-2.21.so
7f0d399f5000-7f0d39bf5000 ---p 00018000 08:11 406782                     /lib/x86_64-linux-gnu/libpthread-2.21.so
7f0d39bf5000-7f0d39bf6000 r--p 00018000 08:11 406782                     /lib/x86_64-linux-gnu/libpthread-2.21.so
7f0d39bf6000-7f0d39bf7000 rw-p 00019000 08:11 406782                     /lib/x86_64-linux-gnu/libpthread-2.21.so
7f0d39bf7000-7f0d39bfb000 rw-p 00000000 00:00 0 
7f0d39bfb000-7f0d39c1f000 r-xp 00000000 08:11 406781                     /lib/x86_64-linux-gnu/ld-2.21.so
7f0d39c27000-7f0d39cfa000 rw-p 00000000 00:00 0 
7f0d39cfa000-7f0d39cfd000 ---p 00000000 00:00 0 
7f0d39cfd000-7f0d39dff000 rw-p 00000000 00:00 0                          [stack:7959]
7f0d39e02000-7f0d39e03000 rw-p 00000000 00:00 0 
7f0d39e03000-7f0d39e12000 r--s 000df000 08:01 16387229                   /home/gilmar/Android/Sdk/build-tools/23.0.2/lib/dx.jar
7f0d39e12000-7f0d39e1a000 rw-s 00000000 08:11 131167                     /tmp/hsperfdata_gilmar/7957
7f0d39e1a000-7f0d39e1b000 rw-p 00000000 00:00 0 
7f0d39e1b000-7f0d39e1c000 ---p 00000000 00:00 0 
7f0d39e1c000-7f0d39e1e000 rw-p 00000000 00:00 0 
7f0d39e1e000-7f0d39e1f000 r--p 00023000 08:11 406781                     /lib/x86_64-linux-gnu/ld-2.21.so
7f0d39e1f000-7f0d39e20000 rw-p 00024000 08:11 406781                     /lib/x86_64-linux-gnu/ld-2.21.so
7f0d39e20000-7f0d39e21000 rw-p 00000000 00:00 0 
7ffe61f3b000-7ffe61f5c000 rw-p 00000000 00:00 0                          [stack]
7ffe61ff5000-7ffe61ff7000 r--p 00000000 00:00 0                          [vvar]
7ffe61ff7000-7ffe61ff9000 r-xp 00000000 00:00 0                          [vdso]
ffffffffff600000-ffffffffff601000 r-xp 00000000 00:00 0                  [vsyscall]

VM Arguments:
jvm_args: -Xmx4g -Dfile.encoding=UTF-8 -Duser.country=BR -Duser.language=pt -Duser.variant 
java_command: com.android.dx.command.Main --dex --num-threads=4 --output /home/gilmar/AndroidStudioProjects/Multicon/Myclass/app/build/intermediates/pre-dexed/debug/classes-60079578a0649f80080c940ef8445b6bd95dc0ee.jar /home/gilmar/AndroidStudioProjects/Multicon/Myclass/app/build/intermediates/exploded-aar/com.android.support/appcompat-v7/23.1.1/jars/classes.jar
java_class_path (initial): /home/gilmar/Android/Sdk/build-tools/23.0.2/lib/dx.jar
Launcher Type: SUN_STANDARD

Environment Variables:
JAVA_HOME=/path/to/jdk
PATH=/opt/apache-maven-3.3.3/bin:/usr/local/sbin:/usr/local/bin:/usr/sbin:/usr/bin:/sbin:/bin:/usr/games:/usr/local/games" JAVA_HOME=/usr/lib/jvm/java-7-oracle
USERNAME=gilmar
LD_LIBRARY_PATH=/opt/android-studio/bin/.:
SHELL=/bin/bash
DISPLAY=:1

Signal Handlers:
SIGSEGV: [libjvm.so+0xaba2a0], sa_mask[0]=11111111011111111101111111111110, sa_flags=SA_RESTART|SA_SIGINFO
SIGBUS: [libjvm.so+0xaba2a0], sa_mask[0]=11111111011111111101111111111110, sa_flags=SA_RESTART|SA_SIGINFO
SIGFPE: [libjvm.so+0x917710], sa_mask[0]=11111111011111111101111111111110, sa_flags=SA_RESTART|SA_SIGINFO
SIGPIPE: [libjvm.so+0x917710], sa_mask[0]=11111111011111111101111111111110, sa_flags=SA_RESTART|SA_SIGINFO
SIGXFSZ: [libjvm.so+0x917710], sa_mask[0]=11111111011111111101111111111110, sa_flags=SA_RESTART|SA_SIGINFO
SIGILL: [libjvm.so+0x917710], sa_mask[0]=11111111011111111101111111111110, sa_flags=SA_RESTART|SA_SIGINFO
SIGUSR1: SIG_DFL, sa_mask[0]=00000000000000000000000000000000, sa_flags=none
SIGUSR2: [libjvm.so+0x918d40], sa_mask[0]=00100000000000000000000000000000, sa_flags=SA_RESTART|SA_SIGINFO
SIGHUP: [libjvm.so+0x91a140], sa_mask[0]=11111111011111111101111111111110, sa_flags=SA_RESTART|SA_SIGINFO
SIGINT: [libjvm.so+0x91a140], sa_mask[0]=11111111011111111101111111111110, sa_flags=SA_RESTART|SA_SIGINFO
SIGTERM: [libjvm.so+0x91a140], sa_mask[0]=11111111011111111101111111111110, sa_flags=SA_RESTART|SA_SIGINFO
SIGQUIT: [libjvm.so+0x91a140], sa_mask[0]=11111111011111111101111111111110, sa_flags=SA_RESTART|SA_SIGINFO


---------------  S Y S T E M  ---------------

OS:DISTRIB_ID=Ubuntu
DISTRIB_RELEASE=15.10
DISTRIB_CODENAME=wily
DISTRIB_DESCRIPTION="Ubuntu 15.10"

uname:Linux 4.2.0-19-generic #23-Ubuntu SMP Wed Nov 11 11:39:30 UTC 2015 x86_64
libc:glibc 2.21 NPTL 2.21 
rlimit: STACK 8192k, CORE 0k, NPROC 23203, NOFILE 65536, AS infinity
load average:9,45 4,84 3,42

/proc/meminfo:
MemTotal:        5974904 kB
MemFree:           40856 kB
MemAvailable:      79668 kB
Buffers:            1072 kB
Cached:           588528 kB
SwapCached:            0 kB
Active:          4468080 kB
Inactive:         498080 kB
Active(anon):    4452632 kB
Inactive(anon):   488272 kB
Active(file):      15448 kB
Inactive(file):     9808 kB
Unevictable:           0 kB
Mlocked:               0 kB
SwapTotal:             0 kB
SwapFree:              0 kB
Dirty:               512 kB
Writeback:             0 kB
AnonPages:       4377364 kB
Mapped:           929028 kB
Shmem:            563592 kB
Slab:              96996 kB
SReclaimable:      49868 kB
SUnreclaim:        47128 kB
KernelStack:       13632 kB
PageTables:        47348 kB
NFS_Unstable:          0 kB
Bounce:                0 kB
WritebackTmp:          0 kB
CommitLimit:     2987452 kB
Committed_AS:   10873532 kB
VmallocTotal:   34359738367 kB
VmallocUsed:      369260 kB
VmallocChunk:   34358947836 kB
HardwareCorrupted:     0 kB
AnonHugePages:   2566144 kB
CmaTotal:              0 kB
CmaFree:               0 kB
HugePages_Total:       0
HugePages_Free:        0
HugePages_Rsvd:        0
HugePages_Surp:        0
Hugepagesize:       2048 kB
DirectMap4k:      168848 kB
DirectMap2M:     5986304 kB


CPU:total 4 (2 cores per cpu, 2 threads per core) family 6 model 58 stepping 9, cmov, cx8, fxsr, mmx, sse, sse2, sse3, ssse3, sse4.1, sse4.2, popcnt, avx, aes, clmul, erms, ht, tsc, tscinvbit, tscinv

/proc/cpuinfo:
processor	: 0
vendor_id	: GenuineIntel
cpu family	: 6
model		: 58
model name	: Intel(R) Core(TM) i5-3337U CPU @ 1.80GHz
stepping	: 9
microcode	: 0x17
cpu MHz		: 2499.960
cache size	: 3072 KB
physical id	: 0
siblings	: 4
core id		: 0
cpu cores	: 2
apicid		: 0
initial apicid	: 0
fpu		: yes
fpu_exception	: yes
cpuid level	: 13
wp		: yes
flags		: fpu vme de pse tsc msr pae mce cx8 apic sep mtrr pge mca cmov pat pse36 clflush dts acpi mmx fxsr sse sse2 ss ht tm pbe syscall nx rdtscp lm constant_tsc arch_perfmon pebs bts rep_good nopl xtopology nonstop_tsc aperfmperf eagerfpu pni pclmulqdq dtes64 monitor ds_cpl vmx est tm2 ssse3 cx16 xtpr pdcm pcid sse4_1 sse4_2 x2apic popcnt tsc_deadline_timer aes xsave avx f16c rdrand lahf_lm ida arat epb pln pts dtherm tpr_shadow vnmi flexpriority ept vpid fsgsbase smep erms xsaveopt
bugs		:
bogomips	: 3591.77
clflush size	: 64
cache_alignment	: 64
address sizes	: 36 bits physical, 48 bits virtual
power management:

processor	: 1
vendor_id	: GenuineIntel
cpu family	: 6
model		: 58
model name	: Intel(R) Core(TM) i5-3337U CPU @ 1.80GHz
stepping	: 9
microcode	: 0x17
cpu MHz		: 2499.960
cache size	: 3072 KB
physical id	: 0
siblings	: 4
core id		: 1
cpu cores	: 2
apicid		: 2
initial apicid	: 2
fpu		: yes
fpu_exception	: yes
cpuid level	: 13
wp		: yes
flags		: fpu vme de pse tsc msr pae mce cx8 apic sep mtrr pge mca cmov pat pse36 clflush dts acpi mmx fxsr sse sse2 ss ht tm pbe syscall nx rdtscp lm constant_tsc arch_perfmon pebs bts rep_good nopl xtopology nonstop_tsc aperfmperf eagerfpu pni pclmulqdq dtes64 monitor ds_cpl vmx est tm2 ssse3 cx16 xtpr pdcm pcid sse4_1 sse4_2 x2apic popcnt tsc_deadline_timer aes xsave avx f16c rdrand lahf_lm ida arat epb pln pts dtherm tpr_shadow vnmi flexpriority ept vpid fsgsbase smep erms xsaveopt
bugs		:
bogomips	: 3591.77
clflush size	: 64
cache_alignment	: 64
address sizes	: 36 bits physical, 48 bits virtual
power management:

processor	: 2
vendor_id	: GenuineIntel
cpu family	: 6
model		: 58
model name	: Intel(R) Core(TM) i5-3337U CPU @ 1.80GHz
stepping	: 9
microcode	: 0x17
cpu MHz		: 2499.960
cache size	: 3072 KB
physical id	: 0
siblings	: 4
core id		: 0
cpu cores	: 2
apicid		: 1
initial apicid	: 1
fpu		: yes
fpu_exception	: yes
cpuid level	: 13
wp		: yes
flags		: fpu vme de pse tsc msr pae mce cx8 apic sep mtrr pge mca cmov pat pse36 clflush dts acpi mmx fxsr sse sse2 ss ht tm pbe syscall nx rdtscp lm constant_tsc arch_perfmon pebs bts rep_good nopl xtopology nonstop_tsc aperfmperf eagerfpu pni pclmulqdq dtes64 monitor ds_cpl vmx est tm2 ssse3 cx16 xtpr pdcm pcid sse4_1 sse4_2 x2apic popcnt tsc_deadline_timer aes xsave avx f16c rdrand lahf_lm ida arat epb pln pts dtherm tpr_shadow vnmi flexpriority ept vpid fsgsbase smep erms xsaveopt
bugs		:
bogomips	: 3591.77
clflush size	: 64
cache_alignment	: 64
address sizes	: 36 bits physical, 48 bits virtual
power management:

processor	: 3
vendor_id	: GenuineIntel
cpu family	: 6
model		: 58
model name	: Intel(R) Core(TM) i5-3337U CPU @ 1.80GHz
stepping	: 9
microcode	: 0x17
cpu MHz		: 2499.960
cache size	: 3072 KB
physical id	: 0
siblings	: 4
core id		: 1
cpu cores	: 2
apicid		: 3
initial apicid	: 3
fpu		: yes
fpu_exception	: yes
cpuid level	: 13
wp		: yes
flags		: fpu vme de pse tsc msr pae mce cx8 apic sep mtrr pge mca cmov pat pse36 clflush dts acpi mmx fxsr sse sse2 ss ht tm pbe syscall nx rdtscp lm constant_tsc arch_perfmon pebs bts rep_good nopl xtopology nonstop_tsc aperfmperf eagerfpu pni pclmulqdq dtes64 monitor ds_cpl vmx est tm2 ssse3 cx16 xtpr pdcm pcid sse4_1 sse4_2 x2apic popcnt tsc_deadline_timer aes xsave avx f16c rdrand lahf_lm ida arat epb pln pts dtherm tpr_shadow vnmi flexpriority ept vpid fsgsbase smep erms xsaveopt
bugs		:
bogomips	: 3591.77
clflush size	: 64
cache_alignment	: 64
address sizes	: 36 bits physical, 48 bits virtual
power management:



Memory: 4k page, physical 5974904k(41496k free), swap 0k(0k free)

vm_info: Java HotSpot(TM) 64-Bit Server VM (25.66-b17) for linux-amd64 JRE (1.8.0_66-b17), built on Oct  6 2015 17:28:34 by "java_re" with gcc 4.3.0 20080428 (Red Hat 4.3.0-8)

time: Sun Dec 20 08:07:30 2015
elapsed time: 10 seconds (0d 0h 0m 10s)

