#
# There is insufficient memory for the Java Runtime Environment to continue.
# Native memory allocation (mmap) failed to map 134217728 bytes for committing reserved memory.
# Possible reasons:
#   The system is out of physical RAM or swap space
#   In 32 bit mode, the process size limit was hit
# Possible solutions:
#   Reduce memory load on the system
#   Increase physical memory or swap space
#   Check if swap backing store is full
#   Use 64 bit Java on a 64 bit OS
#   Decrease Java heap size (-Xmx/-Xms)
#   Decrease number of Java threads
#   Decrease Java thread stack sizes (-Xss)
#   Set larger code cache with -XX:ReservedCodeCacheSize=
# This output file may be truncated or incomplete.
#
#  Out of Memory Error (os_linux.cpp:2627), pid=4570, tid=140680972162816
#
# JRE version: Java(TM) SE Runtime Environment (8.0_66-b17) (build 1.8.0_66-b17)
# Java VM: Java HotSpot(TM) 64-Bit Server VM (25.66-b17 mixed mode linux-amd64 compressed oops)
# Failed to write core dump. Core dumps have been disabled. To enable core dumping, try "ulimit -c unlimited" before starting Java again
#

---------------  T H R E A D  ---------------

Current thread (0x00007ff2fc078000):  VMThread [stack: 0x00007ff2d74f5000,0x00007ff2d75f6000] [id=4580]

Stack: [0x00007ff2d74f5000,0x00007ff2d75f6000],  sp=0x00007ff2d75f40a0,  free space=1020k
Native frames: (J=compiled Java code, j=interpreted, Vv=VM code, C=native code)
V  [libjvm.so+0xab9a1a]  VMError::report_and_die()+0x2ba
V  [libjvm.so+0x4f9e0b]  report_vm_out_of_memory(char const*, int, unsigned long, VMErrorType, char const*)+0x8b
V  [libjvm.so+0x91a8a3]  os::Linux::commit_memory_impl(char*, unsigned long, bool)+0x103
V  [libjvm.so+0x91adf9]  os::pd_commit_memory(char*, unsigned long, unsigned long, bool)+0x29
V  [libjvm.so+0x91510a]  os::commit_memory(char*, unsigned long, unsigned long, bool)+0x2a
V  [libjvm.so+0x9887a3]  PSVirtualSpace::expand_by(unsigned long)+0x53
V  [libjvm.so+0x979090]  PSOldGen::expand(unsigned long)+0x170
V  [libjvm.so+0x97929b]  PSOldGen::resize(unsigned long)+0x1cb
V  [libjvm.so+0x980f71]  PSParallelCompact::invoke_no_policy(bool)+0x991
V  [libjvm.so+0x9868cd]  PSScavenge::invoke()+0x1ad
V  [libjvm.so+0x93e500]  ParallelScavengeHeap::failed_mem_allocate(unsigned long)+0x70
V  [libjvm.so+0xabb437]  VM_ParallelGCFailedAllocation::doit()+0x97
V  [libjvm.so+0xac2e65]  VM_Operation::evaluate()+0x55
V  [libjvm.so+0xac123a]  VMThread::evaluate_operation(VM_Operation*)+0xba
V  [libjvm.so+0xac15be]  VMThread::loop()+0x1ce
V  [libjvm.so+0xac1a30]  VMThread::run()+0x70
V  [libjvm.so+0x91cc68]  java_start(Thread*)+0x108

VM_Operation (0x00007ff2d65cba90): ParallelGCFailedAllocation, mode: safepoint, requested by thread 0x00007ff2fc183800


---------------  P R O C E S S  ---------------

Java Threads: ( => current thread )
  0x00007ff2fc183800 JavaThread "pool-2-thread-4" [_thread_blocked, id=4593, stack(0x00007ff2d64cd000,0x00007ff2d65ce000)]
  0x00007ff2fc182000 JavaThread "pool-2-thread-3" [_thread_blocked, id=4592, stack(0x00007ff2d65ce000,0x00007ff2d66cf000)]
  0x00007ff2fc180000 JavaThread "pool-2-thread-2" [_thread_blocked, id=4591, stack(0x00007ff2d66cf000,0x00007ff2d67d0000)]
  0x00007ff2fc17f000 JavaThread "pool-3-thread-1" [_thread_blocked, id=4590, stack(0x00007ff2d67d0000,0x00007ff2d68d1000)]
  0x00007ff2fc17c800 JavaThread "pool-2-thread-1" [_thread_blocked, id=4589, stack(0x00007ff2d68d1000,0x00007ff2d69d2000)]
  0x00007ff2fc0c1000 JavaThread "Service Thread" daemon [_thread_blocked, id=4587, stack(0x00007ff2d6b24000,0x00007ff2d6c25000)]
  0x00007ff2fc0bb800 JavaThread "C1 CompilerThread2" daemon [_thread_blocked, id=4586, stack(0x00007ff2d6c25000,0x00007ff2d6d26000)]
  0x00007ff2fc0b9800 JavaThread "C2 CompilerThread1" daemon [_thread_blocked, id=4585, stack(0x00007ff2d6d26000,0x00007ff2d6e27000)]
  0x00007ff2fc0b6800 JavaThread "C2 CompilerThread0" daemon [_thread_blocked, id=4584, stack(0x00007ff2d6e27000,0x00007ff2d6f28000)]
  0x00007ff2fc0b5800 JavaThread "Signal Dispatcher" daemon [_thread_blocked, id=4583, stack(0x00007ff2d6f28000,0x00007ff2d7029000)]
  0x00007ff2fc07f800 JavaThread "Finalizer" daemon [_thread_blocked, id=4582, stack(0x00007ff2d72f3000,0x00007ff2d73f4000)]
  0x00007ff2fc07d000 JavaThread "Reference Handler" daemon [_thread_blocked, id=4581, stack(0x00007ff2d73f4000,0x00007ff2d74f5000)]
  0x00007ff2fc00a000 JavaThread "main" [_thread_blocked, id=4575, stack(0x00007ff304c32000,0x00007ff304d33000)]

Other Threads:
=>0x00007ff2fc078000 VMThread [stack: 0x00007ff2d74f5000,0x00007ff2d75f6000] [id=4580]
  0x00007ff2fc0c3800 WatcherThread [stack: 0x00007ff2d6a23000,0x00007ff2d6b24000] [id=4588]

VM state:at safepoint (normal execution)

VM Mutex/Monitor currently owned by a thread:  ([mutex/lock_event])
[0x00007ff2fc005da0] ExpandHeap_lock - owner thread: 0x00007ff2fc078000
[0x00007ff2fc006420] Threads_lock - owner thread: 0x00007ff2fc078000
[0x00007ff2fc006920] Heap_lock - owner thread: 0x00007ff2fc183800

Heap:
 PSYoungGen      total 415232K, used 6692K [0x000000076ab00000, 0x000000078d480000, 0x00000007c0000000)
  eden space 342528K, 0% used [0x000000076ab00000,0x000000076ab00000,0x000000077f980000)
  from space 72704K, 9% used [0x000000077f980000,0x0000000780009268,0x0000000784080000)
  to   space 77312K, 0% used [0x0000000788900000,0x0000000788900000,0x000000078d480000)
 ParOldGen       total 209920K, used 209891K [0x00000006c0000000, 0x00000006ccd00000, 0x000000076ab00000)
  object space 209920K, 99% used [0x00000006c0000000,0x00000006cccf8ff8,0x00000006ccd00000)
 Metaspace       used 6529K, capacity 7320K, committed 7680K, reserved 1056768K
  class space    used 614K, capacity 656K, committed 768K, reserved 1048576K

Card table byte_map: [0x00007ff3011f4000,0x00007ff3019f5000] byte_map_base: 0x00007ff2fdbf4000

Marking Bits: (ParMarkBitMap*) 0x00007ff304106020
 Begin Bits: [0x00007ff2e5000000, 0x00007ff2e9000000)
 End Bits:   [0x00007ff2e9000000, 0x00007ff2ed000000)

Polling page: 0x00007ff304d53000

CodeCache: size=245760Kb used=10478Kb max_used=10502Kb free=235281Kb
 bounds [0x00007ff2ed000000, 0x00007ff2eda50000, 0x00007ff2fc000000]
 total_blobs=2650 nmethods=2380 adapters=182
 compilation: enabled

Compilation events (10 events):
Event: 12,269 Thread 0x00007ff2fc0bb800 2625 % !   3       com.android.dx.cf.code.RopperMachine::run @ 247 (1550 bytes)
Event: 12,325 Thread 0x00007ff2fc0bb800 nmethod 2625% 0x00007ff2eda10f90 code [0x00007ff2eda121e0, 0x00007ff2eda21088]
Event: 12,326 Thread 0x00007ff2fc0bb800 2626   !   2       java.util.concurrent.locks.AbstractQueuedSynchronizer::doAcquireInterruptibly (97 bytes)
Event: 12,327 Thread 0x00007ff2fc0bb800 nmethod 2626 0x00007ff2ed9fdb10 code [0x00007ff2ed9fdd00, 0x00007ff2ed9fe2f8]
Event: 12,332 Thread 0x00007ff2fc0bb800 2628       2       com.android.dx.cf.attrib.AttExceptions::byteLength (15 bytes)
Event: 12,356 Thread 0x00007ff2fc0bb800 nmethod 2628 0x00007ff2eda00f50 code [0x00007ff2eda010c0, 0x00007ff2eda01248]
Event: 12,356 Thread 0x00007ff2fc0bb800 2629       2       com.android.dx.dex.code.SwitchData::packedCodeSize (56 bytes)
Event: 12,356 Thread 0x00007ff2fc0bb800 nmethod 2629 0x00007ff2eda00ad0 code [0x00007ff2eda00c40, 0x00007ff2eda00e38]
Event: 12,359 Thread 0x00007ff2fc0b9800 nmethod 2620 0x00007ff2eda31490 code [0x00007ff2eda31780, 0x00007ff2eda32d30]
Event: 12,359 Thread 0x00007ff2fc0b9800 2607   !   4       com.android.dx.cf.code.BytecodeArray::parseInstruction (2764 bytes)

GC Heap History (10 events):
Event: 6,668 GC heap after
Heap after GC invocations=11 (full 1):
 PSYoungGen      total 328704K, used 24625K [0x000000076ab00000, 0x0000000781f00000, 0x00000007c0000000)
  eden space 285696K, 0% used [0x000000076ab00000,0x000000076ab00000,0x000000077c200000)
  from space 43008K, 57% used [0x000000077ef00000,0x000000078070c550,0x0000000781900000)
  to   space 46080K, 0% used [0x000000077c200000,0x000000077c200000,0x000000077ef00000)
 ParOldGen       total 118784K, used 62930K [0x00000006c0000000, 0x00000006c7400000, 0x000000076ab00000)
  object space 118784K, 52% used [0x00000006c0000000,0x00000006c3d74a18,0x00000006c7400000)
 Metaspace       used 6458K, capacity 7256K, committed 7424K, reserved 1056768K
  class space    used 614K, capacity 656K, committed 768K, reserved 1048576K
}
Event: 8,400 GC heap before
{Heap before GC invocations=12 (full 1):
 PSYoungGen      total 328704K, used 310321K [0x000000076ab00000, 0x0000000781f00000, 0x00000007c0000000)
  eden space 285696K, 100% used [0x000000076ab00000,0x000000077c200000,0x000000077c200000)
  from space 43008K, 57% used [0x000000077ef00000,0x000000078070c550,0x0000000781900000)
  to   space 46080K, 0% used [0x000000077c200000,0x000000077c200000,0x000000077ef00000)
 ParOldGen       total 118784K, used 62930K [0x00000006c0000000, 0x00000006c7400000, 0x000000076ab00000)
  object space 118784K, 52% used [0x00000006c0000000,0x00000006c3d74a18,0x00000006c7400000)
 Metaspace       used 6508K, capacity 7256K, committed 7424K, reserved 1056768K
  class space    used 614K, capacity 656K, committed 768K, reserved 1048576K
Event: 8,534 GC heap after
Heap after GC invocations=12 (full 1):
 PSYoungGen      total 331776K, used 42559K [0x000000076ab00000, 0x0000000787400000, 0x00000007c0000000)
  eden space 285696K, 0% used [0x000000076ab00000,0x000000076ab00000,0x000000077c200000)
  from space 46080K, 92% used [0x000000077c200000,0x000000077eb8fda0,0x000000077ef00000)
  to   space 52736K, 0% used [0x0000000784080000,0x0000000784080000,0x0000000787400000)
 ParOldGen       total 118784K, used 87119K [0x00000006c0000000, 0x00000006c7400000, 0x000000076ab00000)
  object space 118784K, 73% used [0x00000006c0000000,0x00000006c5513dc0,0x00000006c7400000)
 Metaspace       used 6508K, capacity 7256K, committed 7424K, reserved 1056768K
  class space    used 614K, capacity 656K, committed 768K, reserved 1048576K
}
Event: 9,623 GC heap before
{Heap before GC invocations=13 (full 1):
 PSYoungGen      total 331776K, used 328255K [0x000000076ab00000, 0x0000000787400000, 0x00000007c0000000)
  eden space 285696K, 100% used [0x000000076ab00000,0x000000077c200000,0x000000077c200000)
  from space 46080K, 92% used [0x000000077c200000,0x000000077eb8fda0,0x000000077ef00000)
  to   space 52736K, 0% used [0x0000000784080000,0x0000000784080000,0x0000000787400000)
 ParOldGen       total 118784K, used 87119K [0x00000006c0000000, 0x00000006c7400000, 0x000000076ab00000)
  object space 118784K, 73% used [0x00000006c0000000,0x00000006c5513dc0,0x00000006c7400000)
 Metaspace       used 6518K, capacity 7320K, committed 7680K, reserved 1056768K
  class space    used 614K, capacity 656K, committed 768K, reserved 1048576K
Event: 9,804 GC heap after
Heap after GC invocations=13 (full 1):
 PSYoungGen      total 395264K, used 52730K [0x000000076ab00000, 0x0000000789f80000, 0x00000007c0000000)
  eden space 342528K, 0% used [0x000000076ab00000,0x000000076ab00000,0x000000077f980000)
  from space 52736K, 99% used [0x0000000784080000,0x00000007873fe9d8,0x0000000787400000)
  to   space 72704K, 0% used [0x000000077f980000,0x000000077f980000,0x0000000784080000)
 ParOldGen       total 118784K, used 116439K [0x00000006c0000000, 0x00000006c7400000, 0x000000076ab00000)
  object space 118784K, 98% used [0x00000006c0000000,0x00000006c71b5ca0,0x00000006c7400000)
 Metaspace       used 6518K, capacity 7320K, committed 7680K, reserved 1056768K
  class space    used 614K, capacity 656K, committed 768K, reserved 1048576K
}
Event: 9,804 GC heap before
{Heap before GC invocations=14 (full 2):
 PSYoungGen      total 395264K, used 52730K [0x000000076ab00000, 0x0000000789f80000, 0x00000007c0000000)
  eden space 342528K, 0% used [0x000000076ab00000,0x000000076ab00000,0x000000077f980000)
  from space 52736K, 99% used [0x0000000784080000,0x00000007873fe9d8,0x0000000787400000)
  to   space 72704K, 0% used [0x000000077f980000,0x000000077f980000,0x0000000784080000)
 ParOldGen       total 118784K, used 116439K [0x00000006c0000000, 0x00000006c7400000, 0x000000076ab00000)
  object space 118784K, 98% used [0x00000006c0000000,0x00000006c71b5ca0,0x00000006c7400000)
 Metaspace       used 6518K, capacity 7320K, committed 7680K, reserved 1056768K
  class space    used 614K, capacity 656K, committed 768K, reserved 1048576K
Event: 11,011 GC heap after
Heap after GC invocations=14 (full 2):
 PSYoungGen      total 395264K, used 48924K [0x000000076ab00000, 0x0000000789f80000, 0x00000007c0000000)
  eden space 342528K, 0% used [0x000000076ab00000,0x000000076ab00000,0x000000077f980000)
  from space 52736K, 92% used [0x0000000784080000,0x00000007870472f0,0x0000000787400000)
  to   space 72704K, 0% used [0x000000077f980000,0x000000077f980000,0x0000000784080000)
 ParOldGen       total 209920K, used 118480K [0x00000006c0000000, 0x00000006ccd00000, 0x000000076ab00000)
  object space 209920K, 56% used [0x00000006c0000000,0x00000006c73b4098,0x00000006ccd00000)
 Metaspace       used 6518K, capacity 7320K, committed 7680K, reserved 1056768K
  class space    used 614K, capacity 656K, committed 768K, reserved 1048576K
}
Event: 12,360 GC heap before
{Heap before GC invocations=15 (full 2):
 PSYoungGen      total 395264K, used 391452K [0x000000076ab00000, 0x0000000789f80000, 0x00000007c0000000)
  eden space 342528K, 100% used [0x000000076ab00000,0x000000077f980000,0x000000077f980000)
  from space 52736K, 92% used [0x0000000784080000,0x00000007870472f0,0x0000000787400000)
  to   space 72704K, 0% used [0x000000077f980000,0x000000077f980000,0x0000000784080000)
 ParOldGen       total 209920K, used 118480K [0x00000006c0000000, 0x00000006ccd00000, 0x000000076ab00000)
  object space 209920K, 56% used [0x00000006c0000000,0x00000006c73b4098,0x00000006ccd00000)
 Metaspace       used 6529K, capacity 7320K, committed 7680K, reserved 1056768K
  class space    used 614K, capacity 656K, committed 768K, reserved 1048576K
Event: 12,571 GC heap after
Heap after GC invocations=15 (full 2):
 PSYoungGen      total 415232K, used 51459K [0x000000076ab00000, 0x000000078d480000, 0x00000007c0000000)
  eden space 342528K, 0% used [0x000000076ab00000,0x000000076ab00000,0x000000077f980000)
  from space 72704K, 70% used [0x000000077f980000,0x0000000782bc0cd0,0x0000000784080000)
  to   space 77312K, 0% used [0x0000000788900000,0x0000000788900000,0x000000078d480000)
 ParOldGen       total 209920K, used 167616K [0x00000006c0000000, 0x00000006ccd00000, 0x000000076ab00000)
  object space 209920K, 79% used [0x00000006c0000000,0x00000006ca3b02c8,0x00000006ccd00000)
 Metaspace       used 6529K, capacity 7320K, committed 7680K, reserved 1056768K
  class space    used 614K, capacity 656K, committed 768K, reserved 1048576K
}
Event: 12,571 GC heap before
{Heap before GC invocations=16 (full 3):
 PSYoungGen      total 415232K, used 51459K [0x000000076ab00000, 0x000000078d480000, 0x00000007c0000000)
  eden space 342528K, 0% used [0x000000076ab00000,0x000000076ab00000,0x000000077f980000)
  from space 72704K, 70% used [0x000000077f980000,0x0000000782bc0cd0,0x0000000784080000)
  to   space 77312K, 0% used [0x0000000788900000,0x0000000788900000,0x000000078d480000)
 ParOldGen       total 209920K, used 167616K [0x00000006c0000000, 0x00000006ccd00000, 0x000000076ab00000)
  object space 209920K, 79% used [0x00000006c0000000,0x00000006ca3b02c8,0x00000006ccd00000)
 Metaspace       used 6529K, capacity 7320K, committed 7680K, reserved 1056768K
  class space    used 614K, capacity 656K, committed 768K, reserved 1048576K

Deoptimization events (10 events):
Event: 8,297 Thread 0x00007ff2fc180000 Uncommon trap: reason=unstable_if action=reinterpret pc=0x00007ff2ed912e4c method=com.android.dx.rop.code.LocalVariableInfo.mergeStarts(ILcom/android/dx/rop/code/RegisterSpecSet;)Z @ 31
Event: 8,334 Thread 0x00007ff2fc182000 Uncommon trap: reason=unstable_if action=reinterpret pc=0x00007ff2ed8d95e0 method=com.android.dx.rop.cst.CstNat.equals(Ljava/lang/Object;)Z @ 25
Event: 11,213 Thread 0x00007ff2fc00a000 Uncommon trap: reason=unstable_if action=reinterpret pc=0x00007ff2ed9a1338 method=com.android.dx.rop.code.RegisterSpecSet.localItemToSpec(Lcom/android/dx/rop/code/LocalItem;)Lcom/android/dx/rop/code/RegisterSpec; @ 35
Event: 11,244 Thread 0x00007ff2fc17c800 Uncommon trap: reason=class_check action=maybe_recompile pc=0x00007ff2ed96d3fc method=com.android.dx.ssa.SCCP.simulateBranch(Lcom/android/dx/ssa/SsaInsn;)V @ 145
Event: 11,940 Thread 0x00007ff2fc183800 Uncommon trap: reason=bimorphic action=maybe_recompile pc=0x00007ff2ed8e4584 method=com.android.dx.cf.code.BytecodeArray.parseInstruction(ILcom/android/dx/cf/code/BytecodeArray$Visitor;)I @ 2554
Event: 11,940 Thread 0x00007ff2fc183800 Uncommon trap: reason=bimorphic action=maybe_recompile pc=0x00007ff2ed8e4584 method=com.android.dx.cf.code.BytecodeArray.parseInstruction(ILcom/android/dx/cf/code/BytecodeArray$Visitor;)I @ 2554
Event: 11,957 Thread 0x00007ff2fc17c800 Uncommon trap: reason=unstable_if action=reinterpret pc=0x00007ff2ed983ac4 method=com.android.dx.ssa.SsaBasicBlock.scheduleMovesFromPhis()V @ 63
Event: 12,088 Thread 0x00007ff2fc183800 Uncommon trap: reason=class_check action=maybe_recompile pc=0x00007ff2ed96d3fc method=com.android.dx.ssa.SCCP.simulateBranch(Lcom/android/dx/ssa/SsaInsn;)V @ 145
Event: 12,096 Thread 0x00007ff2fc183800 Uncommon trap: reason=class_check action=maybe_recompile pc=0x00007ff2ed96d3fc method=com.android.dx.ssa.SCCP.simulateBranch(Lcom/android/dx/ssa/SsaInsn;)V @ 145
Event: 12,099 Thread 0x00007ff2fc183800 Uncommon trap: reason=class_check action=maybe_recompile pc=0x00007ff2ed96d3fc method=com.android.dx.ssa.SCCP.simulateBranch(Lcom/android/dx/ssa/SsaInsn;)V @ 145

Internal exceptions (7 events):
Event: 0,091 Thread 0x00007ff2fc00a000 Exception <a 'java/lang/NoSuchMethodError': Method sun.misc.Unsafe.defineClass(Ljava/lang/String;[BII)Ljava/lang/Class; name or signature does not match> (0x000000076ab12b90) thrown at [/HUDSON/workspace/8-2-build-linux-amd64/jdk8u66/4988/hotspot/src/shar
Event: 0,091 Thread 0x00007ff2fc00a000 Exception <a 'java/lang/NoSuchMethodError': Method sun.misc.Unsafe.prefetchRead(Ljava/lang/Object;J)V name or signature does not match> (0x000000076ab12e78) thrown at [/HUDSON/workspace/8-2-build-linux-amd64/jdk8u66/4988/hotspot/src/share/vm/prims/jni.cpp
Event: 1,686 Thread 0x00007ff2fc17c800 Implicit null exception at 0x00007ff2ed2e7f7f to 0x00007ff2ed2eafc9
Event: 1,925 Thread 0x00007ff2fc182000 Implicit null exception at 0x00007ff2ed2f82b3 to 0x00007ff2ed2fab99
Event: 3,555 Thread 0x00007ff2fc183800 Exception <a 'java/lang/ArrayIndexOutOfBoundsException': 18> (0x000000076b8c70c0) thrown at [/HUDSON/workspace/8-2-build-linux-amd64/jdk8u66/4988/hotspot/src/share/vm/interpreter/interpreterRuntime.cpp, line 366]
Event: 3,556 Thread 0x00007ff2fc183800 Exception <a 'java/lang/ArrayIndexOutOfBoundsException': 145> (0x000000076b8c8c40) thrown at [/HUDSON/workspace/8-2-build-linux-amd64/jdk8u66/4988/hotspot/src/share/vm/interpreter/interpreterRuntime.cpp, line 366]
Event: 3,557 Thread 0x00007ff2fc183800 Exception <a 'java/lang/ArrayIndexOutOfBoundsException': 40> (0x000000076b8c9f28) thrown at [/HUDSON/workspace/8-2-build-linux-amd64/jdk8u66/4988/hotspot/src/share/vm/interpreter/interpreterRuntime.cpp, line 366]

Events (10 events):
Event: 12,133 Thread 0x00007ff2fc183800 DEOPT UNPACKING pc=0x00007ff2ed047633 sp=0x00007ff2d65cb8f8 mode 0
Event: 12,171 Thread 0x00007ff2fc183800 DEOPT PACKING pc=0x00007ff2ed2a7ce3 sp=0x00007ff2d65cbb90
Event: 12,171 Thread 0x00007ff2fc183800 DEOPT UNPACKING pc=0x00007ff2ed047633 sp=0x00007ff2d65cb8f8 mode 0
Event: 12,210 Thread 0x00007ff2fc00a000 DEOPT PACKING pc=0x00007ff2ed2a7ce3 sp=0x00007ff304d304f0
Event: 12,210 Thread 0x00007ff2fc00a000 DEOPT UNPACKING pc=0x00007ff2ed047633 sp=0x00007ff304d30258 mode 0
Event: 12,277 Thread 0x00007ff2fc183800 DEOPT PACKING pc=0x00007ff2ed2a7ce3 sp=0x00007ff2d65cbb90
Event: 12,277 Thread 0x00007ff2fc183800 DEOPT UNPACKING pc=0x00007ff2ed047633 sp=0x00007ff2d65cb8f8 mode 0
Event: 12,351 Thread 0x00007ff2fc17c800 DEOPT PACKING pc=0x00007ff2ed2a7ce3 sp=0x00007ff2d69cf990
Event: 12,351 Thread 0x00007ff2fc17c800 DEOPT UNPACKING pc=0x00007ff2ed047633 sp=0x00007ff2d69cf6f8 mode 0
Event: 12,360 Executing VM operation: ParallelGCFailedAllocation


Dynamic libraries:
00400000-00401000 r-xp 00000000 08:11 270464                             /usr/lib/jvm/java-8-oracle/bin/java
00600000-00601000 rw-p 00000000 08:11 270464                             /usr/lib/jvm/java-8-oracle/bin/java
00727000-00748000 rw-p 00000000 00:00 0                                  [heap]
6c0000000-6ccd00000 rw-p 00000000 00:00 0 
6d4d00000-76ab00000 ---p 00000000 00:00 0 
76ab00000-78d480000 rw-p 00000000 00:00 0 
78d480000-7c0000000 ---p 00000000 00:00 0 
7c0000000-7c00c0000 rw-p 00000000 00:00 0 
7c00c0000-800000000 ---p 00000000 00:00 0 
7ff294000000-7ff294041000 rw-p 00000000 00:00 0 
7ff294041000-7ff298000000 ---p 00000000 00:00 0 
7ff29c000000-7ff29c027000 rw-p 00000000 00:00 0 
7ff29c027000-7ff2a0000000 ---p 00000000 00:00 0 
7ff2a0000000-7ff2a0021000 rw-p 00000000 00:00 0 
7ff2a0021000-7ff2a4000000 ---p 00000000 00:00 0 
7ff2a4000000-7ff2a4040000 rw-p 00000000 00:00 0 
7ff2a4040000-7ff2a8000000 ---p 00000000 00:00 0 
7ff2a8000000-7ff2a8021000 rw-p 00000000 00:00 0 
7ff2a8021000-7ff2ac000000 ---p 00000000 00:00 0 
7ff2ac000000-7ff2ac021000 rw-p 00000000 00:00 0 
7ff2ac021000-7ff2b0000000 ---p 00000000 00:00 0 
7ff2b0000000-7ff2b0021000 rw-p 00000000 00:00 0 
7ff2b0021000-7ff2b4000000 ---p 00000000 00:00 0 
7ff2b4000000-7ff2b557f000 rw-p 00000000 00:00 0 
7ff2b557f000-7ff2b8000000 ---p 00000000 00:00 0 
7ff2b8000000-7ff2b8b12000 rw-p 00000000 00:00 0 
7ff2b8b12000-7ff2bc000000 ---p 00000000 00:00 0 
7ff2bc000000-7ff2bc021000 rw-p 00000000 00:00 0 
7ff2bc021000-7ff2c0000000 ---p 00000000 00:00 0 
7ff2c0000000-7ff2c1e9c000 rw-p 00000000 00:00 0 
7ff2c1e9c000-7ff2c4000000 ---p 00000000 00:00 0 
7ff2c4000000-7ff2c4021000 rw-p 00000000 00:00 0 
7ff2c4021000-7ff2c8000000 ---p 00000000 00:00 0 
7ff2c8000000-7ff2c8021000 rw-p 00000000 00:00 0 
7ff2c8021000-7ff2cc000000 ---p 00000000 00:00 0 
7ff2cc000000-7ff2cc295000 rw-p 00000000 00:00 0 
7ff2cc295000-7ff2d0000000 ---p 00000000 00:00 0 
7ff2d0000000-7ff2d0021000 rw-p 00000000 00:00 0 
7ff2d0021000-7ff2d4000000 ---p 00000000 00:00 0 
7ff2d64cd000-7ff2d64d0000 ---p 00000000 00:00 0 
7ff2d64d0000-7ff2d65ce000 rw-p 00000000 00:00 0                          [stack:4593]
7ff2d65ce000-7ff2d65d1000 ---p 00000000 00:00 0 
7ff2d65d1000-7ff2d66cf000 rw-p 00000000 00:00 0                          [stack:4592]
7ff2d66cf000-7ff2d66d2000 ---p 00000000 00:00 0 
7ff2d66d2000-7ff2d67d0000 rw-p 00000000 00:00 0                          [stack:4591]
7ff2d67d0000-7ff2d67d3000 ---p 00000000 00:00 0 
7ff2d67d3000-7ff2d68d1000 rw-p 00000000 00:00 0                          [stack:4590]
7ff2d68d1000-7ff2d68d4000 ---p 00000000 00:00 0 
7ff2d68d4000-7ff2d69d2000 rw-p 00000000 00:00 0                          [stack:4589]
7ff2d69d2000-7ff2d6a23000 r--s 0040e000 08:01 19793907                   /home/gilmar/AndroidStudioProjects/Multicon/Myclass/app/build/intermediates/multi-dex/debug/allclasses.jar
7ff2d6a23000-7ff2d6a24000 ---p 00000000 00:00 0 
7ff2d6a24000-7ff2d6b24000 rw-p 00000000 00:00 0                          [stack:4588]
7ff2d6b24000-7ff2d6b27000 ---p 00000000 00:00 0 
7ff2d6b27000-7ff2d6c25000 rw-p 00000000 00:00 0                          [stack:4587]
7ff2d6c25000-7ff2d6c28000 ---p 00000000 00:00 0 
7ff2d6c28000-7ff2d6d26000 rw-p 00000000 00:00 0                          [stack:4586]
7ff2d6d26000-7ff2d6d29000 ---p 00000000 00:00 0 
7ff2d6d29000-7ff2d6e27000 rw-p 00000000 00:00 0                          [stack:4585]
7ff2d6e27000-7ff2d6e2a000 ---p 00000000 00:00 0 
7ff2d6e2a000-7ff2d6f28000 rw-p 00000000 00:00 0                          [stack:4584]
7ff2d6f28000-7ff2d6f2b000 ---p 00000000 00:00 0 
7ff2d6f2b000-7ff2d7029000 rw-p 00000000 00:00 0                          [stack:4583]
7ff2d7029000-7ff2d72f3000 r--p 00000000 08:11 261842                     /usr/lib/locale/locale-archive
7ff2d72f3000-7ff2d72f6000 ---p 00000000 00:00 0 
7ff2d72f6000-7ff2d73f4000 rw-p 00000000 00:00 0                          [stack:4582]
7ff2d73f4000-7ff2d73f7000 ---p 00000000 00:00 0 
7ff2d73f7000-7ff2d74f5000 rw-p 00000000 00:00 0                          [stack:4581]
7ff2d74f5000-7ff2d74f6000 ---p 00000000 00:00 0 
7ff2d74f6000-7ff2d8000000 rw-p 00000000 00:00 0                          [stack:4580]
7ff2d8000000-7ff2d8021000 rw-p 00000000 00:00 0 
7ff2d8021000-7ff2dc000000 ---p 00000000 00:00 0 
7ff2dc000000-7ff2dc021000 rw-p 00000000 00:00 0 
7ff2dc021000-7ff2e0000000 ---p 00000000 00:00 0 
7ff2e0000000-7ff2e0021000 rw-p 00000000 00:00 0 
7ff2e0021000-7ff2e4000000 ---p 00000000 00:00 0 
7ff2e404f000-7ff2e4627000 rw-p 00000000 00:00 0 
7ff2e4627000-7ff2e4800000 r--s 03d20000 08:11 556314                     /usr/lib/jvm/java-8-oracle/jre/lib/rt.jar
7ff2e4800000-7ff2e4ec0000 rw-p 00000000 00:00 0 
7ff2e4ec0000-7ff2e5000000 ---p 00000000 00:00 0 
7ff2e5000000-7ff2ed000000 rw-p 00000000 00:00 0 
7ff2ed000000-7ff2eda50000 rwxp 00000000 00:00 0 
7ff2eda50000-7ff2fc000000 ---p 00000000 00:00 0 
7ff2fc000000-7ff2fc394000 rw-p 00000000 00:00 0 
7ff2fc394000-7ff300000000 ---p 00000000 00:00 0 
7ff300003000-7ff30089a000 rw-p 00000000 00:00 0 
7ff30089a000-7ff30089b000 ---p 00000000 00:00 0 
7ff30089b000-7ff30099b000 rw-p 00000000 00:00 0                          [stack:4579]
7ff30099b000-7ff30099c000 ---p 00000000 00:00 0 
7ff30099c000-7ff300a9c000 rw-p 00000000 00:00 0                          [stack:4578]
7ff300a9c000-7ff300a9d000 ---p 00000000 00:00 0 
7ff300a9d000-7ff300b9d000 rw-p 00000000 00:00 0                          [stack:4577]
7ff300b9d000-7ff300b9e000 ---p 00000000 00:00 0 
7ff300b9e000-7ff300d05000 rw-p 00000000 00:00 0                          [stack:4576]
7ff300d05000-7ff3011f4000 ---p 00000000 00:00 0 
7ff3011f4000-7ff30125b000 rw-p 00000000 00:00 0 
7ff30125b000-7ff301749000 ---p 00000000 00:00 0 
7ff301749000-7ff30185f000 rw-p 00000000 00:00 0 
7ff30185f000-7ff3019f4000 ---p 00000000 00:00 0 
7ff3019f4000-7ff301a1f000 rw-p 00000000 00:00 0 
7ff301a1f000-7ff301db5000 ---p 00000000 00:00 0 
7ff301db5000-7ff301dcf000 r-xp 00000000 08:11 556514                     /usr/lib/jvm/java-8-oracle/jre/lib/amd64/libzip.so
7ff301dcf000-7ff301fcf000 ---p 0001a000 08:11 556514                     /usr/lib/jvm/java-8-oracle/jre/lib/amd64/libzip.so
7ff301fcf000-7ff301fd0000 rw-p 0001a000 08:11 556514                     /usr/lib/jvm/java-8-oracle/jre/lib/amd64/libzip.so
7ff301fd0000-7ff301fdc000 r-xp 00000000 08:11 406785                     /lib/x86_64-linux-gnu/libnss_files-2.21.so
7ff301fdc000-7ff3021db000 ---p 0000c000 08:11 406785                     /lib/x86_64-linux-gnu/libnss_files-2.21.so
7ff3021db000-7ff3021dc000 r--p 0000b000 08:11 406785                     /lib/x86_64-linux-gnu/libnss_files-2.21.so
7ff3021dc000-7ff3021dd000 rw-p 0000c000 08:11 406785                     /lib/x86_64-linux-gnu/libnss_files-2.21.so
7ff3021dd000-7ff3021e8000 r-xp 00000000 08:11 406772                     /lib/x86_64-linux-gnu/libnss_nis-2.21.so
7ff3021e8000-7ff3023e7000 ---p 0000b000 08:11 406772                     /lib/x86_64-linux-gnu/libnss_nis-2.21.so
7ff3023e7000-7ff3023e8000 r--p 0000a000 08:11 406772                     /lib/x86_64-linux-gnu/libnss_nis-2.21.so
7ff3023e8000-7ff3023e9000 rw-p 0000b000 08:11 406772                     /lib/x86_64-linux-gnu/libnss_nis-2.21.so
7ff3023e9000-7ff302400000 r-xp 00000000 08:11 406791                     /lib/x86_64-linux-gnu/libnsl-2.21.so
7ff302400000-7ff3025ff000 ---p 00017000 08:11 406791                     /lib/x86_64-linux-gnu/libnsl-2.21.so
7ff3025ff000-7ff302600000 r--p 00016000 08:11 406791                     /lib/x86_64-linux-gnu/libnsl-2.21.so
7ff302600000-7ff302601000 rw-p 00017000 08:11 406791                     /lib/x86_64-linux-gnu/libnsl-2.21.so
7ff302601000-7ff302603000 rw-p 00000000 00:00 0 
7ff302603000-7ff30260b000 r-xp 00000000 08:11 406787                     /lib/x86_64-linux-gnu/libnss_compat-2.21.so
7ff30260b000-7ff30280a000 ---p 00008000 08:11 406787                     /lib/x86_64-linux-gnu/libnss_compat-2.21.so
7ff30280a000-7ff30280b000 r--p 00007000 08:11 406787                     /lib/x86_64-linux-gnu/libnss_compat-2.21.so
7ff30280b000-7ff30280c000 rw-p 00008000 08:11 406787                     /lib/x86_64-linux-gnu/libnss_compat-2.21.so
7ff30280c000-7ff302836000 r-xp 00000000 08:11 556509                     /usr/lib/jvm/java-8-oracle/jre/lib/amd64/libjava.so
7ff302836000-7ff302a36000 ---p 0002a000 08:11 556509                     /usr/lib/jvm/java-8-oracle/jre/lib/amd64/libjava.so
7ff302a36000-7ff302a38000 rw-p 0002a000 08:11 556509                     /usr/lib/jvm/java-8-oracle/jre/lib/amd64/libjava.so
7ff302a38000-7ff302a45000 r-xp 00000000 08:11 556513                     /usr/lib/jvm/java-8-oracle/jre/lib/amd64/libverify.so
7ff302a45000-7ff302c45000 ---p 0000d000 08:11 556513                     /usr/lib/jvm/java-8-oracle/jre/lib/amd64/libverify.so
7ff302c45000-7ff302c47000 rw-p 0000d000 08:11 556513                     /usr/lib/jvm/java-8-oracle/jre/lib/amd64/libverify.so
7ff302c47000-7ff302c4e000 r-xp 00000000 08:11 406792                     /lib/x86_64-linux-gnu/librt-2.21.so
7ff302c4e000-7ff302e4d000 ---p 00007000 08:11 406792                     /lib/x86_64-linux-gnu/librt-2.21.so
7ff302e4d000-7ff302e4e000 r--p 00006000 08:11 406792                     /lib/x86_64-linux-gnu/librt-2.21.so
7ff302e4e000-7ff302e4f000 rw-p 00007000 08:11 406792                     /lib/x86_64-linux-gnu/librt-2.21.so
7ff302e4f000-7ff302f56000 r-xp 00000000 08:11 406790                     /lib/x86_64-linux-gnu/libm-2.21.so
7ff302f56000-7ff303155000 ---p 00107000 08:11 406790                     /lib/x86_64-linux-gnu/libm-2.21.so
7ff303155000-7ff303156000 r--p 00106000 08:11 406790                     /lib/x86_64-linux-gnu/libm-2.21.so
7ff303156000-7ff303157000 rw-p 00107000 08:11 406790                     /lib/x86_64-linux-gnu/libm-2.21.so
7ff303157000-7ff303e15000 r-xp 00000000 08:11 556492                     /usr/lib/jvm/java-8-oracle/jre/lib/amd64/server/libjvm.so
7ff303e15000-7ff304014000 ---p 00cbe000 08:11 556492                     /usr/lib/jvm/java-8-oracle/jre/lib/amd64/server/libjvm.so
7ff304014000-7ff3040ed000 rw-p 00cbd000 08:11 556492                     /usr/lib/jvm/java-8-oracle/jre/lib/amd64/server/libjvm.so
7ff3040ed000-7ff304131000 rw-p 00000000 00:00 0 
7ff304131000-7ff3042f1000 r-xp 00000000 08:11 406795                     /lib/x86_64-linux-gnu/libc-2.21.so
7ff3042f1000-7ff3044f1000 ---p 001c0000 08:11 406795                     /lib/x86_64-linux-gnu/libc-2.21.so
7ff3044f1000-7ff3044f5000 r--p 001c0000 08:11 406795                     /lib/x86_64-linux-gnu/libc-2.21.so
7ff3044f5000-7ff3044f7000 rw-p 001c4000 08:11 406795                     /lib/x86_64-linux-gnu/libc-2.21.so
7ff3044f7000-7ff3044fb000 rw-p 00000000 00:00 0 
7ff3044fb000-7ff3044fe000 r-xp 00000000 08:11 406778                     /lib/x86_64-linux-gnu/libdl-2.21.so
7ff3044fe000-7ff3046fd000 ---p 00003000 08:11 406778                     /lib/x86_64-linux-gnu/libdl-2.21.so
7ff3046fd000-7ff3046fe000 r--p 00002000 08:11 406778                     /lib/x86_64-linux-gnu/libdl-2.21.so
7ff3046fe000-7ff3046ff000 rw-p 00003000 08:11 406778                     /lib/x86_64-linux-gnu/libdl-2.21.so
7ff3046ff000-7ff304714000 r-xp 00000000 08:11 556192                     /usr/lib/jvm/java-8-oracle/lib/amd64/jli/libjli.so
7ff304714000-7ff304914000 ---p 00015000 08:11 556192                     /usr/lib/jvm/java-8-oracle/lib/amd64/jli/libjli.so
7ff304914000-7ff304915000 rw-p 00015000 08:11 556192                     /usr/lib/jvm/java-8-oracle/lib/amd64/jli/libjli.so
7ff304915000-7ff30492d000 r-xp 00000000 08:11 406782                     /lib/x86_64-linux-gnu/libpthread-2.21.so
7ff30492d000-7ff304b2d000 ---p 00018000 08:11 406782                     /lib/x86_64-linux-gnu/libpthread-2.21.so
7ff304b2d000-7ff304b2e000 r--p 00018000 08:11 406782                     /lib/x86_64-linux-gnu/libpthread-2.21.so
7ff304b2e000-7ff304b2f000 rw-p 00019000 08:11 406782                     /lib/x86_64-linux-gnu/libpthread-2.21.so
7ff304b2f000-7ff304b33000 rw-p 00000000 00:00 0 
7ff304b33000-7ff304b57000 r-xp 00000000 08:11 406781                     /lib/x86_64-linux-gnu/ld-2.21.so
7ff304b5f000-7ff304c32000 rw-p 00000000 00:00 0 
7ff304c32000-7ff304c35000 ---p 00000000 00:00 0 
7ff304c35000-7ff304d37000 rw-p 00000000 00:00 0                          [stack:4575]
7ff304d3a000-7ff304d3b000 rw-p 00000000 00:00 0 
7ff304d3b000-7ff304d4a000 r--s 000df000 08:01 16387229                   /home/gilmar/Android/Sdk/build-tools/23.0.2/lib/dx.jar
7ff304d4a000-7ff304d52000 rw-s 00000000 08:11 130978                     /tmp/hsperfdata_gilmar/4570
7ff304d52000-7ff304d53000 rw-p 00000000 00:00 0 
7ff304d53000-7ff304d54000 ---p 00000000 00:00 0 
7ff304d54000-7ff304d56000 rw-p 00000000 00:00 0 
7ff304d56000-7ff304d57000 r--p 00023000 08:11 406781                     /lib/x86_64-linux-gnu/ld-2.21.so
7ff304d57000-7ff304d58000 rw-p 00024000 08:11 406781                     /lib/x86_64-linux-gnu/ld-2.21.so
7ff304d58000-7ff304d59000 rw-p 00000000 00:00 0 
7ffe93dc1000-7ffe93de2000 rw-p 00000000 00:00 0                          [stack]
7ffe93dec000-7ffe93dee000 r--p 00000000 00:00 0                          [vvar]
7ffe93dee000-7ffe93df0000 r-xp 00000000 00:00 0                          [vdso]
ffffffffff600000-ffffffffff601000 r-xp 00000000 00:00 0                  [vsyscall]

VM Arguments:
jvm_args: -Xmx4g -Dfile.encoding=UTF-8 -Duser.country=BR -Duser.language=pt -Duser.variant 
java_command: com.android.dx.command.Main --dex --num-threads=4 --multi-dex --main-dex-list /home/gilmar/AndroidStudioProjects/Multicon/Myclass/app/build/intermediates/multi-dex/debug/maindexlist.txt --output /home/gilmar/AndroidStudioProjects/Multicon/Myclass/app/build/intermediates/dex/debug /home/gilmar/AndroidStudioProjects/Multicon/Myclass/app/build/intermediates/multi-dex/debug/allclasses.jar
java_class_path (initial): /home/gilmar/Android/Sdk/build-tools/23.0.2/lib/dx.jar
Launcher Type: SUN_STANDARD

Environment Variables:
JAVA_HOME=/path/to/jdk
PATH=/opt/apache-maven-3.3.3/bin:/usr/local/sbin:/usr/local/bin:/usr/sbin:/usr/bin:/sbin:/bin:/usr/games:/usr/local/games" JAVA_HOME=/usr/lib/jvm/java-7-oracle
USERNAME=gilmar
LD_LIBRARY_PATH=/opt/android-studio/bin/.:
SHELL=/bin/bash
DISPLAY=:1

Signal Handlers:
SIGSEGV: [libjvm.so+0xaba2a0], sa_mask[0]=11111111011111111101111111111110, sa_flags=SA_RESTART|SA_SIGINFO
SIGBUS: [libjvm.so+0xaba2a0], sa_mask[0]=11111111011111111101111111111110, sa_flags=SA_RESTART|SA_SIGINFO
SIGFPE: [libjvm.so+0x917710], sa_mask[0]=11111111011111111101111111111110, sa_flags=SA_RESTART|SA_SIGINFO
SIGPIPE: [libjvm.so+0x917710], sa_mask[0]=11111111011111111101111111111110, sa_flags=SA_RESTART|SA_SIGINFO
SIGXFSZ: [libjvm.so+0x917710], sa_mask[0]=11111111011111111101111111111110, sa_flags=SA_RESTART|SA_SIGINFO
SIGILL: [libjvm.so+0x917710], sa_mask[0]=11111111011111111101111111111110, sa_flags=SA_RESTART|SA_SIGINFO
SIGUSR1: SIG_DFL, sa_mask[0]=00000000000000000000000000000000, sa_flags=none
SIGUSR2: [libjvm.so+0x918d40], sa_mask[0]=00100000000000000000000000000000, sa_flags=SA_RESTART|SA_SIGINFO
SIGHUP: [libjvm.so+0x91a140], sa_mask[0]=11111111011111111101111111111110, sa_flags=SA_RESTART|SA_SIGINFO
SIGINT: [libjvm.so+0x91a140], sa_mask[0]=11111111011111111101111111111110, sa_flags=SA_RESTART|SA_SIGINFO
SIGTERM: [libjvm.so+0x91a140], sa_mask[0]=11111111011111111101111111111110, sa_flags=SA_RESTART|SA_SIGINFO
SIGQUIT: [libjvm.so+0x91a140], sa_mask[0]=11111111011111111101111111111110, sa_flags=SA_RESTART|SA_SIGINFO


---------------  S Y S T E M  ---------------

OS:DISTRIB_ID=Ubuntu
DISTRIB_RELEASE=15.10
DISTRIB_CODENAME=wily
DISTRIB_DESCRIPTION="Ubuntu 15.10"

uname:Linux 4.2.0-19-generic #23-Ubuntu SMP Wed Nov 11 11:39:30 UTC 2015 x86_64
libc:glibc 2.21 NPTL 2.21 
rlimit: STACK 8192k, CORE 0k, NPROC 23203, NOFILE 65536, AS infinity
load average:3,88 2,83 2,40

/proc/meminfo:
MemTotal:        5974904 kB
MemFree:           45036 kB
MemAvailable:      79556 kB
Buffers:            1172 kB
Cached:           846540 kB
SwapCached:            0 kB
Active:          4980728 kB
Inactive:         738508 kB
Active(anon):    4969136 kB
Inactive(anon):   731584 kB
Active(file):      11592 kB
Inactive(file):     6924 kB
Unevictable:           0 kB
Mlocked:               0 kB
SwapTotal:             0 kB
SwapFree:              0 kB
Dirty:               212 kB
Writeback:             0 kB
AnonPages:       4871676 kB
Mapped:           265780 kB
Shmem:            828848 kB
Slab:              88536 kB
SReclaimable:      49468 kB
SUnreclaim:        39068 kB
KernelStack:       11600 kB
PageTables:        44852 kB
NFS_Unstable:          0 kB
Bounce:                0 kB
WritebackTmp:          0 kB
CommitLimit:     2987452 kB
Committed_AS:   11656024 kB
VmallocTotal:   34359738367 kB
VmallocUsed:      370708 kB
VmallocChunk:   34358947836 kB
HardwareCorrupted:     0 kB
AnonHugePages:   2123776 kB
CmaTotal:              0 kB
CmaFree:               0 kB
HugePages_Total:       0
HugePages_Free:        0
HugePages_Rsvd:        0
HugePages_Surp:        0
Hugepagesize:       2048 kB
DirectMap4k:      164752 kB
DirectMap2M:     5990400 kB


CPU:total 4 (2 cores per cpu, 2 threads per core) family 6 model 58 stepping 9, cmov, cx8, fxsr, mmx, sse, sse2, sse3, ssse3, sse4.1, sse4.2, popcnt, avx, aes, clmul, erms, ht, tsc, tscinvbit, tscinv

/proc/cpuinfo:
processor	: 0
vendor_id	: GenuineIntel
cpu family	: 6
model		: 58
model name	: Intel(R) Core(TM) i5-3337U CPU @ 1.80GHz
stepping	: 9
microcode	: 0x17
cpu MHz		: 2513.953
cache size	: 3072 KB
physical id	: 0
siblings	: 4
core id		: 0
cpu cores	: 2
apicid		: 0
initial apicid	: 0
fpu		: yes
fpu_exception	: yes
cpuid level	: 13
wp		: yes
flags		: fpu vme de pse tsc msr pae mce cx8 apic sep mtrr pge mca cmov pat pse36 clflush dts acpi mmx fxsr sse sse2 ss ht tm pbe syscall nx rdtscp lm constant_tsc arch_perfmon pebs bts rep_good nopl xtopology nonstop_tsc aperfmperf eagerfpu pni pclmulqdq dtes64 monitor ds_cpl vmx est tm2 ssse3 cx16 xtpr pdcm pcid sse4_1 sse4_2 x2apic popcnt tsc_deadline_timer aes xsave avx f16c rdrand lahf_lm ida arat epb pln pts dtherm tpr_shadow vnmi flexpriority ept vpid fsgsbase smep erms xsaveopt
bugs		:
bogomips	: 3591.50
clflush size	: 64
cache_alignment	: 64
address sizes	: 36 bits physical, 48 bits virtual
power management:

processor	: 1
vendor_id	: GenuineIntel
cpu family	: 6
model		: 58
model name	: Intel(R) Core(TM) i5-3337U CPU @ 1.80GHz
stepping	: 9
microcode	: 0x17
cpu MHz		: 2499.960
cache size	: 3072 KB
physical id	: 0
siblings	: 4
core id		: 1
cpu cores	: 2
apicid		: 2
initial apicid	: 2
fpu		: yes
fpu_exception	: yes
cpuid level	: 13
wp		: yes
flags		: fpu vme de pse tsc msr pae mce cx8 apic sep mtrr pge mca cmov pat pse36 clflush dts acpi mmx fxsr sse sse2 ss ht tm pbe syscall nx rdtscp lm constant_tsc arch_perfmon pebs bts rep_good nopl xtopology nonstop_tsc aperfmperf eagerfpu pni pclmulqdq dtes64 monitor ds_cpl vmx est tm2 ssse3 cx16 xtpr pdcm pcid sse4_1 sse4_2 x2apic popcnt tsc_deadline_timer aes xsave avx f16c rdrand lahf_lm ida arat epb pln pts dtherm tpr_shadow vnmi flexpriority ept vpid fsgsbase smep erms xsaveopt
bugs		:
bogomips	: 3591.50
clflush size	: 64
cache_alignment	: 64
address sizes	: 36 bits physical, 48 bits virtual
power management:

processor	: 2
vendor_id	: GenuineIntel
cpu family	: 6
model		: 58
model name	: Intel(R) Core(TM) i5-3337U CPU @ 1.80GHz
stepping	: 9
microcode	: 0x17
cpu MHz		: 2520.000
cache size	: 3072 KB
physical id	: 0
siblings	: 4
core id		: 0
cpu cores	: 2
apicid		: 1
initial apicid	: 1
fpu		: yes
fpu_exception	: yes
cpuid level	: 13
wp		: yes
flags		: fpu vme de pse tsc msr pae mce cx8 apic sep mtrr pge mca cmov pat pse36 clflush dts acpi mmx fxsr sse sse2 ss ht tm pbe syscall nx rdtscp lm constant_tsc arch_perfmon pebs bts rep_good nopl xtopology nonstop_tsc aperfmperf eagerfpu pni pclmulqdq dtes64 monitor ds_cpl vmx est tm2 ssse3 cx16 xtpr pdcm pcid sse4_1 sse4_2 x2apic popcnt tsc_deadline_timer aes xsave avx f16c rdrand lahf_lm ida arat epb pln pts dtherm tpr_shadow vnmi flexpriority ept vpid fsgsbase smep erms xsaveopt
bugs		:
bogomips	: 3591.50
clflush size	: 64
cache_alignment	: 64
address sizes	: 36 bits physical, 48 bits virtual
power management:

processor	: 3
vendor_id	: GenuineIntel
cpu family	: 6
model		: 58
model name	: Intel(R) Core(TM) i5-3337U CPU @ 1.80GHz
stepping	: 9
microcode	: 0x17
cpu MHz		: 2499.960
cache size	: 3072 KB
physical id	: 0
siblings	: 4
core id		: 1
cpu cores	: 2
apicid		: 3
initial apicid	: 3
fpu		: yes
fpu_exception	: yes
cpuid level	: 13
wp		: yes
flags		: fpu vme de pse tsc msr pae mce cx8 apic sep mtrr pge mca cmov pat pse36 clflush dts acpi mmx fxsr sse sse2 ss ht tm pbe syscall nx rdtscp lm constant_tsc arch_perfmon pebs bts rep_good nopl xtopology nonstop_tsc aperfmperf eagerfpu pni pclmulqdq dtes64 monitor ds_cpl vmx est tm2 ssse3 cx16 xtpr pdcm pcid sse4_1 sse4_2 x2apic popcnt tsc_deadline_timer aes xsave avx f16c rdrand lahf_lm ida arat epb pln pts dtherm tpr_shadow vnmi flexpriority ept vpid fsgsbase smep erms xsaveopt
bugs		:
bogomips	: 3591.50
clflush size	: 64
cache_alignment	: 64
address sizes	: 36 bits physical, 48 bits virtual
power management:



Memory: 4k page, physical 5974904k(45036k free), swap 0k(0k free)

vm_info: Java HotSpot(TM) 64-Bit Server VM (25.66-b17) for linux-amd64 JRE (1.8.0_66-b17), built on Oct  6 2015 17:28:34 by "java_re" with gcc 4.3.0 20080428 (Red Hat 4.3.0-8)

time: Sat Dec 19 17:53:08 2015
elapsed time: 13 seconds (0d 0h 0m 13s)

