#
# There is insufficient memory for the Java Runtime Environment to continue.
# Native memory allocation (mmap) failed to map 138412032 bytes for committing reserved memory.
# Possible reasons:
#   The system is out of physical RAM or swap space
#   In 32 bit mode, the process size limit was hit
# Possible solutions:
#   Reduce memory load on the system
#   Increase physical memory or swap space
#   Check if swap backing store is full
#   Use 64 bit Java on a 64 bit OS
#   Decrease Java heap size (-Xmx/-Xms)
#   Decrease number of Java threads
#   Decrease Java thread stack sizes (-Xss)
#   Set larger code cache with -XX:ReservedCodeCacheSize=
# This output file may be truncated or incomplete.
#
#  Out of Memory Error (os_linux.cpp:2627), pid=4518, tid=139630724757248
#
# JRE version: Java(TM) SE Runtime Environment (8.0_66-b17) (build 1.8.0_66-b17)
# Java VM: Java HotSpot(TM) 64-Bit Server VM (25.66-b17 mixed mode linux-amd64 compressed oops)
# Failed to write core dump. Core dumps have been disabled. To enable core dumping, try "ulimit -c unlimited" before starting Java again
#

---------------  T H R E A D  ---------------

Current thread (0x00007efe64078000):  VMThread [stack: 0x00007efe4fafb000,0x00007efe4fbfc000] [id=4528]

Stack: [0x00007efe4fafb000,0x00007efe4fbfc000],  sp=0x00007efe4fbfa2a0,  free space=1020k
Native frames: (J=compiled Java code, j=interpreted, Vv=VM code, C=native code)
V  [libjvm.so+0xab9a1a]  VMError::report_and_die()+0x2ba
V  [libjvm.so+0x4f9e0b]  report_vm_out_of_memory(char const*, int, unsigned long, VMErrorType, char const*)+0x8b
V  [libjvm.so+0x91a8a3]  os::Linux::commit_memory_impl(char*, unsigned long, bool)+0x103
V  [libjvm.so+0x91adf9]  os::pd_commit_memory(char*, unsigned long, unsigned long, bool)+0x29
V  [libjvm.so+0x91510a]  os::commit_memory(char*, unsigned long, unsigned long, bool)+0x2a
V  [libjvm.so+0x9887a3]  PSVirtualSpace::expand_by(unsigned long)+0x53
V  [libjvm.so+0x979090]  PSOldGen::expand(unsigned long)+0x170
V  [libjvm.so+0x97929b]  PSOldGen::resize(unsigned long)+0x1cb
V  [libjvm.so+0x980f71]  PSParallelCompact::invoke_no_policy(bool)+0x991
V  [libjvm.so+0x9868cd]  PSScavenge::invoke()+0x1ad
V  [libjvm.so+0x93e500]  ParallelScavengeHeap::failed_mem_allocate(unsigned long)+0x70
V  [libjvm.so+0xabb437]  VM_ParallelGCFailedAllocation::doit()+0x97
V  [libjvm.so+0xac2e65]  VM_Operation::evaluate()+0x55
V  [libjvm.so+0xac123a]  VMThread::evaluate_operation(VM_Operation*)+0xba
V  [libjvm.so+0xac15be]  VMThread::loop()+0x1ce
V  [libjvm.so+0xac1a30]  VMThread::run()+0x70
V  [libjvm.so+0x91cc68]  java_start(Thread*)+0x108

VM_Operation (0x00007efe6d3d2760): ParallelGCFailedAllocation, mode: safepoint, requested by thread 0x00007efe6400a000


---------------  P R O C E S S  ---------------

Java Threads: ( => current thread )
  0x00007efe64263800 JavaThread "pool-2-thread-4" [_thread_blocked, id=4541, stack(0x00007efe4eb24000,0x00007efe4ec25000)]
  0x00007efe64261800 JavaThread "pool-2-thread-3" [_thread_blocked, id=4540, stack(0x00007efe4ec25000,0x00007efe4ed26000)]
  0x00007efe6425f800 JavaThread "pool-2-thread-2" [_thread_blocked, id=4539, stack(0x00007efe4ed26000,0x00007efe4ee27000)]
  0x00007efe6425e800 JavaThread "pool-3-thread-1" [_thread_blocked, id=4538, stack(0x00007efe4ee27000,0x00007efe4ef28000)]
  0x00007efe64254000 JavaThread "pool-2-thread-1" [_thread_blocked, id=4537, stack(0x00007efe4ef28000,0x00007efe4f029000)]
  0x00007efe640c0800 JavaThread "Service Thread" daemon [_thread_blocked, id=4535, stack(0x00007efe4f12a000,0x00007efe4f22b000)]
  0x00007efe640bb800 JavaThread "C1 CompilerThread2" daemon [_thread_blocked, id=4534, stack(0x00007efe4f22b000,0x00007efe4f32c000)]
  0x00007efe640b9800 JavaThread "C2 CompilerThread1" daemon [_thread_blocked, id=4533, stack(0x00007efe4f32c000,0x00007efe4f42d000)]
  0x00007efe640b6800 JavaThread "C2 CompilerThread0" daemon [_thread_blocked, id=4532, stack(0x00007efe4f42d000,0x00007efe4f52e000)]
  0x00007efe640b5000 JavaThread "Signal Dispatcher" daemon [_thread_blocked, id=4531, stack(0x00007efe4f52e000,0x00007efe4f62f000)]
  0x00007efe6407f800 JavaThread "Finalizer" daemon [_thread_blocked, id=4530, stack(0x00007efe4f8f9000,0x00007efe4f9fa000)]
  0x00007efe6407d000 JavaThread "Reference Handler" daemon [_thread_blocked, id=4529, stack(0x00007efe4f9fa000,0x00007efe4fafb000)]
  0x00007efe6400a000 JavaThread "main" [_thread_blocked, id=4523, stack(0x00007efe6d2d4000,0x00007efe6d3d5000)]

Other Threads:
=>0x00007efe64078000 VMThread [stack: 0x00007efe4fafb000,0x00007efe4fbfc000] [id=4528]
  0x00007efe640c3800 WatcherThread [stack: 0x00007efe4f029000,0x00007efe4f12a000] [id=4536]

VM state:at safepoint (normal execution)

VM Mutex/Monitor currently owned by a thread:  ([mutex/lock_event])
[0x00007efe64005da0] ExpandHeap_lock - owner thread: 0x00007efe64078000
[0x00007efe64006420] Threads_lock - owner thread: 0x00007efe64078000
[0x00007efe64006920] Heap_lock - owner thread: 0x00007efe6400a000

Heap:
 PSYoungGen      total 417280K, used 10416K [0x000000076ab00000, 0x000000078d080000, 0x00000007c0000000)
  eden space 343040K, 0% used [0x000000076ab00000,0x000000076ab00000,0x000000077fa00000)
  from space 74240K, 14% used [0x000000077fa00000,0x000000078042c398,0x0000000784280000)
  to   space 79872K, 0% used [0x0000000788280000,0x0000000788280000,0x000000078d080000)
 ParOldGen       total 211968K, used 211729K [0x00000006c0000000, 0x00000006ccf00000, 0x000000076ab00000)
  object space 211968K, 99% used [0x00000006c0000000,0x00000006ccec44f0,0x00000006ccf00000)
 Metaspace       used 6525K, capacity 7320K, committed 7680K, reserved 1056768K
  class space    used 615K, capacity 656K, committed 768K, reserved 1048576K

Card table byte_map: [0x00007efe69896000,0x00007efe6a097000] byte_map_base: 0x00007efe66296000

Marking Bits: (ParMarkBitMap*) 0x00007efe6c7a8020
 Begin Bits: [0x00007efe38000000, 0x00007efe3c000000)
 End Bits:   [0x00007efe3c000000, 0x00007efe40000000)

Polling page: 0x00007efe6d3f5000

CodeCache: size=245760Kb used=10715Kb max_used=10731Kb free=235045Kb
 bounds [0x00007efe55000000, 0x00007efe55a90000, 0x00007efe64000000]
 total_blobs=2688 nmethods=2419 adapters=182
 compilation: enabled

Compilation events (10 events):
Event: 12,086 Thread 0x00007efe640b6800 2517       4       com.android.dx.ssa.SCCP::run (298 bytes)
Event: 12,322 Thread 0x00007efe640b9800 nmethod 2552 0x00007efe55a6fb10 code [0x00007efe55a701e0, 0x00007efe55a767c0]
Event: 12,323 Thread 0x00007efe640b9800 2462       4       com.android.dx.ssa.back.SsaToRop$1::visitBlock (97 bytes)
Event: 12,380 Thread 0x00007efe640b6800 nmethod 2517 0x00007efe55a80550 code [0x00007efe55a80be0, 0x00007efe55a84ba0]
Event: 12,380 Thread 0x00007efe640b6800 1589       4       com.android.dx.ssa.SsaRenamer$BlockRenamer::visitNonMoveInsn (14 bytes)
Event: 12,382 Thread 0x00007efe640b6800 nmethod 1589 0x00007efe55a05190 code [0x00007efe55a052e0, 0x00007efe55a053b8]
Event: 12,382 Thread 0x00007efe640b6800 2533       4       com.android.dx.dex.code.RopTranslator::pickOrder (400 bytes)
Event: 12,385 Thread 0x00007efe640b9800 nmethod 2462 0x00007efe55a6c950 code [0x00007efe55a6cbe0, 0x00007efe55a6e2b8]
Event: 12,385 Thread 0x00007efe640b9800 2265   !   4       com.android.dx.rop.code.RegisterSpecSet::get (18 bytes)
Event: 12,386 Thread 0x00007efe640b9800 nmethod 2265 0x00007efe55a04ed0 code [0x00007efe55a05020, 0x00007efe55a050d8]

GC Heap History (10 events):
Event: 5,429 GC heap after
Heap after GC invocations=11 (full 1):
 PSYoungGen      total 328704K, used 26409K [0x000000076ab00000, 0x0000000782500000, 0x00000007c0000000)
  eden space 287232K, 0% used [0x000000076ab00000,0x000000076ab00000,0x000000077c380000)
  from space 41472K, 63% used [0x000000077f180000,0x0000000780b4a550,0x0000000781a00000)
  to   space 47104K, 0% used [0x000000077c380000,0x000000077c380000,0x000000077f180000)
 ParOldGen       total 117760K, used 62909K [0x00000006c0000000, 0x00000006c7300000, 0x000000076ab00000)
  object space 117760K, 53% used [0x00000006c0000000,0x00000006c3d6f660,0x00000006c7300000)
 Metaspace       used 6471K, capacity 7256K, committed 7424K, reserved 1056768K
  class space    used 615K, capacity 656K, committed 768K, reserved 1048576K
}
Event: 6,842 GC heap before
{Heap before GC invocations=12 (full 1):
 PSYoungGen      total 328704K, used 313641K [0x000000076ab00000, 0x0000000782500000, 0x00000007c0000000)
  eden space 287232K, 100% used [0x000000076ab00000,0x000000077c380000,0x000000077c380000)
  from space 41472K, 63% used [0x000000077f180000,0x0000000780b4a550,0x0000000781a00000)
  to   space 47104K, 0% used [0x000000077c380000,0x000000077c380000,0x000000077f180000)
 ParOldGen       total 117760K, used 62909K [0x00000006c0000000, 0x00000006c7300000, 0x000000076ab00000)
  object space 117760K, 53% used [0x00000006c0000000,0x00000006c3d6f660,0x00000006c7300000)
 Metaspace       used 6507K, capacity 7256K, committed 7424K, reserved 1056768K
  class space    used 615K, capacity 656K, committed 768K, reserved 1048576K
Event: 7,009 GC heap after
Heap after GC invocations=12 (full 1):
 PSYoungGen      total 334336K, used 43583K [0x000000076ab00000, 0x0000000787700000, 0x00000007c0000000)
  eden space 287232K, 0% used [0x000000076ab00000,0x000000076ab00000,0x000000077c380000)
  from space 47104K, 92% used [0x000000077c380000,0x000000077ee0fda0,0x000000077f180000)
  to   space 53760K, 0% used [0x0000000784280000,0x0000000784280000,0x0000000787700000)
 ParOldGen       total 117760K, used 88675K [0x00000006c0000000, 0x00000006c7300000, 0x000000076ab00000)
  object space 117760K, 75% used [0x00000006c0000000,0x00000006c5698cf0,0x00000006c7300000)
 Metaspace       used 6507K, capacity 7256K, committed 7424K, reserved 1056768K
  class space    used 615K, capacity 656K, committed 768K, reserved 1048576K
}
Event: 8,143 GC heap before
{Heap before GC invocations=13 (full 1):
 PSYoungGen      total 334336K, used 330815K [0x000000076ab00000, 0x0000000787700000, 0x00000007c0000000)
  eden space 287232K, 100% used [0x000000076ab00000,0x000000077c380000,0x000000077c380000)
  from space 47104K, 92% used [0x000000077c380000,0x000000077ee0fda0,0x000000077f180000)
  to   space 53760K, 0% used [0x0000000784280000,0x0000000784280000,0x0000000787700000)
 ParOldGen       total 117760K, used 88675K [0x00000006c0000000, 0x00000006c7300000, 0x000000076ab00000)
  object space 117760K, 75% used [0x00000006c0000000,0x00000006c5698cf0,0x00000006c7300000)
 Metaspace       used 6514K, capacity 7256K, committed 7424K, reserved 1056768K
  class space    used 615K, capacity 656K, committed 768K, reserved 1048576K
Event: 8,320 GC heap after
Heap after GC invocations=13 (full 1):
 PSYoungGen      total 396800K, used 53734K [0x000000076ab00000, 0x000000078a280000, 0x00000007c0000000)
  eden space 343040K, 0% used [0x000000076ab00000,0x000000076ab00000,0x000000077fa00000)
  from space 53760K, 99% used [0x0000000784280000,0x00000007876f9910,0x0000000787700000)
  to   space 74240K, 0% used [0x000000077fa00000,0x000000077fa00000,0x0000000784280000)
 ParOldGen       total 118784K, used 118625K [0x00000006c0000000, 0x00000006c7400000, 0x000000076ab00000)
  object space 118784K, 99% used [0x00000006c0000000,0x00000006c73d87e0,0x00000006c7400000)
 Metaspace       used 6514K, capacity 7256K, committed 7424K, reserved 1056768K
  class space    used 615K, capacity 656K, committed 768K, reserved 1048576K
}
Event: 8,320 GC heap before
{Heap before GC invocations=14 (full 2):
 PSYoungGen      total 396800K, used 53734K [0x000000076ab00000, 0x000000078a280000, 0x00000007c0000000)
  eden space 343040K, 0% used [0x000000076ab00000,0x000000076ab00000,0x000000077fa00000)
  from space 53760K, 99% used [0x0000000784280000,0x00000007876f9910,0x0000000787700000)
  to   space 74240K, 0% used [0x000000077fa00000,0x000000077fa00000,0x0000000784280000)
 ParOldGen       total 118784K, used 118625K [0x00000006c0000000, 0x00000006c7400000, 0x000000076ab00000)
  object space 118784K, 99% used [0x00000006c0000000,0x00000006c73d87e0,0x00000006c7400000)
 Metaspace       used 6514K, capacity 7256K, committed 7424K, reserved 1056768K
  class space    used 615K, capacity 656K, committed 768K, reserved 1048576K
Event: 9,762 GC heap after
Heap after GC invocations=14 (full 2):
 PSYoungGen      total 396800K, used 51959K [0x000000076ab00000, 0x000000078a280000, 0x00000007c0000000)
  eden space 343040K, 0% used [0x000000076ab00000,0x000000076ab00000,0x000000077fa00000)
  from space 53760K, 96% used [0x0000000784280000,0x000000078753dd80,0x0000000787700000)
  to   space 74240K, 0% used [0x000000077fa00000,0x000000077fa00000,0x0000000784280000)
 ParOldGen       total 211968K, used 118719K [0x00000006c0000000, 0x00000006ccf00000, 0x000000076ab00000)
  object space 211968K, 56% used [0x00000006c0000000,0x00000006c73efe78,0x00000006ccf00000)
 Metaspace       used 6514K, capacity 7256K, committed 7424K, reserved 1056768K
  class space    used 615K, capacity 656K, committed 768K, reserved 1048576K
}
Event: 12,400 GC heap before
{Heap before GC invocations=15 (full 2):
 PSYoungGen      total 396800K, used 394999K [0x000000076ab00000, 0x000000078a280000, 0x00000007c0000000)
  eden space 343040K, 100% used [0x000000076ab00000,0x000000077fa00000,0x000000077fa00000)
  from space 53760K, 96% used [0x0000000784280000,0x000000078753dd80,0x0000000787700000)
  to   space 74240K, 0% used [0x000000077fa00000,0x000000077fa00000,0x0000000784280000)
 ParOldGen       total 211968K, used 118719K [0x00000006c0000000, 0x00000006ccf00000, 0x000000076ab00000)
  object space 211968K, 56% used [0x00000006c0000000,0x00000006c73efe78,0x00000006ccf00000)
 Metaspace       used 6525K, capacity 7320K, committed 7680K, reserved 1056768K
  class space    used 615K, capacity 656K, committed 768K, reserved 1048576K
Event: 12,609 GC heap after
Heap after GC invocations=15 (full 2):
 PSYoungGen      total 417280K, used 53666K [0x000000076ab00000, 0x000000078d080000, 0x00000007c0000000)
  eden space 343040K, 0% used [0x000000076ab00000,0x000000076ab00000,0x000000077fa00000)
  from space 74240K, 72% used [0x000000077fa00000,0x0000000782e689e0,0x0000000784280000)
  to   space 79872K, 0% used [0x0000000788280000,0x0000000788280000,0x000000078d080000)
 ParOldGen       total 211968K, used 170962K [0x00000006c0000000, 0x00000006ccf00000, 0x000000076ab00000)
  object space 211968K, 80% used [0x00000006c0000000,0x00000006ca6f4ac0,0x00000006ccf00000)
 Metaspace       used 6525K, capacity 7320K, committed 7680K, reserved 1056768K
  class space    used 615K, capacity 656K, committed 768K, reserved 1048576K
}
Event: 12,609 GC heap before
{Heap before GC invocations=16 (full 3):
 PSYoungGen      total 417280K, used 53666K [0x000000076ab00000, 0x000000078d080000, 0x00000007c0000000)
  eden space 343040K, 0% used [0x000000076ab00000,0x000000076ab00000,0x000000077fa00000)
  from space 74240K, 72% used [0x000000077fa00000,0x0000000782e689e0,0x0000000784280000)
  to   space 79872K, 0% used [0x0000000788280000,0x0000000788280000,0x000000078d080000)
 ParOldGen       total 211968K, used 170962K [0x00000006c0000000, 0x00000006ccf00000, 0x000000076ab00000)
  object space 211968K, 80% used [0x00000006c0000000,0x00000006ca6f4ac0,0x00000006ccf00000)
 Metaspace       used 6525K, capacity 7320K, committed 7680K, reserved 1056768K
  class space    used 615K, capacity 656K, committed 768K, reserved 1048576K

Deoptimization events (10 events):
Event: 6,675 Thread 0x00007efe64254000 Uncommon trap: reason=unstable_if action=reinterpret pc=0x00007efe5587c120 method=com.android.dx.rop.cst.CstNat.equals(Ljava/lang/Object;)Z @ 25
Event: 7,334 Thread 0x00007efe64263800 Uncommon trap: reason=bimorphic action=maybe_recompile pc=0x00007efe55941890 method=com.android.dx.rop.code.RegisterSpec.withSimpleType()Lcom/android/dx/rop/code/RegisterSpec; @ 21
Event: 7,335 Thread 0x00007efe64263800 Uncommon trap: reason=bimorphic action=maybe_recompile pc=0x00007efe55941890 method=com.android.dx.rop.code.RegisterSpec.withSimpleType()Lcom/android/dx/rop/code/RegisterSpec; @ 21
Event: 7,675 Thread 0x00007efe6400a000 Uncommon trap: reason=bimorphic action=maybe_recompile pc=0x00007efe55941890 method=com.android.dx.rop.code.RegisterSpec.withSimpleType()Lcom/android/dx/rop/code/RegisterSpec; @ 21
Event: 7,692 Thread 0x00007efe64261800 Uncommon trap: reason=bimorphic action=maybe_recompile pc=0x00007efe55941890 method=com.android.dx.rop.code.RegisterSpec.withSimpleType()Lcom/android/dx/rop/code/RegisterSpec; @ 21
Event: 7,740 Thread 0x00007efe64254000 Uncommon trap: reason=bimorphic action=maybe_recompile pc=0x00007efe55745c78 method=com.android.dx.ssa.LiteralOpUpgrader.tryReplacingWithConstant(Lcom/android/dx/ssa/NormalSsaInsn;)Z @ 62
Event: 7,807 Thread 0x00007efe64254000 Uncommon trap: reason=bimorphic action=maybe_recompile pc=0x00007efe55745c78 method=com.android.dx.ssa.LiteralOpUpgrader.tryReplacingWithConstant(Lcom/android/dx/ssa/NormalSsaInsn;)Z @ 62
Event: 10,644 Thread 0x00007efe64261800 Uncommon trap: reason=bimorphic action=maybe_recompile pc=0x00007efe559299fc method=com.android.dx.cf.code.BytecodeArray.parseInstruction(ILcom/android/dx/cf/code/BytecodeArray$Visitor;)I @ 2554
Event: 10,644 Thread 0x00007efe64261800 Uncommon trap: reason=bimorphic action=maybe_recompile pc=0x00007efe559299fc method=com.android.dx.cf.code.BytecodeArray.parseInstruction(ILcom/android/dx/cf/code/BytecodeArray$Visitor;)I @ 2554
Event: 10,683 Thread 0x00007efe64254000 Uncommon trap: reason=unstable_if action=reinterpret pc=0x00007efe55998084 method=com.android.dx.rop.code.LocalVariableInfo.mergeStarts(ILcom/android/dx/rop/code/RegisterSpecSet;)Z @ 31

Internal exceptions (7 events):
Event: 0,035 Thread 0x00007efe6400a000 Exception <a 'java/lang/NoSuchMethodError': Method sun.misc.Unsafe.defineClass(Ljava/lang/String;[BII)Ljava/lang/Class; name or signature does not match> (0x000000076ab129f0) thrown at [/HUDSON/workspace/8-2-build-linux-amd64/jdk8u66/4988/hotspot/src/shar
Event: 0,035 Thread 0x00007efe6400a000 Exception <a 'java/lang/NoSuchMethodError': Method sun.misc.Unsafe.prefetchRead(Ljava/lang/Object;J)V name or signature does not match> (0x000000076ab12cd8) thrown at [/HUDSON/workspace/8-2-build-linux-amd64/jdk8u66/4988/hotspot/src/share/vm/prims/jni.cpp
Event: 1,286 Thread 0x00007efe6400a000 Implicit null exception at 0x00007efe553368bb to 0x00007efe55339539
Event: 2,668 Thread 0x00007efe64254000 Exception <a 'java/lang/ArrayIndexOutOfBoundsException': 18> (0x000000076ae8efd8) thrown at [/HUDSON/workspace/8-2-build-linux-amd64/jdk8u66/4988/hotspot/src/share/vm/interpreter/interpreterRuntime.cpp, line 366]
Event: 2,668 Thread 0x00007efe64254000 Exception <a 'java/lang/ArrayIndexOutOfBoundsException': 145> (0x000000076ae90b58) thrown at [/HUDSON/workspace/8-2-build-linux-amd64/jdk8u66/4988/hotspot/src/share/vm/interpreter/interpreterRuntime.cpp, line 366]
Event: 2,669 Thread 0x00007efe64254000 Exception <a 'java/lang/ArrayIndexOutOfBoundsException': 40> (0x000000076ae91e40) thrown at [/HUDSON/workspace/8-2-build-linux-amd64/jdk8u66/4988/hotspot/src/share/vm/interpreter/interpreterRuntime.cpp, line 366]
Event: 5,917 Thread 0x00007efe6400a000 Implicit null exception at 0x00007efe555805aa to 0x00007efe55581eb9

Events (10 events):
Event: 10,880 Thread 0x00007efe64261800 DEOPT UNPACKING pc=0x00007efe55047633 sp=0x00007efe4ed23b00 mode 0
Event: 10,982 Thread 0x00007efe64261800 DEOPT PACKING pc=0x00007efe553d4874 sp=0x00007efe4ed23e00
Event: 10,982 Thread 0x00007efe64261800 DEOPT UNPACKING pc=0x00007efe55047633 sp=0x00007efe4ed23b00 mode 0
Event: 11,068 Thread 0x00007efe64261800 DEOPT PACKING pc=0x00007efe553d4874 sp=0x00007efe4ed23e50
Event: 11,068 Thread 0x00007efe64261800 DEOPT UNPACKING pc=0x00007efe55047633 sp=0x00007efe4ed23b50 mode 0
Event: 11,154 Thread 0x00007efe64254000 DEOPT PACKING pc=0x00007efe553d4874 sp=0x00007efe4f0270d0
Event: 11,154 Thread 0x00007efe64254000 DEOPT UNPACKING pc=0x00007efe55047633 sp=0x00007efe4f026dd0 mode 0
Event: 12,391 Thread 0x00007efe6425f800 DEOPT PACKING pc=0x00007efe553d4874 sp=0x00007efe4ee25080
Event: 12,391 Thread 0x00007efe6425f800 DEOPT UNPACKING pc=0x00007efe55047633 sp=0x00007efe4ee24d80 mode 0
Event: 12,400 Executing VM operation: ParallelGCFailedAllocation


Dynamic libraries:
00400000-00401000 r-xp 00000000 08:11 270464                             /usr/lib/jvm/java-8-oracle/bin/java
00600000-00601000 rw-p 00000000 08:11 270464                             /usr/lib/jvm/java-8-oracle/bin/java
01d0e000-01d2f000 rw-p 00000000 00:00 0                                  [heap]
6c0000000-6ccf00000 rw-p 00000000 00:00 0 
6d5300000-76ab00000 ---p 00000000 00:00 0 
76ab00000-78d080000 rw-p 00000000 00:00 0 
78d080000-7c0000000 ---p 00000000 00:00 0 
7c0000000-7c00c0000 rw-p 00000000 00:00 0 
7c00c0000-800000000 ---p 00000000 00:00 0 
7efe00000000-7efe00021000 rw-p 00000000 00:00 0 
7efe00021000-7efe04000000 ---p 00000000 00:00 0 
7efe04000000-7efe0402f000 rw-p 00000000 00:00 0 
7efe0402f000-7efe08000000 ---p 00000000 00:00 0 
7efe08000000-7efe08021000 rw-p 00000000 00:00 0 
7efe08021000-7efe0c000000 ---p 00000000 00:00 0 
7efe0c000000-7efe0c021000 rw-p 00000000 00:00 0 
7efe0c021000-7efe10000000 ---p 00000000 00:00 0 
7efe10000000-7efe10021000 rw-p 00000000 00:00 0 
7efe10021000-7efe14000000 ---p 00000000 00:00 0 
7efe14000000-7efe14038000 rw-p 00000000 00:00 0 
7efe14038000-7efe18000000 ---p 00000000 00:00 0 
7efe18000000-7efe18871000 rw-p 00000000 00:00 0 
7efe18871000-7efe1c000000 ---p 00000000 00:00 0 
7efe1c000000-7efe1c021000 rw-p 00000000 00:00 0 
7efe1c021000-7efe20000000 ---p 00000000 00:00 0 
7efe20000000-7efe2112a000 rw-p 00000000 00:00 0 
7efe2112a000-7efe24000000 ---p 00000000 00:00 0 
7efe24000000-7efe253f9000 rw-p 00000000 00:00 0 
7efe253f9000-7efe28000000 ---p 00000000 00:00 0 
7efe28000000-7efe28021000 rw-p 00000000 00:00 0 
7efe28021000-7efe2c000000 ---p 00000000 00:00 0 
7efe2c000000-7efe2c021000 rw-p 00000000 00:00 0 
7efe2c021000-7efe30000000 ---p 00000000 00:00 0 
7efe30000000-7efe30295000 rw-p 00000000 00:00 0 
7efe30295000-7efe34000000 ---p 00000000 00:00 0 
7efe34000000-7efe34021000 rw-p 00000000 00:00 0 
7efe34021000-7efe38000000 ---p 00000000 00:00 0 
7efe38000000-7efe40000000 rw-p 00000000 00:00 0 
7efe40000000-7efe40021000 rw-p 00000000 00:00 0 
7efe40021000-7efe44000000 ---p 00000000 00:00 0 
7efe44000000-7efe44021000 rw-p 00000000 00:00 0 
7efe44021000-7efe48000000 ---p 00000000 00:00 0 
7efe48000000-7efe48021000 rw-p 00000000 00:00 0 
7efe48021000-7efe4c000000 ---p 00000000 00:00 0 
7efe4eb24000-7efe4eb27000 ---p 00000000 00:00 0 
7efe4eb27000-7efe4ec25000 rw-p 00000000 00:00 0                          [stack:4541]
7efe4ec25000-7efe4ec28000 ---p 00000000 00:00 0 
7efe4ec28000-7efe4ed26000 rw-p 00000000 00:00 0                          [stack:4540]
7efe4ed26000-7efe4ed29000 ---p 00000000 00:00 0 
7efe4ed29000-7efe4ee27000 rw-p 00000000 00:00 0                          [stack:4539]
7efe4ee27000-7efe4ee2a000 ---p 00000000 00:00 0 
7efe4ee2a000-7efe4ef28000 rw-p 00000000 00:00 0                          [stack:4538]
7efe4ef28000-7efe4ef2b000 ---p 00000000 00:00 0 
7efe4ef2b000-7efe4f029000 rw-p 00000000 00:00 0                          [stack:4537]
7efe4f029000-7efe4f02a000 ---p 00000000 00:00 0 
7efe4f02a000-7efe4f12a000 rw-p 00000000 00:00 0                          [stack:4536]
7efe4f12a000-7efe4f12d000 ---p 00000000 00:00 0 
7efe4f12d000-7efe4f22b000 rw-p 00000000 00:00 0                          [stack:4535]
7efe4f22b000-7efe4f22e000 ---p 00000000 00:00 0 
7efe4f22e000-7efe4f32c000 rw-p 00000000 00:00 0                          [stack:4534]
7efe4f32c000-7efe4f32f000 ---p 00000000 00:00 0 
7efe4f32f000-7efe4f42d000 rw-p 00000000 00:00 0                          [stack:4533]
7efe4f42d000-7efe4f430000 ---p 00000000 00:00 0 
7efe4f430000-7efe4f52e000 rw-p 00000000 00:00 0                          [stack:4532]
7efe4f52e000-7efe4f531000 ---p 00000000 00:00 0 
7efe4f531000-7efe4f62f000 rw-p 00000000 00:00 0                          [stack:4531]
7efe4f62f000-7efe4f8f9000 r--p 00000000 08:11 261842                     /usr/lib/locale/locale-archive
7efe4f8f9000-7efe4f8fc000 ---p 00000000 00:00 0 
7efe4f8fc000-7efe4f9fa000 rw-p 00000000 00:00 0                          [stack:4530]
7efe4f9fa000-7efe4f9fd000 ---p 00000000 00:00 0 
7efe4f9fd000-7efe4fafb000 rw-p 00000000 00:00 0                          [stack:4529]
7efe4fafb000-7efe4fafc000 ---p 00000000 00:00 0 
7efe4fafc000-7efe50000000 rw-p 00000000 00:00 0                          [stack:4528]
7efe50000000-7efe50021000 rw-p 00000000 00:00 0 
7efe50021000-7efe54000000 ---p 00000000 00:00 0 
7efe54087000-7efe540d8000 r--s 0040e000 08:01 19793907                   /home/gilmar/AndroidStudioProjects/Multicon/Myclass/app/build/intermediates/multi-dex/debug/allclasses.jar
7efe540d8000-7efe54ec0000 rw-p 00000000 00:00 0 
7efe54ec0000-7efe55000000 ---p 00000000 00:00 0 
7efe55000000-7efe55a90000 rwxp 00000000 00:00 0 
7efe55a90000-7efe64000000 ---p 00000000 00:00 0 
7efe64000000-7efe64394000 rw-p 00000000 00:00 0 
7efe64394000-7efe68000000 ---p 00000000 00:00 0 
7efe68016000-7efe684ed000 rw-p 00000000 00:00 0 
7efe684ed000-7efe686c6000 r--s 03d20000 08:11 556314                     /usr/lib/jvm/java-8-oracle/jre/lib/rt.jar
7efe686c6000-7efe68f3c000 rw-p 00000000 00:00 0 
7efe68f3c000-7efe68f3d000 ---p 00000000 00:00 0 
7efe68f3d000-7efe6903d000 rw-p 00000000 00:00 0                          [stack:4527]
7efe6903d000-7efe6903e000 ---p 00000000 00:00 0 
7efe6903e000-7efe6913e000 rw-p 00000000 00:00 0                          [stack:4526]
7efe6913e000-7efe6913f000 ---p 00000000 00:00 0 
7efe6913f000-7efe6923f000 rw-p 00000000 00:00 0                          [stack:4525]
7efe6923f000-7efe69240000 ---p 00000000 00:00 0 
7efe69240000-7efe693a8000 rw-p 00000000 00:00 0                          [stack:4524]
7efe693a8000-7efe69896000 ---p 00000000 00:00 0 
7efe69896000-7efe698fe000 rw-p 00000000 00:00 0 
7efe698fe000-7efe69deb000 ---p 00000000 00:00 0 
7efe69deb000-7efe69eff000 rw-p 00000000 00:00 0 
7efe69eff000-7efe6a096000 ---p 00000000 00:00 0 
7efe6a096000-7efe6a0c2000 rw-p 00000000 00:00 0 
7efe6a0c2000-7efe6a457000 ---p 00000000 00:00 0 
7efe6a457000-7efe6a471000 r-xp 00000000 08:11 556514                     /usr/lib/jvm/java-8-oracle/jre/lib/amd64/libzip.so
7efe6a471000-7efe6a671000 ---p 0001a000 08:11 556514                     /usr/lib/jvm/java-8-oracle/jre/lib/amd64/libzip.so
7efe6a671000-7efe6a672000 rw-p 0001a000 08:11 556514                     /usr/lib/jvm/java-8-oracle/jre/lib/amd64/libzip.so
7efe6a672000-7efe6a67e000 r-xp 00000000 08:11 406785                     /lib/x86_64-linux-gnu/libnss_files-2.21.so
7efe6a67e000-7efe6a87d000 ---p 0000c000 08:11 406785                     /lib/x86_64-linux-gnu/libnss_files-2.21.so
7efe6a87d000-7efe6a87e000 r--p 0000b000 08:11 406785                     /lib/x86_64-linux-gnu/libnss_files-2.21.so
7efe6a87e000-7efe6a87f000 rw-p 0000c000 08:11 406785                     /lib/x86_64-linux-gnu/libnss_files-2.21.so
7efe6a87f000-7efe6a88a000 r-xp 00000000 08:11 406772                     /lib/x86_64-linux-gnu/libnss_nis-2.21.so
7efe6a88a000-7efe6aa89000 ---p 0000b000 08:11 406772                     /lib/x86_64-linux-gnu/libnss_nis-2.21.so
7efe6aa89000-7efe6aa8a000 r--p 0000a000 08:11 406772                     /lib/x86_64-linux-gnu/libnss_nis-2.21.so
7efe6aa8a000-7efe6aa8b000 rw-p 0000b000 08:11 406772                     /lib/x86_64-linux-gnu/libnss_nis-2.21.so
7efe6aa8b000-7efe6aaa2000 r-xp 00000000 08:11 406791                     /lib/x86_64-linux-gnu/libnsl-2.21.so
7efe6aaa2000-7efe6aca1000 ---p 00017000 08:11 406791                     /lib/x86_64-linux-gnu/libnsl-2.21.so
7efe6aca1000-7efe6aca2000 r--p 00016000 08:11 406791                     /lib/x86_64-linux-gnu/libnsl-2.21.so
7efe6aca2000-7efe6aca3000 rw-p 00017000 08:11 406791                     /lib/x86_64-linux-gnu/libnsl-2.21.so
7efe6aca3000-7efe6aca5000 rw-p 00000000 00:00 0 
7efe6aca5000-7efe6acad000 r-xp 00000000 08:11 406787                     /lib/x86_64-linux-gnu/libnss_compat-2.21.so
7efe6acad000-7efe6aeac000 ---p 00008000 08:11 406787                     /lib/x86_64-linux-gnu/libnss_compat-2.21.so
7efe6aeac000-7efe6aead000 r--p 00007000 08:11 406787                     /lib/x86_64-linux-gnu/libnss_compat-2.21.so
7efe6aead000-7efe6aeae000 rw-p 00008000 08:11 406787                     /lib/x86_64-linux-gnu/libnss_compat-2.21.so
7efe6aeae000-7efe6aed8000 r-xp 00000000 08:11 556509                     /usr/lib/jvm/java-8-oracle/jre/lib/amd64/libjava.so
7efe6aed8000-7efe6b0d8000 ---p 0002a000 08:11 556509                     /usr/lib/jvm/java-8-oracle/jre/lib/amd64/libjava.so
7efe6b0d8000-7efe6b0da000 rw-p 0002a000 08:11 556509                     /usr/lib/jvm/java-8-oracle/jre/lib/amd64/libjava.so
7efe6b0da000-7efe6b0e7000 r-xp 00000000 08:11 556513                     /usr/lib/jvm/java-8-oracle/jre/lib/amd64/libverify.so
7efe6b0e7000-7efe6b2e7000 ---p 0000d000 08:11 556513                     /usr/lib/jvm/java-8-oracle/jre/lib/amd64/libverify.so
7efe6b2e7000-7efe6b2e9000 rw-p 0000d000 08:11 556513                     /usr/lib/jvm/java-8-oracle/jre/lib/amd64/libverify.so
7efe6b2e9000-7efe6b2f0000 r-xp 00000000 08:11 406792                     /lib/x86_64-linux-gnu/librt-2.21.so
7efe6b2f0000-7efe6b4ef000 ---p 00007000 08:11 406792                     /lib/x86_64-linux-gnu/librt-2.21.so
7efe6b4ef000-7efe6b4f0000 r--p 00006000 08:11 406792                     /lib/x86_64-linux-gnu/librt-2.21.so
7efe6b4f0000-7efe6b4f1000 rw-p 00007000 08:11 406792                     /lib/x86_64-linux-gnu/librt-2.21.so
7efe6b4f1000-7efe6b5f8000 r-xp 00000000 08:11 406790                     /lib/x86_64-linux-gnu/libm-2.21.so
7efe6b5f8000-7efe6b7f7000 ---p 00107000 08:11 406790                     /lib/x86_64-linux-gnu/libm-2.21.so
7efe6b7f7000-7efe6b7f8000 r--p 00106000 08:11 406790                     /lib/x86_64-linux-gnu/libm-2.21.so
7efe6b7f8000-7efe6b7f9000 rw-p 00107000 08:11 406790                     /lib/x86_64-linux-gnu/libm-2.21.so
7efe6b7f9000-7efe6c4b7000 r-xp 00000000 08:11 556492                     /usr/lib/jvm/java-8-oracle/jre/lib/amd64/server/libjvm.so
7efe6c4b7000-7efe6c6b6000 ---p 00cbe000 08:11 556492                     /usr/lib/jvm/java-8-oracle/jre/lib/amd64/server/libjvm.so
7efe6c6b6000-7efe6c78f000 rw-p 00cbd000 08:11 556492                     /usr/lib/jvm/java-8-oracle/jre/lib/amd64/server/libjvm.so
7efe6c78f000-7efe6c7d3000 rw-p 00000000 00:00 0 
7efe6c7d3000-7efe6c993000 r-xp 00000000 08:11 406795                     /lib/x86_64-linux-gnu/libc-2.21.so
7efe6c993000-7efe6cb93000 ---p 001c0000 08:11 406795                     /lib/x86_64-linux-gnu/libc-2.21.so
7efe6cb93000-7efe6cb97000 r--p 001c0000 08:11 406795                     /lib/x86_64-linux-gnu/libc-2.21.so
7efe6cb97000-7efe6cb99000 rw-p 001c4000 08:11 406795                     /lib/x86_64-linux-gnu/libc-2.21.so
7efe6cb99000-7efe6cb9d000 rw-p 00000000 00:00 0 
7efe6cb9d000-7efe6cba0000 r-xp 00000000 08:11 406778                     /lib/x86_64-linux-gnu/libdl-2.21.so
7efe6cba0000-7efe6cd9f000 ---p 00003000 08:11 406778                     /lib/x86_64-linux-gnu/libdl-2.21.so
7efe6cd9f000-7efe6cda0000 r--p 00002000 08:11 406778                     /lib/x86_64-linux-gnu/libdl-2.21.so
7efe6cda0000-7efe6cda1000 rw-p 00003000 08:11 406778                     /lib/x86_64-linux-gnu/libdl-2.21.so
7efe6cda1000-7efe6cdb6000 r-xp 00000000 08:11 556192                     /usr/lib/jvm/java-8-oracle/lib/amd64/jli/libjli.so
7efe6cdb6000-7efe6cfb6000 ---p 00015000 08:11 556192                     /usr/lib/jvm/java-8-oracle/lib/amd64/jli/libjli.so
7efe6cfb6000-7efe6cfb7000 rw-p 00015000 08:11 556192                     /usr/lib/jvm/java-8-oracle/lib/amd64/jli/libjli.so
7efe6cfb7000-7efe6cfcf000 r-xp 00000000 08:11 406782                     /lib/x86_64-linux-gnu/libpthread-2.21.so
7efe6cfcf000-7efe6d1cf000 ---p 00018000 08:11 406782                     /lib/x86_64-linux-gnu/libpthread-2.21.so
7efe6d1cf000-7efe6d1d0000 r--p 00018000 08:11 406782                     /lib/x86_64-linux-gnu/libpthread-2.21.so
7efe6d1d0000-7efe6d1d1000 rw-p 00019000 08:11 406782                     /lib/x86_64-linux-gnu/libpthread-2.21.so
7efe6d1d1000-7efe6d1d5000 rw-p 00000000 00:00 0 
7efe6d1d5000-7efe6d1f9000 r-xp 00000000 08:11 406781                     /lib/x86_64-linux-gnu/ld-2.21.so
7efe6d201000-7efe6d2d4000 rw-p 00000000 00:00 0 
7efe6d2d4000-7efe6d2d7000 ---p 00000000 00:00 0 
7efe6d2d7000-7efe6d3d9000 rw-p 00000000 00:00 0                          [stack:4523]
7efe6d3dc000-7efe6d3dd000 rw-p 00000000 00:00 0 
7efe6d3dd000-7efe6d3ec000 r--s 000df000 08:01 16387229                   /home/gilmar/Android/Sdk/build-tools/23.0.2/lib/dx.jar
7efe6d3ec000-7efe6d3f4000 rw-s 00000000 08:11 130977                     /tmp/hsperfdata_gilmar/4518
7efe6d3f4000-7efe6d3f5000 rw-p 00000000 00:00 0 
7efe6d3f5000-7efe6d3f6000 ---p 00000000 00:00 0 
7efe6d3f6000-7efe6d3f8000 rw-p 00000000 00:00 0 
7efe6d3f8000-7efe6d3f9000 r--p 00023000 08:11 406781                     /lib/x86_64-linux-gnu/ld-2.21.so
7efe6d3f9000-7efe6d3fa000 rw-p 00024000 08:11 406781                     /lib/x86_64-linux-gnu/ld-2.21.so
7efe6d3fa000-7efe6d3fb000 rw-p 00000000 00:00 0 
7ffd93403000-7ffd93424000 rw-p 00000000 00:00 0                          [stack]
7ffd93583000-7ffd93585000 r--p 00000000 00:00 0                          [vvar]
7ffd93585000-7ffd93587000 r-xp 00000000 00:00 0                          [vdso]
ffffffffff600000-ffffffffff601000 r-xp 00000000 00:00 0                  [vsyscall]

VM Arguments:
jvm_args: -Xmx4g -Dfile.encoding=UTF-8 -Duser.country=BR -Duser.language=pt -Duser.variant 
java_command: com.android.dx.command.Main --dex --num-threads=4 --multi-dex --main-dex-list /home/gilmar/AndroidStudioProjects/Multicon/Myclass/app/build/intermediates/multi-dex/debug/maindexlist.txt --output /home/gilmar/AndroidStudioProjects/Multicon/Myclass/app/build/intermediates/dex/debug /home/gilmar/AndroidStudioProjects/Multicon/Myclass/app/build/intermediates/multi-dex/debug/allclasses.jar
java_class_path (initial): /home/gilmar/Android/Sdk/build-tools/23.0.2/lib/dx.jar
Launcher Type: SUN_STANDARD

Environment Variables:
JAVA_HOME=/path/to/jdk
PATH=/opt/apache-maven-3.3.3/bin:/usr/local/sbin:/usr/local/bin:/usr/sbin:/usr/bin:/sbin:/bin:/usr/games:/usr/local/games" JAVA_HOME=/usr/lib/jvm/java-7-oracle
USERNAME=gilmar
LD_LIBRARY_PATH=/opt/android-studio/bin/.:
SHELL=/bin/bash
DISPLAY=:1

Signal Handlers:
SIGSEGV: [libjvm.so+0xaba2a0], sa_mask[0]=11111111011111111101111111111110, sa_flags=SA_RESTART|SA_SIGINFO
SIGBUS: [libjvm.so+0xaba2a0], sa_mask[0]=11111111011111111101111111111110, sa_flags=SA_RESTART|SA_SIGINFO
SIGFPE: [libjvm.so+0x917710], sa_mask[0]=11111111011111111101111111111110, sa_flags=SA_RESTART|SA_SIGINFO
SIGPIPE: [libjvm.so+0x917710], sa_mask[0]=11111111011111111101111111111110, sa_flags=SA_RESTART|SA_SIGINFO
SIGXFSZ: [libjvm.so+0x917710], sa_mask[0]=11111111011111111101111111111110, sa_flags=SA_RESTART|SA_SIGINFO
SIGILL: [libjvm.so+0x917710], sa_mask[0]=11111111011111111101111111111110, sa_flags=SA_RESTART|SA_SIGINFO
SIGUSR1: SIG_DFL, sa_mask[0]=00000000000000000000000000000000, sa_flags=none
SIGUSR2: [libjvm.so+0x918d40], sa_mask[0]=00100000000000000000000000000000, sa_flags=SA_RESTART|SA_SIGINFO
SIGHUP: [libjvm.so+0x91a140], sa_mask[0]=11111111011111111101111111111110, sa_flags=SA_RESTART|SA_SIGINFO
SIGINT: [libjvm.so+0x91a140], sa_mask[0]=11111111011111111101111111111110, sa_flags=SA_RESTART|SA_SIGINFO
SIGTERM: [libjvm.so+0x91a140], sa_mask[0]=11111111011111111101111111111110, sa_flags=SA_RESTART|SA_SIGINFO
SIGQUIT: [libjvm.so+0x91a140], sa_mask[0]=11111111011111111101111111111110, sa_flags=SA_RESTART|SA_SIGINFO


---------------  S Y S T E M  ---------------

OS:DISTRIB_ID=Ubuntu
DISTRIB_RELEASE=15.10
DISTRIB_CODENAME=wily
DISTRIB_DESCRIPTION="Ubuntu 15.10"

uname:Linux 4.2.0-19-generic #23-Ubuntu SMP Wed Nov 11 11:39:30 UTC 2015 x86_64
libc:glibc 2.21 NPTL 2.21 
rlimit: STACK 8192k, CORE 0k, NPROC 23203, NOFILE 65536, AS infinity
load average:2,67 2,56 2,30

/proc/meminfo:
MemTotal:        5974904 kB
MemFree:           43452 kB
MemAvailable:     101860 kB
Buffers:            3152 kB
Cached:           871208 kB
SwapCached:            0 kB
Active:          4963544 kB
Inactive:         755384 kB
Active(anon):    4942576 kB
Inactive(anon):   731188 kB
Active(file):      20968 kB
Inactive(file):    24196 kB
Unevictable:           0 kB
Mlocked:               0 kB
SwapTotal:             0 kB
SwapFree:              0 kB
Dirty:              1792 kB
Writeback:             0 kB
AnonPages:       4845372 kB
Mapped:           284032 kB
Shmem:            828452 kB
Slab:              89596 kB
SReclaimable:      49556 kB
SUnreclaim:        40040 kB
KernelStack:       11600 kB
PageTables:        44796 kB
NFS_Unstable:          0 kB
Bounce:                0 kB
WritebackTmp:          0 kB
CommitLimit:     2987452 kB
Committed_AS:   11653396 kB
VmallocTotal:   34359738367 kB
VmallocUsed:      370708 kB
VmallocChunk:   34358947836 kB
HardwareCorrupted:     0 kB
AnonHugePages:   2070528 kB
CmaTotal:              0 kB
CmaFree:               0 kB
HugePages_Total:       0
HugePages_Free:        0
HugePages_Rsvd:        0
HugePages_Surp:        0
Hugepagesize:       2048 kB
DirectMap4k:      164752 kB
DirectMap2M:     5990400 kB


CPU:total 4 (2 cores per cpu, 2 threads per core) family 6 model 58 stepping 9, cmov, cx8, fxsr, mmx, sse, sse2, sse3, ssse3, sse4.1, sse4.2, popcnt, avx, aes, clmul, erms, ht, tsc, tscinvbit, tscinv

/proc/cpuinfo:
processor	: 0
vendor_id	: GenuineIntel
cpu family	: 6
model		: 58
model name	: Intel(R) Core(TM) i5-3337U CPU @ 1.80GHz
stepping	: 9
microcode	: 0x17
cpu MHz		: 2499.960
cache size	: 3072 KB
physical id	: 0
siblings	: 4
core id		: 0
cpu cores	: 2
apicid		: 0
initial apicid	: 0
fpu		: yes
fpu_exception	: yes
cpuid level	: 13
wp		: yes
flags		: fpu vme de pse tsc msr pae mce cx8 apic sep mtrr pge mca cmov pat pse36 clflush dts acpi mmx fxsr sse sse2 ss ht tm pbe syscall nx rdtscp lm constant_tsc arch_perfmon pebs bts rep_good nopl xtopology nonstop_tsc aperfmperf eagerfpu pni pclmulqdq dtes64 monitor ds_cpl vmx est tm2 ssse3 cx16 xtpr pdcm pcid sse4_1 sse4_2 x2apic popcnt tsc_deadline_timer aes xsave avx f16c rdrand lahf_lm ida arat epb pln pts dtherm tpr_shadow vnmi flexpriority ept vpid fsgsbase smep erms xsaveopt
bugs		:
bogomips	: 3591.50
clflush size	: 64
cache_alignment	: 64
address sizes	: 36 bits physical, 48 bits virtual
power management:

processor	: 1
vendor_id	: GenuineIntel
cpu family	: 6
model		: 58
model name	: Intel(R) Core(TM) i5-3337U CPU @ 1.80GHz
stepping	: 9
microcode	: 0x17
cpu MHz		: 2591.015
cache size	: 3072 KB
physical id	: 0
siblings	: 4
core id		: 1
cpu cores	: 2
apicid		: 2
initial apicid	: 2
fpu		: yes
fpu_exception	: yes
cpuid level	: 13
wp		: yes
flags		: fpu vme de pse tsc msr pae mce cx8 apic sep mtrr pge mca cmov pat pse36 clflush dts acpi mmx fxsr sse sse2 ss ht tm pbe syscall nx rdtscp lm constant_tsc arch_perfmon pebs bts rep_good nopl xtopology nonstop_tsc aperfmperf eagerfpu pni pclmulqdq dtes64 monitor ds_cpl vmx est tm2 ssse3 cx16 xtpr pdcm pcid sse4_1 sse4_2 x2apic popcnt tsc_deadline_timer aes xsave avx f16c rdrand lahf_lm ida arat epb pln pts dtherm tpr_shadow vnmi flexpriority ept vpid fsgsbase smep erms xsaveopt
bugs		:
bogomips	: 3591.50
clflush size	: 64
cache_alignment	: 64
address sizes	: 36 bits physical, 48 bits virtual
power management:

processor	: 2
vendor_id	: GenuineIntel
cpu family	: 6
model		: 58
model name	: Intel(R) Core(TM) i5-3337U CPU @ 1.80GHz
stepping	: 9
microcode	: 0x17
cpu MHz		: 2499.960
cache size	: 3072 KB
physical id	: 0
siblings	: 4
core id		: 0
cpu cores	: 2
apicid		: 1
initial apicid	: 1
fpu		: yes
fpu_exception	: yes
cpuid level	: 13
wp		: yes
flags		: fpu vme de pse tsc msr pae mce cx8 apic sep mtrr pge mca cmov pat pse36 clflush dts acpi mmx fxsr sse sse2 ss ht tm pbe syscall nx rdtscp lm constant_tsc arch_perfmon pebs bts rep_good nopl xtopology nonstop_tsc aperfmperf eagerfpu pni pclmulqdq dtes64 monitor ds_cpl vmx est tm2 ssse3 cx16 xtpr pdcm pcid sse4_1 sse4_2 x2apic popcnt tsc_deadline_timer aes xsave avx f16c rdrand lahf_lm ida arat epb pln pts dtherm tpr_shadow vnmi flexpriority ept vpid fsgsbase smep erms xsaveopt
bugs		:
bogomips	: 3591.50
clflush size	: 64
cache_alignment	: 64
address sizes	: 36 bits physical, 48 bits virtual
power management:

processor	: 3
vendor_id	: GenuineIntel
cpu family	: 6
model		: 58
model name	: Intel(R) Core(TM) i5-3337U CPU @ 1.80GHz
stepping	: 9
microcode	: 0x17
cpu MHz		: 2513.320
cache size	: 3072 KB
physical id	: 0
siblings	: 4
core id		: 1
cpu cores	: 2
apicid		: 3
initial apicid	: 3
fpu		: yes
fpu_exception	: yes
cpuid level	: 13
wp		: yes
flags		: fpu vme de pse tsc msr pae mce cx8 apic sep mtrr pge mca cmov pat pse36 clflush dts acpi mmx fxsr sse sse2 ss ht tm pbe syscall nx rdtscp lm constant_tsc arch_perfmon pebs bts rep_good nopl xtopology nonstop_tsc aperfmperf eagerfpu pni pclmulqdq dtes64 monitor ds_cpl vmx est tm2 ssse3 cx16 xtpr pdcm pcid sse4_1 sse4_2 x2apic popcnt tsc_deadline_timer aes xsave avx f16c rdrand lahf_lm ida arat epb pln pts dtherm tpr_shadow vnmi flexpriority ept vpid fsgsbase smep erms xsaveopt
bugs		:
bogomips	: 3591.50
clflush size	: 64
cache_alignment	: 64
address sizes	: 36 bits physical, 48 bits virtual
power management:



Memory: 4k page, physical 5974904k(43452k free), swap 0k(0k free)

vm_info: Java HotSpot(TM) 64-Bit Server VM (25.66-b17) for linux-amd64 JRE (1.8.0_66-b17), built on Oct  6 2015 17:28:34 by "java_re" with gcc 4.3.0 20080428 (Red Hat 4.3.0-8)

time: Sat Dec 19 17:52:32 2015
elapsed time: 14 seconds (0d 0h 0m 14s)

