#
# There is insufficient memory for the Java Runtime Environment to continue.
# Native memory allocation (mmap) failed to map 133169152 bytes for committing reserved memory.
# Possible reasons:
#   The system is out of physical RAM or swap space
#   In 32 bit mode, the process size limit was hit
# Possible solutions:
#   Reduce memory load on the system
#   Increase physical memory or swap space
#   Check if swap backing store is full
#   Use 64 bit Java on a 64 bit OS
#   Decrease Java heap size (-Xmx/-Xms)
#   Decrease number of Java threads
#   Decrease Java thread stack sizes (-Xss)
#   Set larger code cache with -XX:ReservedCodeCacheSize=
# This output file may be truncated or incomplete.
#
#  Out of Memory Error (os_linux.cpp:2627), pid=13616, tid=139838472677120
#
# JRE version: Java(TM) SE Runtime Environment (8.0_66-b17) (build 1.8.0_66-b17)
# Java VM: Java HotSpot(TM) 64-Bit Server VM (25.66-b17 mixed mode linux-amd64 compressed oops)
# Failed to write core dump. Core dumps have been disabled. To enable core dumping, try "ulimit -c unlimited" before starting Java again
#

---------------  T H R E A D  ---------------

Current thread (0x00007f2ec4078000):  VMThread [stack: 0x00007f2eae6d6000,0x00007f2eae7d7000] [id=13626]

Stack: [0x00007f2eae6d6000,0x00007f2eae7d7000],  sp=0x00007f2eae7d51a0,  free space=1020k
Native frames: (J=compiled Java code, j=interpreted, Vv=VM code, C=native code)
V  [libjvm.so+0xab9a1a]  VMError::report_and_die()+0x2ba
V  [libjvm.so+0x4f9e0b]  report_vm_out_of_memory(char const*, int, unsigned long, VMErrorType, char const*)+0x8b
V  [libjvm.so+0x91a8a3]  os::Linux::commit_memory_impl(char*, unsigned long, bool)+0x103
V  [libjvm.so+0x91adf9]  os::pd_commit_memory(char*, unsigned long, unsigned long, bool)+0x29
V  [libjvm.so+0x91510a]  os::commit_memory(char*, unsigned long, unsigned long, bool)+0x2a
V  [libjvm.so+0x9887a3]  PSVirtualSpace::expand_by(unsigned long)+0x53
V  [libjvm.so+0x979090]  PSOldGen::expand(unsigned long)+0x170
V  [libjvm.so+0x97929b]  PSOldGen::resize(unsigned long)+0x1cb
V  [libjvm.so+0x980f71]  PSParallelCompact::invoke_no_policy(bool)+0x991
V  [libjvm.so+0x9868cd]  PSScavenge::invoke()+0x1ad
V  [libjvm.so+0x93e500]  ParallelScavengeHeap::failed_mem_allocate(unsigned long)+0x70
V  [libjvm.so+0xabb437]  VM_ParallelGCFailedAllocation::doit()+0x97
V  [libjvm.so+0xac2e65]  VM_Operation::evaluate()+0x55
V  [libjvm.so+0xac123a]  VMThread::evaluate_operation(VM_Operation*)+0xba
V  [libjvm.so+0xac15be]  VMThread::loop()+0x1ce
V  [libjvm.so+0xac1a30]  VMThread::run()+0x70
V  [libjvm.so+0x91cc68]  java_start(Thread*)+0x108

VM_Operation (0x00007f2eadb98c70): ParallelGCFailedAllocation, mode: safepoint, requested by thread 0x00007f2ec424a000


---------------  P R O C E S S  ---------------

Java Threads: ( => current thread )
  0x00007f2ec4251000 JavaThread "pool-2-thread-4" [_thread_blocked, id=13639, stack(0x00007f2ead696000,0x00007f2ead797000)]
  0x00007f2ec424f800 JavaThread "pool-2-thread-3" [_thread_blocked, id=13638, stack(0x00007f2ead797000,0x00007f2ead898000)]
  0x00007f2ec424d800 JavaThread "pool-2-thread-2" [_thread_blocked, id=13637, stack(0x00007f2ead898000,0x00007f2ead999000)]
  0x00007f2ec424c800 JavaThread "pool-3-thread-1" [_thread_blocked, id=13636, stack(0x00007f2ead999000,0x00007f2eada9a000)]
  0x00007f2ec424a000 JavaThread "pool-2-thread-1" [_thread_blocked, id=13635, stack(0x00007f2eada9a000,0x00007f2eadb9b000)]
  0x00007f2ec40cb000 JavaThread "Service Thread" daemon [_thread_blocked, id=13633, stack(0x00007f2eadd05000,0x00007f2eade06000)]
  0x00007f2ec40bd800 JavaThread "C1 CompilerThread2" daemon [_thread_blocked, id=13632, stack(0x00007f2eade06000,0x00007f2eadf07000)]
  0x00007f2ec40bb800 JavaThread "C2 CompilerThread1" daemon [_thread_in_native, id=13631, stack(0x00007f2eadf07000,0x00007f2eae008000)]
  0x00007f2ec40b8800 JavaThread "C2 CompilerThread0" daemon [_thread_blocked, id=13630, stack(0x00007f2eae008000,0x00007f2eae109000)]
  0x00007f2ec40b7000 JavaThread "Signal Dispatcher" daemon [_thread_blocked, id=13629, stack(0x00007f2eae109000,0x00007f2eae20a000)]
  0x00007f2ec407f800 JavaThread "Finalizer" daemon [_thread_blocked, id=13628, stack(0x00007f2eae4d4000,0x00007f2eae5d5000)]
  0x00007f2ec407d000 JavaThread "Reference Handler" daemon [_thread_blocked, id=13627, stack(0x00007f2eae5d5000,0x00007f2eae6d6000)]
  0x00007f2ec400a000 JavaThread "main" [_thread_blocked, id=13618, stack(0x00007f2ecbdf5000,0x00007f2ecbef6000)]

Other Threads:
=>0x00007f2ec4078000 VMThread [stack: 0x00007f2eae6d6000,0x00007f2eae7d7000] [id=13626]
  0x00007f2ec40cd800 WatcherThread [stack: 0x00007f2eadc04000,0x00007f2eadd05000] [id=13634]

VM state:at safepoint (normal execution)

VM Mutex/Monitor currently owned by a thread:  ([mutex/lock_event])
[0x00007f2ec4005da0] ExpandHeap_lock - owner thread: 0x00007f2ec4078000
[0x00007f2ec4006420] Threads_lock - owner thread: 0x00007f2ec4078000
[0x00007f2ec4006920] Heap_lock - owner thread: 0x00007f2ec424a000

Heap:
 PSYoungGen      total 548864K, used 38628K [0x000000076ab00000, 0x0000000799500000, 0x00000007c0000000)
  eden space 458240K, 0% used [0x000000076ab00000,0x000000076ab00000,0x0000000786a80000)
  from space 90624K, 42% used [0x0000000786a80000,0x00000007890393c0,0x000000078c300000)
  to   space 99840K, 0% used [0x0000000793380000,0x0000000793380000,0x0000000799500000)
 ParOldGen       total 213504K, used 213372K [0x00000006c0000000, 0x00000006cd080000, 0x000000076ab00000)
  object space 213504K, 99% used [0x00000006c0000000,0x00000006cd05f238,0x00000006cd080000)
 Metaspace       used 6554K, capacity 7320K, committed 7680K, reserved 1056768K
  class space    used 614K, capacity 656K, committed 768K, reserved 1048576K

Card table byte_map: [0x00007f2ec83b7000,0x00007f2ec8bb8000] byte_map_base: 0x00007f2ec4db7000

Marking Bits: (ParMarkBitMap*) 0x00007f2ecb2c9020
 Begin Bits: [0x00007f2e98000000, 0x00007f2e9c000000)
 End Bits:   [0x00007f2e9c000000, 0x00007f2ea0000000)

Polling page: 0x00007f2ecbf16000

CodeCache: size=245760Kb used=10663Kb max_used=10693Kb free=235096Kb
 bounds [0x00007f2eb5000000, 0x00007f2eb5a80000, 0x00007f2ec4000000]
 total_blobs=2669 nmethods=2400 adapters=182
 compilation: enabled

Compilation events (10 events):
Event: 11,747 Thread 0x00007f2ec40bd800 2655       3       java.util.HashMap$TreeNode::find (172 bytes)
Event: 11,750 Thread 0x00007f2ec40bd800 nmethod 2655 0x00007f2eb5a62890 code [0x00007f2eb5a62a80, 0x00007f2eb5a63598]
Event: 11,854 Thread 0x00007f2ec40bd800 2659       2       com.android.dx.dex.code.TargetInsn::withNewTargetAndReversed (26 bytes)
Event: 11,855 Thread 0x00007f2ec40bd800 nmethod 2659 0x00007f2eb5a62210 code [0x00007f2eb5a623a0, 0x00007f2eb5a626a8]
Event: 11,865 Thread 0x00007f2ec40bd800 2660   !   2       com.android.dx.dex.code.OutputFinisher::reverseBranch (73 bytes)
Event: 11,867 Thread 0x00007f2ec40bd800 nmethod 2660 0x00007f2eb5a60e10 code [0x00007f2eb5a61020, 0x00007f2eb5a617c8]
Event: 11,909 Thread 0x00007f2ec40bd800 2662       2       java.util.LinkedHashMap$Entry::<init> (10 bytes)
Event: 11,909 Thread 0x00007f2ec40bd800 nmethod 2662 0x00007f2eb5a60a90 code [0x00007f2eb5a60be0, 0x00007f2eb5a60d70]
Event: 11,938 Thread 0x00007f2ec40bd800 2663       2       java.util.HashMap$TreeNode::<init> (10 bytes)
Event: 11,938 Thread 0x00007f2ec40bd800 nmethod 2663 0x00007f2eb5a60710 code [0x00007f2eb5a60860, 0x00007f2eb5a60a10]

GC Heap History (10 events):
Event: 5,243 GC heap after
Heap after GC invocations=9 (full 1):
 PSYoungGen      total 404480K, used 16819K [0x000000076ab00000, 0x0000000787700000, 0x00000007c0000000)
  eden space 367104K, 0% used [0x000000076ab00000,0x000000076ab00000,0x0000000781180000)
  from space 37376K, 44% used [0x0000000783f80000,0x0000000784fecc30,0x0000000786400000)
  to   space 47104K, 0% used [0x0000000781180000,0x0000000781180000,0x0000000783f80000)
 ParOldGen       total 115712K, used 62683K [0x00000006c0000000, 0x00000006c7100000, 0x000000076ab00000)
  object space 115712K, 54% used [0x00000006c0000000,0x00000006c3d36d98,0x00000006c7100000)
 Metaspace       used 6444K, capacity 7256K, committed 7424K, reserved 1056768K
  class space    used 614K, capacity 656K, committed 768K, reserved 1048576K
}
Event: 7,034 GC heap before
{Heap before GC invocations=10 (full 1):
 PSYoungGen      total 404480K, used 383923K [0x000000076ab00000, 0x0000000787700000, 0x00000007c0000000)
  eden space 367104K, 100% used [0x000000076ab00000,0x0000000781180000,0x0000000781180000)
  from space 37376K, 44% used [0x0000000783f80000,0x0000000784fecc30,0x0000000786400000)
  to   space 47104K, 0% used [0x0000000781180000,0x0000000781180000,0x0000000783f80000)
 ParOldGen       total 115712K, used 62683K [0x00000006c0000000, 0x00000006c7100000, 0x000000076ab00000)
  object space 115712K, 54% used [0x00000006c0000000,0x00000006c3d36d98,0x00000006c7100000)
 Metaspace       used 6533K, capacity 7320K, committed 7680K, reserved 1056768K
  class space    used 614K, capacity 656K, committed 768K, reserved 1048576K
Event: 7,214 GC heap after
Heap after GC invocations=10 (full 1):
 PSYoungGen      total 414208K, used 47075K [0x000000076ab00000, 0x0000000790380000, 0x00000007c0000000)
  eden space 367104K, 0% used [0x000000076ab00000,0x000000076ab00000,0x0000000781180000)
  from space 47104K, 99% used [0x0000000781180000,0x0000000783f78f78,0x0000000783f80000)
  to   space 66048K, 0% used [0x000000078c300000,0x000000078c300000,0x0000000790380000)
 ParOldGen       total 115712K, used 87705K [0x00000006c0000000, 0x00000006c7100000, 0x000000076ab00000)
  object space 115712K, 75% used [0x00000006c0000000,0x00000006c55a67e8,0x00000006c7100000)
 Metaspace       used 6533K, capacity 7320K, committed 7680K, reserved 1056768K
  class space    used 614K, capacity 656K, committed 768K, reserved 1048576K
}
Event: 8,605 GC heap before
{Heap before GC invocations=11 (full 1):
 PSYoungGen      total 414208K, used 414179K [0x000000076ab00000, 0x0000000790380000, 0x00000007c0000000)
  eden space 367104K, 100% used [0x000000076ab00000,0x0000000781180000,0x0000000781180000)
  from space 47104K, 99% used [0x0000000781180000,0x0000000783f78f78,0x0000000783f80000)
  to   space 66048K, 0% used [0x000000078c300000,0x000000078c300000,0x0000000790380000)
 ParOldGen       total 115712K, used 87705K [0x00000006c0000000, 0x00000006c7100000, 0x000000076ab00000)
  object space 115712K, 75% used [0x00000006c0000000,0x00000006c55a67e8,0x00000006c7100000)
 Metaspace       used 6541K, capacity 7320K, committed 7680K, reserved 1056768K
  class space    used 614K, capacity 656K, committed 768K, reserved 1048576K
Event: 8,850 GC heap after
Heap after GC invocations=11 (full 1):
 PSYoungGen      total 524288K, used 66042K [0x000000076ab00000, 0x0000000793a00000, 0x00000007c0000000)
  eden space 458240K, 0% used [0x000000076ab00000,0x000000076ab00000,0x0000000786a80000)
  from space 66048K, 99% used [0x000000078c300000,0x000000079037eba8,0x0000000790380000)
  to   space 90624K, 0% used [0x0000000786a80000,0x0000000786a80000,0x000000078c300000)
 ParOldGen       total 123392K, used 122759K [0x00000006c0000000, 0x00000006c7880000, 0x000000076ab00000)
  object space 123392K, 99% used [0x00000006c0000000,0x00000006c77e1ed0,0x00000006c7880000)
 Metaspace       used 6541K, capacity 7320K, committed 7680K, reserved 1056768K
  class space    used 614K, capacity 656K, committed 768K, reserved 1048576K
}
Event: 8,850 GC heap before
{Heap before GC invocations=12 (full 2):
 PSYoungGen      total 524288K, used 66042K [0x000000076ab00000, 0x0000000793a00000, 0x00000007c0000000)
  eden space 458240K, 0% used [0x000000076ab00000,0x000000076ab00000,0x0000000786a80000)
  from space 66048K, 99% used [0x000000078c300000,0x000000079037eba8,0x0000000790380000)
  to   space 90624K, 0% used [0x0000000786a80000,0x0000000786a80000,0x000000078c300000)
 ParOldGen       total 123392K, used 122759K [0x00000006c0000000, 0x00000006c7880000, 0x000000076ab00000)
  object space 123392K, 99% used [0x00000006c0000000,0x00000006c77e1ed0,0x00000006c7880000)
 Metaspace       used 6541K, capacity 7320K, committed 7680K, reserved 1056768K
  class space    used 614K, capacity 656K, committed 768K, reserved 1048576K
Event: 10,132 GC heap after
Heap after GC invocations=12 (full 2):
 PSYoungGen      total 524288K, used 59734K [0x000000076ab00000, 0x0000000793a00000, 0x00000007c0000000)
  eden space 458240K, 0% used [0x000000076ab00000,0x000000076ab00000,0x0000000786a80000)
  from space 66048K, 90% used [0x000000078c300000,0x000000078fd55ac8,0x0000000790380000)
  to   space 90624K, 0% used [0x0000000786a80000,0x0000000786a80000,0x000000078c300000)
 ParOldGen       total 213504K, used 123381K [0x00000006c0000000, 0x00000006cd080000, 0x000000076ab00000)
  object space 213504K, 57% used [0x00000006c0000000,0x00000006c787d718,0x00000006cd080000)
 Metaspace       used 6541K, capacity 7320K, committed 7680K, reserved 1056768K
  class space    used 614K, capacity 656K, committed 768K, reserved 1048576K
}
Event: 12,050 GC heap before
{Heap before GC invocations=13 (full 2):
 PSYoungGen      total 524288K, used 517974K [0x000000076ab00000, 0x0000000793a00000, 0x00000007c0000000)
  eden space 458240K, 100% used [0x000000076ab00000,0x0000000786a80000,0x0000000786a80000)
  from space 66048K, 90% used [0x000000078c300000,0x000000078fd55ac8,0x0000000790380000)
  to   space 90624K, 0% used [0x0000000786a80000,0x0000000786a80000,0x000000078c300000)
 ParOldGen       total 213504K, used 123381K [0x00000006c0000000, 0x00000006cd080000, 0x000000076ab00000)
  object space 213504K, 57% used [0x00000006c0000000,0x00000006c787d718,0x00000006cd080000)
 Metaspace       used 6554K, capacity 7320K, committed 7680K, reserved 1056768K
  class space    used 614K, capacity 656K, committed 768K, reserved 1048576K
Event: 12,429 GC heap after
Heap after GC invocations=13 (full 2):
 PSYoungGen      total 548864K, used 71714K [0x000000076ab00000, 0x0000000799500000, 0x00000007c0000000)
  eden space 458240K, 0% used [0x000000076ab00000,0x000000076ab00000,0x0000000786a80000)
  from space 90624K, 79% used [0x0000000786a80000,0x000000078b0888b0,0x000000078c300000)
  to   space 99840K, 0% used [0x0000000793380000,0x0000000793380000,0x0000000799500000)
 ParOldGen       total 213504K, used 183452K [0x00000006c0000000, 0x00000006cd080000, 0x000000076ab00000)
  object space 213504K, 85% used [0x00000006c0000000,0x00000006cb327100,0x00000006cd080000)
 Metaspace       used 6554K, capacity 7320K, committed 7680K, reserved 1056768K
  class space    used 614K, capacity 656K, committed 768K, reserved 1048576K
}
Event: 12,429 GC heap before
{Heap before GC invocations=14 (full 3):
 PSYoungGen      total 548864K, used 71714K [0x000000076ab00000, 0x0000000799500000, 0x00000007c0000000)
  eden space 458240K, 0% used [0x000000076ab00000,0x000000076ab00000,0x0000000786a80000)
  from space 90624K, 79% used [0x0000000786a80000,0x000000078b0888b0,0x000000078c300000)
  to   space 99840K, 0% used [0x0000000793380000,0x0000000793380000,0x0000000799500000)
 ParOldGen       total 213504K, used 183452K [0x00000006c0000000, 0x00000006cd080000, 0x000000076ab00000)
  object space 213504K, 85% used [0x00000006c0000000,0x00000006cb327100,0x00000006cd080000)
 Metaspace       used 6554K, capacity 7320K, committed 7680K, reserved 1056768K
  class space    used 614K, capacity 656K, committed 768K, reserved 1048576K

Deoptimization events (10 events):
Event: 6,351 Thread 0x00007f2ec424f800 Uncommon trap: reason=bimorphic action=maybe_recompile pc=0x00007f2eb58cc4a0 method=com.android.dx.cf.code.BytecodeArray.parseInstruction(ILcom/android/dx/cf/code/BytecodeArray$Visitor;)I @ 1357
Event: 6,353 Thread 0x00007f2ec424f800 Uncommon trap: reason=bimorphic action=maybe_recompile pc=0x00007f2eb58cc4a0 method=com.android.dx.cf.code.BytecodeArray.parseInstruction(ILcom/android/dx/cf/code/BytecodeArray$Visitor;)I @ 1357
Event: 6,913 Thread 0x00007f2ec400a000 Uncommon trap: reason=unstable_if action=reinterpret pc=0x00007f2eb5929ce0 method=com.android.dx.rop.cst.CstNat.equals(Ljava/lang/Object;)Z @ 25
Event: 8,488 Thread 0x00007f2ec4251000 Uncommon trap: reason=bimorphic action=maybe_recompile pc=0x00007f2eb599ce74 method=com.android.dx.rop.code.RegisterSpec.withSimpleType()Lcom/android/dx/rop/code/RegisterSpec; @ 21
Event: 8,492 Thread 0x00007f2ec4251000 Uncommon trap: reason=bimorphic action=maybe_recompile pc=0x00007f2eb599ce74 method=com.android.dx.rop.code.RegisterSpec.withSimpleType()Lcom/android/dx/rop/code/RegisterSpec; @ 21
Event: 8,495 Thread 0x00007f2ec4251000 Uncommon trap: reason=bimorphic action=maybe_recompile pc=0x00007f2eb599ce74 method=com.android.dx.rop.code.RegisterSpec.withSimpleType()Lcom/android/dx/rop/code/RegisterSpec; @ 21
Event: 8,498 Thread 0x00007f2ec4251000 Uncommon trap: reason=bimorphic action=maybe_recompile pc=0x00007f2eb599ce74 method=com.android.dx.rop.code.RegisterSpec.withSimpleType()Lcom/android/dx/rop/code/RegisterSpec; @ 21
Event: 8,532 Thread 0x00007f2ec424f800 Uncommon trap: reason=unstable_if action=reinterpret pc=0x00007f2eb5990db4 method=com.android.dx.ssa.SCCP.simulateBranch(Lcom/android/dx/ssa/SsaInsn;)V @ 140
Event: 10,752 Thread 0x00007f2ec424a000 Uncommon trap: reason=bimorphic action=maybe_recompile pc=0x00007f2eb59606ec method=com.android.dx.cf.code.BytecodeArray.parseInstruction(ILcom/android/dx/cf/code/BytecodeArray$Visitor;)I @ 2554
Event: 10,752 Thread 0x00007f2ec424a000 Uncommon trap: reason=bimorphic action=maybe_recompile pc=0x00007f2eb59606ec method=com.android.dx.cf.code.BytecodeArray.parseInstruction(ILcom/android/dx/cf/code/BytecodeArray$Visitor;)I @ 2554

Internal exceptions (6 events):
Event: 0,028 Thread 0x00007f2ec400a000 Exception <a 'java/lang/NoSuchMethodError': Method sun.misc.Unsafe.defineClass(Ljava/lang/String;[BII)Ljava/lang/Class; name or signature does not match> (0x000000076ab12b70) thrown at [/HUDSON/workspace/8-2-build-linux-amd64/jdk8u66/4988/hotspot/src/shar
Event: 0,028 Thread 0x00007f2ec400a000 Exception <a 'java/lang/NoSuchMethodError': Method sun.misc.Unsafe.prefetchRead(Ljava/lang/Object;J)V name or signature does not match> (0x000000076ab12e58) thrown at [/HUDSON/workspace/8-2-build-linux-amd64/jdk8u66/4988/hotspot/src/share/vm/prims/jni.cpp
Event: 1,190 Thread 0x00007f2ec4251000 Implicit null exception at 0x00007f2eb52fa2da to 0x00007f2eb52fc61d
Event: 2,772 Thread 0x00007f2ec424d800 Exception <a 'java/lang/ArrayIndexOutOfBoundsException': 18> (0x000000076f418490) thrown at [/HUDSON/workspace/8-2-build-linux-amd64/jdk8u66/4988/hotspot/src/share/vm/interpreter/interpreterRuntime.cpp, line 366]
Event: 2,772 Thread 0x00007f2ec424d800 Exception <a 'java/lang/ArrayIndexOutOfBoundsException': 145> (0x000000076f41a010) thrown at [/HUDSON/workspace/8-2-build-linux-amd64/jdk8u66/4988/hotspot/src/share/vm/interpreter/interpreterRuntime.cpp, line 366]
Event: 2,774 Thread 0x00007f2ec424d800 Exception <a 'java/lang/ArrayIndexOutOfBoundsException': 40> (0x000000076f41b2f8) thrown at [/HUDSON/workspace/8-2-build-linux-amd64/jdk8u66/4988/hotspot/src/share/vm/interpreter/interpreterRuntime.cpp, line 366]

Events (10 events):
Event: 11,900 Thread 0x00007f2ec424d800 DEOPT UNPACKING pc=0x00007f2eb5047633 sp=0x00007f2ead996ad0 mode 0
Event: 11,958 Thread 0x00007f2ec400a000 DEOPT PACKING pc=0x00007f2eb53da8b4 sp=0x00007f2ecbef3960
Event: 11,958 Thread 0x00007f2ec400a000 DEOPT UNPACKING pc=0x00007f2eb5047633 sp=0x00007f2ecbef3660 mode 0
Event: 11,965 Thread 0x00007f2ec424f800 DEOPT PACKING pc=0x00007f2eb54e7440 sp=0x00007f2ead896050
Event: 11,965 Thread 0x00007f2ec424f800 DEOPT UNPACKING pc=0x00007f2eb5047633 sp=0x00007f2ead895ea0 mode 0
Event: 12,006 Thread 0x00007f2ec400a000 DEOPT PACKING pc=0x00007f2eb53da8b4 sp=0x00007f2ecbef3810
Event: 12,006 Thread 0x00007f2ec400a000 DEOPT UNPACKING pc=0x00007f2eb5047633 sp=0x00007f2ecbef3510 mode 0
Event: 12,007 Thread 0x00007f2ec400a000 DEOPT PACKING pc=0x00007f2eb54e7440 sp=0x00007f2ecbef3760
Event: 12,007 Thread 0x00007f2ec400a000 DEOPT UNPACKING pc=0x00007f2eb5047633 sp=0x00007f2ecbef35b0 mode 0
Event: 12,047 Executing VM operation: ParallelGCFailedAllocation


Dynamic libraries:
00400000-00401000 r-xp 00000000 08:11 270464                             /usr/lib/jvm/java-8-oracle/bin/java
00600000-00601000 rw-p 00000000 08:11 270464                             /usr/lib/jvm/java-8-oracle/bin/java
00d0e000-00d2f000 rw-p 00000000 00:00 0                                  [heap]
6c0000000-6cd080000 rw-p 00000000 00:00 0 
6d4f80000-76ab00000 ---p 00000000 00:00 0 
76ab00000-799500000 rw-p 00000000 00:00 0 
799500000-7c0000000 ---p 00000000 00:00 0 
7c0000000-7c00c0000 rw-p 00000000 00:00 0 
7c00c0000-800000000 ---p 00000000 00:00 0 
7f2e60000000-7f2e60021000 rw-p 00000000 00:00 0 
7f2e60021000-7f2e64000000 ---p 00000000 00:00 0 
7f2e64000000-7f2e64021000 rw-p 00000000 00:00 0 
7f2e64021000-7f2e68000000 ---p 00000000 00:00 0 
7f2e68000000-7f2e68021000 rw-p 00000000 00:00 0 
7f2e68021000-7f2e6c000000 ---p 00000000 00:00 0 
7f2e6c000000-7f2e6c021000 rw-p 00000000 00:00 0 
7f2e6c021000-7f2e70000000 ---p 00000000 00:00 0 
7f2e70000000-7f2e70021000 rw-p 00000000 00:00 0 
7f2e70021000-7f2e74000000 ---p 00000000 00:00 0 
7f2e74000000-7f2e74030000 rw-p 00000000 00:00 0 
7f2e74030000-7f2e78000000 ---p 00000000 00:00 0 
7f2e78000000-7f2e78c39000 rw-p 00000000 00:00 0 
7f2e78c39000-7f2e7c000000 ---p 00000000 00:00 0 
7f2e7c000000-7f2e7c021000 rw-p 00000000 00:00 0 
7f2e7c021000-7f2e80000000 ---p 00000000 00:00 0 
7f2e80000000-7f2e812a5000 rw-p 00000000 00:00 0 
7f2e812a5000-7f2e84000000 ---p 00000000 00:00 0 
7f2e84000000-7f2e85234000 rw-p 00000000 00:00 0 
7f2e85234000-7f2e88000000 ---p 00000000 00:00 0 
7f2e88000000-7f2e88021000 rw-p 00000000 00:00 0 
7f2e88021000-7f2e8c000000 ---p 00000000 00:00 0 
7f2e8c000000-7f2e8c021000 rw-p 00000000 00:00 0 
7f2e8c021000-7f2e90000000 ---p 00000000 00:00 0 
7f2e90000000-7f2e9028d000 rw-p 00000000 00:00 0 
7f2e9028d000-7f2e94000000 ---p 00000000 00:00 0 
7f2e94000000-7f2e94021000 rw-p 00000000 00:00 0 
7f2e94021000-7f2e98000000 ---p 00000000 00:00 0 
7f2e98000000-7f2ea0000000 rw-p 00000000 00:00 0 
7f2ea0000000-7f2ea0021000 rw-p 00000000 00:00 0 
7f2ea0021000-7f2ea4000000 ---p 00000000 00:00 0 
7f2ea4000000-7f2ea4021000 rw-p 00000000 00:00 0 
7f2ea4021000-7f2ea8000000 ---p 00000000 00:00 0 
7f2ea8000000-7f2ea8021000 rw-p 00000000 00:00 0 
7f2ea8021000-7f2eac000000 ---p 00000000 00:00 0 
7f2ead696000-7f2ead699000 ---p 00000000 00:00 0 
7f2ead699000-7f2ead797000 rw-p 00000000 00:00 0                          [stack:13639]
7f2ead797000-7f2ead79a000 ---p 00000000 00:00 0 
7f2ead79a000-7f2ead898000 rw-p 00000000 00:00 0                          [stack:13638]
7f2ead898000-7f2ead89b000 ---p 00000000 00:00 0 
7f2ead89b000-7f2ead999000 rw-p 00000000 00:00 0                          [stack:13637]
7f2ead999000-7f2ead99c000 ---p 00000000 00:00 0 
7f2ead99c000-7f2eada9a000 rw-p 00000000 00:00 0                          [stack:13636]
7f2eada9a000-7f2eada9d000 ---p 00000000 00:00 0 
7f2eada9d000-7f2eadb9b000 rw-p 00000000 00:00 0                          [stack:13635]
7f2eadb9b000-7f2eadc04000 r--s 004e8000 08:01 19922961                   /home/gilmar/AndroidStudioProjects/Multicon/Myclass/app/build/intermediates/multi-dex/debug/allclasses.jar
7f2eadc04000-7f2eadc05000 ---p 00000000 00:00 0 
7f2eadc05000-7f2eadd05000 rw-p 00000000 00:00 0                          [stack:13634]
7f2eadd05000-7f2eadd08000 ---p 00000000 00:00 0 
7f2eadd08000-7f2eade06000 rw-p 00000000 00:00 0                          [stack:13633]
7f2eade06000-7f2eade09000 ---p 00000000 00:00 0 
7f2eade09000-7f2eadf07000 rw-p 00000000 00:00 0                          [stack:13632]
7f2eadf07000-7f2eadf0a000 ---p 00000000 00:00 0 
7f2eadf0a000-7f2eae008000 rw-p 00000000 00:00 0                          [stack:13631]
7f2eae008000-7f2eae00b000 ---p 00000000 00:00 0 
7f2eae00b000-7f2eae109000 rw-p 00000000 00:00 0                          [stack:13630]
7f2eae109000-7f2eae10c000 ---p 00000000 00:00 0 
7f2eae10c000-7f2eae20a000 rw-p 00000000 00:00 0                          [stack:13629]
7f2eae20a000-7f2eae4d4000 r--p 00000000 08:11 261842                     /usr/lib/locale/locale-archive
7f2eae4d4000-7f2eae4d7000 ---p 00000000 00:00 0 
7f2eae4d7000-7f2eae5d5000 rw-p 00000000 00:00 0                          [stack:13628]
7f2eae5d5000-7f2eae5d8000 ---p 00000000 00:00 0 
7f2eae5d8000-7f2eae6d6000 rw-p 00000000 00:00 0                          [stack:13627]
7f2eae6d6000-7f2eae6d7000 ---p 00000000 00:00 0 
7f2eae6d7000-7f2eaf627000 rw-p 00000000 00:00 0                          [stack:13626]
7f2eaf627000-7f2eaf800000 r--s 03d20000 08:11 556314                     /usr/lib/jvm/java-8-oracle/jre/lib/rt.jar
7f2eaf800000-7f2eafec0000 rw-p 00000000 00:00 0 
7f2eafec0000-7f2eb0000000 ---p 00000000 00:00 0 
7f2eb0000000-7f2eb0021000 rw-p 00000000 00:00 0 
7f2eb0021000-7f2eb4000000 ---p 00000000 00:00 0 
7f2eb4017000-7f2eb49a9000 rw-p 00000000 00:00 0 
7f2eb49a9000-7f2eb49aa000 ---p 00000000 00:00 0 
7f2eb49aa000-7f2eb4b13000 rw-p 00000000 00:00 0                          [stack:13625]
7f2eb4b13000-7f2eb5000000 ---p 00000000 00:00 0 
7f2eb5000000-7f2eb5a80000 rwxp 00000000 00:00 0 
7f2eb5a80000-7f2ec4000000 ---p 00000000 00:00 0 
7f2ec4000000-7f2ec43b7000 rw-p 00000000 00:00 0 
7f2ec43b7000-7f2ec8000000 ---p 00000000 00:00 0 
7f2ec801d000-7f2ec80b4000 rw-p 00000000 00:00 0 
7f2ec80b4000-7f2ec80b5000 ---p 00000000 00:00 0 
7f2ec80b5000-7f2ec81b5000 rw-p 00000000 00:00 0                          [stack:13624]
7f2ec81b5000-7f2ec81b6000 ---p 00000000 00:00 0 
7f2ec81b6000-7f2ec82b6000 rw-p 00000000 00:00 0                          [stack:13623]
7f2ec82b6000-7f2ec82b7000 ---p 00000000 00:00 0 
7f2ec82b7000-7f2ec8420000 rw-p 00000000 00:00 0                          [stack:13622]
7f2ec8420000-7f2ec890c000 ---p 00000000 00:00 0 
7f2ec890c000-7f2ec8a82000 rw-p 00000000 00:00 0 
7f2ec8a82000-7f2ec8bb7000 ---p 00000000 00:00 0 
7f2ec8bb7000-7f2ec8be2000 rw-p 00000000 00:00 0 
7f2ec8be2000-7f2ec8f78000 ---p 00000000 00:00 0 
7f2ec8f78000-7f2ec8f92000 r-xp 00000000 08:11 556514                     /usr/lib/jvm/java-8-oracle/jre/lib/amd64/libzip.so
7f2ec8f92000-7f2ec9192000 ---p 0001a000 08:11 556514                     /usr/lib/jvm/java-8-oracle/jre/lib/amd64/libzip.so
7f2ec9192000-7f2ec9193000 rw-p 0001a000 08:11 556514                     /usr/lib/jvm/java-8-oracle/jre/lib/amd64/libzip.so
7f2ec9193000-7f2ec919f000 r-xp 00000000 08:11 406785                     /lib/x86_64-linux-gnu/libnss_files-2.21.so
7f2ec919f000-7f2ec939e000 ---p 0000c000 08:11 406785                     /lib/x86_64-linux-gnu/libnss_files-2.21.so
7f2ec939e000-7f2ec939f000 r--p 0000b000 08:11 406785                     /lib/x86_64-linux-gnu/libnss_files-2.21.so
7f2ec939f000-7f2ec93a0000 rw-p 0000c000 08:11 406785                     /lib/x86_64-linux-gnu/libnss_files-2.21.so
7f2ec93a0000-7f2ec93ab000 r-xp 00000000 08:11 406772                     /lib/x86_64-linux-gnu/libnss_nis-2.21.so
7f2ec93ab000-7f2ec95aa000 ---p 0000b000 08:11 406772                     /lib/x86_64-linux-gnu/libnss_nis-2.21.so
7f2ec95aa000-7f2ec95ab000 r--p 0000a000 08:11 406772                     /lib/x86_64-linux-gnu/libnss_nis-2.21.so
7f2ec95ab000-7f2ec95ac000 rw-p 0000b000 08:11 406772                     /lib/x86_64-linux-gnu/libnss_nis-2.21.so
7f2ec95ac000-7f2ec95c3000 r-xp 00000000 08:11 406791                     /lib/x86_64-linux-gnu/libnsl-2.21.so
7f2ec95c3000-7f2ec97c2000 ---p 00017000 08:11 406791                     /lib/x86_64-linux-gnu/libnsl-2.21.so
7f2ec97c2000-7f2ec97c3000 r--p 00016000 08:11 406791                     /lib/x86_64-linux-gnu/libnsl-2.21.so
7f2ec97c3000-7f2ec97c4000 rw-p 00017000 08:11 406791                     /lib/x86_64-linux-gnu/libnsl-2.21.so
7f2ec97c4000-7f2ec97c6000 rw-p 00000000 00:00 0 
7f2ec97c6000-7f2ec97ce000 r-xp 00000000 08:11 406787                     /lib/x86_64-linux-gnu/libnss_compat-2.21.so
7f2ec97ce000-7f2ec99cd000 ---p 00008000 08:11 406787                     /lib/x86_64-linux-gnu/libnss_compat-2.21.so
7f2ec99cd000-7f2ec99ce000 r--p 00007000 08:11 406787                     /lib/x86_64-linux-gnu/libnss_compat-2.21.so
7f2ec99ce000-7f2ec99cf000 rw-p 00008000 08:11 406787                     /lib/x86_64-linux-gnu/libnss_compat-2.21.so
7f2ec99cf000-7f2ec99f9000 r-xp 00000000 08:11 556509                     /usr/lib/jvm/java-8-oracle/jre/lib/amd64/libjava.so
7f2ec99f9000-7f2ec9bf9000 ---p 0002a000 08:11 556509                     /usr/lib/jvm/java-8-oracle/jre/lib/amd64/libjava.so
7f2ec9bf9000-7f2ec9bfb000 rw-p 0002a000 08:11 556509                     /usr/lib/jvm/java-8-oracle/jre/lib/amd64/libjava.so
7f2ec9bfb000-7f2ec9c08000 r-xp 00000000 08:11 556513                     /usr/lib/jvm/java-8-oracle/jre/lib/amd64/libverify.so
7f2ec9c08000-7f2ec9e08000 ---p 0000d000 08:11 556513                     /usr/lib/jvm/java-8-oracle/jre/lib/amd64/libverify.so
7f2ec9e08000-7f2ec9e0a000 rw-p 0000d000 08:11 556513                     /usr/lib/jvm/java-8-oracle/jre/lib/amd64/libverify.so
7f2ec9e0a000-7f2ec9e11000 r-xp 00000000 08:11 406792                     /lib/x86_64-linux-gnu/librt-2.21.so
7f2ec9e11000-7f2eca010000 ---p 00007000 08:11 406792                     /lib/x86_64-linux-gnu/librt-2.21.so
7f2eca010000-7f2eca011000 r--p 00006000 08:11 406792                     /lib/x86_64-linux-gnu/librt-2.21.so
7f2eca011000-7f2eca012000 rw-p 00007000 08:11 406792                     /lib/x86_64-linux-gnu/librt-2.21.so
7f2eca012000-7f2eca119000 r-xp 00000000 08:11 406790                     /lib/x86_64-linux-gnu/libm-2.21.so
7f2eca119000-7f2eca318000 ---p 00107000 08:11 406790                     /lib/x86_64-linux-gnu/libm-2.21.so
7f2eca318000-7f2eca319000 r--p 00106000 08:11 406790                     /lib/x86_64-linux-gnu/libm-2.21.so
7f2eca319000-7f2eca31a000 rw-p 00107000 08:11 406790                     /lib/x86_64-linux-gnu/libm-2.21.so
7f2eca31a000-7f2ecafd8000 r-xp 00000000 08:11 556492                     /usr/lib/jvm/java-8-oracle/jre/lib/amd64/server/libjvm.so
7f2ecafd8000-7f2ecb1d7000 ---p 00cbe000 08:11 556492                     /usr/lib/jvm/java-8-oracle/jre/lib/amd64/server/libjvm.so
7f2ecb1d7000-7f2ecb2b0000 rw-p 00cbd000 08:11 556492                     /usr/lib/jvm/java-8-oracle/jre/lib/amd64/server/libjvm.so
7f2ecb2b0000-7f2ecb2f4000 rw-p 00000000 00:00 0 
7f2ecb2f4000-7f2ecb4b4000 r-xp 00000000 08:11 406795                     /lib/x86_64-linux-gnu/libc-2.21.so
7f2ecb4b4000-7f2ecb6b4000 ---p 001c0000 08:11 406795                     /lib/x86_64-linux-gnu/libc-2.21.so
7f2ecb6b4000-7f2ecb6b8000 r--p 001c0000 08:11 406795                     /lib/x86_64-linux-gnu/libc-2.21.so
7f2ecb6b8000-7f2ecb6ba000 rw-p 001c4000 08:11 406795                     /lib/x86_64-linux-gnu/libc-2.21.so
7f2ecb6ba000-7f2ecb6be000 rw-p 00000000 00:00 0 
7f2ecb6be000-7f2ecb6c1000 r-xp 00000000 08:11 406778                     /lib/x86_64-linux-gnu/libdl-2.21.so
7f2ecb6c1000-7f2ecb8c0000 ---p 00003000 08:11 406778                     /lib/x86_64-linux-gnu/libdl-2.21.so
7f2ecb8c0000-7f2ecb8c1000 r--p 00002000 08:11 406778                     /lib/x86_64-linux-gnu/libdl-2.21.so
7f2ecb8c1000-7f2ecb8c2000 rw-p 00003000 08:11 406778                     /lib/x86_64-linux-gnu/libdl-2.21.so
7f2ecb8c2000-7f2ecb8d7000 r-xp 00000000 08:11 556192                     /usr/lib/jvm/java-8-oracle/lib/amd64/jli/libjli.so
7f2ecb8d7000-7f2ecbad7000 ---p 00015000 08:11 556192                     /usr/lib/jvm/java-8-oracle/lib/amd64/jli/libjli.so
7f2ecbad7000-7f2ecbad8000 rw-p 00015000 08:11 556192                     /usr/lib/jvm/java-8-oracle/lib/amd64/jli/libjli.so
7f2ecbad8000-7f2ecbaf0000 r-xp 00000000 08:11 406782                     /lib/x86_64-linux-gnu/libpthread-2.21.so
7f2ecbaf0000-7f2ecbcf0000 ---p 00018000 08:11 406782                     /lib/x86_64-linux-gnu/libpthread-2.21.so
7f2ecbcf0000-7f2ecbcf1000 r--p 00018000 08:11 406782                     /lib/x86_64-linux-gnu/libpthread-2.21.so
7f2ecbcf1000-7f2ecbcf2000 rw-p 00019000 08:11 406782                     /lib/x86_64-linux-gnu/libpthread-2.21.so
7f2ecbcf2000-7f2ecbcf6000 rw-p 00000000 00:00 0 
7f2ecbcf6000-7f2ecbd1a000 r-xp 00000000 08:11 406781                     /lib/x86_64-linux-gnu/ld-2.21.so
7f2ecbd22000-7f2ecbdf5000 rw-p 00000000 00:00 0 
7f2ecbdf5000-7f2ecbdf8000 ---p 00000000 00:00 0 
7f2ecbdf8000-7f2ecbefa000 rw-p 00000000 00:00 0                          [stack:13618]
7f2ecbefd000-7f2ecbefe000 rw-p 00000000 00:00 0 
7f2ecbefe000-7f2ecbf0d000 r--s 000df000 08:01 16387229                   /home/gilmar/Android/Sdk/build-tools/23.0.2/lib/dx.jar
7f2ecbf0d000-7f2ecbf15000 rw-s 00000000 08:11 131359                     /tmp/hsperfdata_gilmar/13616
7f2ecbf15000-7f2ecbf16000 rw-p 00000000 00:00 0 
7f2ecbf16000-7f2ecbf17000 ---p 00000000 00:00 0 
7f2ecbf17000-7f2ecbf19000 rw-p 00000000 00:00 0 
7f2ecbf19000-7f2ecbf1a000 r--p 00023000 08:11 406781                     /lib/x86_64-linux-gnu/ld-2.21.so
7f2ecbf1a000-7f2ecbf1b000 rw-p 00024000 08:11 406781                     /lib/x86_64-linux-gnu/ld-2.21.so
7f2ecbf1b000-7f2ecbf1c000 rw-p 00000000 00:00 0 
7ffe06d1a000-7ffe06d3b000 rw-p 00000000 00:00 0                          [stack]
7ffe06d9f000-7ffe06da1000 r--p 00000000 00:00 0                          [vvar]
7ffe06da1000-7ffe06da3000 r-xp 00000000 00:00 0                          [vdso]
ffffffffff600000-ffffffffff601000 r-xp 00000000 00:00 0                  [vsyscall]

VM Arguments:
jvm_args: -Xmx4g -Dfile.encoding=UTF-8 -Duser.country=BR -Duser.language=pt -Duser.variant 
java_command: com.android.dx.command.Main --dex --num-threads=4 --multi-dex --main-dex-list /home/gilmar/AndroidStudioProjects/Multicon/Myclass/app/build/intermediates/multi-dex/debug/maindexlist.txt --output /home/gilmar/AndroidStudioProjects/Multicon/Myclass/app/build/intermediates/dex/debug /home/gilmar/AndroidStudioProjects/Multicon/Myclass/app/build/intermediates/multi-dex/debug/allclasses.jar
java_class_path (initial): /home/gilmar/Android/Sdk/build-tools/23.0.2/lib/dx.jar
Launcher Type: SUN_STANDARD

Environment Variables:
JAVA_HOME=/path/to/jdk
PATH=/opt/apache-maven-3.3.3/bin:/usr/local/sbin:/usr/local/bin:/usr/sbin:/usr/bin:/sbin:/bin:/usr/games:/usr/local/games" JAVA_HOME=/usr/lib/jvm/java-7-oracle
USERNAME=gilmar
LD_LIBRARY_PATH=/opt/android-studio/bin/.:
SHELL=/bin/bash
DISPLAY=:1

Signal Handlers:
SIGSEGV: [libjvm.so+0xaba2a0], sa_mask[0]=11111111011111111101111111111110, sa_flags=SA_RESTART|SA_SIGINFO
SIGBUS: [libjvm.so+0xaba2a0], sa_mask[0]=11111111011111111101111111111110, sa_flags=SA_RESTART|SA_SIGINFO
SIGFPE: [libjvm.so+0x917710], sa_mask[0]=11111111011111111101111111111110, sa_flags=SA_RESTART|SA_SIGINFO
SIGPIPE: [libjvm.so+0x917710], sa_mask[0]=11111111011111111101111111111110, sa_flags=SA_RESTART|SA_SIGINFO
SIGXFSZ: [libjvm.so+0x917710], sa_mask[0]=11111111011111111101111111111110, sa_flags=SA_RESTART|SA_SIGINFO
SIGILL: [libjvm.so+0x917710], sa_mask[0]=11111111011111111101111111111110, sa_flags=SA_RESTART|SA_SIGINFO
SIGUSR1: SIG_DFL, sa_mask[0]=00000000000000000000000000000000, sa_flags=none
SIGUSR2: [libjvm.so+0x918d40], sa_mask[0]=00100000000000000000000000000000, sa_flags=SA_RESTART|SA_SIGINFO
SIGHUP: [libjvm.so+0x91a140], sa_mask[0]=11111111011111111101111111111110, sa_flags=SA_RESTART|SA_SIGINFO
SIGINT: [libjvm.so+0x91a140], sa_mask[0]=11111111011111111101111111111110, sa_flags=SA_RESTART|SA_SIGINFO
SIGTERM: [libjvm.so+0x91a140], sa_mask[0]=11111111011111111101111111111110, sa_flags=SA_RESTART|SA_SIGINFO
SIGQUIT: [libjvm.so+0x91a140], sa_mask[0]=11111111011111111101111111111110, sa_flags=SA_RESTART|SA_SIGINFO


---------------  S Y S T E M  ---------------

OS:DISTRIB_ID=Ubuntu
DISTRIB_RELEASE=15.10
DISTRIB_CODENAME=wily
DISTRIB_DESCRIPTION="Ubuntu 15.10"

uname:Linux 4.2.0-19-generic #23-Ubuntu SMP Wed Nov 11 11:39:30 UTC 2015 x86_64
libc:glibc 2.21 NPTL 2.21 
rlimit: STACK 8192k, CORE 0k, NPROC 23203, NOFILE 65536, AS infinity
load average:3,19 1,89 1,41

/proc/meminfo:
MemTotal:        5974904 kB
MemFree:           49704 kB
MemAvailable:     138528 kB
Buffers:           12268 kB
Cached:           310276 kB
SwapCached:            0 kB
Active:          5427240 kB
Inactive:         271712 kB
Active(anon):    5393620 kB
Inactive(anon):   238588 kB
Active(file):      33620 kB
Inactive(file):    33124 kB
Unevictable:           0 kB
Mlocked:               0 kB
SwapTotal:             0 kB
SwapFree:              0 kB
Dirty:              1348 kB
Writeback:             0 kB
AnonPages:       5376936 kB
Mapped:           110352 kB
Shmem:            255344 kB
Slab:             101604 kB
SReclaimable:      58392 kB
SUnreclaim:        43212 kB
KernelStack:       11920 kB
PageTables:        46844 kB
NFS_Unstable:          0 kB
Bounce:                0 kB
WritebackTmp:          0 kB
CommitLimit:     2987452 kB
Committed_AS:   10164896 kB
VmallocTotal:   34359738367 kB
VmallocUsed:      367560 kB
VmallocChunk:   34358947836 kB
HardwareCorrupted:     0 kB
AnonHugePages:   2070528 kB
CmaTotal:              0 kB
CmaFree:               0 kB
HugePages_Total:       0
HugePages_Free:        0
HugePages_Rsvd:        0
HugePages_Surp:        0
Hugepagesize:       2048 kB
DirectMap4k:      197520 kB
DirectMap2M:     5957632 kB


CPU:total 4 (2 cores per cpu, 2 threads per core) family 6 model 58 stepping 9, cmov, cx8, fxsr, mmx, sse, sse2, sse3, ssse3, sse4.1, sse4.2, popcnt, avx, aes, clmul, erms, ht, tsc, tscinvbit, tscinv

/proc/cpuinfo:
processor	: 0
vendor_id	: GenuineIntel
cpu family	: 6
model		: 58
model name	: Intel(R) Core(TM) i5-3337U CPU @ 1.80GHz
stepping	: 9
microcode	: 0x17
cpu MHz		: 2499.960
cache size	: 3072 KB
physical id	: 0
siblings	: 4
core id		: 0
cpu cores	: 2
apicid		: 0
initial apicid	: 0
fpu		: yes
fpu_exception	: yes
cpuid level	: 13
wp		: yes
flags		: fpu vme de pse tsc msr pae mce cx8 apic sep mtrr pge mca cmov pat pse36 clflush dts acpi mmx fxsr sse sse2 ss ht tm pbe syscall nx rdtscp lm constant_tsc arch_perfmon pebs bts rep_good nopl xtopology nonstop_tsc aperfmperf eagerfpu pni pclmulqdq dtes64 monitor ds_cpl vmx est tm2 ssse3 cx16 xtpr pdcm pcid sse4_1 sse4_2 x2apic popcnt tsc_deadline_timer aes xsave avx f16c rdrand lahf_lm ida arat epb pln pts dtherm tpr_shadow vnmi flexpriority ept vpid fsgsbase smep erms xsaveopt
bugs		:
bogomips	: 3591.45
clflush size	: 64
cache_alignment	: 64
address sizes	: 36 bits physical, 48 bits virtual
power management:

processor	: 1
vendor_id	: GenuineIntel
cpu family	: 6
model		: 58
model name	: Intel(R) Core(TM) i5-3337U CPU @ 1.80GHz
stepping	: 9
microcode	: 0x17
cpu MHz		: 2508.539
cache size	: 3072 KB
physical id	: 0
siblings	: 4
core id		: 1
cpu cores	: 2
apicid		: 2
initial apicid	: 2
fpu		: yes
fpu_exception	: yes
cpuid level	: 13
wp		: yes
flags		: fpu vme de pse tsc msr pae mce cx8 apic sep mtrr pge mca cmov pat pse36 clflush dts acpi mmx fxsr sse sse2 ss ht tm pbe syscall nx rdtscp lm constant_tsc arch_perfmon pebs bts rep_good nopl xtopology nonstop_tsc aperfmperf eagerfpu pni pclmulqdq dtes64 monitor ds_cpl vmx est tm2 ssse3 cx16 xtpr pdcm pcid sse4_1 sse4_2 x2apic popcnt tsc_deadline_timer aes xsave avx f16c rdrand lahf_lm ida arat epb pln pts dtherm tpr_shadow vnmi flexpriority ept vpid fsgsbase smep erms xsaveopt
bugs		:
bogomips	: 3591.45
clflush size	: 64
cache_alignment	: 64
address sizes	: 36 bits physical, 48 bits virtual
power management:

processor	: 2
vendor_id	: GenuineIntel
cpu family	: 6
model		: 58
model name	: Intel(R) Core(TM) i5-3337U CPU @ 1.80GHz
stepping	: 9
microcode	: 0x17
cpu MHz		: 2499.960
cache size	: 3072 KB
physical id	: 0
siblings	: 4
core id		: 0
cpu cores	: 2
apicid		: 1
initial apicid	: 1
fpu		: yes
fpu_exception	: yes
cpuid level	: 13
wp		: yes
flags		: fpu vme de pse tsc msr pae mce cx8 apic sep mtrr pge mca cmov pat pse36 clflush dts acpi mmx fxsr sse sse2 ss ht tm pbe syscall nx rdtscp lm constant_tsc arch_perfmon pebs bts rep_good nopl xtopology nonstop_tsc aperfmperf eagerfpu pni pclmulqdq dtes64 monitor ds_cpl vmx est tm2 ssse3 cx16 xtpr pdcm pcid sse4_1 sse4_2 x2apic popcnt tsc_deadline_timer aes xsave avx f16c rdrand lahf_lm ida arat epb pln pts dtherm tpr_shadow vnmi flexpriority ept vpid fsgsbase smep erms xsaveopt
bugs		:
bogomips	: 3591.45
clflush size	: 64
cache_alignment	: 64
address sizes	: 36 bits physical, 48 bits virtual
power management:

processor	: 3
vendor_id	: GenuineIntel
cpu family	: 6
model		: 58
model name	: Intel(R) Core(TM) i5-3337U CPU @ 1.80GHz
stepping	: 9
microcode	: 0x17
cpu MHz		: 2499.960
cache size	: 3072 KB
physical id	: 0
siblings	: 4
core id		: 1
cpu cores	: 2
apicid		: 3
initial apicid	: 3
fpu		: yes
fpu_exception	: yes
cpuid level	: 13
wp		: yes
flags		: fpu vme de pse tsc msr pae mce cx8 apic sep mtrr pge mca cmov pat pse36 clflush dts acpi mmx fxsr sse sse2 ss ht tm pbe syscall nx rdtscp lm constant_tsc arch_perfmon pebs bts rep_good nopl xtopology nonstop_tsc aperfmperf eagerfpu pni pclmulqdq dtes64 monitor ds_cpl vmx est tm2 ssse3 cx16 xtpr pdcm pcid sse4_1 sse4_2 x2apic popcnt tsc_deadline_timer aes xsave avx f16c rdrand lahf_lm ida arat epb pln pts dtherm tpr_shadow vnmi flexpriority ept vpid fsgsbase smep erms xsaveopt
bugs		:
bogomips	: 3591.45
clflush size	: 64
cache_alignment	: 64
address sizes	: 36 bits physical, 48 bits virtual
power management:



Memory: 4k page, physical 5974904k(50296k free), swap 0k(0k free)

vm_info: Java HotSpot(TM) 64-Bit Server VM (25.66-b17) for linux-amd64 JRE (1.8.0_66-b17), built on Oct  6 2015 17:28:34 by "java_re" with gcc 4.3.0 20080428 (Red Hat 4.3.0-8)

time: Sat Dec 12 16:03:51 2015
elapsed time: 13 seconds (0d 0h 0m 13s)

